ERROR - 2022-11-13 04:11:09 --> Error connecting to the database: mysqli_sql_exception: Access denied for user 'phpmyadmin'@'localhost' (using password: YES) in D:\project\anisa\spk-pkh\system\Database\MySQLi\Connection.php:171
Stack trace:
#0 D:\project\anisa\spk-pkh\system\Database\MySQLi\Connection.php(171): mysqli->real_connect('localhost', 'phpmyadmin', 'mantapmantap', '', 3306, '', 0)
#1 D:\project\anisa\spk-pkh\system\Database\BaseConnection.php(382): CodeIgniter\Database\MySQLi\Connection->connect(false)
#2 D:\project\anisa\spk-pkh\system\Database\Database.php(67): CodeIgniter\Database\BaseConnection->initialize()
#3 D:\project\anisa\spk-pkh\system\Database\Config.php(105): CodeIgniter\Database\Database->loadForge(Object(CodeIgniter\Database\MySQLi\Connection))
#4 D:\project\anisa\spk-pkh\system\Commands\Database\CreateDatabase.php(137): CodeIgniter\Database\Config::forge()
#5 D:\project\anisa\spk-pkh\system\CLI\Commands.php(63): CodeIgniter\Commands\Database\CreateDatabase->run(Array)
#6 D:\project\anisa\spk-pkh\system\CLI\CommandRunner.php(65): CodeIgniter\CLI\Commands->run('db:create', Array)
#7 D:\project\anisa\spk-pkh\system\CLI\CommandRunner.php(51): CodeIgniter\CLI\CommandRunner->index(Array)
#8 D:\project\anisa\spk-pkh\system\CodeIgniter.php(895): CodeIgniter\CLI\CommandRunner->_remap('index', Array)
#9 D:\project\anisa\spk-pkh\system\CodeIgniter.php(457): CodeIgniter\CodeIgniter->runController(Object(CodeIgniter\CLI\CommandRunner))
#10 D:\project\anisa\spk-pkh\system\CodeIgniter.php(336): CodeIgniter\CodeIgniter->handleRequest(NULL, Object(Config\Cache), false)
#11 D:\project\anisa\spk-pkh\system\CLI\Console.php(48): CodeIgniter\CodeIgniter->run()
#12 D:\project\anisa\spk-pkh\spark(98): CodeIgniter\CLI\Console->run()
#13 {main}

Next CodeIgniter\Database\Exceptions\DatabaseException: Access denied for user '****'@'localhost' (using password: YES) in D:\project\anisa\spk-pkh\system\Database\MySQLi\Connection.php:215
Stack trace:
#0 D:\project\anisa\spk-pkh\system\Database\BaseConnection.php(382): CodeIgniter\Database\MySQLi\Connection->connect(false)
#1 D:\project\anisa\spk-pkh\system\Database\Database.php(67): CodeIgniter\Database\BaseConnection->initialize()
#2 D:\project\anisa\spk-pkh\system\Database\Config.php(105): CodeIgniter\Database\Database->loadForge(Object(CodeIgniter\Database\MySQLi\Connection))
#3 D:\project\anisa\spk-pkh\system\Commands\Database\CreateDatabase.php(137): CodeIgniter\Database\Config::forge()
#4 D:\project\anisa\spk-pkh\system\CLI\Commands.php(63): CodeIgniter\Commands\Database\CreateDatabase->run(Array)
#5 D:\project\anisa\spk-pkh\system\CLI\CommandRunner.php(65): CodeIgniter\CLI\Commands->run('db:create', Array)
#6 D:\project\anisa\spk-pkh\system\CLI\CommandRunner.php(51): CodeIgniter\CLI\CommandRunner->index(Array)
#7 D:\project\anisa\spk-pkh\system\CodeIgniter.php(895): CodeIgniter\CLI\CommandRunner->_remap('index', Array)
#8 D:\project\anisa\spk-pkh\system\CodeIgniter.php(457): CodeIgniter\CodeIgniter->runController(Object(CodeIgniter\CLI\CommandRunner))
#9 D:\project\anisa\spk-pkh\system\CodeIgniter.php(336): CodeIgniter\CodeIgniter->handleRequest(NULL, Object(Config\Cache), false)
#10 D:\project\anisa\spk-pkh\system\CLI\Console.php(48): CodeIgniter\CodeIgniter->run()
#11 D:\project\anisa\spk-pkh\spark(98): CodeIgniter\CLI\Console->run()
#12 {main}
ERROR - 2022-11-13 04:13:12 --> Error connecting to the database: mysqli_sql_exception: Access denied for user 'phpmyadmin'@'localhost' (using password: YES) in D:\project\anisa\spk-pkh\system\Database\MySQLi\Connection.php:171
Stack trace:
#0 D:\project\anisa\spk-pkh\system\Database\MySQLi\Connection.php(171): mysqli->real_connect('localhost', 'phpmyadmin', 'mantapmantap', '', 3306, '', 0)
#1 D:\project\anisa\spk-pkh\system\Database\BaseConnection.php(382): CodeIgniter\Database\MySQLi\Connection->connect(false)
#2 D:\project\anisa\spk-pkh\system\Database\Database.php(67): CodeIgniter\Database\BaseConnection->initialize()
#3 D:\project\anisa\spk-pkh\system\Database\Config.php(105): CodeIgniter\Database\Database->loadForge(Object(CodeIgniter\Database\MySQLi\Connection))
#4 D:\project\anisa\spk-pkh\system\Commands\Database\CreateDatabase.php(137): CodeIgniter\Database\Config::forge()
#5 D:\project\anisa\spk-pkh\system\CLI\Commands.php(63): CodeIgniter\Commands\Database\CreateDatabase->run(Array)
#6 D:\project\anisa\spk-pkh\system\CLI\CommandRunner.php(65): CodeIgniter\CLI\Commands->run('db:create', Array)
#7 D:\project\anisa\spk-pkh\system\CLI\CommandRunner.php(51): CodeIgniter\CLI\CommandRunner->index(Array)
#8 D:\project\anisa\spk-pkh\system\CodeIgniter.php(895): CodeIgniter\CLI\CommandRunner->_remap('index', Array)
#9 D:\project\anisa\spk-pkh\system\CodeIgniter.php(457): CodeIgniter\CodeIgniter->runController(Object(CodeIgniter\CLI\CommandRunner))
#10 D:\project\anisa\spk-pkh\system\CodeIgniter.php(336): CodeIgniter\CodeIgniter->handleRequest(NULL, Object(Config\Cache), false)
#11 D:\project\anisa\spk-pkh\system\CLI\Console.php(48): CodeIgniter\CodeIgniter->run()
#12 D:\project\anisa\spk-pkh\spark(98): CodeIgniter\CLI\Console->run()
#13 {main}

Next CodeIgniter\Database\Exceptions\DatabaseException: Access denied for user '****'@'localhost' (using password: YES) in D:\project\anisa\spk-pkh\system\Database\MySQLi\Connection.php:215
Stack trace:
#0 D:\project\anisa\spk-pkh\system\Database\BaseConnection.php(382): CodeIgniter\Database\MySQLi\Connection->connect(false)
#1 D:\project\anisa\spk-pkh\system\Database\Database.php(67): CodeIgniter\Database\BaseConnection->initialize()
#2 D:\project\anisa\spk-pkh\system\Database\Config.php(105): CodeIgniter\Database\Database->loadForge(Object(CodeIgniter\Database\MySQLi\Connection))
#3 D:\project\anisa\spk-pkh\system\Commands\Database\CreateDatabase.php(137): CodeIgniter\Database\Config::forge()
#4 D:\project\anisa\spk-pkh\system\CLI\Commands.php(63): CodeIgniter\Commands\Database\CreateDatabase->run(Array)
#5 D:\project\anisa\spk-pkh\system\CLI\CommandRunner.php(65): CodeIgniter\CLI\Commands->run('db:create', Array)
#6 D:\project\anisa\spk-pkh\system\CLI\CommandRunner.php(51): CodeIgniter\CLI\CommandRunner->index(Array)
#7 D:\project\anisa\spk-pkh\system\CodeIgniter.php(895): CodeIgniter\CLI\CommandRunner->_remap('index', Array)
#8 D:\project\anisa\spk-pkh\system\CodeIgniter.php(457): CodeIgniter\CodeIgniter->runController(Object(CodeIgniter\CLI\CommandRunner))
#9 D:\project\anisa\spk-pkh\system\CodeIgniter.php(336): CodeIgniter\CodeIgniter->handleRequest(NULL, Object(Config\Cache), false)
#10 D:\project\anisa\spk-pkh\system\CLI\Console.php(48): CodeIgniter\CodeIgniter->run()
#11 D:\project\anisa\spk-pkh\spark(98): CodeIgniter\CLI\Console->run()
#12 {main}
