CRITICAL - 2022-10-23 07:26:00 --> Undefined array key "C4"
in APPPATH/Views/blt/perhitungan/index.php on line 37.
 1 APPPATH/Views/blt/perhitungan/index.php(37): CodeIgniter\Debug\Exceptions->errorHandler()
 2 SYSTEMPATH/View/View.php(213): include('APPPATH/Views/blt/perhitungan/index.php')
 3 SYSTEMPATH/View/View.php(216): CodeIgniter\View\View->CodeIgniter\View\{closure}()
 4 SYSTEMPATH/Common.php(1142): CodeIgniter\View\View->render()
 5 APPPATH/Controllers/Blt/Perhitungan.php(39): view()
 6 SYSTEMPATH/CodeIgniter.php(902): App\Controllers\Blt\Perhitungan->getIndex()
 7 SYSTEMPATH/CodeIgniter.php(457): CodeIgniter\CodeIgniter->runController()
 8 SYSTEMPATH/CodeIgniter.php(340): CodeIgniter\CodeIgniter->handleRequest()
 9 FCPATH/index.php(67): CodeIgniter\CodeIgniter->run()
10 SYSTEMPATH/Commands/Server/rewrite.php(46): require_once('FCPATH/index.php')
CRITICAL - 2022-10-23 07:27:32 --> array_sum(): Argument #1 ($array) must be of type array, string given
in APPPATH/Views/blt/perhitungan/index.php on line 45.
 1 APPPATH/Views/blt/perhitungan/index.php(45): array_sum()
 2 SYSTEMPATH/View/View.php(213): include('APPPATH/Views/blt/perhitungan/index.php')
 3 SYSTEMPATH/View/View.php(216): CodeIgniter\View\View->CodeIgniter\View\{closure}()
 4 SYSTEMPATH/Common.php(1142): CodeIgniter\View\View->render()
 5 APPPATH/Controllers/Blt/Perhitungan.php(39): view()
 6 SYSTEMPATH/CodeIgniter.php(902): App\Controllers\Blt\Perhitungan->getIndex()
 7 SYSTEMPATH/CodeIgniter.php(457): CodeIgniter\CodeIgniter->runController()
 8 SYSTEMPATH/CodeIgniter.php(340): CodeIgniter\CodeIgniter->handleRequest()
 9 FCPATH/index.php(67): CodeIgniter\CodeIgniter->run()
10 SYSTEMPATH/Commands/Server/rewrite.php(46): require_once('FCPATH/index.php')
CRITICAL - 2022-10-23 07:27:42 --> array_sum(): Argument #1 ($array) must be of type array, string given
in APPPATH/Views/blt/perhitungan/index.php on line 45.
 1 APPPATH/Views/blt/perhitungan/index.php(45): array_sum()
 2 SYSTEMPATH/View/View.php(213): include('APPPATH/Views/blt/perhitungan/index.php')
 3 SYSTEMPATH/View/View.php(216): CodeIgniter\View\View->CodeIgniter\View\{closure}()
 4 SYSTEMPATH/Common.php(1142): CodeIgniter\View\View->render()
 5 APPPATH/Controllers/Blt/Perhitungan.php(39): view()
 6 SYSTEMPATH/CodeIgniter.php(902): App\Controllers\Blt\Perhitungan->getIndex()
 7 SYSTEMPATH/CodeIgniter.php(457): CodeIgniter\CodeIgniter->runController()
 8 SYSTEMPATH/CodeIgniter.php(340): CodeIgniter\CodeIgniter->handleRequest()
 9 FCPATH/index.php(67): CodeIgniter\CodeIgniter->run()
10 SYSTEMPATH/Commands/Server/rewrite.php(46): require_once('FCPATH/index.php')
CRITICAL - 2022-10-23 07:27:43 --> array_sum(): Argument #1 ($array) must be of type array, string given
in APPPATH/Views/blt/perhitungan/index.php on line 45.
 1 APPPATH/Views/blt/perhitungan/index.php(45): array_sum()
 2 SYSTEMPATH/View/View.php(213): include('APPPATH/Views/blt/perhitungan/index.php')
 3 SYSTEMPATH/View/View.php(216): CodeIgniter\View\View->CodeIgniter\View\{closure}()
 4 SYSTEMPATH/Common.php(1142): CodeIgniter\View\View->render()
 5 APPPATH/Controllers/Blt/Perhitungan.php(39): view()
 6 SYSTEMPATH/CodeIgniter.php(902): App\Controllers\Blt\Perhitungan->getIndex()
 7 SYSTEMPATH/CodeIgniter.php(457): CodeIgniter\CodeIgniter->runController()
 8 SYSTEMPATH/CodeIgniter.php(340): CodeIgniter\CodeIgniter->handleRequest()
 9 FCPATH/index.php(67): CodeIgniter\CodeIgniter->run()
10 SYSTEMPATH/Commands/Server/rewrite.php(46): require_once('FCPATH/index.php')
CRITICAL - 2022-10-23 07:27:43 --> array_sum(): Argument #1 ($array) must be of type array, string given
in APPPATH/Views/blt/perhitungan/index.php on line 45.
 1 APPPATH/Views/blt/perhitungan/index.php(45): array_sum()
 2 SYSTEMPATH/View/View.php(213): include('APPPATH/Views/blt/perhitungan/index.php')
 3 SYSTEMPATH/View/View.php(216): CodeIgniter\View\View->CodeIgniter\View\{closure}()
 4 SYSTEMPATH/Common.php(1142): CodeIgniter\View\View->render()
 5 APPPATH/Controllers/Blt/Perhitungan.php(39): view()
 6 SYSTEMPATH/CodeIgniter.php(902): App\Controllers\Blt\Perhitungan->getIndex()
 7 SYSTEMPATH/CodeIgniter.php(457): CodeIgniter\CodeIgniter->runController()
 8 SYSTEMPATH/CodeIgniter.php(340): CodeIgniter\CodeIgniter->handleRequest()
 9 FCPATH/index.php(67): CodeIgniter\CodeIgniter->run()
10 SYSTEMPATH/Commands/Server/rewrite.php(46): require_once('FCPATH/index.php')
CRITICAL - 2022-10-23 07:27:43 --> array_sum(): Argument #1 ($array) must be of type array, string given
in APPPATH/Views/blt/perhitungan/index.php on line 45.
 1 APPPATH/Views/blt/perhitungan/index.php(45): array_sum()
 2 SYSTEMPATH/View/View.php(213): include('APPPATH/Views/blt/perhitungan/index.php')
 3 SYSTEMPATH/View/View.php(216): CodeIgniter\View\View->CodeIgniter\View\{closure}()
 4 SYSTEMPATH/Common.php(1142): CodeIgniter\View\View->render()
 5 APPPATH/Controllers/Blt/Perhitungan.php(39): view()
 6 SYSTEMPATH/CodeIgniter.php(902): App\Controllers\Blt\Perhitungan->getIndex()
 7 SYSTEMPATH/CodeIgniter.php(457): CodeIgniter\CodeIgniter->runController()
 8 SYSTEMPATH/CodeIgniter.php(340): CodeIgniter\CodeIgniter->handleRequest()
 9 FCPATH/index.php(67): CodeIgniter\CodeIgniter->run()
10 SYSTEMPATH/Commands/Server/rewrite.php(46): require_once('FCPATH/index.php')
CRITICAL - 2022-10-23 07:27:43 --> array_sum(): Argument #1 ($array) must be of type array, string given
in APPPATH/Views/blt/perhitungan/index.php on line 45.
 1 APPPATH/Views/blt/perhitungan/index.php(45): array_sum()
 2 SYSTEMPATH/View/View.php(213): include('APPPATH/Views/blt/perhitungan/index.php')
 3 SYSTEMPATH/View/View.php(216): CodeIgniter\View\View->CodeIgniter\View\{closure}()
 4 SYSTEMPATH/Common.php(1142): CodeIgniter\View\View->render()
 5 APPPATH/Controllers/Blt/Perhitungan.php(39): view()
 6 SYSTEMPATH/CodeIgniter.php(902): App\Controllers\Blt\Perhitungan->getIndex()
 7 SYSTEMPATH/CodeIgniter.php(457): CodeIgniter\CodeIgniter->runController()
 8 SYSTEMPATH/CodeIgniter.php(340): CodeIgniter\CodeIgniter->handleRequest()
 9 FCPATH/index.php(67): CodeIgniter\CodeIgniter->run()
10 SYSTEMPATH/Commands/Server/rewrite.php(46): require_once('FCPATH/index.php')
CRITICAL - 2022-10-23 07:27:43 --> array_sum(): Argument #1 ($array) must be of type array, string given
in APPPATH/Views/blt/perhitungan/index.php on line 45.
 1 APPPATH/Views/blt/perhitungan/index.php(45): array_sum()
 2 SYSTEMPATH/View/View.php(213): include('APPPATH/Views/blt/perhitungan/index.php')
 3 SYSTEMPATH/View/View.php(216): CodeIgniter\View\View->CodeIgniter\View\{closure}()
 4 SYSTEMPATH/Common.php(1142): CodeIgniter\View\View->render()
 5 APPPATH/Controllers/Blt/Perhitungan.php(39): view()
 6 SYSTEMPATH/CodeIgniter.php(902): App\Controllers\Blt\Perhitungan->getIndex()
 7 SYSTEMPATH/CodeIgniter.php(457): CodeIgniter\CodeIgniter->runController()
 8 SYSTEMPATH/CodeIgniter.php(340): CodeIgniter\CodeIgniter->handleRequest()
 9 FCPATH/index.php(67): CodeIgniter\CodeIgniter->run()
10 SYSTEMPATH/Commands/Server/rewrite.php(46): require_once('FCPATH/index.php')
CRITICAL - 2022-10-23 07:27:44 --> array_sum(): Argument #1 ($array) must be of type array, string given
in APPPATH/Views/blt/perhitungan/index.php on line 45.
 1 APPPATH/Views/blt/perhitungan/index.php(45): array_sum()
 2 SYSTEMPATH/View/View.php(213): include('APPPATH/Views/blt/perhitungan/index.php')
 3 SYSTEMPATH/View/View.php(216): CodeIgniter\View\View->CodeIgniter\View\{closure}()
 4 SYSTEMPATH/Common.php(1142): CodeIgniter\View\View->render()
 5 APPPATH/Controllers/Blt/Perhitungan.php(39): view()
 6 SYSTEMPATH/CodeIgniter.php(902): App\Controllers\Blt\Perhitungan->getIndex()
 7 SYSTEMPATH/CodeIgniter.php(457): CodeIgniter\CodeIgniter->runController()
 8 SYSTEMPATH/CodeIgniter.php(340): CodeIgniter\CodeIgniter->handleRequest()
 9 FCPATH/index.php(67): CodeIgniter\CodeIgniter->run()
10 SYSTEMPATH/Commands/Server/rewrite.php(46): require_once('FCPATH/index.php')
CRITICAL - 2022-10-23 07:28:37 --> Division by zero
in APPPATH/Helpers/Perhitungan_helper.php on line 8.
 1 APPPATH/Views/blt/perhitungan/index.php(58): hitungBobot()
 2 SYSTEMPATH/View/View.php(213): include('APPPATH/Views/blt/perhitungan/index.php')
 3 SYSTEMPATH/View/View.php(216): CodeIgniter\View\View->CodeIgniter\View\{closure}()
 4 SYSTEMPATH/Common.php(1142): CodeIgniter\View\View->render()
 5 APPPATH/Controllers/Blt/Perhitungan.php(39): view()
 6 SYSTEMPATH/CodeIgniter.php(902): App\Controllers\Blt\Perhitungan->getIndex()
 7 SYSTEMPATH/CodeIgniter.php(457): CodeIgniter\CodeIgniter->runController()
 8 SYSTEMPATH/CodeIgniter.php(340): CodeIgniter\CodeIgniter->handleRequest()
 9 FCPATH/index.php(67): CodeIgniter\CodeIgniter->run()
10 SYSTEMPATH/Commands/Server/rewrite.php(46): require_once('FCPATH/index.php')
CRITICAL - 2022-10-23 07:28:45 --> Division by zero
in APPPATH/Helpers/Perhitungan_helper.php on line 8.
 1 APPPATH/Views/blt/perhitungan/index.php(58): hitungBobot()
 2 SYSTEMPATH/View/View.php(213): include('APPPATH/Views/blt/perhitungan/index.php')
 3 SYSTEMPATH/View/View.php(216): CodeIgniter\View\View->CodeIgniter\View\{closure}()
 4 SYSTEMPATH/Common.php(1142): CodeIgniter\View\View->render()
 5 APPPATH/Controllers/Blt/Perhitungan.php(39): view()
 6 SYSTEMPATH/CodeIgniter.php(902): App\Controllers\Blt\Perhitungan->getIndex()
 7 SYSTEMPATH/CodeIgniter.php(457): CodeIgniter\CodeIgniter->runController()
 8 SYSTEMPATH/CodeIgniter.php(340): CodeIgniter\CodeIgniter->handleRequest()
 9 FCPATH/index.php(67): CodeIgniter\CodeIgniter->run()
10 SYSTEMPATH/Commands/Server/rewrite.php(46): require_once('FCPATH/index.php')
CRITICAL - 2022-10-23 07:28:45 --> Division by zero
in APPPATH/Helpers/Perhitungan_helper.php on line 8.
 1 APPPATH/Views/blt/perhitungan/index.php(58): hitungBobot()
 2 SYSTEMPATH/View/View.php(213): include('APPPATH/Views/blt/perhitungan/index.php')
 3 SYSTEMPATH/View/View.php(216): CodeIgniter\View\View->CodeIgniter\View\{closure}()
 4 SYSTEMPATH/Common.php(1142): CodeIgniter\View\View->render()
 5 APPPATH/Controllers/Blt/Perhitungan.php(39): view()
 6 SYSTEMPATH/CodeIgniter.php(902): App\Controllers\Blt\Perhitungan->getIndex()
 7 SYSTEMPATH/CodeIgniter.php(457): CodeIgniter\CodeIgniter->runController()
 8 SYSTEMPATH/CodeIgniter.php(340): CodeIgniter\CodeIgniter->handleRequest()
 9 FCPATH/index.php(67): CodeIgniter\CodeIgniter->run()
10 SYSTEMPATH/Commands/Server/rewrite.php(46): require_once('FCPATH/index.php')
CRITICAL - 2022-10-23 07:28:45 --> Division by zero
in APPPATH/Helpers/Perhitungan_helper.php on line 8.
 1 APPPATH/Views/blt/perhitungan/index.php(58): hitungBobot()
 2 SYSTEMPATH/View/View.php(213): include('APPPATH/Views/blt/perhitungan/index.php')
 3 SYSTEMPATH/View/View.php(216): CodeIgniter\View\View->CodeIgniter\View\{closure}()
 4 SYSTEMPATH/Common.php(1142): CodeIgniter\View\View->render()
 5 APPPATH/Controllers/Blt/Perhitungan.php(39): view()
 6 SYSTEMPATH/CodeIgniter.php(902): App\Controllers\Blt\Perhitungan->getIndex()
 7 SYSTEMPATH/CodeIgniter.php(457): CodeIgniter\CodeIgniter->runController()
 8 SYSTEMPATH/CodeIgniter.php(340): CodeIgniter\CodeIgniter->handleRequest()
 9 FCPATH/index.php(67): CodeIgniter\CodeIgniter->run()
10 SYSTEMPATH/Commands/Server/rewrite.php(46): require_once('FCPATH/index.php')
CRITICAL - 2022-10-23 07:28:46 --> Division by zero
in APPPATH/Helpers/Perhitungan_helper.php on line 8.
 1 APPPATH/Views/blt/perhitungan/index.php(58): hitungBobot()
 2 SYSTEMPATH/View/View.php(213): include('APPPATH/Views/blt/perhitungan/index.php')
 3 SYSTEMPATH/View/View.php(216): CodeIgniter\View\View->CodeIgniter\View\{closure}()
 4 SYSTEMPATH/Common.php(1142): CodeIgniter\View\View->render()
 5 APPPATH/Controllers/Blt/Perhitungan.php(39): view()
 6 SYSTEMPATH/CodeIgniter.php(902): App\Controllers\Blt\Perhitungan->getIndex()
 7 SYSTEMPATH/CodeIgniter.php(457): CodeIgniter\CodeIgniter->runController()
 8 SYSTEMPATH/CodeIgniter.php(340): CodeIgniter\CodeIgniter->handleRequest()
 9 FCPATH/index.php(67): CodeIgniter\CodeIgniter->run()
10 SYSTEMPATH/Commands/Server/rewrite.php(46): require_once('FCPATH/index.php')
CRITICAL - 2022-10-23 07:28:46 --> Division by zero
in APPPATH/Helpers/Perhitungan_helper.php on line 8.
 1 APPPATH/Views/blt/perhitungan/index.php(58): hitungBobot()
 2 SYSTEMPATH/View/View.php(213): include('APPPATH/Views/blt/perhitungan/index.php')
 3 SYSTEMPATH/View/View.php(216): CodeIgniter\View\View->CodeIgniter\View\{closure}()
 4 SYSTEMPATH/Common.php(1142): CodeIgniter\View\View->render()
 5 APPPATH/Controllers/Blt/Perhitungan.php(39): view()
 6 SYSTEMPATH/CodeIgniter.php(902): App\Controllers\Blt\Perhitungan->getIndex()
 7 SYSTEMPATH/CodeIgniter.php(457): CodeIgniter\CodeIgniter->runController()
 8 SYSTEMPATH/CodeIgniter.php(340): CodeIgniter\CodeIgniter->handleRequest()
 9 FCPATH/index.php(67): CodeIgniter\CodeIgniter->run()
10 SYSTEMPATH/Commands/Server/rewrite.php(46): require_once('FCPATH/index.php')
CRITICAL - 2022-10-23 07:28:46 --> Division by zero
in APPPATH/Helpers/Perhitungan_helper.php on line 8.
 1 APPPATH/Views/blt/perhitungan/index.php(58): hitungBobot()
 2 SYSTEMPATH/View/View.php(213): include('APPPATH/Views/blt/perhitungan/index.php')
 3 SYSTEMPATH/View/View.php(216): CodeIgniter\View\View->CodeIgniter\View\{closure}()
 4 SYSTEMPATH/Common.php(1142): CodeIgniter\View\View->render()
 5 APPPATH/Controllers/Blt/Perhitungan.php(39): view()
 6 SYSTEMPATH/CodeIgniter.php(902): App\Controllers\Blt\Perhitungan->getIndex()
 7 SYSTEMPATH/CodeIgniter.php(457): CodeIgniter\CodeIgniter->runController()
 8 SYSTEMPATH/CodeIgniter.php(340): CodeIgniter\CodeIgniter->handleRequest()
 9 FCPATH/index.php(67): CodeIgniter\CodeIgniter->run()
10 SYSTEMPATH/Commands/Server/rewrite.php(46): require_once('FCPATH/index.php')
CRITICAL - 2022-10-23 07:28:46 --> Division by zero
in APPPATH/Helpers/Perhitungan_helper.php on line 8.
 1 APPPATH/Views/blt/perhitungan/index.php(58): hitungBobot()
 2 SYSTEMPATH/View/View.php(213): include('APPPATH/Views/blt/perhitungan/index.php')
 3 SYSTEMPATH/View/View.php(216): CodeIgniter\View\View->CodeIgniter\View\{closure}()
 4 SYSTEMPATH/Common.php(1142): CodeIgniter\View\View->render()
 5 APPPATH/Controllers/Blt/Perhitungan.php(39): view()
 6 SYSTEMPATH/CodeIgniter.php(902): App\Controllers\Blt\Perhitungan->getIndex()
 7 SYSTEMPATH/CodeIgniter.php(457): CodeIgniter\CodeIgniter->runController()
 8 SYSTEMPATH/CodeIgniter.php(340): CodeIgniter\CodeIgniter->handleRequest()
 9 FCPATH/index.php(67): CodeIgniter\CodeIgniter->run()
10 SYSTEMPATH/Commands/Server/rewrite.php(46): require_once('FCPATH/index.php')
CRITICAL - 2022-10-23 07:28:47 --> Division by zero
in APPPATH/Helpers/Perhitungan_helper.php on line 8.
 1 APPPATH/Views/blt/perhitungan/index.php(58): hitungBobot()
 2 SYSTEMPATH/View/View.php(213): include('APPPATH/Views/blt/perhitungan/index.php')
 3 SYSTEMPATH/View/View.php(216): CodeIgniter\View\View->CodeIgniter\View\{closure}()
 4 SYSTEMPATH/Common.php(1142): CodeIgniter\View\View->render()
 5 APPPATH/Controllers/Blt/Perhitungan.php(39): view()
 6 SYSTEMPATH/CodeIgniter.php(902): App\Controllers\Blt\Perhitungan->getIndex()
 7 SYSTEMPATH/CodeIgniter.php(457): CodeIgniter\CodeIgniter->runController()
 8 SYSTEMPATH/CodeIgniter.php(340): CodeIgniter\CodeIgniter->handleRequest()
 9 FCPATH/index.php(67): CodeIgniter\CodeIgniter->run()
10 SYSTEMPATH/Commands/Server/rewrite.php(46): require_once('FCPATH/index.php')
CRITICAL - 2022-10-23 07:28:47 --> Division by zero
in APPPATH/Helpers/Perhitungan_helper.php on line 8.
 1 APPPATH/Views/blt/perhitungan/index.php(58): hitungBobot()
 2 SYSTEMPATH/View/View.php(213): include('APPPATH/Views/blt/perhitungan/index.php')
 3 SYSTEMPATH/View/View.php(216): CodeIgniter\View\View->CodeIgniter\View\{closure}()
 4 SYSTEMPATH/Common.php(1142): CodeIgniter\View\View->render()
 5 APPPATH/Controllers/Blt/Perhitungan.php(39): view()
 6 SYSTEMPATH/CodeIgniter.php(902): App\Controllers\Blt\Perhitungan->getIndex()
 7 SYSTEMPATH/CodeIgniter.php(457): CodeIgniter\CodeIgniter->runController()
 8 SYSTEMPATH/CodeIgniter.php(340): CodeIgniter\CodeIgniter->handleRequest()
 9 FCPATH/index.php(67): CodeIgniter\CodeIgniter->run()
10 SYSTEMPATH/Commands/Server/rewrite.php(46): require_once('FCPATH/index.php')
CRITICAL - 2022-10-23 07:28:48 --> Division by zero
in APPPATH/Helpers/Perhitungan_helper.php on line 8.
 1 APPPATH/Views/blt/perhitungan/index.php(58): hitungBobot()
 2 SYSTEMPATH/View/View.php(213): include('APPPATH/Views/blt/perhitungan/index.php')
 3 SYSTEMPATH/View/View.php(216): CodeIgniter\View\View->CodeIgniter\View\{closure}()
 4 SYSTEMPATH/Common.php(1142): CodeIgniter\View\View->render()
 5 APPPATH/Controllers/Blt/Perhitungan.php(39): view()
 6 SYSTEMPATH/CodeIgniter.php(902): App\Controllers\Blt\Perhitungan->getIndex()
 7 SYSTEMPATH/CodeIgniter.php(457): CodeIgniter\CodeIgniter->runController()
 8 SYSTEMPATH/CodeIgniter.php(340): CodeIgniter\CodeIgniter->handleRequest()
 9 FCPATH/index.php(67): CodeIgniter\CodeIgniter->run()
10 SYSTEMPATH/Commands/Server/rewrite.php(46): require_once('FCPATH/index.php')
CRITICAL - 2022-10-23 07:28:48 --> Division by zero
in APPPATH/Helpers/Perhitungan_helper.php on line 8.
 1 APPPATH/Views/blt/perhitungan/index.php(58): hitungBobot()
 2 SYSTEMPATH/View/View.php(213): include('APPPATH/Views/blt/perhitungan/index.php')
 3 SYSTEMPATH/View/View.php(216): CodeIgniter\View\View->CodeIgniter\View\{closure}()
 4 SYSTEMPATH/Common.php(1142): CodeIgniter\View\View->render()
 5 APPPATH/Controllers/Blt/Perhitungan.php(39): view()
 6 SYSTEMPATH/CodeIgniter.php(902): App\Controllers\Blt\Perhitungan->getIndex()
 7 SYSTEMPATH/CodeIgniter.php(457): CodeIgniter\CodeIgniter->runController()
 8 SYSTEMPATH/CodeIgniter.php(340): CodeIgniter\CodeIgniter->handleRequest()
 9 FCPATH/index.php(67): CodeIgniter\CodeIgniter->run()
10 SYSTEMPATH/Commands/Server/rewrite.php(46): require_once('FCPATH/index.php')
CRITICAL - 2022-10-23 07:28:48 --> Division by zero
in APPPATH/Helpers/Perhitungan_helper.php on line 8.
 1 APPPATH/Views/blt/perhitungan/index.php(58): hitungBobot()
 2 SYSTEMPATH/View/View.php(213): include('APPPATH/Views/blt/perhitungan/index.php')
 3 SYSTEMPATH/View/View.php(216): CodeIgniter\View\View->CodeIgniter\View\{closure}()
 4 SYSTEMPATH/Common.php(1142): CodeIgniter\View\View->render()
 5 APPPATH/Controllers/Blt/Perhitungan.php(39): view()
 6 SYSTEMPATH/CodeIgniter.php(902): App\Controllers\Blt\Perhitungan->getIndex()
 7 SYSTEMPATH/CodeIgniter.php(457): CodeIgniter\CodeIgniter->runController()
 8 SYSTEMPATH/CodeIgniter.php(340): CodeIgniter\CodeIgniter->handleRequest()
 9 FCPATH/index.php(67): CodeIgniter\CodeIgniter->run()
10 SYSTEMPATH/Commands/Server/rewrite.php(46): require_once('FCPATH/index.php')
CRITICAL - 2022-10-23 07:28:48 --> Division by zero
in APPPATH/Helpers/Perhitungan_helper.php on line 8.
 1 APPPATH/Views/blt/perhitungan/index.php(58): hitungBobot()
 2 SYSTEMPATH/View/View.php(213): include('APPPATH/Views/blt/perhitungan/index.php')
 3 SYSTEMPATH/View/View.php(216): CodeIgniter\View\View->CodeIgniter\View\{closure}()
 4 SYSTEMPATH/Common.php(1142): CodeIgniter\View\View->render()
 5 APPPATH/Controllers/Blt/Perhitungan.php(39): view()
 6 SYSTEMPATH/CodeIgniter.php(902): App\Controllers\Blt\Perhitungan->getIndex()
 7 SYSTEMPATH/CodeIgniter.php(457): CodeIgniter\CodeIgniter->runController()
 8 SYSTEMPATH/CodeIgniter.php(340): CodeIgniter\CodeIgniter->handleRequest()
 9 FCPATH/index.php(67): CodeIgniter\CodeIgniter->run()
10 SYSTEMPATH/Commands/Server/rewrite.php(46): require_once('FCPATH/index.php')
CRITICAL - 2022-10-23 07:30:02 --> Division by zero
in APPPATH/Helpers/Perhitungan_helper.php on line 11.
 1 APPPATH/Views/blt/perhitungan/index.php(58): hitungBobot()
 2 SYSTEMPATH/View/View.php(213): include('APPPATH/Views/blt/perhitungan/index.php')
 3 SYSTEMPATH/View/View.php(216): CodeIgniter\View\View->CodeIgniter\View\{closure}()
 4 SYSTEMPATH/Common.php(1142): CodeIgniter\View\View->render()
 5 APPPATH/Controllers/Blt/Perhitungan.php(39): view()
 6 SYSTEMPATH/CodeIgniter.php(902): App\Controllers\Blt\Perhitungan->getIndex()
 7 SYSTEMPATH/CodeIgniter.php(457): CodeIgniter\CodeIgniter->runController()
 8 SYSTEMPATH/CodeIgniter.php(340): CodeIgniter\CodeIgniter->handleRequest()
 9 FCPATH/index.php(67): CodeIgniter\CodeIgniter->run()
10 SYSTEMPATH/Commands/Server/rewrite.php(46): require_once('FCPATH/index.php')
CRITICAL - 2022-10-23 07:30:03 --> Division by zero
in APPPATH/Helpers/Perhitungan_helper.php on line 11.
 1 APPPATH/Views/blt/perhitungan/index.php(58): hitungBobot()
 2 SYSTEMPATH/View/View.php(213): include('APPPATH/Views/blt/perhitungan/index.php')
 3 SYSTEMPATH/View/View.php(216): CodeIgniter\View\View->CodeIgniter\View\{closure}()
 4 SYSTEMPATH/Common.php(1142): CodeIgniter\View\View->render()
 5 APPPATH/Controllers/Blt/Perhitungan.php(39): view()
 6 SYSTEMPATH/CodeIgniter.php(902): App\Controllers\Blt\Perhitungan->getIndex()
 7 SYSTEMPATH/CodeIgniter.php(457): CodeIgniter\CodeIgniter->runController()
 8 SYSTEMPATH/CodeIgniter.php(340): CodeIgniter\CodeIgniter->handleRequest()
 9 FCPATH/index.php(67): CodeIgniter\CodeIgniter->run()
10 SYSTEMPATH/Commands/Server/rewrite.php(46): require_once('FCPATH/index.php')
CRITICAL - 2022-10-23 07:30:54 --> hitungBobot(): Return value must be of type float, none returned
in APPPATH/Helpers/Perhitungan_helper.php on line 14.
 1 APPPATH/Views/blt/perhitungan/index.php(58): hitungBobot()
 2 SYSTEMPATH/View/View.php(213): include('APPPATH/Views/blt/perhitungan/index.php')
 3 SYSTEMPATH/View/View.php(216): CodeIgniter\View\View->CodeIgniter\View\{closure}()
 4 SYSTEMPATH/Common.php(1142): CodeIgniter\View\View->render()
 5 APPPATH/Controllers/Blt/Perhitungan.php(39): view()
 6 SYSTEMPATH/CodeIgniter.php(902): App\Controllers\Blt\Perhitungan->getIndex()
 7 SYSTEMPATH/CodeIgniter.php(457): CodeIgniter\CodeIgniter->runController()
 8 SYSTEMPATH/CodeIgniter.php(340): CodeIgniter\CodeIgniter->handleRequest()
 9 FCPATH/index.php(67): CodeIgniter\CodeIgniter->run()
10 SYSTEMPATH/Commands/Server/rewrite.php(46): require_once('FCPATH/index.php')
CRITICAL - 2022-10-23 07:31:59 --> Division by zero
in APPPATH/Helpers/Perhitungan_helper.php on line 11.
 1 APPPATH/Views/blt/perhitungan/index.php(58): hitungBobot()
 2 SYSTEMPATH/View/View.php(213): include('APPPATH/Views/blt/perhitungan/index.php')
 3 SYSTEMPATH/View/View.php(216): CodeIgniter\View\View->CodeIgniter\View\{closure}()
 4 SYSTEMPATH/Common.php(1142): CodeIgniter\View\View->render()
 5 APPPATH/Controllers/Blt/Perhitungan.php(39): view()
 6 SYSTEMPATH/CodeIgniter.php(902): App\Controllers\Blt\Perhitungan->getIndex()
 7 SYSTEMPATH/CodeIgniter.php(457): CodeIgniter\CodeIgniter->runController()
 8 SYSTEMPATH/CodeIgniter.php(340): CodeIgniter\CodeIgniter->handleRequest()
 9 FCPATH/index.php(67): CodeIgniter\CodeIgniter->run()
10 SYSTEMPATH/Commands/Server/rewrite.php(46): require_once('FCPATH/index.php')
CRITICAL - 2022-10-23 08:17:02 --> Division by zero
in APPPATH/Helpers/Perhitungan_helper.php on line 27.
 1 APPPATH/Views/blt/perhitungan/index.php(56): normalisasi()
 2 SYSTEMPATH/View/View.php(213): include('APPPATH/Views/blt/perhitungan/index.php')
 3 SYSTEMPATH/View/View.php(216): CodeIgniter\View\View->CodeIgniter\View\{closure}()
 4 SYSTEMPATH/Common.php(1142): CodeIgniter\View\View->render()
 5 APPPATH/Controllers/Blt/Perhitungan.php(39): view()
 6 SYSTEMPATH/CodeIgniter.php(902): App\Controllers\Blt\Perhitungan->getIndex()
 7 SYSTEMPATH/CodeIgniter.php(457): CodeIgniter\CodeIgniter->runController()
 8 SYSTEMPATH/CodeIgniter.php(340): CodeIgniter\CodeIgniter->handleRequest()
 9 FCPATH/index.php(67): CodeIgniter\CodeIgniter->run()
10 SYSTEMPATH/Commands/Server/rewrite.php(46): require_once('FCPATH/index.php')
CRITICAL - 2022-10-23 08:23:00 --> Undefined array key "type"
in APPPATH/Views/blt/perhitungan/index.php on line 67.
 1 APPPATH/Views/blt/perhitungan/index.php(67): CodeIgniter\Debug\Exceptions->errorHandler()
 2 SYSTEMPATH/View/View.php(213): include('APPPATH/Views/blt/perhitungan/index.php')
 3 SYSTEMPATH/View/View.php(216): CodeIgniter\View\View->CodeIgniter\View\{closure}()
 4 SYSTEMPATH/Common.php(1142): CodeIgniter\View\View->render()
 5 APPPATH/Controllers/Blt/Perhitungan.php(39): view()
 6 SYSTEMPATH/CodeIgniter.php(902): App\Controllers\Blt\Perhitungan->getIndex()
 7 SYSTEMPATH/CodeIgniter.php(457): CodeIgniter\CodeIgniter->runController()
 8 SYSTEMPATH/CodeIgniter.php(340): CodeIgniter\CodeIgniter->handleRequest()
 9 FCPATH/index.php(67): CodeIgniter\CodeIgniter->run()
10 SYSTEMPATH/Commands/Server/rewrite.php(46): require_once('FCPATH/index.php')
CRITICAL - 2022-10-23 08:34:42 --> Undefined array key "data_kriteria_nilai"
in APPPATH/Views/blt/perhitungan/index.php on line 66.
 1 APPPATH/Views/blt/perhitungan/index.php(66): CodeIgniter\Debug\Exceptions->errorHandler()
 2 SYSTEMPATH/View/View.php(213): include('APPPATH/Views/blt/perhitungan/index.php')
 3 SYSTEMPATH/View/View.php(216): CodeIgniter\View\View->CodeIgniter\View\{closure}()
 4 SYSTEMPATH/Common.php(1142): CodeIgniter\View\View->render()
 5 APPPATH/Controllers/Blt/Perhitungan.php(39): view()
 6 SYSTEMPATH/CodeIgniter.php(902): App\Controllers\Blt\Perhitungan->getIndex()
 7 SYSTEMPATH/CodeIgniter.php(457): CodeIgniter\CodeIgniter->runController()
 8 SYSTEMPATH/CodeIgniter.php(340): CodeIgniter\CodeIgniter->handleRequest()
 9 FCPATH/index.php(67): CodeIgniter\CodeIgniter->run()
10 SYSTEMPATH/Commands/Server/rewrite.php(46): require_once('FCPATH/index.php')
CRITICAL - 2022-10-23 08:36:00 --> Undefined array key 0
in APPPATH/Views/blt/perhitungan/index.php on line 68.
 1 APPPATH/Views/blt/perhitungan/index.php(68): CodeIgniter\Debug\Exceptions->errorHandler()
 2 SYSTEMPATH/View/View.php(213): include('APPPATH/Views/blt/perhitungan/index.php')
 3 SYSTEMPATH/View/View.php(216): CodeIgniter\View\View->CodeIgniter\View\{closure}()
 4 SYSTEMPATH/Common.php(1142): CodeIgniter\View\View->render()
 5 APPPATH/Controllers/Blt/Perhitungan.php(39): view()
 6 SYSTEMPATH/CodeIgniter.php(902): App\Controllers\Blt\Perhitungan->getIndex()
 7 SYSTEMPATH/CodeIgniter.php(457): CodeIgniter\CodeIgniter->runController()
 8 SYSTEMPATH/CodeIgniter.php(340): CodeIgniter\CodeIgniter->handleRequest()
 9 FCPATH/index.php(67): CodeIgniter\CodeIgniter->run()
10 SYSTEMPATH/Commands/Server/rewrite.php(46): require_once('FCPATH/index.php')
CRITICAL - 2022-10-23 08:40:01 --> array_push(): Argument #1 ($array) must be of type array, null given
in APPPATH/Views/blt/perhitungan/index.php on line 68.
 1 APPPATH/Views/blt/perhitungan/index.php(68): array_push()
 2 SYSTEMPATH/View/View.php(213): include('APPPATH/Views/blt/perhitungan/index.php')
 3 SYSTEMPATH/View/View.php(216): CodeIgniter\View\View->CodeIgniter\View\{closure}()
 4 SYSTEMPATH/Common.php(1142): CodeIgniter\View\View->render()
 5 APPPATH/Controllers/Blt/Perhitungan.php(39): view()
 6 SYSTEMPATH/CodeIgniter.php(902): App\Controllers\Blt\Perhitungan->getIndex()
 7 SYSTEMPATH/CodeIgniter.php(457): CodeIgniter\CodeIgniter->runController()
 8 SYSTEMPATH/CodeIgniter.php(340): CodeIgniter\CodeIgniter->handleRequest()
 9 FCPATH/index.php(67): CodeIgniter\CodeIgniter->run()
10 SYSTEMPATH/Commands/Server/rewrite.php(46): require_once('FCPATH/index.php')
CRITICAL - 2022-10-23 08:58:30 --> Cannot access offset of type string on string
in APPPATH/Views/blt/perhitungan/index.php on line 71.
 1 SYSTEMPATH/View/View.php(213): include()
 2 SYSTEMPATH/View/View.php(216): CodeIgniter\View\View->CodeIgniter\View\{closure}()
 3 SYSTEMPATH/Common.php(1142): CodeIgniter\View\View->render()
 4 APPPATH/Controllers/Blt/Perhitungan.php(39): view()
 5 SYSTEMPATH/CodeIgniter.php(902): App\Controllers\Blt\Perhitungan->getIndex()
 6 SYSTEMPATH/CodeIgniter.php(457): CodeIgniter\CodeIgniter->runController()
 7 SYSTEMPATH/CodeIgniter.php(340): CodeIgniter\CodeIgniter->handleRequest()
 8 FCPATH/index.php(67): CodeIgniter\CodeIgniter->run()
 9 SYSTEMPATH/Commands/Server/rewrite.php(46): require_once('FCPATH/index.php')
CRITICAL - 2022-10-23 09:07:22 --> Cannot access offset of type string on string
in APPPATH/Views/blt/perhitungan/index.php on line 72.
 1 SYSTEMPATH/View/View.php(213): include()
 2 SYSTEMPATH/View/View.php(216): CodeIgniter\View\View->CodeIgniter\View\{closure}()
 3 SYSTEMPATH/Common.php(1142): CodeIgniter\View\View->render()
 4 APPPATH/Controllers/Blt/Perhitungan.php(39): view()
 5 SYSTEMPATH/CodeIgniter.php(902): App\Controllers\Blt\Perhitungan->getIndex()
 6 SYSTEMPATH/CodeIgniter.php(457): CodeIgniter\CodeIgniter->runController()
 7 SYSTEMPATH/CodeIgniter.php(340): CodeIgniter\CodeIgniter->handleRequest()
 8 FCPATH/index.php(67): CodeIgniter\CodeIgniter->run()
 9 SYSTEMPATH/Commands/Server/rewrite.php(46): require_once('FCPATH/index.php')
CRITICAL - 2022-10-23 09:08:23 --> Cannot access offset of type string on string
in APPPATH/Views/blt/perhitungan/index.php on line 72.
 1 SYSTEMPATH/View/View.php(213): include()
 2 SYSTEMPATH/View/View.php(216): CodeIgniter\View\View->CodeIgniter\View\{closure}()
 3 SYSTEMPATH/Common.php(1142): CodeIgniter\View\View->render()
 4 APPPATH/Controllers/Blt/Perhitungan.php(39): view()
 5 SYSTEMPATH/CodeIgniter.php(902): App\Controllers\Blt\Perhitungan->getIndex()
 6 SYSTEMPATH/CodeIgniter.php(457): CodeIgniter\CodeIgniter->runController()
 7 SYSTEMPATH/CodeIgniter.php(340): CodeIgniter\CodeIgniter->handleRequest()
 8 FCPATH/index.php(67): CodeIgniter\CodeIgniter->run()
 9 SYSTEMPATH/Commands/Server/rewrite.php(46): require_once('FCPATH/index.php')
CRITICAL - 2022-10-23 09:08:23 --> Cannot access offset of type string on string
in APPPATH/Views/blt/perhitungan/index.php on line 72.
 1 SYSTEMPATH/View/View.php(213): include()
 2 SYSTEMPATH/View/View.php(216): CodeIgniter\View\View->CodeIgniter\View\{closure}()
 3 SYSTEMPATH/Common.php(1142): CodeIgniter\View\View->render()
 4 APPPATH/Controllers/Blt/Perhitungan.php(39): view()
 5 SYSTEMPATH/CodeIgniter.php(902): App\Controllers\Blt\Perhitungan->getIndex()
 6 SYSTEMPATH/CodeIgniter.php(457): CodeIgniter\CodeIgniter->runController()
 7 SYSTEMPATH/CodeIgniter.php(340): CodeIgniter\CodeIgniter->handleRequest()
 8 FCPATH/index.php(67): CodeIgniter\CodeIgniter->run()
 9 SYSTEMPATH/Commands/Server/rewrite.php(46): require_once('FCPATH/index.php')
CRITICAL - 2022-10-23 09:11:11 --> Undefined variable $nilai
in APPPATH/Views/blt/perhitungan/index.php on line 76.
 1 APPPATH/Views/blt/perhitungan/index.php(76): CodeIgniter\Debug\Exceptions->errorHandler()
 2 SYSTEMPATH/View/View.php(213): include('APPPATH/Views/blt/perhitungan/index.php')
 3 SYSTEMPATH/View/View.php(216): CodeIgniter\View\View->CodeIgniter\View\{closure}()
 4 SYSTEMPATH/Common.php(1142): CodeIgniter\View\View->render()
 5 APPPATH/Controllers/Blt/Perhitungan.php(39): view()
 6 SYSTEMPATH/CodeIgniter.php(902): App\Controllers\Blt\Perhitungan->getIndex()
 7 SYSTEMPATH/CodeIgniter.php(457): CodeIgniter\CodeIgniter->runController()
 8 SYSTEMPATH/CodeIgniter.php(340): CodeIgniter\CodeIgniter->handleRequest()
 9 FCPATH/index.php(67): CodeIgniter\CodeIgniter->run()
10 SYSTEMPATH/Commands/Server/rewrite.php(46): require_once('FCPATH/index.php')
CRITICAL - 2022-10-23 09:13:32 --> syntax error, unexpected identifier "keterangan", expecting "]"
in APPPATH/Views/blt/perhitungan/index.php on line 122.
 1 SYSTEMPATH/View/View.php(216): CodeIgniter\View\View->CodeIgniter\View\{closure}()
 2 SYSTEMPATH/Common.php(1142): CodeIgniter\View\View->render()
 3 APPPATH/Controllers/Blt/Perhitungan.php(39): view()
 4 SYSTEMPATH/CodeIgniter.php(902): App\Controllers\Blt\Perhitungan->getIndex()
 5 SYSTEMPATH/CodeIgniter.php(457): CodeIgniter\CodeIgniter->runController()
 6 SYSTEMPATH/CodeIgniter.php(340): CodeIgniter\CodeIgniter->handleRequest()
 7 FCPATH/index.php(67): CodeIgniter\CodeIgniter->run()
 8 SYSTEMPATH/Commands/Server/rewrite.php(46): require_once('FCPATH/index.php')
CRITICAL - 2022-10-23 09:54:28 --> array_push(): Argument #1 ($array) must be of type array, null given
in APPPATH/Views/blt/perhitungan/index.php on line 95.
 1 APPPATH/Views/blt/perhitungan/index.php(95): array_push()
 2 SYSTEMPATH/View/View.php(213): include('APPPATH/Views/blt/perhitungan/index.php')
 3 SYSTEMPATH/View/View.php(216): CodeIgniter\View\View->CodeIgniter\View\{closure}()
 4 SYSTEMPATH/Common.php(1142): CodeIgniter\View\View->render()
 5 APPPATH/Controllers/Blt/Perhitungan.php(39): view()
 6 SYSTEMPATH/CodeIgniter.php(902): App\Controllers\Blt\Perhitungan->getIndex()
 7 SYSTEMPATH/CodeIgniter.php(457): CodeIgniter\CodeIgniter->runController()
 8 SYSTEMPATH/CodeIgniter.php(340): CodeIgniter\CodeIgniter->handleRequest()
 9 FCPATH/index.php(67): CodeIgniter\CodeIgniter->run()
10 SYSTEMPATH/Commands/Server/rewrite.php(46): require_once('FCPATH/index.php')
CRITICAL - 2022-10-23 09:55:12 --> array_push(): Argument #1 ($array) must be of type array, null given
in APPPATH/Views/blt/perhitungan/index.php on line 95.
 1 APPPATH/Views/blt/perhitungan/index.php(95): array_push()
 2 SYSTEMPATH/View/View.php(213): include('APPPATH/Views/blt/perhitungan/index.php')
 3 SYSTEMPATH/View/View.php(216): CodeIgniter\View\View->CodeIgniter\View\{closure}()
 4 SYSTEMPATH/Common.php(1142): CodeIgniter\View\View->render()
 5 APPPATH/Controllers/Blt/Perhitungan.php(39): view()
 6 SYSTEMPATH/CodeIgniter.php(902): App\Controllers\Blt\Perhitungan->getIndex()
 7 SYSTEMPATH/CodeIgniter.php(457): CodeIgniter\CodeIgniter->runController()
 8 SYSTEMPATH/CodeIgniter.php(340): CodeIgniter\CodeIgniter->handleRequest()
 9 FCPATH/index.php(67): CodeIgniter\CodeIgniter->run()
10 SYSTEMPATH/Commands/Server/rewrite.php(46): require_once('FCPATH/index.php')
CRITICAL - 2022-10-23 09:55:13 --> array_push(): Argument #1 ($array) must be of type array, null given
in APPPATH/Views/blt/perhitungan/index.php on line 95.
 1 APPPATH/Views/blt/perhitungan/index.php(95): array_push()
 2 SYSTEMPATH/View/View.php(213): include('APPPATH/Views/blt/perhitungan/index.php')
 3 SYSTEMPATH/View/View.php(216): CodeIgniter\View\View->CodeIgniter\View\{closure}()
 4 SYSTEMPATH/Common.php(1142): CodeIgniter\View\View->render()
 5 APPPATH/Controllers/Blt/Perhitungan.php(39): view()
 6 SYSTEMPATH/CodeIgniter.php(902): App\Controllers\Blt\Perhitungan->getIndex()
 7 SYSTEMPATH/CodeIgniter.php(457): CodeIgniter\CodeIgniter->runController()
 8 SYSTEMPATH/CodeIgniter.php(340): CodeIgniter\CodeIgniter->handleRequest()
 9 FCPATH/index.php(67): CodeIgniter\CodeIgniter->run()
10 SYSTEMPATH/Commands/Server/rewrite.php(46): require_once('FCPATH/index.php')
CRITICAL - 2022-10-23 09:55:51 --> array_push(): Argument #1 ($array) must be of type array, float given
in APPPATH/Views/blt/perhitungan/index.php on line 96.
 1 APPPATH/Views/blt/perhitungan/index.php(96): array_push()
 2 SYSTEMPATH/View/View.php(213): include('APPPATH/Views/blt/perhitungan/index.php')
 3 SYSTEMPATH/View/View.php(216): CodeIgniter\View\View->CodeIgniter\View\{closure}()
 4 SYSTEMPATH/Common.php(1142): CodeIgniter\View\View->render()
 5 APPPATH/Controllers/Blt/Perhitungan.php(39): view()
 6 SYSTEMPATH/CodeIgniter.php(902): App\Controllers\Blt\Perhitungan->getIndex()
 7 SYSTEMPATH/CodeIgniter.php(457): CodeIgniter\CodeIgniter->runController()
 8 SYSTEMPATH/CodeIgniter.php(340): CodeIgniter\CodeIgniter->handleRequest()
 9 FCPATH/index.php(67): CodeIgniter\CodeIgniter->run()
10 SYSTEMPATH/Commands/Server/rewrite.php(46): require_once('FCPATH/index.php')
CRITICAL - 2022-10-23 10:15:53 --> Undefined variable $dataBobotKriteria
in APPPATH/Views/blt/perhitungan/index.php on line 134.
 1 APPPATH/Views/blt/perhitungan/index.php(134): CodeIgniter\Debug\Exceptions->errorHandler()
 2 SYSTEMPATH/View/View.php(213): include('APPPATH/Views/blt/perhitungan/index.php')
 3 SYSTEMPATH/View/View.php(216): CodeIgniter\View\View->CodeIgniter\View\{closure}()
 4 SYSTEMPATH/Common.php(1142): CodeIgniter\View\View->render()
 5 APPPATH/Controllers/Blt/Perhitungan.php(39): view()
 6 SYSTEMPATH/CodeIgniter.php(902): App\Controllers\Blt\Perhitungan->getIndex()
 7 SYSTEMPATH/CodeIgniter.php(457): CodeIgniter\CodeIgniter->runController()
 8 SYSTEMPATH/CodeIgniter.php(340): CodeIgniter\CodeIgniter->handleRequest()
 9 FCPATH/index.php(67): CodeIgniter\CodeIgniter->run()
10 SYSTEMPATH/Commands/Server/rewrite.php(46): require_once('FCPATH/index.php')
CRITICAL - 2022-10-23 10:17:12 --> Undefined variable $dataBobotKriteria
in APPPATH/Views/blt/perhitungan/index.php on line 134.
 1 APPPATH/Views/blt/perhitungan/index.php(134): CodeIgniter\Debug\Exceptions->errorHandler()
 2 SYSTEMPATH/View/View.php(213): include('APPPATH/Views/blt/perhitungan/index.php')
 3 SYSTEMPATH/View/View.php(216): CodeIgniter\View\View->CodeIgniter\View\{closure}()
 4 SYSTEMPATH/Common.php(1142): CodeIgniter\View\View->render()
 5 APPPATH/Controllers/Blt/Perhitungan.php(39): view()
 6 SYSTEMPATH/CodeIgniter.php(902): App\Controllers\Blt\Perhitungan->getIndex()
 7 SYSTEMPATH/CodeIgniter.php(457): CodeIgniter\CodeIgniter->runController()
 8 SYSTEMPATH/CodeIgniter.php(340): CodeIgniter\CodeIgniter->handleRequest()
 9 FCPATH/index.php(67): CodeIgniter\CodeIgniter->run()
10 SYSTEMPATH/Commands/Server/rewrite.php(46): require_once('FCPATH/index.php')
CRITICAL - 2022-10-23 10:32:03 --> hitungBobot(): Argument #2 ($allNk) must be of type array, int given, called in /mnt/work/Project/STIKI/fania/spk/app/Views/blt/perhitungan/index.php on line 64
in APPPATH/Helpers/Perhitungan_helper.php on line 7.
 1 APPPATH/Views/blt/perhitungan/index.php(64): hitungBobot()
 2 SYSTEMPATH/View/View.php(213): include('APPPATH/Views/blt/perhitungan/index.php')
 3 SYSTEMPATH/View/View.php(216): CodeIgniter\View\View->CodeIgniter\View\{closure}()
 4 SYSTEMPATH/Common.php(1142): CodeIgniter\View\View->render()
 5 APPPATH/Controllers/Blt/Perhitungan.php(39): view()
 6 SYSTEMPATH/CodeIgniter.php(902): App\Controllers\Blt\Perhitungan->getIndex()
 7 SYSTEMPATH/CodeIgniter.php(457): CodeIgniter\CodeIgniter->runController()
 8 SYSTEMPATH/CodeIgniter.php(340): CodeIgniter\CodeIgniter->handleRequest()
 9 FCPATH/index.php(67): CodeIgniter\CodeIgniter->run()
10 SYSTEMPATH/Commands/Server/rewrite.php(46): require_once('FCPATH/index.php')
CRITICAL - 2022-10-23 10:37:32 --> Undefined variable $allNk
in APPPATH/Views/blt/perhitungan/index.php on line 70.
 1 APPPATH/Views/blt/perhitungan/index.php(70): CodeIgniter\Debug\Exceptions->errorHandler()
 2 SYSTEMPATH/View/View.php(213): include('APPPATH/Views/blt/perhitungan/index.php')
 3 SYSTEMPATH/View/View.php(216): CodeIgniter\View\View->CodeIgniter\View\{closure}()
 4 SYSTEMPATH/Common.php(1142): CodeIgniter\View\View->render()
 5 APPPATH/Controllers/Blt/Perhitungan.php(39): view()
 6 SYSTEMPATH/CodeIgniter.php(902): App\Controllers\Blt\Perhitungan->getIndex()
 7 SYSTEMPATH/CodeIgniter.php(457): CodeIgniter\CodeIgniter->runController()
 8 SYSTEMPATH/CodeIgniter.php(340): CodeIgniter\CodeIgniter->handleRequest()
 9 FCPATH/index.php(67): CodeIgniter\CodeIgniter->run()
10 SYSTEMPATH/Commands/Server/rewrite.php(46): require_once('FCPATH/index.php')
CRITICAL - 2022-10-23 10:58:51 --> count(): Argument #1 ($value) must be of type Countable|array, int given
in APPPATH/Views/blt/perhitungan/index.php on line 356.
 1 SYSTEMPATH/View/View.php(213): include()
 2 SYSTEMPATH/View/View.php(216): CodeIgniter\View\View->CodeIgniter\View\{closure}()
 3 SYSTEMPATH/Common.php(1142): CodeIgniter\View\View->render()
 4 APPPATH/Controllers/Blt/Perhitungan.php(39): view()
 5 SYSTEMPATH/CodeIgniter.php(902): App\Controllers\Blt\Perhitungan->getIndex()
 6 SYSTEMPATH/CodeIgniter.php(457): CodeIgniter\CodeIgniter->runController()
 7 SYSTEMPATH/CodeIgniter.php(340): CodeIgniter\CodeIgniter->handleRequest()
 8 FCPATH/index.php(67): CodeIgniter\CodeIgniter->run()
 9 SYSTEMPATH/Commands/Server/rewrite.php(46): require_once('FCPATH/index.php')
CRITICAL - 2022-10-23 10:58:51 --> count(): Argument #1 ($value) must be of type Countable|array, int given
in APPPATH/Views/blt/perhitungan/index.php on line 356.
 1 SYSTEMPATH/View/View.php(213): include()
 2 SYSTEMPATH/View/View.php(216): CodeIgniter\View\View->CodeIgniter\View\{closure}()
 3 SYSTEMPATH/Common.php(1142): CodeIgniter\View\View->render()
 4 APPPATH/Controllers/Blt/Perhitungan.php(39): view()
 5 SYSTEMPATH/CodeIgniter.php(902): App\Controllers\Blt\Perhitungan->getIndex()
 6 SYSTEMPATH/CodeIgniter.php(457): CodeIgniter\CodeIgniter->runController()
 7 SYSTEMPATH/CodeIgniter.php(340): CodeIgniter\CodeIgniter->handleRequest()
 8 FCPATH/index.php(67): CodeIgniter\CodeIgniter->run()
 9 SYSTEMPATH/Commands/Server/rewrite.php(46): require_once('FCPATH/index.php')
CRITICAL - 2022-10-23 11:11:11 --> Unclosed '{' on line 63
in APPPATH/Views/blt/perhitungan/index.php on line 451.
 1 SYSTEMPATH/View/View.php(216): CodeIgniter\View\View->CodeIgniter\View\{closure}()
 2 SYSTEMPATH/Common.php(1142): CodeIgniter\View\View->render()
 3 APPPATH/Controllers/Blt/Perhitungan.php(39): view()
 4 SYSTEMPATH/CodeIgniter.php(902): App\Controllers\Blt\Perhitungan->getIndex()
 5 SYSTEMPATH/CodeIgniter.php(457): CodeIgniter\CodeIgniter->runController()
 6 SYSTEMPATH/CodeIgniter.php(340): CodeIgniter\CodeIgniter->handleRequest()
 7 FCPATH/index.php(67): CodeIgniter\CodeIgniter->run()
 8 SYSTEMPATH/Commands/Server/rewrite.php(46): require_once('FCPATH/index.php')
CRITICAL - 2022-10-23 11:11:20 --> Undefined array key "C1"
in APPPATH/Views/blt/perhitungan/index.php on line 65.
 1 APPPATH/Views/blt/perhitungan/index.php(65): CodeIgniter\Debug\Exceptions->errorHandler()
 2 SYSTEMPATH/View/View.php(213): include('APPPATH/Views/blt/perhitungan/index.php')
 3 SYSTEMPATH/View/View.php(216): CodeIgniter\View\View->CodeIgniter\View\{closure}()
 4 SYSTEMPATH/Common.php(1142): CodeIgniter\View\View->render()
 5 APPPATH/Controllers/Blt/Perhitungan.php(39): view()
 6 SYSTEMPATH/CodeIgniter.php(902): App\Controllers\Blt\Perhitungan->getIndex()
 7 SYSTEMPATH/CodeIgniter.php(457): CodeIgniter\CodeIgniter->runController()
 8 SYSTEMPATH/CodeIgniter.php(340): CodeIgniter\CodeIgniter->handleRequest()
 9 FCPATH/index.php(67): CodeIgniter\CodeIgniter->run()
10 SYSTEMPATH/Commands/Server/rewrite.php(46): require_once('FCPATH/index.php')
CRITICAL - 2022-10-23 11:11:32 --> Undefined array key "C1"
in APPPATH/Views/blt/perhitungan/index.php on line 65.
 1 APPPATH/Views/blt/perhitungan/index.php(65): CodeIgniter\Debug\Exceptions->errorHandler()
 2 SYSTEMPATH/View/View.php(213): include('APPPATH/Views/blt/perhitungan/index.php')
 3 SYSTEMPATH/View/View.php(216): CodeIgniter\View\View->CodeIgniter\View\{closure}()
 4 SYSTEMPATH/Common.php(1142): CodeIgniter\View\View->render()
 5 APPPATH/Controllers/Blt/Perhitungan.php(39): view()
 6 SYSTEMPATH/CodeIgniter.php(902): App\Controllers\Blt\Perhitungan->getIndex()
 7 SYSTEMPATH/CodeIgniter.php(457): CodeIgniter\CodeIgniter->runController()
 8 SYSTEMPATH/CodeIgniter.php(340): CodeIgniter\CodeIgniter->handleRequest()
 9 FCPATH/index.php(67): CodeIgniter\CodeIgniter->run()
10 SYSTEMPATH/Commands/Server/rewrite.php(46): require_once('FCPATH/index.php')
CRITICAL - 2022-10-23 11:11:33 --> Undefined array key "C1"
in APPPATH/Views/blt/perhitungan/index.php on line 65.
 1 APPPATH/Views/blt/perhitungan/index.php(65): CodeIgniter\Debug\Exceptions->errorHandler()
 2 SYSTEMPATH/View/View.php(213): include('APPPATH/Views/blt/perhitungan/index.php')
 3 SYSTEMPATH/View/View.php(216): CodeIgniter\View\View->CodeIgniter\View\{closure}()
 4 SYSTEMPATH/Common.php(1142): CodeIgniter\View\View->render()
 5 APPPATH/Controllers/Blt/Perhitungan.php(39): view()
 6 SYSTEMPATH/CodeIgniter.php(902): App\Controllers\Blt\Perhitungan->getIndex()
 7 SYSTEMPATH/CodeIgniter.php(457): CodeIgniter\CodeIgniter->runController()
 8 SYSTEMPATH/CodeIgniter.php(340): CodeIgniter\CodeIgniter->handleRequest()
 9 FCPATH/index.php(67): CodeIgniter\CodeIgniter->run()
10 SYSTEMPATH/Commands/Server/rewrite.php(46): require_once('FCPATH/index.php')
CRITICAL - 2022-10-23 11:11:33 --> Undefined array key "C1"
in APPPATH/Views/blt/perhitungan/index.php on line 65.
 1 APPPATH/Views/blt/perhitungan/index.php(65): CodeIgniter\Debug\Exceptions->errorHandler()
 2 SYSTEMPATH/View/View.php(213): include('APPPATH/Views/blt/perhitungan/index.php')
 3 SYSTEMPATH/View/View.php(216): CodeIgniter\View\View->CodeIgniter\View\{closure}()
 4 SYSTEMPATH/Common.php(1142): CodeIgniter\View\View->render()
 5 APPPATH/Controllers/Blt/Perhitungan.php(39): view()
 6 SYSTEMPATH/CodeIgniter.php(902): App\Controllers\Blt\Perhitungan->getIndex()
 7 SYSTEMPATH/CodeIgniter.php(457): CodeIgniter\CodeIgniter->runController()
 8 SYSTEMPATH/CodeIgniter.php(340): CodeIgniter\CodeIgniter->handleRequest()
 9 FCPATH/index.php(67): CodeIgniter\CodeIgniter->run()
10 SYSTEMPATH/Commands/Server/rewrite.php(46): require_once('FCPATH/index.php')
CRITICAL - 2022-10-23 11:11:33 --> Undefined array key "C1"
in APPPATH/Views/blt/perhitungan/index.php on line 65.
 1 APPPATH/Views/blt/perhitungan/index.php(65): CodeIgniter\Debug\Exceptions->errorHandler()
 2 SYSTEMPATH/View/View.php(213): include('APPPATH/Views/blt/perhitungan/index.php')
 3 SYSTEMPATH/View/View.php(216): CodeIgniter\View\View->CodeIgniter\View\{closure}()
 4 SYSTEMPATH/Common.php(1142): CodeIgniter\View\View->render()
 5 APPPATH/Controllers/Blt/Perhitungan.php(39): view()
 6 SYSTEMPATH/CodeIgniter.php(902): App\Controllers\Blt\Perhitungan->getIndex()
 7 SYSTEMPATH/CodeIgniter.php(457): CodeIgniter\CodeIgniter->runController()
 8 SYSTEMPATH/CodeIgniter.php(340): CodeIgniter\CodeIgniter->handleRequest()
 9 FCPATH/index.php(67): CodeIgniter\CodeIgniter->run()
10 SYSTEMPATH/Commands/Server/rewrite.php(46): require_once('FCPATH/index.php')
CRITICAL - 2022-10-23 11:11:33 --> Undefined array key "C1"
in APPPATH/Views/blt/perhitungan/index.php on line 65.
 1 APPPATH/Views/blt/perhitungan/index.php(65): CodeIgniter\Debug\Exceptions->errorHandler()
 2 SYSTEMPATH/View/View.php(213): include('APPPATH/Views/blt/perhitungan/index.php')
 3 SYSTEMPATH/View/View.php(216): CodeIgniter\View\View->CodeIgniter\View\{closure}()
 4 SYSTEMPATH/Common.php(1142): CodeIgniter\View\View->render()
 5 APPPATH/Controllers/Blt/Perhitungan.php(39): view()
 6 SYSTEMPATH/CodeIgniter.php(902): App\Controllers\Blt\Perhitungan->getIndex()
 7 SYSTEMPATH/CodeIgniter.php(457): CodeIgniter\CodeIgniter->runController()
 8 SYSTEMPATH/CodeIgniter.php(340): CodeIgniter\CodeIgniter->handleRequest()
 9 FCPATH/index.php(67): CodeIgniter\CodeIgniter->run()
10 SYSTEMPATH/Commands/Server/rewrite.php(46): require_once('FCPATH/index.php')
CRITICAL - 2022-10-23 11:11:33 --> Undefined array key "C1"
in APPPATH/Views/blt/perhitungan/index.php on line 65.
 1 APPPATH/Views/blt/perhitungan/index.php(65): CodeIgniter\Debug\Exceptions->errorHandler()
 2 SYSTEMPATH/View/View.php(213): include('APPPATH/Views/blt/perhitungan/index.php')
 3 SYSTEMPATH/View/View.php(216): CodeIgniter\View\View->CodeIgniter\View\{closure}()
 4 SYSTEMPATH/Common.php(1142): CodeIgniter\View\View->render()
 5 APPPATH/Controllers/Blt/Perhitungan.php(39): view()
 6 SYSTEMPATH/CodeIgniter.php(902): App\Controllers\Blt\Perhitungan->getIndex()
 7 SYSTEMPATH/CodeIgniter.php(457): CodeIgniter\CodeIgniter->runController()
 8 SYSTEMPATH/CodeIgniter.php(340): CodeIgniter\CodeIgniter->handleRequest()
 9 FCPATH/index.php(67): CodeIgniter\CodeIgniter->run()
10 SYSTEMPATH/Commands/Server/rewrite.php(46): require_once('FCPATH/index.php')
CRITICAL - 2022-10-23 11:16:11 --> Undefined array key "C1"
in APPPATH/Views/blt/perhitungan/index.php on line 65.
 1 APPPATH/Views/blt/perhitungan/index.php(65): CodeIgniter\Debug\Exceptions->errorHandler()
 2 SYSTEMPATH/View/View.php(213): include('APPPATH/Views/blt/perhitungan/index.php')
 3 SYSTEMPATH/View/View.php(216): CodeIgniter\View\View->CodeIgniter\View\{closure}()
 4 SYSTEMPATH/Common.php(1142): CodeIgniter\View\View->render()
 5 APPPATH/Controllers/Blt/Perhitungan.php(39): view()
 6 SYSTEMPATH/CodeIgniter.php(902): App\Controllers\Blt\Perhitungan->getIndex()
 7 SYSTEMPATH/CodeIgniter.php(457): CodeIgniter\CodeIgniter->runController()
 8 SYSTEMPATH/CodeIgniter.php(340): CodeIgniter\CodeIgniter->handleRequest()
 9 FCPATH/index.php(67): CodeIgniter\CodeIgniter->run()
10 SYSTEMPATH/Commands/Server/rewrite.php(46): require_once('FCPATH/index.php')
CRITICAL - 2022-10-23 11:35:42 --> Undefined array key "kriteria_max"
in APPPATH/Views/blt/perhitungan/index.php on line 131.
 1 APPPATH/Views/blt/perhitungan/index.php(131): CodeIgniter\Debug\Exceptions->errorHandler()
 2 SYSTEMPATH/View/View.php(213): include('APPPATH/Views/blt/perhitungan/index.php')
 3 SYSTEMPATH/View/View.php(216): CodeIgniter\View\View->CodeIgniter\View\{closure}()
 4 SYSTEMPATH/Common.php(1142): CodeIgniter\View\View->render()
 5 APPPATH/Controllers/Blt/Perhitungan.php(39): view()
 6 SYSTEMPATH/CodeIgniter.php(902): App\Controllers\Blt\Perhitungan->getIndex()
 7 SYSTEMPATH/CodeIgniter.php(457): CodeIgniter\CodeIgniter->runController()
 8 SYSTEMPATH/CodeIgniter.php(340): CodeIgniter\CodeIgniter->handleRequest()
 9 FCPATH/index.php(67): CodeIgniter\CodeIgniter->run()
10 SYSTEMPATH/Commands/Server/rewrite.php(46): require_once('FCPATH/index.php')
CRITICAL - 2022-10-23 11:36:38 --> Undefined array key "kriteria_max"
in APPPATH/Views/blt/perhitungan/index.php on line 131.
 1 APPPATH/Views/blt/perhitungan/index.php(131): CodeIgniter\Debug\Exceptions->errorHandler()
 2 SYSTEMPATH/View/View.php(213): include('APPPATH/Views/blt/perhitungan/index.php')
 3 SYSTEMPATH/View/View.php(216): CodeIgniter\View\View->CodeIgniter\View\{closure}()
 4 SYSTEMPATH/Common.php(1142): CodeIgniter\View\View->render()
 5 APPPATH/Controllers/Blt/Perhitungan.php(39): view()
 6 SYSTEMPATH/CodeIgniter.php(902): App\Controllers\Blt\Perhitungan->getIndex()
 7 SYSTEMPATH/CodeIgniter.php(457): CodeIgniter\CodeIgniter->runController()
 8 SYSTEMPATH/CodeIgniter.php(340): CodeIgniter\CodeIgniter->handleRequest()
 9 FCPATH/index.php(67): CodeIgniter\CodeIgniter->run()
10 SYSTEMPATH/Commands/Server/rewrite.php(46): require_once('FCPATH/index.php')
CRITICAL - 2022-10-23 11:37:51 --> Undefined array key "kriteria_max"
in APPPATH/Views/blt/perhitungan/index.php on line 132.
 1 APPPATH/Views/blt/perhitungan/index.php(132): CodeIgniter\Debug\Exceptions->errorHandler()
 2 SYSTEMPATH/View/View.php(213): include('APPPATH/Views/blt/perhitungan/index.php')
 3 SYSTEMPATH/View/View.php(216): CodeIgniter\View\View->CodeIgniter\View\{closure}()
 4 SYSTEMPATH/Common.php(1142): CodeIgniter\View\View->render()
 5 APPPATH/Controllers/Blt/Perhitungan.php(39): view()
 6 SYSTEMPATH/CodeIgniter.php(902): App\Controllers\Blt\Perhitungan->getIndex()
 7 SYSTEMPATH/CodeIgniter.php(457): CodeIgniter\CodeIgniter->runController()
 8 SYSTEMPATH/CodeIgniter.php(340): CodeIgniter\CodeIgniter->handleRequest()
 9 FCPATH/index.php(67): CodeIgniter\CodeIgniter->run()
10 SYSTEMPATH/Commands/Server/rewrite.php(46): require_once('FCPATH/index.php')
CRITICAL - 2022-10-23 11:39:13 --> Undefined array key "kriteria_max"
in APPPATH/Views/blt/perhitungan/index.php on line 132.
 1 APPPATH/Views/blt/perhitungan/index.php(132): CodeIgniter\Debug\Exceptions->errorHandler()
 2 SYSTEMPATH/View/View.php(213): include('APPPATH/Views/blt/perhitungan/index.php')
 3 SYSTEMPATH/View/View.php(216): CodeIgniter\View\View->CodeIgniter\View\{closure}()
 4 SYSTEMPATH/Common.php(1142): CodeIgniter\View\View->render()
 5 APPPATH/Controllers/Blt/Perhitungan.php(39): view()
 6 SYSTEMPATH/CodeIgniter.php(902): App\Controllers\Blt\Perhitungan->getIndex()
 7 SYSTEMPATH/CodeIgniter.php(457): CodeIgniter\CodeIgniter->runController()
 8 SYSTEMPATH/CodeIgniter.php(340): CodeIgniter\CodeIgniter->handleRequest()
 9 FCPATH/index.php(67): CodeIgniter\CodeIgniter->run()
10 SYSTEMPATH/Commands/Server/rewrite.php(46): require_once('FCPATH/index.php')
CRITICAL - 2022-10-23 11:52:41 --> Unhandled match case '...'
in APPPATH/Views/blt/perhitungan/index.php on line 198.
 1 SYSTEMPATH/View/View.php(213): include()
 2 SYSTEMPATH/View/View.php(216): CodeIgniter\View\View->CodeIgniter\View\{closure}()
 3 SYSTEMPATH/Common.php(1142): CodeIgniter\View\View->render()
 4 APPPATH/Controllers/Blt/Perhitungan.php(39): view()
 5 SYSTEMPATH/CodeIgniter.php(902): App\Controllers\Blt\Perhitungan->getIndex()
 6 SYSTEMPATH/CodeIgniter.php(457): CodeIgniter\CodeIgniter->runController()
 7 SYSTEMPATH/CodeIgniter.php(340): CodeIgniter\CodeIgniter->handleRequest()
 8 FCPATH/index.php(67): CodeIgniter\CodeIgniter->run()
 9 SYSTEMPATH/Commands/Server/rewrite.php(46): require_once('FCPATH/index.php')
CRITICAL - 2022-10-23 11:52:59 --> Unhandled match case '...'
in APPPATH/Views/blt/perhitungan/index.php on line 198.
 1 SYSTEMPATH/View/View.php(213): include()
 2 SYSTEMPATH/View/View.php(216): CodeIgniter\View\View->CodeIgniter\View\{closure}()
 3 SYSTEMPATH/Common.php(1142): CodeIgniter\View\View->render()
 4 APPPATH/Controllers/Blt/Perhitungan.php(39): view()
 5 SYSTEMPATH/CodeIgniter.php(902): App\Controllers\Blt\Perhitungan->getIndex()
 6 SYSTEMPATH/CodeIgniter.php(457): CodeIgniter\CodeIgniter->runController()
 7 SYSTEMPATH/CodeIgniter.php(340): CodeIgniter\CodeIgniter->handleRequest()
 8 FCPATH/index.php(67): CodeIgniter\CodeIgniter->run()
 9 SYSTEMPATH/Commands/Server/rewrite.php(46): require_once('FCPATH/index.php')
CRITICAL - 2022-10-23 11:53:22 --> Unhandled match case '...'
in APPPATH/Views/blt/perhitungan/index.php on line 198.
 1 SYSTEMPATH/View/View.php(213): include()
 2 SYSTEMPATH/View/View.php(216): CodeIgniter\View\View->CodeIgniter\View\{closure}()
 3 SYSTEMPATH/Common.php(1142): CodeIgniter\View\View->render()
 4 APPPATH/Controllers/Blt/Perhitungan.php(39): view()
 5 SYSTEMPATH/CodeIgniter.php(902): App\Controllers\Blt\Perhitungan->getIndex()
 6 SYSTEMPATH/CodeIgniter.php(457): CodeIgniter\CodeIgniter->runController()
 7 SYSTEMPATH/CodeIgniter.php(340): CodeIgniter\CodeIgniter->handleRequest()
 8 FCPATH/index.php(67): CodeIgniter\CodeIgniter->run()
 9 SYSTEMPATH/Commands/Server/rewrite.php(46): require_once('FCPATH/index.php')
CRITICAL - 2022-10-23 11:53:23 --> Unhandled match case '...'
in APPPATH/Views/blt/perhitungan/index.php on line 198.
 1 SYSTEMPATH/View/View.php(213): include()
 2 SYSTEMPATH/View/View.php(216): CodeIgniter\View\View->CodeIgniter\View\{closure}()
 3 SYSTEMPATH/Common.php(1142): CodeIgniter\View\View->render()
 4 APPPATH/Controllers/Blt/Perhitungan.php(39): view()
 5 SYSTEMPATH/CodeIgniter.php(902): App\Controllers\Blt\Perhitungan->getIndex()
 6 SYSTEMPATH/CodeIgniter.php(457): CodeIgniter\CodeIgniter->runController()
 7 SYSTEMPATH/CodeIgniter.php(340): CodeIgniter\CodeIgniter->handleRequest()
 8 FCPATH/index.php(67): CodeIgniter\CodeIgniter->run()
 9 SYSTEMPATH/Commands/Server/rewrite.php(46): require_once('FCPATH/index.php')
CRITICAL - 2022-10-23 11:53:23 --> Unhandled match case '...'
in APPPATH/Views/blt/perhitungan/index.php on line 198.
 1 SYSTEMPATH/View/View.php(213): include()
 2 SYSTEMPATH/View/View.php(216): CodeIgniter\View\View->CodeIgniter\View\{closure}()
 3 SYSTEMPATH/Common.php(1142): CodeIgniter\View\View->render()
 4 APPPATH/Controllers/Blt/Perhitungan.php(39): view()
 5 SYSTEMPATH/CodeIgniter.php(902): App\Controllers\Blt\Perhitungan->getIndex()
 6 SYSTEMPATH/CodeIgniter.php(457): CodeIgniter\CodeIgniter->runController()
 7 SYSTEMPATH/CodeIgniter.php(340): CodeIgniter\CodeIgniter->handleRequest()
 8 FCPATH/index.php(67): CodeIgniter\CodeIgniter->run()
 9 SYSTEMPATH/Commands/Server/rewrite.php(46): require_once('FCPATH/index.php')
CRITICAL - 2022-10-23 11:53:23 --> Unhandled match case '...'
in APPPATH/Views/blt/perhitungan/index.php on line 198.
 1 SYSTEMPATH/View/View.php(213): include()
 2 SYSTEMPATH/View/View.php(216): CodeIgniter\View\View->CodeIgniter\View\{closure}()
 3 SYSTEMPATH/Common.php(1142): CodeIgniter\View\View->render()
 4 APPPATH/Controllers/Blt/Perhitungan.php(39): view()
 5 SYSTEMPATH/CodeIgniter.php(902): App\Controllers\Blt\Perhitungan->getIndex()
 6 SYSTEMPATH/CodeIgniter.php(457): CodeIgniter\CodeIgniter->runController()
 7 SYSTEMPATH/CodeIgniter.php(340): CodeIgniter\CodeIgniter->handleRequest()
 8 FCPATH/index.php(67): CodeIgniter\CodeIgniter->run()
 9 SYSTEMPATH/Commands/Server/rewrite.php(46): require_once('FCPATH/index.php')
CRITICAL - 2022-10-23 11:53:23 --> Unhandled match case '...'
in APPPATH/Views/blt/perhitungan/index.php on line 198.
 1 SYSTEMPATH/View/View.php(213): include()
 2 SYSTEMPATH/View/View.php(216): CodeIgniter\View\View->CodeIgniter\View\{closure}()
 3 SYSTEMPATH/Common.php(1142): CodeIgniter\View\View->render()
 4 APPPATH/Controllers/Blt/Perhitungan.php(39): view()
 5 SYSTEMPATH/CodeIgniter.php(902): App\Controllers\Blt\Perhitungan->getIndex()
 6 SYSTEMPATH/CodeIgniter.php(457): CodeIgniter\CodeIgniter->runController()
 7 SYSTEMPATH/CodeIgniter.php(340): CodeIgniter\CodeIgniter->handleRequest()
 8 FCPATH/index.php(67): CodeIgniter\CodeIgniter->run()
 9 SYSTEMPATH/Commands/Server/rewrite.php(46): require_once('FCPATH/index.php')
CRITICAL - 2022-10-23 11:53:24 --> Unhandled match case '...'
in APPPATH/Views/blt/perhitungan/index.php on line 198.
 1 SYSTEMPATH/View/View.php(213): include()
 2 SYSTEMPATH/View/View.php(216): CodeIgniter\View\View->CodeIgniter\View\{closure}()
 3 SYSTEMPATH/Common.php(1142): CodeIgniter\View\View->render()
 4 APPPATH/Controllers/Blt/Perhitungan.php(39): view()
 5 SYSTEMPATH/CodeIgniter.php(902): App\Controllers\Blt\Perhitungan->getIndex()
 6 SYSTEMPATH/CodeIgniter.php(457): CodeIgniter\CodeIgniter->runController()
 7 SYSTEMPATH/CodeIgniter.php(340): CodeIgniter\CodeIgniter->handleRequest()
 8 FCPATH/index.php(67): CodeIgniter\CodeIgniter->run()
 9 SYSTEMPATH/Commands/Server/rewrite.php(46): require_once('FCPATH/index.php')
CRITICAL - 2022-10-23 11:53:24 --> Unhandled match case '...'
in APPPATH/Views/blt/perhitungan/index.php on line 198.
 1 SYSTEMPATH/View/View.php(213): include()
 2 SYSTEMPATH/View/View.php(216): CodeIgniter\View\View->CodeIgniter\View\{closure}()
 3 SYSTEMPATH/Common.php(1142): CodeIgniter\View\View->render()
 4 APPPATH/Controllers/Blt/Perhitungan.php(39): view()
 5 SYSTEMPATH/CodeIgniter.php(902): App\Controllers\Blt\Perhitungan->getIndex()
 6 SYSTEMPATH/CodeIgniter.php(457): CodeIgniter\CodeIgniter->runController()
 7 SYSTEMPATH/CodeIgniter.php(340): CodeIgniter\CodeIgniter->handleRequest()
 8 FCPATH/index.php(67): CodeIgniter\CodeIgniter->run()
 9 SYSTEMPATH/Commands/Server/rewrite.php(46): require_once('FCPATH/index.php')
