ERROR - 2022-10-21 20:47:29 --> mysqli_sql_exception: Table 'kriteria' already exists in /mnt/work/Project/STIKI/fania/spk/system/Database/MySQLi/Connection.php:292
Stack trace:
#0 /mnt/work/Project/STIKI/fania/spk/system/Database/MySQLi/Connection.php(292): mysqli->query()
#1 /mnt/work/Project/STIKI/fania/spk/system/Database/BaseConnection.php(693): CodeIgniter\Database\MySQLi\Connection->execute()
#2 /mnt/work/Project/STIKI/fania/spk/system/Database/BaseConnection.php(620): CodeIgniter\Database\BaseConnection->simpleQuery()
#3 /mnt/work/Project/STIKI/fania/spk/system/Database/Forge.php(509): CodeIgniter\Database\BaseConnection->query()
#4 /mnt/work/Project/STIKI/fania/spk/app/Database/Migrations/2022-10-21-150332_KriteriaMigration.php(39): CodeIgniter\Database\Forge->createTable()
#5 /mnt/work/Project/STIKI/fania/spk/system/Database/MigrationRunner.php(868): App\Database\Migrations\KriteriaMigration->up()
#6 /mnt/work/Project/STIKI/fania/spk/system/Database/MigrationRunner.php(187): CodeIgniter\Database\MigrationRunner->migrate()
#7 /mnt/work/Project/STIKI/fania/spk/system/Commands/Database/Migrate.php(84): CodeIgniter\Database\MigrationRunner->latest()
#8 /mnt/work/Project/STIKI/fania/spk/system/CLI/Commands.php(63): CodeIgniter\Commands\Database\Migrate->run()
#9 /mnt/work/Project/STIKI/fania/spk/system/CLI/CommandRunner.php(65): CodeIgniter\CLI\Commands->run()
#10 /mnt/work/Project/STIKI/fania/spk/system/CLI/CommandRunner.php(51): CodeIgniter\CLI\CommandRunner->index()
#11 /mnt/work/Project/STIKI/fania/spk/system/CodeIgniter.php(895): CodeIgniter\CLI\CommandRunner->_remap()
#12 /mnt/work/Project/STIKI/fania/spk/system/CodeIgniter.php(457): CodeIgniter\CodeIgniter->runController()
#13 /mnt/work/Project/STIKI/fania/spk/system/CodeIgniter.php(336): CodeIgniter\CodeIgniter->handleRequest()
#14 /mnt/work/Project/STIKI/fania/spk/system/CLI/Console.php(48): CodeIgniter\CodeIgniter->run()
#15 /mnt/work/Project/STIKI/fania/spk/spark(98): CodeIgniter\CLI\Console->run()
#16 {main}
ERROR - 2022-10-21 20:47:38 --> mysqli_sql_exception: Table 'kriteria' already exists in /mnt/work/Project/STIKI/fania/spk/system/Database/MySQLi/Connection.php:292
Stack trace:
#0 /mnt/work/Project/STIKI/fania/spk/system/Database/MySQLi/Connection.php(292): mysqli->query()
#1 /mnt/work/Project/STIKI/fania/spk/system/Database/BaseConnection.php(693): CodeIgniter\Database\MySQLi\Connection->execute()
#2 /mnt/work/Project/STIKI/fania/spk/system/Database/BaseConnection.php(620): CodeIgniter\Database\BaseConnection->simpleQuery()
#3 /mnt/work/Project/STIKI/fania/spk/system/Database/Forge.php(509): CodeIgniter\Database\BaseConnection->query()
#4 /mnt/work/Project/STIKI/fania/spk/app/Database/Migrations/2022-10-21-150332_KriteriaMigration.php(39): CodeIgniter\Database\Forge->createTable()
#5 /mnt/work/Project/STIKI/fania/spk/system/Database/MigrationRunner.php(868): App\Database\Migrations\KriteriaMigration->up()
#6 /mnt/work/Project/STIKI/fania/spk/system/Database/MigrationRunner.php(187): CodeIgniter\Database\MigrationRunner->migrate()
#7 /mnt/work/Project/STIKI/fania/spk/system/Commands/Database/Migrate.php(84): CodeIgniter\Database\MigrationRunner->latest()
#8 /mnt/work/Project/STIKI/fania/spk/system/CLI/Commands.php(63): CodeIgniter\Commands\Database\Migrate->run()
#9 /mnt/work/Project/STIKI/fania/spk/system/CLI/CommandRunner.php(65): CodeIgniter\CLI\Commands->run()
#10 /mnt/work/Project/STIKI/fania/spk/system/CLI/CommandRunner.php(51): CodeIgniter\CLI\CommandRunner->index()
#11 /mnt/work/Project/STIKI/fania/spk/system/CodeIgniter.php(895): CodeIgniter\CLI\CommandRunner->_remap()
#12 /mnt/work/Project/STIKI/fania/spk/system/CodeIgniter.php(457): CodeIgniter\CodeIgniter->runController()
#13 /mnt/work/Project/STIKI/fania/spk/system/CodeIgniter.php(336): CodeIgniter\CodeIgniter->handleRequest()
#14 /mnt/work/Project/STIKI/fania/spk/system/CLI/Console.php(48): CodeIgniter\CodeIgniter->run()
#15 /mnt/work/Project/STIKI/fania/spk/spark(98): CodeIgniter\CLI\Console->run()
#16 {main}
ERROR - 2022-10-21 20:48:39 --> mysqli_sql_exception: Table 'kriteria' already exists in /mnt/work/Project/STIKI/fania/spk/system/Database/MySQLi/Connection.php:292
Stack trace:
#0 /mnt/work/Project/STIKI/fania/spk/system/Database/MySQLi/Connection.php(292): mysqli->query()
#1 /mnt/work/Project/STIKI/fania/spk/system/Database/BaseConnection.php(693): CodeIgniter\Database\MySQLi\Connection->execute()
#2 /mnt/work/Project/STIKI/fania/spk/system/Database/BaseConnection.php(620): CodeIgniter\Database\BaseConnection->simpleQuery()
#3 /mnt/work/Project/STIKI/fania/spk/system/Database/Forge.php(509): CodeIgniter\Database\BaseConnection->query()
#4 /mnt/work/Project/STIKI/fania/spk/app/Database/Migrations/2022-10-21-150332_KriteriaMigration.php(39): CodeIgniter\Database\Forge->createTable()
#5 /mnt/work/Project/STIKI/fania/spk/system/Database/MigrationRunner.php(868): App\Database\Migrations\KriteriaMigration->up()
#6 /mnt/work/Project/STIKI/fania/spk/system/Database/MigrationRunner.php(187): CodeIgniter\Database\MigrationRunner->migrate()
#7 /mnt/work/Project/STIKI/fania/spk/system/Commands/Database/Migrate.php(84): CodeIgniter\Database\MigrationRunner->latest()
#8 /mnt/work/Project/STIKI/fania/spk/system/CLI/Commands.php(63): CodeIgniter\Commands\Database\Migrate->run()
#9 /mnt/work/Project/STIKI/fania/spk/system/CLI/BaseCommand.php(112): CodeIgniter\CLI\Commands->run()
#10 /mnt/work/Project/STIKI/fania/spk/system/Commands/Database/MigrateRefresh.php(85): CodeIgniter\CLI\BaseCommand->call()
#11 /mnt/work/Project/STIKI/fania/spk/system/CLI/Commands.php(63): CodeIgniter\Commands\Database\MigrateRefresh->run()
#12 /mnt/work/Project/STIKI/fania/spk/system/CLI/CommandRunner.php(65): CodeIgniter\CLI\Commands->run()
#13 /mnt/work/Project/STIKI/fania/spk/system/CLI/CommandRunner.php(51): CodeIgniter\CLI\CommandRunner->index()
#14 /mnt/work/Project/STIKI/fania/spk/system/CodeIgniter.php(895): CodeIgniter\CLI\CommandRunner->_remap()
#15 /mnt/work/Project/STIKI/fania/spk/system/CodeIgniter.php(457): CodeIgniter\CodeIgniter->runController()
#16 /mnt/work/Project/STIKI/fania/spk/system/CodeIgniter.php(336): CodeIgniter\CodeIgniter->handleRequest()
#17 /mnt/work/Project/STIKI/fania/spk/system/CLI/Console.php(48): CodeIgniter\CodeIgniter->run()
#18 /mnt/work/Project/STIKI/fania/spk/spark(98): CodeIgniter\CLI\Console->run()
#19 {main}
CRITICAL - 2022-10-21 20:54:55 --> Undefined variable $dataKriteria
in APPPATH/Views/blt/subkriteria/edit.php on line 21.
 1 APPPATH/Views/blt/subkriteria/edit.php(21): CodeIgniter\Debug\Exceptions->errorHandler()
 2 SYSTEMPATH/View/View.php(213): include('APPPATH/Views/blt/subkriteria/edit.php')
 3 SYSTEMPATH/View/View.php(216): CodeIgniter\View\View->CodeIgniter\View\{closure}()
 4 SYSTEMPATH/Common.php(1142): CodeIgniter\View\View->render()
 5 APPPATH/Controllers/Blt/Subkriteria.php(57): view()
 6 SYSTEMPATH/CodeIgniter.php(902): App\Controllers\Blt\Subkriteria->getEdit()
 7 SYSTEMPATH/CodeIgniter.php(457): CodeIgniter\CodeIgniter->runController()
 8 SYSTEMPATH/CodeIgniter.php(340): CodeIgniter\CodeIgniter->handleRequest()
 9 FCPATH/index.php(67): CodeIgniter\CodeIgniter->run()
10 SYSTEMPATH/Commands/Server/rewrite.php(46): require_once('FCPATH/index.php')
CRITICAL - 2022-10-21 20:54:56 --> Undefined variable $dataKriteria
in APPPATH/Views/blt/subkriteria/edit.php on line 21.
 1 APPPATH/Views/blt/subkriteria/edit.php(21): CodeIgniter\Debug\Exceptions->errorHandler()
 2 SYSTEMPATH/View/View.php(213): include('APPPATH/Views/blt/subkriteria/edit.php')
 3 SYSTEMPATH/View/View.php(216): CodeIgniter\View\View->CodeIgniter\View\{closure}()
 4 SYSTEMPATH/Common.php(1142): CodeIgniter\View\View->render()
 5 APPPATH/Controllers/Blt/Subkriteria.php(57): view()
 6 SYSTEMPATH/CodeIgniter.php(902): App\Controllers\Blt\Subkriteria->getEdit()
 7 SYSTEMPATH/CodeIgniter.php(457): CodeIgniter\CodeIgniter->runController()
 8 SYSTEMPATH/CodeIgniter.php(340): CodeIgniter\CodeIgniter->handleRequest()
 9 FCPATH/index.php(67): CodeIgniter\CodeIgniter->run()
10 SYSTEMPATH/Commands/Server/rewrite.php(46): require_once('FCPATH/index.php')
CRITICAL - 2022-10-21 20:55:03 --> Undefined variable $dataKriteria
in APPPATH/Views/blt/subkriteria/edit.php on line 21.
 1 APPPATH/Views/blt/subkriteria/edit.php(21): CodeIgniter\Debug\Exceptions->errorHandler()
 2 SYSTEMPATH/View/View.php(213): include('APPPATH/Views/blt/subkriteria/edit.php')
 3 SYSTEMPATH/View/View.php(216): CodeIgniter\View\View->CodeIgniter\View\{closure}()
 4 SYSTEMPATH/Common.php(1142): CodeIgniter\View\View->render()
 5 APPPATH/Controllers/Blt/Subkriteria.php(57): view()
 6 SYSTEMPATH/CodeIgniter.php(902): App\Controllers\Blt\Subkriteria->getEdit()
 7 SYSTEMPATH/CodeIgniter.php(457): CodeIgniter\CodeIgniter->runController()
 8 SYSTEMPATH/CodeIgniter.php(340): CodeIgniter\CodeIgniter->handleRequest()
 9 FCPATH/index.php(67): CodeIgniter\CodeIgniter->run()
10 SYSTEMPATH/Commands/Server/rewrite.php(46): require_once('FCPATH/index.php')
CRITICAL - 2022-10-21 20:55:11 --> Undefined variable $dataKriteria
in APPPATH/Views/blt/subkriteria/edit.php on line 21.
 1 APPPATH/Views/blt/subkriteria/edit.php(21): CodeIgniter\Debug\Exceptions->errorHandler()
 2 SYSTEMPATH/View/View.php(213): include('APPPATH/Views/blt/subkriteria/edit.php')
 3 SYSTEMPATH/View/View.php(216): CodeIgniter\View\View->CodeIgniter\View\{closure}()
 4 SYSTEMPATH/Common.php(1142): CodeIgniter\View\View->render()
 5 APPPATH/Controllers/Blt/Subkriteria.php(57): view()
 6 SYSTEMPATH/CodeIgniter.php(902): App\Controllers\Blt\Subkriteria->getEdit()
 7 SYSTEMPATH/CodeIgniter.php(457): CodeIgniter\CodeIgniter->runController()
 8 SYSTEMPATH/CodeIgniter.php(340): CodeIgniter\CodeIgniter->handleRequest()
 9 FCPATH/index.php(67): CodeIgniter\CodeIgniter->run()
10 SYSTEMPATH/Commands/Server/rewrite.php(46): require_once('FCPATH/index.php')
CRITICAL - 2022-10-21 21:36:57 --> Invalid file: blt/perhitungan.php
in SYSTEMPATH/Exceptions/FrameworkException.php on line 33.
 1 SYSTEMPATH/View/View.php(201): CodeIgniter\Exceptions\FrameworkException::forInvalidFile()
 2 SYSTEMPATH/Common.php(1142): CodeIgniter\View\View->render()
 3 APPPATH/Controllers/Blt/Perhitungan.php(14): view()
 4 SYSTEMPATH/CodeIgniter.php(902): App\Controllers\Blt\Perhitungan->getIndex()
 5 SYSTEMPATH/CodeIgniter.php(457): CodeIgniter\CodeIgniter->runController()
 6 SYSTEMPATH/CodeIgniter.php(340): CodeIgniter\CodeIgniter->handleRequest()
 7 FCPATH/index.php(67): CodeIgniter\CodeIgniter->run()
 8 SYSTEMPATH/Commands/Server/rewrite.php(46): require_once('FCPATH/index.php')
CRITICAL - 2022-10-21 21:37:09 --> Undefined variable $title
in APPPATH/Views/blt/perhitungan/index.php on line 8.
 1 APPPATH/Views/blt/perhitungan/index.php(8): CodeIgniter\Debug\Exceptions->errorHandler()
 2 SYSTEMPATH/View/View.php(213): include('APPPATH/Views/blt/perhitungan/index.php')
 3 SYSTEMPATH/View/View.php(216): CodeIgniter\View\View->CodeIgniter\View\{closure}()
 4 SYSTEMPATH/Common.php(1142): CodeIgniter\View\View->render()
 5 APPPATH/Controllers/Blt/Perhitungan.php(14): view()
 6 SYSTEMPATH/CodeIgniter.php(902): App\Controllers\Blt\Perhitungan->getIndex()
 7 SYSTEMPATH/CodeIgniter.php(457): CodeIgniter\CodeIgniter->runController()
 8 SYSTEMPATH/CodeIgniter.php(340): CodeIgniter\CodeIgniter->handleRequest()
 9 FCPATH/index.php(67): CodeIgniter\CodeIgniter->run()
10 SYSTEMPATH/Commands/Server/rewrite.php(46): require_once('FCPATH/index.php')
CRITICAL - 2022-10-21 21:37:17 --> Undefined variable $url
in APPPATH/Views/blt/perhitungan/index.php on line 18.
 1 APPPATH/Views/blt/perhitungan/index.php(18): CodeIgniter\Debug\Exceptions->errorHandler()
 2 SYSTEMPATH/View/View.php(213): include('APPPATH/Views/blt/perhitungan/index.php')
 3 SYSTEMPATH/View/View.php(216): CodeIgniter\View\View->CodeIgniter\View\{closure}()
 4 SYSTEMPATH/Common.php(1142): CodeIgniter\View\View->render()
 5 APPPATH/Controllers/Blt/Perhitungan.php(14): view()
 6 SYSTEMPATH/CodeIgniter.php(902): App\Controllers\Blt\Perhitungan->getIndex()
 7 SYSTEMPATH/CodeIgniter.php(457): CodeIgniter\CodeIgniter->runController()
 8 SYSTEMPATH/CodeIgniter.php(340): CodeIgniter\CodeIgniter->handleRequest()
 9 FCPATH/index.php(67): CodeIgniter\CodeIgniter->run()
10 SYSTEMPATH/Commands/Server/rewrite.php(46): require_once('FCPATH/index.php')
CRITICAL - 2022-10-21 21:37:18 --> Undefined variable $url
in APPPATH/Views/blt/perhitungan/index.php on line 18.
 1 APPPATH/Views/blt/perhitungan/index.php(18): CodeIgniter\Debug\Exceptions->errorHandler()
 2 SYSTEMPATH/View/View.php(213): include('APPPATH/Views/blt/perhitungan/index.php')
 3 SYSTEMPATH/View/View.php(216): CodeIgniter\View\View->CodeIgniter\View\{closure}()
 4 SYSTEMPATH/Common.php(1142): CodeIgniter\View\View->render()
 5 APPPATH/Controllers/Blt/Perhitungan.php(14): view()
 6 SYSTEMPATH/CodeIgniter.php(902): App\Controllers\Blt\Perhitungan->getIndex()
 7 SYSTEMPATH/CodeIgniter.php(457): CodeIgniter\CodeIgniter->runController()
 8 SYSTEMPATH/CodeIgniter.php(340): CodeIgniter\CodeIgniter->handleRequest()
 9 FCPATH/index.php(67): CodeIgniter\CodeIgniter->run()
10 SYSTEMPATH/Commands/Server/rewrite.php(46): require_once('FCPATH/index.php')
CRITICAL - 2022-10-21 21:37:18 --> Undefined variable $url
in APPPATH/Views/blt/perhitungan/index.php on line 18.
 1 APPPATH/Views/blt/perhitungan/index.php(18): CodeIgniter\Debug\Exceptions->errorHandler()
 2 SYSTEMPATH/View/View.php(213): include('APPPATH/Views/blt/perhitungan/index.php')
 3 SYSTEMPATH/View/View.php(216): CodeIgniter\View\View->CodeIgniter\View\{closure}()
 4 SYSTEMPATH/Common.php(1142): CodeIgniter\View\View->render()
 5 APPPATH/Controllers/Blt/Perhitungan.php(14): view()
 6 SYSTEMPATH/CodeIgniter.php(902): App\Controllers\Blt\Perhitungan->getIndex()
 7 SYSTEMPATH/CodeIgniter.php(457): CodeIgniter\CodeIgniter->runController()
 8 SYSTEMPATH/CodeIgniter.php(340): CodeIgniter\CodeIgniter->handleRequest()
 9 FCPATH/index.php(67): CodeIgniter\CodeIgniter->run()
10 SYSTEMPATH/Commands/Server/rewrite.php(46): require_once('FCPATH/index.php')
CRITICAL - 2022-10-21 21:37:18 --> Undefined variable $url
in APPPATH/Views/blt/perhitungan/index.php on line 18.
 1 APPPATH/Views/blt/perhitungan/index.php(18): CodeIgniter\Debug\Exceptions->errorHandler()
 2 SYSTEMPATH/View/View.php(213): include('APPPATH/Views/blt/perhitungan/index.php')
 3 SYSTEMPATH/View/View.php(216): CodeIgniter\View\View->CodeIgniter\View\{closure}()
 4 SYSTEMPATH/Common.php(1142): CodeIgniter\View\View->render()
 5 APPPATH/Controllers/Blt/Perhitungan.php(14): view()
 6 SYSTEMPATH/CodeIgniter.php(902): App\Controllers\Blt\Perhitungan->getIndex()
 7 SYSTEMPATH/CodeIgniter.php(457): CodeIgniter\CodeIgniter->runController()
 8 SYSTEMPATH/CodeIgniter.php(340): CodeIgniter\CodeIgniter->handleRequest()
 9 FCPATH/index.php(67): CodeIgniter\CodeIgniter->run()
10 SYSTEMPATH/Commands/Server/rewrite.php(46): require_once('FCPATH/index.php')
CRITICAL - 2022-10-21 21:39:25 --> Undefined variable $url
in APPPATH/Views/blt/perhitungan/index.php on line 12.
 1 APPPATH/Views/blt/perhitungan/index.php(12): CodeIgniter\Debug\Exceptions->errorHandler()
 2 SYSTEMPATH/View/View.php(213): include('APPPATH/Views/blt/perhitungan/index.php')
 3 SYSTEMPATH/View/View.php(216): CodeIgniter\View\View->CodeIgniter\View\{closure}()
 4 SYSTEMPATH/Common.php(1142): CodeIgniter\View\View->render()
 5 APPPATH/Controllers/Blt/Perhitungan.php(18): view()
 6 SYSTEMPATH/CodeIgniter.php(902): App\Controllers\Blt\Perhitungan->getIndex()
 7 SYSTEMPATH/CodeIgniter.php(457): CodeIgniter\CodeIgniter->runController()
 8 SYSTEMPATH/CodeIgniter.php(340): CodeIgniter\CodeIgniter->handleRequest()
 9 FCPATH/index.php(67): CodeIgniter\CodeIgniter->run()
10 SYSTEMPATH/Commands/Server/rewrite.php(46): require_once('FCPATH/index.php')
CRITICAL - 2022-10-21 21:42:02 --> Undefined property: App\Controllers\Blt\Perhitungan::$kriteriaModel
in APPPATH/Controllers/Blt/Perhitungan.php on line 15.
 1 APPPATH/Controllers/Blt/Perhitungan.php(15): CodeIgniter\Debug\Exceptions->errorHandler()
 2 SYSTEMPATH/CodeIgniter.php(902): App\Controllers\Blt\Perhitungan->getIndex()
 3 SYSTEMPATH/CodeIgniter.php(457): CodeIgniter\CodeIgniter->runController()
 4 SYSTEMPATH/CodeIgniter.php(340): CodeIgniter\CodeIgniter->handleRequest()
 5 FCPATH/index.php(67): CodeIgniter\CodeIgniter->run()
 6 SYSTEMPATH/Commands/Server/rewrite.php(46): require_once('FCPATH/index.php')
CRITICAL - 2022-10-21 21:46:08 --> Undefined variable $dataBlt
in APPPATH/Views/blt/perhitungan/index.php on line 24.
 1 APPPATH/Views/blt/perhitungan/index.php(24): CodeIgniter\Debug\Exceptions->errorHandler()
 2 SYSTEMPATH/View/View.php(213): include('APPPATH/Views/blt/perhitungan/index.php')
 3 SYSTEMPATH/View/View.php(216): CodeIgniter\View\View->CodeIgniter\View\{closure}()
 4 SYSTEMPATH/Common.php(1142): CodeIgniter\View\View->render()
 5 APPPATH/Controllers/Blt/Perhitungan.php(33): view()
 6 SYSTEMPATH/CodeIgniter.php(902): App\Controllers\Blt\Perhitungan->getIndex()
 7 SYSTEMPATH/CodeIgniter.php(457): CodeIgniter\CodeIgniter->runController()
 8 SYSTEMPATH/CodeIgniter.php(340): CodeIgniter\CodeIgniter->handleRequest()
 9 FCPATH/index.php(67): CodeIgniter\CodeIgniter->run()
10 SYSTEMPATH/Commands/Server/rewrite.php(46): require_once('FCPATH/index.php')
CRITICAL - 2022-10-21 21:46:48 --> Undefined variable $dataBlt
in APPPATH/Views/blt/perhitungan/index.php on line 24.
 1 APPPATH/Views/blt/perhitungan/index.php(24): CodeIgniter\Debug\Exceptions->errorHandler()
 2 SYSTEMPATH/View/View.php(213): include('APPPATH/Views/blt/perhitungan/index.php')
 3 SYSTEMPATH/View/View.php(216): CodeIgniter\View\View->CodeIgniter\View\{closure}()
 4 SYSTEMPATH/Common.php(1142): CodeIgniter\View\View->render()
 5 APPPATH/Controllers/Blt/Perhitungan.php(34): view()
 6 SYSTEMPATH/CodeIgniter.php(902): App\Controllers\Blt\Perhitungan->getIndex()
 7 SYSTEMPATH/CodeIgniter.php(457): CodeIgniter\CodeIgniter->runController()
 8 SYSTEMPATH/CodeIgniter.php(340): CodeIgniter\CodeIgniter->handleRequest()
 9 FCPATH/index.php(67): CodeIgniter\CodeIgniter->run()
10 SYSTEMPATH/Commands/Server/rewrite.php(46): require_once('FCPATH/index.php')
CRITICAL - 2022-10-21 21:49:57 --> syntax error, unexpected end of file
in APPPATH/Views/blt/perhitungan/index.php on line 57.
 1 SYSTEMPATH/View/View.php(216): CodeIgniter\View\View->CodeIgniter\View\{closure}()
 2 SYSTEMPATH/Common.php(1142): CodeIgniter\View\View->render()
 3 APPPATH/Controllers/Blt/Perhitungan.php(34): view()
 4 SYSTEMPATH/CodeIgniter.php(902): App\Controllers\Blt\Perhitungan->getIndex()
 5 SYSTEMPATH/CodeIgniter.php(457): CodeIgniter\CodeIgniter->runController()
 6 SYSTEMPATH/CodeIgniter.php(340): CodeIgniter\CodeIgniter->handleRequest()
 7 FCPATH/index.php(67): CodeIgniter\CodeIgniter->run()
 8 SYSTEMPATH/Commands/Server/rewrite.php(46): require_once('FCPATH/index.php')
CRITICAL - 2022-10-21 21:50:15 --> Undefined variable $dataSubkriteria
in APPPATH/Views/blt/perhitungan/index.php on line 33.
 1 APPPATH/Views/blt/perhitungan/index.php(33): CodeIgniter\Debug\Exceptions->errorHandler()
 2 SYSTEMPATH/View/View.php(213): include('APPPATH/Views/blt/perhitungan/index.php')
 3 SYSTEMPATH/View/View.php(216): CodeIgniter\View\View->CodeIgniter\View\{closure}()
 4 SYSTEMPATH/Common.php(1142): CodeIgniter\View\View->render()
 5 APPPATH/Controllers/Blt/Perhitungan.php(34): view()
 6 SYSTEMPATH/CodeIgniter.php(902): App\Controllers\Blt\Perhitungan->getIndex()
 7 SYSTEMPATH/CodeIgniter.php(457): CodeIgniter\CodeIgniter->runController()
 8 SYSTEMPATH/CodeIgniter.php(340): CodeIgniter\CodeIgniter->handleRequest()
 9 FCPATH/index.php(67): CodeIgniter\CodeIgniter->run()
10 SYSTEMPATH/Commands/Server/rewrite.php(46): require_once('FCPATH/index.php')
CRITICAL - 2022-10-21 21:51:03 --> Undefined variable $peserta
in APPPATH/Views/blt/perhitungan/index.php on line 36.
 1 APPPATH/Views/blt/perhitungan/index.php(36): CodeIgniter\Debug\Exceptions->errorHandler()
 2 SYSTEMPATH/View/View.php(213): include('APPPATH/Views/blt/perhitungan/index.php')
 3 SYSTEMPATH/View/View.php(216): CodeIgniter\View\View->CodeIgniter\View\{closure}()
 4 SYSTEMPATH/Common.php(1142): CodeIgniter\View\View->render()
 5 APPPATH/Controllers/Blt/Perhitungan.php(35): view()
 6 SYSTEMPATH/CodeIgniter.php(902): App\Controllers\Blt\Perhitungan->getIndex()
 7 SYSTEMPATH/CodeIgniter.php(457): CodeIgniter\CodeIgniter->runController()
 8 SYSTEMPATH/CodeIgniter.php(340): CodeIgniter\CodeIgniter->handleRequest()
 9 FCPATH/index.php(67): CodeIgniter\CodeIgniter->run()
10 SYSTEMPATH/Commands/Server/rewrite.php(46): require_once('FCPATH/index.php')
CRITICAL - 2022-10-21 21:51:03 --> Undefined variable $peserta
in APPPATH/Views/blt/perhitungan/index.php on line 36.
 1 APPPATH/Views/blt/perhitungan/index.php(36): CodeIgniter\Debug\Exceptions->errorHandler()
 2 SYSTEMPATH/View/View.php(213): include('APPPATH/Views/blt/perhitungan/index.php')
 3 SYSTEMPATH/View/View.php(216): CodeIgniter\View\View->CodeIgniter\View\{closure}()
 4 SYSTEMPATH/Common.php(1142): CodeIgniter\View\View->render()
 5 APPPATH/Controllers/Blt/Perhitungan.php(35): view()
 6 SYSTEMPATH/CodeIgniter.php(902): App\Controllers\Blt\Perhitungan->getIndex()
 7 SYSTEMPATH/CodeIgniter.php(457): CodeIgniter\CodeIgniter->runController()
 8 SYSTEMPATH/CodeIgniter.php(340): CodeIgniter\CodeIgniter->handleRequest()
 9 FCPATH/index.php(67): CodeIgniter\CodeIgniter->run()
10 SYSTEMPATH/Commands/Server/rewrite.php(46): require_once('FCPATH/index.php')
CRITICAL - 2022-10-21 21:51:03 --> Undefined variable $peserta
in APPPATH/Views/blt/perhitungan/index.php on line 36.
 1 APPPATH/Views/blt/perhitungan/index.php(36): CodeIgniter\Debug\Exceptions->errorHandler()
 2 SYSTEMPATH/View/View.php(213): include('APPPATH/Views/blt/perhitungan/index.php')
 3 SYSTEMPATH/View/View.php(216): CodeIgniter\View\View->CodeIgniter\View\{closure}()
 4 SYSTEMPATH/Common.php(1142): CodeIgniter\View\View->render()
 5 APPPATH/Controllers/Blt/Perhitungan.php(35): view()
 6 SYSTEMPATH/CodeIgniter.php(902): App\Controllers\Blt\Perhitungan->getIndex()
 7 SYSTEMPATH/CodeIgniter.php(457): CodeIgniter\CodeIgniter->runController()
 8 SYSTEMPATH/CodeIgniter.php(340): CodeIgniter\CodeIgniter->handleRequest()
 9 FCPATH/index.php(67): CodeIgniter\CodeIgniter->run()
10 SYSTEMPATH/Commands/Server/rewrite.php(46): require_once('FCPATH/index.php')
CRITICAL - 2022-10-21 21:55:05 --> Undefined array key "bobot"
in APPPATH/Views/blt/perhitungan/index.php on line 31.
 1 APPPATH/Views/blt/perhitungan/index.php(31): CodeIgniter\Debug\Exceptions->errorHandler()
 2 SYSTEMPATH/View/View.php(213): include('APPPATH/Views/blt/perhitungan/index.php')
 3 SYSTEMPATH/View/View.php(216): CodeIgniter\View\View->CodeIgniter\View\{closure}()
 4 SYSTEMPATH/Common.php(1142): CodeIgniter\View\View->render()
 5 APPPATH/Controllers/Blt/Perhitungan.php(35): view()
 6 SYSTEMPATH/CodeIgniter.php(902): App\Controllers\Blt\Perhitungan->getIndex()
 7 SYSTEMPATH/CodeIgniter.php(457): CodeIgniter\CodeIgniter->runController()
 8 SYSTEMPATH/CodeIgniter.php(340): CodeIgniter\CodeIgniter->handleRequest()
 9 FCPATH/index.php(67): CodeIgniter\CodeIgniter->run()
10 SYSTEMPATH/Commands/Server/rewrite.php(46): require_once('FCPATH/index.php')
CRITICAL - 2022-10-21 21:55:21 --> Undefined array key "bobot"
in APPPATH/Views/blt/perhitungan/index.php on line 32.
 1 APPPATH/Views/blt/perhitungan/index.php(32): CodeIgniter\Debug\Exceptions->errorHandler()
 2 SYSTEMPATH/View/View.php(213): include('APPPATH/Views/blt/perhitungan/index.php')
 3 SYSTEMPATH/View/View.php(216): CodeIgniter\View\View->CodeIgniter\View\{closure}()
 4 SYSTEMPATH/Common.php(1142): CodeIgniter\View\View->render()
 5 APPPATH/Controllers/Blt/Perhitungan.php(35): view()
 6 SYSTEMPATH/CodeIgniter.php(902): App\Controllers\Blt\Perhitungan->getIndex()
 7 SYSTEMPATH/CodeIgniter.php(457): CodeIgniter\CodeIgniter->runController()
 8 SYSTEMPATH/CodeIgniter.php(340): CodeIgniter\CodeIgniter->handleRequest()
 9 FCPATH/index.php(67): CodeIgniter\CodeIgniter->run()
10 SYSTEMPATH/Commands/Server/rewrite.php(46): require_once('FCPATH/index.php')
CRITICAL - 2022-10-21 22:04:47 --> Undefined array key "bobot"
in APPPATH/Views/blt/perhitungan/index.php on line 78.
 1 APPPATH/Views/blt/perhitungan/index.php(78): CodeIgniter\Debug\Exceptions->errorHandler()
 2 SYSTEMPATH/View/View.php(213): include('APPPATH/Views/blt/perhitungan/index.php')
 3 SYSTEMPATH/View/View.php(216): CodeIgniter\View\View->CodeIgniter\View\{closure}()
 4 SYSTEMPATH/Common.php(1142): CodeIgniter\View\View->render()
 5 APPPATH/Controllers/Blt/Perhitungan.php(35): view()
 6 SYSTEMPATH/CodeIgniter.php(902): App\Controllers\Blt\Perhitungan->getIndex()
 7 SYSTEMPATH/CodeIgniter.php(457): CodeIgniter\CodeIgniter->runController()
 8 SYSTEMPATH/CodeIgniter.php(340): CodeIgniter\CodeIgniter->handleRequest()
 9 FCPATH/index.php(67): CodeIgniter\CodeIgniter->run()
10 SYSTEMPATH/Commands/Server/rewrite.php(46): require_once('FCPATH/index.php')
CRITICAL - 2022-10-21 22:10:05 --> Undefined array key "bobot"
in APPPATH/Views/blt/perhitungan/index.php on line 78.
 1 APPPATH/Views/blt/perhitungan/index.php(78): CodeIgniter\Debug\Exceptions->errorHandler()
 2 SYSTEMPATH/View/View.php(213): include('APPPATH/Views/blt/perhitungan/index.php')
 3 SYSTEMPATH/View/View.php(216): CodeIgniter\View\View->CodeIgniter\View\{closure}()
 4 SYSTEMPATH/Common.php(1142): CodeIgniter\View\View->render()
 5 APPPATH/Controllers/Blt/Perhitungan.php(35): view()
 6 SYSTEMPATH/CodeIgniter.php(902): App\Controllers\Blt\Perhitungan->getIndex()
 7 SYSTEMPATH/CodeIgniter.php(457): CodeIgniter\CodeIgniter->runController()
 8 SYSTEMPATH/CodeIgniter.php(340): CodeIgniter\CodeIgniter->handleRequest()
 9 FCPATH/index.php(67): CodeIgniter\CodeIgniter->run()
10 SYSTEMPATH/Commands/Server/rewrite.php(46): require_once('FCPATH/index.php')
CRITICAL - 2022-10-21 22:22:47 --> Empty statement is given for the field `Select`
in SYSTEMPATH/Database/BaseBuilder.php on line 487.
 1 SYSTEMPATH/Database/BaseBuilder.php(487): CodeIgniter\Database\Exceptions\DataException::forEmptyInputGiven()
 2 SYSTEMPATH/Database/BaseBuilder.php(448): CodeIgniter\Database\BaseBuilder->maxMinAvgSum()
 3 SYSTEMPATH/Model.php(772): CodeIgniter\Database\BaseBuilder->selectSum()
 4 APPPATH/Controllers/Blt/Perhitungan.php(28): CodeIgniter\Model->__call()
 5 SYSTEMPATH/CodeIgniter.php(902): App\Controllers\Blt\Perhitungan->getIndex()
 6 SYSTEMPATH/CodeIgniter.php(457): CodeIgniter\CodeIgniter->runController()
 7 SYSTEMPATH/CodeIgniter.php(340): CodeIgniter\CodeIgniter->handleRequest()
 8 FCPATH/index.php(67): CodeIgniter\CodeIgniter->run()
 9 SYSTEMPATH/Commands/Server/rewrite.php(46): require_once('FCPATH/index.php')
CRITICAL - 2022-10-21 22:23:57 --> Undefined array key "keterangan"
in APPPATH/Views/blt/perhitungan/index.php on line 18.
 1 APPPATH/Views/blt/perhitungan/index.php(18): CodeIgniter\Debug\Exceptions->errorHandler()
 2 SYSTEMPATH/View/View.php(213): include('APPPATH/Views/blt/perhitungan/index.php')
 3 SYSTEMPATH/View/View.php(216): CodeIgniter\View\View->CodeIgniter\View\{closure}()
 4 SYSTEMPATH/Common.php(1142): CodeIgniter\View\View->render()
 5 APPPATH/Controllers/Blt/Perhitungan.php(38): view()
 6 SYSTEMPATH/CodeIgniter.php(902): App\Controllers\Blt\Perhitungan->getIndex()
 7 SYSTEMPATH/CodeIgniter.php(457): CodeIgniter\CodeIgniter->runController()
 8 SYSTEMPATH/CodeIgniter.php(340): CodeIgniter\CodeIgniter->handleRequest()
 9 FCPATH/index.php(67): CodeIgniter\CodeIgniter->run()
10 SYSTEMPATH/Commands/Server/rewrite.php(46): require_once('FCPATH/index.php')
CRITICAL - 2022-10-21 22:23:57 --> Undefined array key "keterangan"
in APPPATH/Views/blt/perhitungan/index.php on line 18.
 1 APPPATH/Views/blt/perhitungan/index.php(18): CodeIgniter\Debug\Exceptions->errorHandler()
 2 SYSTEMPATH/View/View.php(213): include('APPPATH/Views/blt/perhitungan/index.php')
 3 SYSTEMPATH/View/View.php(216): CodeIgniter\View\View->CodeIgniter\View\{closure}()
 4 SYSTEMPATH/Common.php(1142): CodeIgniter\View\View->render()
 5 APPPATH/Controllers/Blt/Perhitungan.php(38): view()
 6 SYSTEMPATH/CodeIgniter.php(902): App\Controllers\Blt\Perhitungan->getIndex()
 7 SYSTEMPATH/CodeIgniter.php(457): CodeIgniter\CodeIgniter->runController()
 8 SYSTEMPATH/CodeIgniter.php(340): CodeIgniter\CodeIgniter->handleRequest()
 9 FCPATH/index.php(67): CodeIgniter\CodeIgniter->run()
10 SYSTEMPATH/Commands/Server/rewrite.php(46): require_once('FCPATH/index.php')
CRITICAL - 2022-10-21 22:24:09 --> Undefined array key "keterangan"
in APPPATH/Views/blt/perhitungan/index.php on line 18.
 1 APPPATH/Views/blt/perhitungan/index.php(18): CodeIgniter\Debug\Exceptions->errorHandler()
 2 SYSTEMPATH/View/View.php(213): include('APPPATH/Views/blt/perhitungan/index.php')
 3 SYSTEMPATH/View/View.php(216): CodeIgniter\View\View->CodeIgniter\View\{closure}()
 4 SYSTEMPATH/Common.php(1142): CodeIgniter\View\View->render()
 5 APPPATH/Controllers/Blt/Perhitungan.php(38): view()
 6 SYSTEMPATH/CodeIgniter.php(902): App\Controllers\Blt\Perhitungan->getIndex()
 7 SYSTEMPATH/CodeIgniter.php(457): CodeIgniter\CodeIgniter->runController()
 8 SYSTEMPATH/CodeIgniter.php(340): CodeIgniter\CodeIgniter->handleRequest()
 9 FCPATH/index.php(67): CodeIgniter\CodeIgniter->run()
10 SYSTEMPATH/Commands/Server/rewrite.php(46): require_once('FCPATH/index.php')
CRITICAL - 2022-10-21 22:25:56 --> Undefined array key "keterangan"
in APPPATH/Views/blt/perhitungan/index.php on line 18.
 1 APPPATH/Views/blt/perhitungan/index.php(18): CodeIgniter\Debug\Exceptions->errorHandler()
 2 SYSTEMPATH/View/View.php(213): include('APPPATH/Views/blt/perhitungan/index.php')
 3 SYSTEMPATH/View/View.php(216): CodeIgniter\View\View->CodeIgniter\View\{closure}()
 4 SYSTEMPATH/Common.php(1142): CodeIgniter\View\View->render()
 5 APPPATH/Controllers/Blt/Perhitungan.php(39): view()
 6 SYSTEMPATH/CodeIgniter.php(902): App\Controllers\Blt\Perhitungan->getIndex()
 7 SYSTEMPATH/CodeIgniter.php(457): CodeIgniter\CodeIgniter->runController()
 8 SYSTEMPATH/CodeIgniter.php(340): CodeIgniter\CodeIgniter->handleRequest()
 9 FCPATH/index.php(67): CodeIgniter\CodeIgniter->run()
10 SYSTEMPATH/Commands/Server/rewrite.php(46): require_once('FCPATH/index.php')
CRITICAL - 2022-10-21 22:27:51 --> Undefined array key "keterangan"
in APPPATH/Views/blt/perhitungan/index.php on line 18.
 1 APPPATH/Views/blt/perhitungan/index.php(18): CodeIgniter\Debug\Exceptions->errorHandler()
 2 SYSTEMPATH/View/View.php(213): include('APPPATH/Views/blt/perhitungan/index.php')
 3 SYSTEMPATH/View/View.php(216): CodeIgniter\View\View->CodeIgniter\View\{closure}()
 4 SYSTEMPATH/Common.php(1142): CodeIgniter\View\View->render()
 5 APPPATH/Controllers/Blt/Perhitungan.php(39): view()
 6 SYSTEMPATH/CodeIgniter.php(902): App\Controllers\Blt\Perhitungan->getIndex()
 7 SYSTEMPATH/CodeIgniter.php(457): CodeIgniter\CodeIgniter->runController()
 8 SYSTEMPATH/CodeIgniter.php(340): CodeIgniter\CodeIgniter->handleRequest()
 9 FCPATH/index.php(67): CodeIgniter\CodeIgniter->run()
10 SYSTEMPATH/Commands/Server/rewrite.php(46): require_once('FCPATH/index.php')
CRITICAL - 2022-10-21 22:27:51 --> Undefined array key "keterangan"
in APPPATH/Views/blt/perhitungan/index.php on line 18.
 1 APPPATH/Views/blt/perhitungan/index.php(18): CodeIgniter\Debug\Exceptions->errorHandler()
 2 SYSTEMPATH/View/View.php(213): include('APPPATH/Views/blt/perhitungan/index.php')
 3 SYSTEMPATH/View/View.php(216): CodeIgniter\View\View->CodeIgniter\View\{closure}()
 4 SYSTEMPATH/Common.php(1142): CodeIgniter\View\View->render()
 5 APPPATH/Controllers/Blt/Perhitungan.php(39): view()
 6 SYSTEMPATH/CodeIgniter.php(902): App\Controllers\Blt\Perhitungan->getIndex()
 7 SYSTEMPATH/CodeIgniter.php(457): CodeIgniter\CodeIgniter->runController()
 8 SYSTEMPATH/CodeIgniter.php(340): CodeIgniter\CodeIgniter->handleRequest()
 9 FCPATH/index.php(67): CodeIgniter\CodeIgniter->run()
10 SYSTEMPATH/Commands/Server/rewrite.php(46): require_once('FCPATH/index.php')
CRITICAL - 2022-10-21 22:27:52 --> Undefined array key "keterangan"
in APPPATH/Views/blt/perhitungan/index.php on line 18.
 1 APPPATH/Views/blt/perhitungan/index.php(18): CodeIgniter\Debug\Exceptions->errorHandler()
 2 SYSTEMPATH/View/View.php(213): include('APPPATH/Views/blt/perhitungan/index.php')
 3 SYSTEMPATH/View/View.php(216): CodeIgniter\View\View->CodeIgniter\View\{closure}()
 4 SYSTEMPATH/Common.php(1142): CodeIgniter\View\View->render()
 5 APPPATH/Controllers/Blt/Perhitungan.php(39): view()
 6 SYSTEMPATH/CodeIgniter.php(902): App\Controllers\Blt\Perhitungan->getIndex()
 7 SYSTEMPATH/CodeIgniter.php(457): CodeIgniter\CodeIgniter->runController()
 8 SYSTEMPATH/CodeIgniter.php(340): CodeIgniter\CodeIgniter->handleRequest()
 9 FCPATH/index.php(67): CodeIgniter\CodeIgniter->run()
10 SYSTEMPATH/Commands/Server/rewrite.php(46): require_once('FCPATH/index.php')
CRITICAL - 2022-10-21 22:27:52 --> Undefined array key "keterangan"
in APPPATH/Views/blt/perhitungan/index.php on line 18.
 1 APPPATH/Views/blt/perhitungan/index.php(18): CodeIgniter\Debug\Exceptions->errorHandler()
 2 SYSTEMPATH/View/View.php(213): include('APPPATH/Views/blt/perhitungan/index.php')
 3 SYSTEMPATH/View/View.php(216): CodeIgniter\View\View->CodeIgniter\View\{closure}()
 4 SYSTEMPATH/Common.php(1142): CodeIgniter\View\View->render()
 5 APPPATH/Controllers/Blt/Perhitungan.php(39): view()
 6 SYSTEMPATH/CodeIgniter.php(902): App\Controllers\Blt\Perhitungan->getIndex()
 7 SYSTEMPATH/CodeIgniter.php(457): CodeIgniter\CodeIgniter->runController()
 8 SYSTEMPATH/CodeIgniter.php(340): CodeIgniter\CodeIgniter->handleRequest()
 9 FCPATH/index.php(67): CodeIgniter\CodeIgniter->run()
10 SYSTEMPATH/Commands/Server/rewrite.php(46): require_once('FCPATH/index.php')
CRITICAL - 2022-10-21 22:27:52 --> Undefined array key "keterangan"
in APPPATH/Views/blt/perhitungan/index.php on line 18.
 1 APPPATH/Views/blt/perhitungan/index.php(18): CodeIgniter\Debug\Exceptions->errorHandler()
 2 SYSTEMPATH/View/View.php(213): include('APPPATH/Views/blt/perhitungan/index.php')
 3 SYSTEMPATH/View/View.php(216): CodeIgniter\View\View->CodeIgniter\View\{closure}()
 4 SYSTEMPATH/Common.php(1142): CodeIgniter\View\View->render()
 5 APPPATH/Controllers/Blt/Perhitungan.php(39): view()
 6 SYSTEMPATH/CodeIgniter.php(902): App\Controllers\Blt\Perhitungan->getIndex()
 7 SYSTEMPATH/CodeIgniter.php(457): CodeIgniter\CodeIgniter->runController()
 8 SYSTEMPATH/CodeIgniter.php(340): CodeIgniter\CodeIgniter->handleRequest()
 9 FCPATH/index.php(67): CodeIgniter\CodeIgniter->run()
10 SYSTEMPATH/Commands/Server/rewrite.php(46): require_once('FCPATH/index.php')
CRITICAL - 2022-10-21 22:27:52 --> Undefined array key "keterangan"
in APPPATH/Views/blt/perhitungan/index.php on line 18.
 1 APPPATH/Views/blt/perhitungan/index.php(18): CodeIgniter\Debug\Exceptions->errorHandler()
 2 SYSTEMPATH/View/View.php(213): include('APPPATH/Views/blt/perhitungan/index.php')
 3 SYSTEMPATH/View/View.php(216): CodeIgniter\View\View->CodeIgniter\View\{closure}()
 4 SYSTEMPATH/Common.php(1142): CodeIgniter\View\View->render()
 5 APPPATH/Controllers/Blt/Perhitungan.php(39): view()
 6 SYSTEMPATH/CodeIgniter.php(902): App\Controllers\Blt\Perhitungan->getIndex()
 7 SYSTEMPATH/CodeIgniter.php(457): CodeIgniter\CodeIgniter->runController()
 8 SYSTEMPATH/CodeIgniter.php(340): CodeIgniter\CodeIgniter->handleRequest()
 9 FCPATH/index.php(67): CodeIgniter\CodeIgniter->run()
10 SYSTEMPATH/Commands/Server/rewrite.php(46): require_once('FCPATH/index.php')
CRITICAL - 2022-10-21 22:30:50 --> Call to a member function first() on array
in APPPATH/Controllers/Blt/Perhitungan.php on line 28.
 1 SYSTEMPATH/CodeIgniter.php(902): App\Controllers\Blt\Perhitungan->getIndex()
 2 SYSTEMPATH/CodeIgniter.php(457): CodeIgniter\CodeIgniter->runController()
 3 SYSTEMPATH/CodeIgniter.php(340): CodeIgniter\CodeIgniter->handleRequest()
 4 FCPATH/index.php(67): CodeIgniter\CodeIgniter->run()
 5 SYSTEMPATH/Commands/Server/rewrite.php(46): require_once('FCPATH/index.php')
CRITICAL - 2022-10-21 22:31:02 --> Call to undefined method CodeIgniter\Database\MySQLi\Result::first()
in APPPATH/Controllers/Blt/Perhitungan.php on line 28.
 1 SYSTEMPATH/CodeIgniter.php(902): App\Controllers\Blt\Perhitungan->getIndex()
 2 SYSTEMPATH/CodeIgniter.php(457): CodeIgniter\CodeIgniter->runController()
 3 SYSTEMPATH/CodeIgniter.php(340): CodeIgniter\CodeIgniter->handleRequest()
 4 FCPATH/index.php(67): CodeIgniter\CodeIgniter->run()
 5 SYSTEMPATH/Commands/Server/rewrite.php(46): require_once('FCPATH/index.php')
CRITICAL - 2022-10-21 22:35:48 --> Call to undefined function hitungBobot()
in APPPATH/Views/blt/perhitungan/index.php on line 127.
 1 SYSTEMPATH/View/View.php(213): include()
 2 SYSTEMPATH/View/View.php(216): CodeIgniter\View\View->CodeIgniter\View\{closure}()
 3 SYSTEMPATH/Common.php(1142): CodeIgniter\View\View->render()
 4 APPPATH/Controllers/Blt/Perhitungan.php(41): view()
 5 SYSTEMPATH/CodeIgniter.php(902): App\Controllers\Blt\Perhitungan->getIndex()
 6 SYSTEMPATH/CodeIgniter.php(457): CodeIgniter\CodeIgniter->runController()
 7 SYSTEMPATH/CodeIgniter.php(340): CodeIgniter\CodeIgniter->handleRequest()
 8 FCPATH/index.php(67): CodeIgniter\CodeIgniter->run()
 9 SYSTEMPATH/Commands/Server/rewrite.php(46): require_once('FCPATH/index.php')
CRITICAL - 2022-10-21 22:36:31 --> Call to undefined function hitungBobot()
in APPPATH/Views/blt/perhitungan/index.php on line 127.
 1 SYSTEMPATH/View/View.php(213): include()
 2 SYSTEMPATH/View/View.php(216): CodeIgniter\View\View->CodeIgniter\View\{closure}()
 3 SYSTEMPATH/Common.php(1142): CodeIgniter\View\View->render()
 4 APPPATH/Controllers/Blt/Perhitungan.php(41): view()
 5 SYSTEMPATH/CodeIgniter.php(902): App\Controllers\Blt\Perhitungan->getIndex()
 6 SYSTEMPATH/CodeIgniter.php(457): CodeIgniter\CodeIgniter->runController()
 7 SYSTEMPATH/CodeIgniter.php(340): CodeIgniter\CodeIgniter->handleRequest()
 8 FCPATH/index.php(67): CodeIgniter\CodeIgniter->run()
 9 SYSTEMPATH/Commands/Server/rewrite.php(46): require_once('FCPATH/index.php')
CRITICAL - 2022-10-21 22:36:32 --> Call to undefined function hitungBobot()
in APPPATH/Views/blt/perhitungan/index.php on line 127.
 1 SYSTEMPATH/View/View.php(213): include()
 2 SYSTEMPATH/View/View.php(216): CodeIgniter\View\View->CodeIgniter\View\{closure}()
 3 SYSTEMPATH/Common.php(1142): CodeIgniter\View\View->render()
 4 APPPATH/Controllers/Blt/Perhitungan.php(41): view()
 5 SYSTEMPATH/CodeIgniter.php(902): App\Controllers\Blt\Perhitungan->getIndex()
 6 SYSTEMPATH/CodeIgniter.php(457): CodeIgniter\CodeIgniter->runController()
 7 SYSTEMPATH/CodeIgniter.php(340): CodeIgniter\CodeIgniter->handleRequest()
 8 FCPATH/index.php(67): CodeIgniter\CodeIgniter->run()
 9 SYSTEMPATH/Commands/Server/rewrite.php(46): require_once('FCPATH/index.php')
CRITICAL - 2022-10-21 22:36:32 --> Call to undefined function hitungBobot()
in APPPATH/Views/blt/perhitungan/index.php on line 127.
 1 SYSTEMPATH/View/View.php(213): include()
 2 SYSTEMPATH/View/View.php(216): CodeIgniter\View\View->CodeIgniter\View\{closure}()
 3 SYSTEMPATH/Common.php(1142): CodeIgniter\View\View->render()
 4 APPPATH/Controllers/Blt/Perhitungan.php(41): view()
 5 SYSTEMPATH/CodeIgniter.php(902): App\Controllers\Blt\Perhitungan->getIndex()
 6 SYSTEMPATH/CodeIgniter.php(457): CodeIgniter\CodeIgniter->runController()
 7 SYSTEMPATH/CodeIgniter.php(340): CodeIgniter\CodeIgniter->handleRequest()
 8 FCPATH/index.php(67): CodeIgniter\CodeIgniter->run()
 9 SYSTEMPATH/Commands/Server/rewrite.php(46): require_once('FCPATH/index.php')
CRITICAL - 2022-10-21 22:36:32 --> Call to undefined function hitungBobot()
in APPPATH/Views/blt/perhitungan/index.php on line 127.
 1 SYSTEMPATH/View/View.php(213): include()
 2 SYSTEMPATH/View/View.php(216): CodeIgniter\View\View->CodeIgniter\View\{closure}()
 3 SYSTEMPATH/Common.php(1142): CodeIgniter\View\View->render()
 4 APPPATH/Controllers/Blt/Perhitungan.php(41): view()
 5 SYSTEMPATH/CodeIgniter.php(902): App\Controllers\Blt\Perhitungan->getIndex()
 6 SYSTEMPATH/CodeIgniter.php(457): CodeIgniter\CodeIgniter->runController()
 7 SYSTEMPATH/CodeIgniter.php(340): CodeIgniter\CodeIgniter->handleRequest()
 8 FCPATH/index.php(67): CodeIgniter\CodeIgniter->run()
 9 SYSTEMPATH/Commands/Server/rewrite.php(46): require_once('FCPATH/index.php')
CRITICAL - 2022-10-21 22:36:32 --> Call to undefined function hitungBobot()
in APPPATH/Views/blt/perhitungan/index.php on line 127.
 1 SYSTEMPATH/View/View.php(213): include()
 2 SYSTEMPATH/View/View.php(216): CodeIgniter\View\View->CodeIgniter\View\{closure}()
 3 SYSTEMPATH/Common.php(1142): CodeIgniter\View\View->render()
 4 APPPATH/Controllers/Blt/Perhitungan.php(41): view()
 5 SYSTEMPATH/CodeIgniter.php(902): App\Controllers\Blt\Perhitungan->getIndex()
 6 SYSTEMPATH/CodeIgniter.php(457): CodeIgniter\CodeIgniter->runController()
 7 SYSTEMPATH/CodeIgniter.php(340): CodeIgniter\CodeIgniter->handleRequest()
 8 FCPATH/index.php(67): CodeIgniter\CodeIgniter->run()
 9 SYSTEMPATH/Commands/Server/rewrite.php(46): require_once('FCPATH/index.php')
CRITICAL - 2022-10-21 22:36:33 --> Call to undefined function hitungBobot()
in APPPATH/Views/blt/perhitungan/index.php on line 127.
 1 SYSTEMPATH/View/View.php(213): include()
 2 SYSTEMPATH/View/View.php(216): CodeIgniter\View\View->CodeIgniter\View\{closure}()
 3 SYSTEMPATH/Common.php(1142): CodeIgniter\View\View->render()
 4 APPPATH/Controllers/Blt/Perhitungan.php(41): view()
 5 SYSTEMPATH/CodeIgniter.php(902): App\Controllers\Blt\Perhitungan->getIndex()
 6 SYSTEMPATH/CodeIgniter.php(457): CodeIgniter\CodeIgniter->runController()
 7 SYSTEMPATH/CodeIgniter.php(340): CodeIgniter\CodeIgniter->handleRequest()
 8 FCPATH/index.php(67): CodeIgniter\CodeIgniter->run()
 9 SYSTEMPATH/Commands/Server/rewrite.php(46): require_once('FCPATH/index.php')
CRITICAL - 2022-10-21 22:36:33 --> Call to undefined function hitungBobot()
in APPPATH/Views/blt/perhitungan/index.php on line 127.
 1 SYSTEMPATH/View/View.php(213): include()
 2 SYSTEMPATH/View/View.php(216): CodeIgniter\View\View->CodeIgniter\View\{closure}()
 3 SYSTEMPATH/Common.php(1142): CodeIgniter\View\View->render()
 4 APPPATH/Controllers/Blt/Perhitungan.php(41): view()
 5 SYSTEMPATH/CodeIgniter.php(902): App\Controllers\Blt\Perhitungan->getIndex()
 6 SYSTEMPATH/CodeIgniter.php(457): CodeIgniter\CodeIgniter->runController()
 7 SYSTEMPATH/CodeIgniter.php(340): CodeIgniter\CodeIgniter->handleRequest()
 8 FCPATH/index.php(67): CodeIgniter\CodeIgniter->run()
 9 SYSTEMPATH/Commands/Server/rewrite.php(46): require_once('FCPATH/index.php')
CRITICAL - 2022-10-21 22:36:33 --> Call to undefined function hitungBobot()
in APPPATH/Views/blt/perhitungan/index.php on line 127.
 1 SYSTEMPATH/View/View.php(213): include()
 2 SYSTEMPATH/View/View.php(216): CodeIgniter\View\View->CodeIgniter\View\{closure}()
 3 SYSTEMPATH/Common.php(1142): CodeIgniter\View\View->render()
 4 APPPATH/Controllers/Blt/Perhitungan.php(41): view()
 5 SYSTEMPATH/CodeIgniter.php(902): App\Controllers\Blt\Perhitungan->getIndex()
 6 SYSTEMPATH/CodeIgniter.php(457): CodeIgniter\CodeIgniter->runController()
 7 SYSTEMPATH/CodeIgniter.php(340): CodeIgniter\CodeIgniter->handleRequest()
 8 FCPATH/index.php(67): CodeIgniter\CodeIgniter->run()
 9 SYSTEMPATH/Commands/Server/rewrite.php(46): require_once('FCPATH/index.php')
CRITICAL - 2022-10-21 22:36:33 --> Call to undefined function hitungBobot()
in APPPATH/Views/blt/perhitungan/index.php on line 127.
 1 SYSTEMPATH/View/View.php(213): include()
 2 SYSTEMPATH/View/View.php(216): CodeIgniter\View\View->CodeIgniter\View\{closure}()
 3 SYSTEMPATH/Common.php(1142): CodeIgniter\View\View->render()
 4 APPPATH/Controllers/Blt/Perhitungan.php(41): view()
 5 SYSTEMPATH/CodeIgniter.php(902): App\Controllers\Blt\Perhitungan->getIndex()
 6 SYSTEMPATH/CodeIgniter.php(457): CodeIgniter\CodeIgniter->runController()
 7 SYSTEMPATH/CodeIgniter.php(340): CodeIgniter\CodeIgniter->handleRequest()
 8 FCPATH/index.php(67): CodeIgniter\CodeIgniter->run()
 9 SYSTEMPATH/Commands/Server/rewrite.php(46): require_once('FCPATH/index.php')
CRITICAL - 2022-10-21 22:36:33 --> Call to undefined function hitungBobot()
in APPPATH/Views/blt/perhitungan/index.php on line 127.
 1 SYSTEMPATH/View/View.php(213): include()
 2 SYSTEMPATH/View/View.php(216): CodeIgniter\View\View->CodeIgniter\View\{closure}()
 3 SYSTEMPATH/Common.php(1142): CodeIgniter\View\View->render()
 4 APPPATH/Controllers/Blt/Perhitungan.php(41): view()
 5 SYSTEMPATH/CodeIgniter.php(902): App\Controllers\Blt\Perhitungan->getIndex()
 6 SYSTEMPATH/CodeIgniter.php(457): CodeIgniter\CodeIgniter->runController()
 7 SYSTEMPATH/CodeIgniter.php(340): CodeIgniter\CodeIgniter->handleRequest()
 8 FCPATH/index.php(67): CodeIgniter\CodeIgniter->run()
 9 SYSTEMPATH/Commands/Server/rewrite.php(46): require_once('FCPATH/index.php')
CRITICAL - 2022-10-21 22:36:35 --> Call to undefined function hitungBobot()
in APPPATH/Views/blt/perhitungan/index.php on line 127.
 1 SYSTEMPATH/View/View.php(213): include()
 2 SYSTEMPATH/View/View.php(216): CodeIgniter\View\View->CodeIgniter\View\{closure}()
 3 SYSTEMPATH/Common.php(1142): CodeIgniter\View\View->render()
 4 APPPATH/Controllers/Blt/Perhitungan.php(41): view()
 5 SYSTEMPATH/CodeIgniter.php(902): App\Controllers\Blt\Perhitungan->getIndex()
 6 SYSTEMPATH/CodeIgniter.php(457): CodeIgniter\CodeIgniter->runController()
 7 SYSTEMPATH/CodeIgniter.php(340): CodeIgniter\CodeIgniter->handleRequest()
 8 FCPATH/index.php(67): CodeIgniter\CodeIgniter->run()
 9 SYSTEMPATH/Commands/Server/rewrite.php(46): require_once('FCPATH/index.php')
CRITICAL - 2022-10-21 22:36:41 --> Call to undefined function hitungBobot()
in APPPATH/Views/blt/perhitungan/index.php on line 127.
 1 SYSTEMPATH/View/View.php(213): include()
 2 SYSTEMPATH/View/View.php(216): CodeIgniter\View\View->CodeIgniter\View\{closure}()
 3 SYSTEMPATH/Common.php(1142): CodeIgniter\View\View->render()
 4 APPPATH/Controllers/Blt/Perhitungan.php(41): view()
 5 SYSTEMPATH/CodeIgniter.php(902): App\Controllers\Blt\Perhitungan->getIndex()
 6 SYSTEMPATH/CodeIgniter.php(457): CodeIgniter\CodeIgniter->runController()
 7 SYSTEMPATH/CodeIgniter.php(340): CodeIgniter\CodeIgniter->handleRequest()
 8 FCPATH/index.php(67): CodeIgniter\CodeIgniter->run()
 9 SYSTEMPATH/Commands/Server/rewrite.php(46): require_once('FCPATH/index.php')
CRITICAL - 2022-10-21 22:36:42 --> Call to undefined function hitungBobot()
in APPPATH/Views/blt/perhitungan/index.php on line 127.
 1 SYSTEMPATH/View/View.php(213): include()
 2 SYSTEMPATH/View/View.php(216): CodeIgniter\View\View->CodeIgniter\View\{closure}()
 3 SYSTEMPATH/Common.php(1142): CodeIgniter\View\View->render()
 4 APPPATH/Controllers/Blt/Perhitungan.php(41): view()
 5 SYSTEMPATH/CodeIgniter.php(902): App\Controllers\Blt\Perhitungan->getIndex()
 6 SYSTEMPATH/CodeIgniter.php(457): CodeIgniter\CodeIgniter->runController()
 7 SYSTEMPATH/CodeIgniter.php(340): CodeIgniter\CodeIgniter->handleRequest()
 8 FCPATH/index.php(67): CodeIgniter\CodeIgniter->run()
 9 SYSTEMPATH/Commands/Server/rewrite.php(46): require_once('FCPATH/index.php')
CRITICAL - 2022-10-21 22:36:42 --> Call to undefined function hitungBobot()
in APPPATH/Views/blt/perhitungan/index.php on line 127.
 1 SYSTEMPATH/View/View.php(213): include()
 2 SYSTEMPATH/View/View.php(216): CodeIgniter\View\View->CodeIgniter\View\{closure}()
 3 SYSTEMPATH/Common.php(1142): CodeIgniter\View\View->render()
 4 APPPATH/Controllers/Blt/Perhitungan.php(41): view()
 5 SYSTEMPATH/CodeIgniter.php(902): App\Controllers\Blt\Perhitungan->getIndex()
 6 SYSTEMPATH/CodeIgniter.php(457): CodeIgniter\CodeIgniter->runController()
 7 SYSTEMPATH/CodeIgniter.php(340): CodeIgniter\CodeIgniter->handleRequest()
 8 FCPATH/index.php(67): CodeIgniter\CodeIgniter->run()
 9 SYSTEMPATH/Commands/Server/rewrite.php(46): require_once('FCPATH/index.php')
CRITICAL - 2022-10-21 22:36:59 --> Cannot redeclare hitungBobot() (previously declared in /mnt/work/Project/STIKI/fania/spk/app/Helpers/bobot_helper.php:5)
in APPPATH/Helpers/Bobot_helper.php on line 8.
 1 [internal function]: CodeIgniter\Debug\Exceptions->shutdownHandler()
CRITICAL - 2022-10-21 22:47:05 --> Typed property App\Controllers\Blt\Perhitungan::$allNilaiKriteria must not be accessed before initialization
in APPPATH/Controllers/Blt/Perhitungan.php on line 39.
 1 SYSTEMPATH/CodeIgniter.php(902): App\Controllers\Blt\Perhitungan->getIndex()
 2 SYSTEMPATH/CodeIgniter.php(457): CodeIgniter\CodeIgniter->runController()
 3 SYSTEMPATH/CodeIgniter.php(340): CodeIgniter\CodeIgniter->handleRequest()
 4 FCPATH/index.php(67): CodeIgniter\CodeIgniter->run()
 5 SYSTEMPATH/Commands/Server/rewrite.php(46): require_once('FCPATH/index.php')
CRITICAL - 2022-10-21 23:00:12 --> array_push(): Argument #1 ($array) must be of type array, null given
in APPPATH/Views/blt/perhitungan/index.php on line 12.
 1 APPPATH/Views/blt/perhitungan/index.php(12): array_push()
 2 SYSTEMPATH/View/View.php(213): include('APPPATH/Views/blt/perhitungan/index.php')
 3 SYSTEMPATH/View/View.php(216): CodeIgniter\View\View->CodeIgniter\View\{closure}()
 4 SYSTEMPATH/Common.php(1142): CodeIgniter\View\View->render()
 5 APPPATH/Controllers/Blt/Perhitungan.php(39): view()
 6 SYSTEMPATH/CodeIgniter.php(902): App\Controllers\Blt\Perhitungan->getIndex()
 7 SYSTEMPATH/CodeIgniter.php(457): CodeIgniter\CodeIgniter->runController()
 8 SYSTEMPATH/CodeIgniter.php(340): CodeIgniter\CodeIgniter->handleRequest()
 9 FCPATH/index.php(67): CodeIgniter\CodeIgniter->run()
10 SYSTEMPATH/Commands/Server/rewrite.php(46): require_once('FCPATH/index.php')
CRITICAL - 2022-10-21 23:06:35 --> Cannot use object of type stdClass as array
in APPPATH/Views/blt/perhitungan/index.php on line 10.
 1 SYSTEMPATH/View/View.php(213): include()
 2 SYSTEMPATH/View/View.php(216): CodeIgniter\View\View->CodeIgniter\View\{closure}()
 3 SYSTEMPATH/Common.php(1142): CodeIgniter\View\View->render()
 4 APPPATH/Controllers/Blt/Perhitungan.php(39): view()
 5 SYSTEMPATH/CodeIgniter.php(902): App\Controllers\Blt\Perhitungan->getIndex()
 6 SYSTEMPATH/CodeIgniter.php(457): CodeIgniter\CodeIgniter->runController()
 7 SYSTEMPATH/CodeIgniter.php(340): CodeIgniter\CodeIgniter->handleRequest()
 8 FCPATH/index.php(67): CodeIgniter\CodeIgniter->run()
 9 SYSTEMPATH/Commands/Server/rewrite.php(46): require_once('FCPATH/index.php')
CRITICAL - 2022-10-21 23:07:37 --> array_push(): Argument #1 ($array) must be of type array, null given
in APPPATH/Views/blt/perhitungan/index.php on line 14.
 1 APPPATH/Views/blt/perhitungan/index.php(14): array_push()
 2 SYSTEMPATH/View/View.php(213): include('APPPATH/Views/blt/perhitungan/index.php')
 3 SYSTEMPATH/View/View.php(216): CodeIgniter\View\View->CodeIgniter\View\{closure}()
 4 SYSTEMPATH/Common.php(1142): CodeIgniter\View\View->render()
 5 APPPATH/Controllers/Blt/Perhitungan.php(39): view()
 6 SYSTEMPATH/CodeIgniter.php(902): App\Controllers\Blt\Perhitungan->getIndex()
 7 SYSTEMPATH/CodeIgniter.php(457): CodeIgniter\CodeIgniter->runController()
 8 SYSTEMPATH/CodeIgniter.php(340): CodeIgniter\CodeIgniter->handleRequest()
 9 FCPATH/index.php(67): CodeIgniter\CodeIgniter->run()
10 SYSTEMPATH/Commands/Server/rewrite.php(46): require_once('FCPATH/index.php')
CRITICAL - 2022-10-21 23:16:18 --> array_push(): Argument #1 ($array) must be of type array, null given
in APPPATH/Views/blt/perhitungan/index.php on line 31.
 1 APPPATH/Views/blt/perhitungan/index.php(31): array_push()
 2 SYSTEMPATH/View/View.php(213): include('APPPATH/Views/blt/perhitungan/index.php')
 3 SYSTEMPATH/View/View.php(216): CodeIgniter\View\View->CodeIgniter\View\{closure}()
 4 SYSTEMPATH/Common.php(1142): CodeIgniter\View\View->render()
 5 APPPATH/Controllers/Blt/Perhitungan.php(39): view()
 6 SYSTEMPATH/CodeIgniter.php(902): App\Controllers\Blt\Perhitungan->getIndex()
 7 SYSTEMPATH/CodeIgniter.php(457): CodeIgniter\CodeIgniter->runController()
 8 SYSTEMPATH/CodeIgniter.php(340): CodeIgniter\CodeIgniter->handleRequest()
 9 FCPATH/index.php(67): CodeIgniter\CodeIgniter->run()
10 SYSTEMPATH/Commands/Server/rewrite.php(46): require_once('FCPATH/index.php')
CRITICAL - 2022-10-21 23:17:39 --> Array to string conversion
in APPPATH/Views/blt/perhitungan/index.php on line 31.
 1 APPPATH/Views/blt/perhitungan/index.php(31): CodeIgniter\Debug\Exceptions->errorHandler()
 2 SYSTEMPATH/View/View.php(213): include('APPPATH/Views/blt/perhitungan/index.php')
 3 SYSTEMPATH/View/View.php(216): CodeIgniter\View\View->CodeIgniter\View\{closure}()
 4 SYSTEMPATH/Common.php(1142): CodeIgniter\View\View->render()
 5 APPPATH/Controllers/Blt/Perhitungan.php(39): view()
 6 SYSTEMPATH/CodeIgniter.php(902): App\Controllers\Blt\Perhitungan->getIndex()
 7 SYSTEMPATH/CodeIgniter.php(457): CodeIgniter\CodeIgniter->runController()
 8 SYSTEMPATH/CodeIgniter.php(340): CodeIgniter\CodeIgniter->handleRequest()
 9 FCPATH/index.php(67): CodeIgniter\CodeIgniter->run()
10 SYSTEMPATH/Commands/Server/rewrite.php(46): require_once('FCPATH/index.php')
CRITICAL - 2022-10-21 23:17:40 --> Array to string conversion
in APPPATH/Views/blt/perhitungan/index.php on line 31.
 1 APPPATH/Views/blt/perhitungan/index.php(31): CodeIgniter\Debug\Exceptions->errorHandler()
 2 SYSTEMPATH/View/View.php(213): include('APPPATH/Views/blt/perhitungan/index.php')
 3 SYSTEMPATH/View/View.php(216): CodeIgniter\View\View->CodeIgniter\View\{closure}()
 4 SYSTEMPATH/Common.php(1142): CodeIgniter\View\View->render()
 5 APPPATH/Controllers/Blt/Perhitungan.php(39): view()
 6 SYSTEMPATH/CodeIgniter.php(902): App\Controllers\Blt\Perhitungan->getIndex()
 7 SYSTEMPATH/CodeIgniter.php(457): CodeIgniter\CodeIgniter->runController()
 8 SYSTEMPATH/CodeIgniter.php(340): CodeIgniter\CodeIgniter->handleRequest()
 9 FCPATH/index.php(67): CodeIgniter\CodeIgniter->run()
10 SYSTEMPATH/Commands/Server/rewrite.php(46): require_once('FCPATH/index.php')
CRITICAL - 2022-10-21 23:17:40 --> Array to string conversion
in APPPATH/Views/blt/perhitungan/index.php on line 31.
 1 APPPATH/Views/blt/perhitungan/index.php(31): CodeIgniter\Debug\Exceptions->errorHandler()
 2 SYSTEMPATH/View/View.php(213): include('APPPATH/Views/blt/perhitungan/index.php')
 3 SYSTEMPATH/View/View.php(216): CodeIgniter\View\View->CodeIgniter\View\{closure}()
 4 SYSTEMPATH/Common.php(1142): CodeIgniter\View\View->render()
 5 APPPATH/Controllers/Blt/Perhitungan.php(39): view()
 6 SYSTEMPATH/CodeIgniter.php(902): App\Controllers\Blt\Perhitungan->getIndex()
 7 SYSTEMPATH/CodeIgniter.php(457): CodeIgniter\CodeIgniter->runController()
 8 SYSTEMPATH/CodeIgniter.php(340): CodeIgniter\CodeIgniter->handleRequest()
 9 FCPATH/index.php(67): CodeIgniter\CodeIgniter->run()
10 SYSTEMPATH/Commands/Server/rewrite.php(46): require_once('FCPATH/index.php')
CRITICAL - 2022-10-21 23:17:40 --> Array to string conversion
in APPPATH/Views/blt/perhitungan/index.php on line 31.
 1 APPPATH/Views/blt/perhitungan/index.php(31): CodeIgniter\Debug\Exceptions->errorHandler()
 2 SYSTEMPATH/View/View.php(213): include('APPPATH/Views/blt/perhitungan/index.php')
 3 SYSTEMPATH/View/View.php(216): CodeIgniter\View\View->CodeIgniter\View\{closure}()
 4 SYSTEMPATH/Common.php(1142): CodeIgniter\View\View->render()
 5 APPPATH/Controllers/Blt/Perhitungan.php(39): view()
 6 SYSTEMPATH/CodeIgniter.php(902): App\Controllers\Blt\Perhitungan->getIndex()
 7 SYSTEMPATH/CodeIgniter.php(457): CodeIgniter\CodeIgniter->runController()
 8 SYSTEMPATH/CodeIgniter.php(340): CodeIgniter\CodeIgniter->handleRequest()
 9 FCPATH/index.php(67): CodeIgniter\CodeIgniter->run()
10 SYSTEMPATH/Commands/Server/rewrite.php(46): require_once('FCPATH/index.php')
CRITICAL - 2022-10-21 23:18:05 --> Attempt to read property "keterangan" on array
in APPPATH/Views/blt/perhitungan/index.php on line 31.
 1 APPPATH/Views/blt/perhitungan/index.php(31): CodeIgniter\Debug\Exceptions->errorHandler()
 2 SYSTEMPATH/View/View.php(213): include('APPPATH/Views/blt/perhitungan/index.php')
 3 SYSTEMPATH/View/View.php(216): CodeIgniter\View\View->CodeIgniter\View\{closure}()
 4 SYSTEMPATH/Common.php(1142): CodeIgniter\View\View->render()
 5 APPPATH/Controllers/Blt/Perhitungan.php(39): view()
 6 SYSTEMPATH/CodeIgniter.php(902): App\Controllers\Blt\Perhitungan->getIndex()
 7 SYSTEMPATH/CodeIgniter.php(457): CodeIgniter\CodeIgniter->runController()
 8 SYSTEMPATH/CodeIgniter.php(340): CodeIgniter\CodeIgniter->handleRequest()
 9 FCPATH/index.php(67): CodeIgniter\CodeIgniter->run()
10 SYSTEMPATH/Commands/Server/rewrite.php(46): require_once('FCPATH/index.php')
CRITICAL - 2022-10-21 23:18:50 --> Attempt to read property "keterangan" on array
in APPPATH/Views/blt/perhitungan/index.php on line 32.
 1 APPPATH/Views/blt/perhitungan/index.php(32): CodeIgniter\Debug\Exceptions->errorHandler()
 2 SYSTEMPATH/View/View.php(213): include('APPPATH/Views/blt/perhitungan/index.php')
 3 SYSTEMPATH/View/View.php(216): CodeIgniter\View\View->CodeIgniter\View\{closure}()
 4 SYSTEMPATH/Common.php(1142): CodeIgniter\View\View->render()
 5 APPPATH/Controllers/Blt/Perhitungan.php(39): view()
 6 SYSTEMPATH/CodeIgniter.php(902): App\Controllers\Blt\Perhitungan->getIndex()
 7 SYSTEMPATH/CodeIgniter.php(457): CodeIgniter\CodeIgniter->runController()
 8 SYSTEMPATH/CodeIgniter.php(340): CodeIgniter\CodeIgniter->handleRequest()
 9 FCPATH/index.php(67): CodeIgniter\CodeIgniter->run()
10 SYSTEMPATH/Commands/Server/rewrite.php(46): require_once('FCPATH/index.php')
CRITICAL - 2022-10-21 23:19:08 --> Undefined variable $keterangan
in APPPATH/Views/blt/perhitungan/index.php on line 11.
 1 APPPATH/Views/blt/perhitungan/index.php(11): CodeIgniter\Debug\Exceptions->errorHandler()
 2 SYSTEMPATH/View/View.php(213): include('APPPATH/Views/blt/perhitungan/index.php')
 3 SYSTEMPATH/View/View.php(216): CodeIgniter\View\View->CodeIgniter\View\{closure}()
 4 SYSTEMPATH/Common.php(1142): CodeIgniter\View\View->render()
 5 APPPATH/Controllers/Blt/Perhitungan.php(39): view()
 6 SYSTEMPATH/CodeIgniter.php(902): App\Controllers\Blt\Perhitungan->getIndex()
 7 SYSTEMPATH/CodeIgniter.php(457): CodeIgniter\CodeIgniter->runController()
 8 SYSTEMPATH/CodeIgniter.php(340): CodeIgniter\CodeIgniter->handleRequest()
 9 FCPATH/index.php(67): CodeIgniter\CodeIgniter->run()
10 SYSTEMPATH/Commands/Server/rewrite.php(46): require_once('FCPATH/index.php')
CRITICAL - 2022-10-21 23:19:34 --> Attempt to read property "keterangan" on array
in APPPATH/Views/blt/perhitungan/index.php on line 33.
 1 APPPATH/Views/blt/perhitungan/index.php(33): CodeIgniter\Debug\Exceptions->errorHandler()
 2 SYSTEMPATH/View/View.php(213): include('APPPATH/Views/blt/perhitungan/index.php')
 3 SYSTEMPATH/View/View.php(216): CodeIgniter\View\View->CodeIgniter\View\{closure}()
 4 SYSTEMPATH/Common.php(1142): CodeIgniter\View\View->render()
 5 APPPATH/Controllers/Blt/Perhitungan.php(39): view()
 6 SYSTEMPATH/CodeIgniter.php(902): App\Controllers\Blt\Perhitungan->getIndex()
 7 SYSTEMPATH/CodeIgniter.php(457): CodeIgniter\CodeIgniter->runController()
 8 SYSTEMPATH/CodeIgniter.php(340): CodeIgniter\CodeIgniter->handleRequest()
 9 FCPATH/index.php(67): CodeIgniter\CodeIgniter->run()
10 SYSTEMPATH/Commands/Server/rewrite.php(46): require_once('FCPATH/index.php')
CRITICAL - 2022-10-21 23:20:09 --> Attempt to read property "0" on array
in APPPATH/Views/blt/perhitungan/index.php on line 33.
 1 APPPATH/Views/blt/perhitungan/index.php(33): CodeIgniter\Debug\Exceptions->errorHandler()
 2 SYSTEMPATH/View/View.php(213): include('APPPATH/Views/blt/perhitungan/index.php')
 3 SYSTEMPATH/View/View.php(216): CodeIgniter\View\View->CodeIgniter\View\{closure}()
 4 SYSTEMPATH/Common.php(1142): CodeIgniter\View\View->render()
 5 APPPATH/Controllers/Blt/Perhitungan.php(39): view()
 6 SYSTEMPATH/CodeIgniter.php(902): App\Controllers\Blt\Perhitungan->getIndex()
 7 SYSTEMPATH/CodeIgniter.php(457): CodeIgniter\CodeIgniter->runController()
 8 SYSTEMPATH/CodeIgniter.php(340): CodeIgniter\CodeIgniter->handleRequest()
 9 FCPATH/index.php(67): CodeIgniter\CodeIgniter->run()
10 SYSTEMPATH/Commands/Server/rewrite.php(46): require_once('FCPATH/index.php')
CRITICAL - 2022-10-21 23:20:34 --> Attempt to read property "0" on array
in APPPATH/Views/blt/perhitungan/index.php on line 24.
 1 APPPATH/Views/blt/perhitungan/index.php(24): CodeIgniter\Debug\Exceptions->errorHandler()
 2 SYSTEMPATH/View/View.php(213): include('APPPATH/Views/blt/perhitungan/index.php')
 3 SYSTEMPATH/View/View.php(216): CodeIgniter\View\View->CodeIgniter\View\{closure}()
 4 SYSTEMPATH/Common.php(1142): CodeIgniter\View\View->render()
 5 APPPATH/Controllers/Blt/Perhitungan.php(39): view()
 6 SYSTEMPATH/CodeIgniter.php(902): App\Controllers\Blt\Perhitungan->getIndex()
 7 SYSTEMPATH/CodeIgniter.php(457): CodeIgniter\CodeIgniter->runController()
 8 SYSTEMPATH/CodeIgniter.php(340): CodeIgniter\CodeIgniter->handleRequest()
 9 FCPATH/index.php(67): CodeIgniter\CodeIgniter->run()
10 SYSTEMPATH/Commands/Server/rewrite.php(46): require_once('FCPATH/index.php')
CRITICAL - 2022-10-21 23:20:35 --> Attempt to read property "0" on array
in APPPATH/Views/blt/perhitungan/index.php on line 24.
 1 APPPATH/Views/blt/perhitungan/index.php(24): CodeIgniter\Debug\Exceptions->errorHandler()
 2 SYSTEMPATH/View/View.php(213): include('APPPATH/Views/blt/perhitungan/index.php')
 3 SYSTEMPATH/View/View.php(216): CodeIgniter\View\View->CodeIgniter\View\{closure}()
 4 SYSTEMPATH/Common.php(1142): CodeIgniter\View\View->render()
 5 APPPATH/Controllers/Blt/Perhitungan.php(39): view()
 6 SYSTEMPATH/CodeIgniter.php(902): App\Controllers\Blt\Perhitungan->getIndex()
 7 SYSTEMPATH/CodeIgniter.php(457): CodeIgniter\CodeIgniter->runController()
 8 SYSTEMPATH/CodeIgniter.php(340): CodeIgniter\CodeIgniter->handleRequest()
 9 FCPATH/index.php(67): CodeIgniter\CodeIgniter->run()
10 SYSTEMPATH/Commands/Server/rewrite.php(46): require_once('FCPATH/index.php')
CRITICAL - 2022-10-21 23:20:46 --> Attempt to read property "0" on array
in APPPATH/Views/blt/perhitungan/index.php on line 24.
 1 APPPATH/Views/blt/perhitungan/index.php(24): CodeIgniter\Debug\Exceptions->errorHandler()
 2 SYSTEMPATH/View/View.php(213): include('APPPATH/Views/blt/perhitungan/index.php')
 3 SYSTEMPATH/View/View.php(216): CodeIgniter\View\View->CodeIgniter\View\{closure}()
 4 SYSTEMPATH/Common.php(1142): CodeIgniter\View\View->render()
 5 APPPATH/Controllers/Blt/Perhitungan.php(39): view()
 6 SYSTEMPATH/CodeIgniter.php(902): App\Controllers\Blt\Perhitungan->getIndex()
 7 SYSTEMPATH/CodeIgniter.php(457): CodeIgniter\CodeIgniter->runController()
 8 SYSTEMPATH/CodeIgniter.php(340): CodeIgniter\CodeIgniter->handleRequest()
 9 FCPATH/index.php(67): CodeIgniter\CodeIgniter->run()
10 SYSTEMPATH/Commands/Server/rewrite.php(46): require_once('FCPATH/index.php')
CRITICAL - 2022-10-21 23:20:57 --> Attempt to read property "0" on array
in APPPATH/Views/blt/perhitungan/index.php on line 24.
 1 APPPATH/Views/blt/perhitungan/index.php(24): CodeIgniter\Debug\Exceptions->errorHandler()
 2 SYSTEMPATH/View/View.php(213): include('APPPATH/Views/blt/perhitungan/index.php')
 3 SYSTEMPATH/View/View.php(216): CodeIgniter\View\View->CodeIgniter\View\{closure}()
 4 SYSTEMPATH/Common.php(1142): CodeIgniter\View\View->render()
 5 APPPATH/Controllers/Blt/Perhitungan.php(39): view()
 6 SYSTEMPATH/CodeIgniter.php(902): App\Controllers\Blt\Perhitungan->getIndex()
 7 SYSTEMPATH/CodeIgniter.php(457): CodeIgniter\CodeIgniter->runController()
 8 SYSTEMPATH/CodeIgniter.php(340): CodeIgniter\CodeIgniter->handleRequest()
 9 FCPATH/index.php(67): CodeIgniter\CodeIgniter->run()
10 SYSTEMPATH/Commands/Server/rewrite.php(46): require_once('FCPATH/index.php')
CRITICAL - 2022-10-21 23:21:02 --> Attempt to read property "0" on array
in APPPATH/Views/blt/perhitungan/index.php on line 24.
 1 APPPATH/Views/blt/perhitungan/index.php(24): CodeIgniter\Debug\Exceptions->errorHandler()
 2 SYSTEMPATH/View/View.php(213): include('APPPATH/Views/blt/perhitungan/index.php')
 3 SYSTEMPATH/View/View.php(216): CodeIgniter\View\View->CodeIgniter\View\{closure}()
 4 SYSTEMPATH/Common.php(1142): CodeIgniter\View\View->render()
 5 APPPATH/Controllers/Blt/Perhitungan.php(39): view()
 6 SYSTEMPATH/CodeIgniter.php(902): App\Controllers\Blt\Perhitungan->getIndex()
 7 SYSTEMPATH/CodeIgniter.php(457): CodeIgniter\CodeIgniter->runController()
 8 SYSTEMPATH/CodeIgniter.php(340): CodeIgniter\CodeIgniter->handleRequest()
 9 FCPATH/index.php(67): CodeIgniter\CodeIgniter->run()
10 SYSTEMPATH/Commands/Server/rewrite.php(46): require_once('FCPATH/index.php')
CRITICAL - 2022-10-21 23:21:46 --> Attempt to read property "keterangan" on array
in APPPATH/Views/blt/perhitungan/index.php on line 24.
 1 APPPATH/Views/blt/perhitungan/index.php(24): CodeIgniter\Debug\Exceptions->errorHandler()
 2 SYSTEMPATH/View/View.php(213): include('APPPATH/Views/blt/perhitungan/index.php')
 3 SYSTEMPATH/View/View.php(216): CodeIgniter\View\View->CodeIgniter\View\{closure}()
 4 SYSTEMPATH/Common.php(1142): CodeIgniter\View\View->render()
 5 APPPATH/Controllers/Blt/Perhitungan.php(39): view()
 6 SYSTEMPATH/CodeIgniter.php(902): App\Controllers\Blt\Perhitungan->getIndex()
 7 SYSTEMPATH/CodeIgniter.php(457): CodeIgniter\CodeIgniter->runController()
 8 SYSTEMPATH/CodeIgniter.php(340): CodeIgniter\CodeIgniter->handleRequest()
 9 FCPATH/index.php(67): CodeIgniter\CodeIgniter->run()
10 SYSTEMPATH/Commands/Server/rewrite.php(46): require_once('FCPATH/index.php')
CRITICAL - 2022-10-21 23:22:04 --> Attempt to read property "keterangan" on array
in APPPATH/Views/blt/perhitungan/index.php on line 24.
 1 APPPATH/Views/blt/perhitungan/index.php(24): CodeIgniter\Debug\Exceptions->errorHandler()
 2 SYSTEMPATH/View/View.php(213): include('APPPATH/Views/blt/perhitungan/index.php')
 3 SYSTEMPATH/View/View.php(216): CodeIgniter\View\View->CodeIgniter\View\{closure}()
 4 SYSTEMPATH/Common.php(1142): CodeIgniter\View\View->render()
 5 APPPATH/Controllers/Blt/Perhitungan.php(39): view()
 6 SYSTEMPATH/CodeIgniter.php(902): App\Controllers\Blt\Perhitungan->getIndex()
 7 SYSTEMPATH/CodeIgniter.php(457): CodeIgniter\CodeIgniter->runController()
 8 SYSTEMPATH/CodeIgniter.php(340): CodeIgniter\CodeIgniter->handleRequest()
 9 FCPATH/index.php(67): CodeIgniter\CodeIgniter->run()
10 SYSTEMPATH/Commands/Server/rewrite.php(46): require_once('FCPATH/index.php')
CRITICAL - 2022-10-21 23:23:18 --> Attempt to read property "key" on array
in APPPATH/Views/blt/perhitungan/index.php on line 24.
 1 APPPATH/Views/blt/perhitungan/index.php(24): CodeIgniter\Debug\Exceptions->errorHandler()
 2 SYSTEMPATH/View/View.php(213): include('APPPATH/Views/blt/perhitungan/index.php')
 3 SYSTEMPATH/View/View.php(216): CodeIgniter\View\View->CodeIgniter\View\{closure}()
 4 SYSTEMPATH/Common.php(1142): CodeIgniter\View\View->render()
 5 APPPATH/Controllers/Blt/Perhitungan.php(39): view()
 6 SYSTEMPATH/CodeIgniter.php(902): App\Controllers\Blt\Perhitungan->getIndex()
 7 SYSTEMPATH/CodeIgniter.php(457): CodeIgniter\CodeIgniter->runController()
 8 SYSTEMPATH/CodeIgniter.php(340): CodeIgniter\CodeIgniter->handleRequest()
 9 FCPATH/index.php(67): CodeIgniter\CodeIgniter->run()
10 SYSTEMPATH/Commands/Server/rewrite.php(46): require_once('FCPATH/index.php')
CRITICAL - 2022-10-21 23:23:25 --> Attempt to read property "0" on array
in APPPATH/Views/blt/perhitungan/index.php on line 24.
 1 APPPATH/Views/blt/perhitungan/index.php(24): CodeIgniter\Debug\Exceptions->errorHandler()
 2 SYSTEMPATH/View/View.php(213): include('APPPATH/Views/blt/perhitungan/index.php')
 3 SYSTEMPATH/View/View.php(216): CodeIgniter\View\View->CodeIgniter\View\{closure}()
 4 SYSTEMPATH/Common.php(1142): CodeIgniter\View\View->render()
 5 APPPATH/Controllers/Blt/Perhitungan.php(39): view()
 6 SYSTEMPATH/CodeIgniter.php(902): App\Controllers\Blt\Perhitungan->getIndex()
 7 SYSTEMPATH/CodeIgniter.php(457): CodeIgniter\CodeIgniter->runController()
 8 SYSTEMPATH/CodeIgniter.php(340): CodeIgniter\CodeIgniter->handleRequest()
 9 FCPATH/index.php(67): CodeIgniter\CodeIgniter->run()
10 SYSTEMPATH/Commands/Server/rewrite.php(46): require_once('FCPATH/index.php')
CRITICAL - 2022-10-21 23:23:26 --> Attempt to read property "0" on array
in APPPATH/Views/blt/perhitungan/index.php on line 24.
 1 APPPATH/Views/blt/perhitungan/index.php(24): CodeIgniter\Debug\Exceptions->errorHandler()
 2 SYSTEMPATH/View/View.php(213): include('APPPATH/Views/blt/perhitungan/index.php')
 3 SYSTEMPATH/View/View.php(216): CodeIgniter\View\View->CodeIgniter\View\{closure}()
 4 SYSTEMPATH/Common.php(1142): CodeIgniter\View\View->render()
 5 APPPATH/Controllers/Blt/Perhitungan.php(39): view()
 6 SYSTEMPATH/CodeIgniter.php(902): App\Controllers\Blt\Perhitungan->getIndex()
 7 SYSTEMPATH/CodeIgniter.php(457): CodeIgniter\CodeIgniter->runController()
 8 SYSTEMPATH/CodeIgniter.php(340): CodeIgniter\CodeIgniter->handleRequest()
 9 FCPATH/index.php(67): CodeIgniter\CodeIgniter->run()
10 SYSTEMPATH/Commands/Server/rewrite.php(46): require_once('FCPATH/index.php')
CRITICAL - 2022-10-21 23:23:26 --> Attempt to read property "0" on array
in APPPATH/Views/blt/perhitungan/index.php on line 24.
 1 APPPATH/Views/blt/perhitungan/index.php(24): CodeIgniter\Debug\Exceptions->errorHandler()
 2 SYSTEMPATH/View/View.php(213): include('APPPATH/Views/blt/perhitungan/index.php')
 3 SYSTEMPATH/View/View.php(216): CodeIgniter\View\View->CodeIgniter\View\{closure}()
 4 SYSTEMPATH/Common.php(1142): CodeIgniter\View\View->render()
 5 APPPATH/Controllers/Blt/Perhitungan.php(39): view()
 6 SYSTEMPATH/CodeIgniter.php(902): App\Controllers\Blt\Perhitungan->getIndex()
 7 SYSTEMPATH/CodeIgniter.php(457): CodeIgniter\CodeIgniter->runController()
 8 SYSTEMPATH/CodeIgniter.php(340): CodeIgniter\CodeIgniter->handleRequest()
 9 FCPATH/index.php(67): CodeIgniter\CodeIgniter->run()
10 SYSTEMPATH/Commands/Server/rewrite.php(46): require_once('FCPATH/index.php')
CRITICAL - 2022-10-21 23:23:26 --> Attempt to read property "0" on array
in APPPATH/Views/blt/perhitungan/index.php on line 24.
 1 APPPATH/Views/blt/perhitungan/index.php(24): CodeIgniter\Debug\Exceptions->errorHandler()
 2 SYSTEMPATH/View/View.php(213): include('APPPATH/Views/blt/perhitungan/index.php')
 3 SYSTEMPATH/View/View.php(216): CodeIgniter\View\View->CodeIgniter\View\{closure}()
 4 SYSTEMPATH/Common.php(1142): CodeIgniter\View\View->render()
 5 APPPATH/Controllers/Blt/Perhitungan.php(39): view()
 6 SYSTEMPATH/CodeIgniter.php(902): App\Controllers\Blt\Perhitungan->getIndex()
 7 SYSTEMPATH/CodeIgniter.php(457): CodeIgniter\CodeIgniter->runController()
 8 SYSTEMPATH/CodeIgniter.php(340): CodeIgniter\CodeIgniter->handleRequest()
 9 FCPATH/index.php(67): CodeIgniter\CodeIgniter->run()
10 SYSTEMPATH/Commands/Server/rewrite.php(46): require_once('FCPATH/index.php')
CRITICAL - 2022-10-21 23:23:26 --> Attempt to read property "0" on array
in APPPATH/Views/blt/perhitungan/index.php on line 24.
 1 APPPATH/Views/blt/perhitungan/index.php(24): CodeIgniter\Debug\Exceptions->errorHandler()
 2 SYSTEMPATH/View/View.php(213): include('APPPATH/Views/blt/perhitungan/index.php')
 3 SYSTEMPATH/View/View.php(216): CodeIgniter\View\View->CodeIgniter\View\{closure}()
 4 SYSTEMPATH/Common.php(1142): CodeIgniter\View\View->render()
 5 APPPATH/Controllers/Blt/Perhitungan.php(39): view()
 6 SYSTEMPATH/CodeIgniter.php(902): App\Controllers\Blt\Perhitungan->getIndex()
 7 SYSTEMPATH/CodeIgniter.php(457): CodeIgniter\CodeIgniter->runController()
 8 SYSTEMPATH/CodeIgniter.php(340): CodeIgniter\CodeIgniter->handleRequest()
 9 FCPATH/index.php(67): CodeIgniter\CodeIgniter->run()
10 SYSTEMPATH/Commands/Server/rewrite.php(46): require_once('FCPATH/index.php')
CRITICAL - 2022-10-21 23:23:27 --> Attempt to read property "0" on array
in APPPATH/Views/blt/perhitungan/index.php on line 24.
 1 APPPATH/Views/blt/perhitungan/index.php(24): CodeIgniter\Debug\Exceptions->errorHandler()
 2 SYSTEMPATH/View/View.php(213): include('APPPATH/Views/blt/perhitungan/index.php')
 3 SYSTEMPATH/View/View.php(216): CodeIgniter\View\View->CodeIgniter\View\{closure}()
 4 SYSTEMPATH/Common.php(1142): CodeIgniter\View\View->render()
 5 APPPATH/Controllers/Blt/Perhitungan.php(39): view()
 6 SYSTEMPATH/CodeIgniter.php(902): App\Controllers\Blt\Perhitungan->getIndex()
 7 SYSTEMPATH/CodeIgniter.php(457): CodeIgniter\CodeIgniter->runController()
 8 SYSTEMPATH/CodeIgniter.php(340): CodeIgniter\CodeIgniter->handleRequest()
 9 FCPATH/index.php(67): CodeIgniter\CodeIgniter->run()
10 SYSTEMPATH/Commands/Server/rewrite.php(46): require_once('FCPATH/index.php')
CRITICAL - 2022-10-21 23:23:35 --> Unclosed '{' on line 23
in APPPATH/Views/blt/perhitungan/index.php on line 244.
 1 SYSTEMPATH/View/View.php(216): CodeIgniter\View\View->CodeIgniter\View\{closure}()
 2 SYSTEMPATH/Common.php(1142): CodeIgniter\View\View->render()
 3 APPPATH/Controllers/Blt/Perhitungan.php(39): view()
 4 SYSTEMPATH/CodeIgniter.php(902): App\Controllers\Blt\Perhitungan->getIndex()
 5 SYSTEMPATH/CodeIgniter.php(457): CodeIgniter\CodeIgniter->runController()
 6 SYSTEMPATH/CodeIgniter.php(340): CodeIgniter\CodeIgniter->handleRequest()
 7 FCPATH/index.php(67): CodeIgniter\CodeIgniter->run()
 8 SYSTEMPATH/Commands/Server/rewrite.php(46): require_once('FCPATH/index.php')
CRITICAL - 2022-10-21 23:23:44 --> Attempt to read property "0" on array
in APPPATH/Views/blt/perhitungan/index.php on line 24.
 1 APPPATH/Views/blt/perhitungan/index.php(24): CodeIgniter\Debug\Exceptions->errorHandler()
 2 SYSTEMPATH/View/View.php(213): include('APPPATH/Views/blt/perhitungan/index.php')
 3 SYSTEMPATH/View/View.php(216): CodeIgniter\View\View->CodeIgniter\View\{closure}()
 4 SYSTEMPATH/Common.php(1142): CodeIgniter\View\View->render()
 5 APPPATH/Controllers/Blt/Perhitungan.php(39): view()
 6 SYSTEMPATH/CodeIgniter.php(902): App\Controllers\Blt\Perhitungan->getIndex()
 7 SYSTEMPATH/CodeIgniter.php(457): CodeIgniter\CodeIgniter->runController()
 8 SYSTEMPATH/CodeIgniter.php(340): CodeIgniter\CodeIgniter->handleRequest()
 9 FCPATH/index.php(67): CodeIgniter\CodeIgniter->run()
10 SYSTEMPATH/Commands/Server/rewrite.php(46): require_once('FCPATH/index.php')
CRITICAL - 2022-10-21 23:23:51 --> Attempt to read property "key" on array
in APPPATH/Views/blt/perhitungan/index.php on line 24.
 1 APPPATH/Views/blt/perhitungan/index.php(24): CodeIgniter\Debug\Exceptions->errorHandler()
 2 SYSTEMPATH/View/View.php(213): include('APPPATH/Views/blt/perhitungan/index.php')
 3 SYSTEMPATH/View/View.php(216): CodeIgniter\View\View->CodeIgniter\View\{closure}()
 4 SYSTEMPATH/Common.php(1142): CodeIgniter\View\View->render()
 5 APPPATH/Controllers/Blt/Perhitungan.php(39): view()
 6 SYSTEMPATH/CodeIgniter.php(902): App\Controllers\Blt\Perhitungan->getIndex()
 7 SYSTEMPATH/CodeIgniter.php(457): CodeIgniter\CodeIgniter->runController()
 8 SYSTEMPATH/CodeIgniter.php(340): CodeIgniter\CodeIgniter->handleRequest()
 9 FCPATH/index.php(67): CodeIgniter\CodeIgniter->run()
10 SYSTEMPATH/Commands/Server/rewrite.php(46): require_once('FCPATH/index.php')
CRITICAL - 2022-10-21 23:24:16 --> Attempt to read property "key" on array
in APPPATH/Views/blt/perhitungan/index.php on line 24.
 1 APPPATH/Views/blt/perhitungan/index.php(24): CodeIgniter\Debug\Exceptions->errorHandler()
 2 SYSTEMPATH/View/View.php(213): include('APPPATH/Views/blt/perhitungan/index.php')
 3 SYSTEMPATH/View/View.php(216): CodeIgniter\View\View->CodeIgniter\View\{closure}()
 4 SYSTEMPATH/Common.php(1142): CodeIgniter\View\View->render()
 5 APPPATH/Controllers/Blt/Perhitungan.php(39): view()
 6 SYSTEMPATH/CodeIgniter.php(902): App\Controllers\Blt\Perhitungan->getIndex()
 7 SYSTEMPATH/CodeIgniter.php(457): CodeIgniter\CodeIgniter->runController()
 8 SYSTEMPATH/CodeIgniter.php(340): CodeIgniter\CodeIgniter->handleRequest()
 9 FCPATH/index.php(67): CodeIgniter\CodeIgniter->run()
10 SYSTEMPATH/Commands/Server/rewrite.php(46): require_once('FCPATH/index.php')
CRITICAL - 2022-10-21 23:24:17 --> Attempt to read property "key" on array
in APPPATH/Views/blt/perhitungan/index.php on line 24.
 1 APPPATH/Views/blt/perhitungan/index.php(24): CodeIgniter\Debug\Exceptions->errorHandler()
 2 SYSTEMPATH/View/View.php(213): include('APPPATH/Views/blt/perhitungan/index.php')
 3 SYSTEMPATH/View/View.php(216): CodeIgniter\View\View->CodeIgniter\View\{closure}()
 4 SYSTEMPATH/Common.php(1142): CodeIgniter\View\View->render()
 5 APPPATH/Controllers/Blt/Perhitungan.php(39): view()
 6 SYSTEMPATH/CodeIgniter.php(902): App\Controllers\Blt\Perhitungan->getIndex()
 7 SYSTEMPATH/CodeIgniter.php(457): CodeIgniter\CodeIgniter->runController()
 8 SYSTEMPATH/CodeIgniter.php(340): CodeIgniter\CodeIgniter->handleRequest()
 9 FCPATH/index.php(67): CodeIgniter\CodeIgniter->run()
10 SYSTEMPATH/Commands/Server/rewrite.php(46): require_once('FCPATH/index.php')
CRITICAL - 2022-10-21 23:24:17 --> Attempt to read property "key" on array
in APPPATH/Views/blt/perhitungan/index.php on line 24.
 1 APPPATH/Views/blt/perhitungan/index.php(24): CodeIgniter\Debug\Exceptions->errorHandler()
 2 SYSTEMPATH/View/View.php(213): include('APPPATH/Views/blt/perhitungan/index.php')
 3 SYSTEMPATH/View/View.php(216): CodeIgniter\View\View->CodeIgniter\View\{closure}()
 4 SYSTEMPATH/Common.php(1142): CodeIgniter\View\View->render()
 5 APPPATH/Controllers/Blt/Perhitungan.php(39): view()
 6 SYSTEMPATH/CodeIgniter.php(902): App\Controllers\Blt\Perhitungan->getIndex()
 7 SYSTEMPATH/CodeIgniter.php(457): CodeIgniter\CodeIgniter->runController()
 8 SYSTEMPATH/CodeIgniter.php(340): CodeIgniter\CodeIgniter->handleRequest()
 9 FCPATH/index.php(67): CodeIgniter\CodeIgniter->run()
10 SYSTEMPATH/Commands/Server/rewrite.php(46): require_once('FCPATH/index.php')
CRITICAL - 2022-10-21 23:24:59 --> Call to undefined function object()
in APPPATH/Views/blt/perhitungan/index.php on line 9.
 1 SYSTEMPATH/View/View.php(213): include()
 2 SYSTEMPATH/View/View.php(216): CodeIgniter\View\View->CodeIgniter\View\{closure}()
 3 SYSTEMPATH/Common.php(1142): CodeIgniter\View\View->render()
 4 APPPATH/Controllers/Blt/Perhitungan.php(39): view()
 5 SYSTEMPATH/CodeIgniter.php(902): App\Controllers\Blt\Perhitungan->getIndex()
 6 SYSTEMPATH/CodeIgniter.php(457): CodeIgniter\CodeIgniter->runController()
 7 SYSTEMPATH/CodeIgniter.php(340): CodeIgniter\CodeIgniter->handleRequest()
 8 FCPATH/index.php(67): CodeIgniter\CodeIgniter->run()
 9 SYSTEMPATH/Commands/Server/rewrite.php(46): require_once('FCPATH/index.php')
CRITICAL - 2022-10-21 23:27:13 --> array_push(): Argument #1 ($array) must be of type array, null given
in APPPATH/Views/blt/perhitungan/index.php on line 30.
 1 APPPATH/Views/blt/perhitungan/index.php(30): array_push()
 2 SYSTEMPATH/View/View.php(213): include('APPPATH/Views/blt/perhitungan/index.php')
 3 SYSTEMPATH/View/View.php(216): CodeIgniter\View\View->CodeIgniter\View\{closure}()
 4 SYSTEMPATH/Common.php(1142): CodeIgniter\View\View->render()
 5 APPPATH/Controllers/Blt/Perhitungan.php(39): view()
 6 SYSTEMPATH/CodeIgniter.php(902): App\Controllers\Blt\Perhitungan->getIndex()
 7 SYSTEMPATH/CodeIgniter.php(457): CodeIgniter\CodeIgniter->runController()
 8 SYSTEMPATH/CodeIgniter.php(340): CodeIgniter\CodeIgniter->handleRequest()
 9 FCPATH/index.php(67): CodeIgniter\CodeIgniter->run()
10 SYSTEMPATH/Commands/Server/rewrite.php(46): require_once('FCPATH/index.php')
CRITICAL - 2022-10-21 23:30:09 --> array_push(): Argument #1 ($array) must be of type array, null given
in APPPATH/Views/blt/perhitungan/index.php on line 23.
 1 APPPATH/Views/blt/perhitungan/index.php(23): array_push()
 2 SYSTEMPATH/View/View.php(213): include('APPPATH/Views/blt/perhitungan/index.php')
 3 SYSTEMPATH/View/View.php(216): CodeIgniter\View\View->CodeIgniter\View\{closure}()
 4 SYSTEMPATH/Common.php(1142): CodeIgniter\View\View->render()
 5 APPPATH/Controllers/Blt/Perhitungan.php(39): view()
 6 SYSTEMPATH/CodeIgniter.php(902): App\Controllers\Blt\Perhitungan->getIndex()
 7 SYSTEMPATH/CodeIgniter.php(457): CodeIgniter\CodeIgniter->runController()
 8 SYSTEMPATH/CodeIgniter.php(340): CodeIgniter\CodeIgniter->handleRequest()
 9 FCPATH/index.php(67): CodeIgniter\CodeIgniter->run()
10 SYSTEMPATH/Commands/Server/rewrite.php(46): require_once('FCPATH/index.php')
CRITICAL - 2022-10-21 23:30:26 --> array_push(): Argument #1 ($array) must be of type array, null given
in APPPATH/Views/blt/perhitungan/index.php on line 23.
 1 APPPATH/Views/blt/perhitungan/index.php(23): array_push()
 2 SYSTEMPATH/View/View.php(213): include('APPPATH/Views/blt/perhitungan/index.php')
 3 SYSTEMPATH/View/View.php(216): CodeIgniter\View\View->CodeIgniter\View\{closure}()
 4 SYSTEMPATH/Common.php(1142): CodeIgniter\View\View->render()
 5 APPPATH/Controllers/Blt/Perhitungan.php(39): view()
 6 SYSTEMPATH/CodeIgniter.php(902): App\Controllers\Blt\Perhitungan->getIndex()
 7 SYSTEMPATH/CodeIgniter.php(457): CodeIgniter\CodeIgniter->runController()
 8 SYSTEMPATH/CodeIgniter.php(340): CodeIgniter\CodeIgniter->handleRequest()
 9 FCPATH/index.php(67): CodeIgniter\CodeIgniter->run()
10 SYSTEMPATH/Commands/Server/rewrite.php(46): require_once('FCPATH/index.php')
CRITICAL - 2022-10-21 23:30:27 --> array_push(): Argument #1 ($array) must be of type array, null given
in APPPATH/Views/blt/perhitungan/index.php on line 23.
 1 APPPATH/Views/blt/perhitungan/index.php(23): array_push()
 2 SYSTEMPATH/View/View.php(213): include('APPPATH/Views/blt/perhitungan/index.php')
 3 SYSTEMPATH/View/View.php(216): CodeIgniter\View\View->CodeIgniter\View\{closure}()
 4 SYSTEMPATH/Common.php(1142): CodeIgniter\View\View->render()
 5 APPPATH/Controllers/Blt/Perhitungan.php(39): view()
 6 SYSTEMPATH/CodeIgniter.php(902): App\Controllers\Blt\Perhitungan->getIndex()
 7 SYSTEMPATH/CodeIgniter.php(457): CodeIgniter\CodeIgniter->runController()
 8 SYSTEMPATH/CodeIgniter.php(340): CodeIgniter\CodeIgniter->handleRequest()
 9 FCPATH/index.php(67): CodeIgniter\CodeIgniter->run()
10 SYSTEMPATH/Commands/Server/rewrite.php(46): require_once('FCPATH/index.php')
CRITICAL - 2022-10-21 23:30:27 --> array_push(): Argument #1 ($array) must be of type array, null given
in APPPATH/Views/blt/perhitungan/index.php on line 23.
 1 APPPATH/Views/blt/perhitungan/index.php(23): array_push()
 2 SYSTEMPATH/View/View.php(213): include('APPPATH/Views/blt/perhitungan/index.php')
 3 SYSTEMPATH/View/View.php(216): CodeIgniter\View\View->CodeIgniter\View\{closure}()
 4 SYSTEMPATH/Common.php(1142): CodeIgniter\View\View->render()
 5 APPPATH/Controllers/Blt/Perhitungan.php(39): view()
 6 SYSTEMPATH/CodeIgniter.php(902): App\Controllers\Blt\Perhitungan->getIndex()
 7 SYSTEMPATH/CodeIgniter.php(457): CodeIgniter\CodeIgniter->runController()
 8 SYSTEMPATH/CodeIgniter.php(340): CodeIgniter\CodeIgniter->handleRequest()
 9 FCPATH/index.php(67): CodeIgniter\CodeIgniter->run()
10 SYSTEMPATH/Commands/Server/rewrite.php(46): require_once('FCPATH/index.php')
CRITICAL - 2022-10-21 23:30:27 --> array_push(): Argument #1 ($array) must be of type array, null given
in APPPATH/Views/blt/perhitungan/index.php on line 23.
 1 APPPATH/Views/blt/perhitungan/index.php(23): array_push()
 2 SYSTEMPATH/View/View.php(213): include('APPPATH/Views/blt/perhitungan/index.php')
 3 SYSTEMPATH/View/View.php(216): CodeIgniter\View\View->CodeIgniter\View\{closure}()
 4 SYSTEMPATH/Common.php(1142): CodeIgniter\View\View->render()
 5 APPPATH/Controllers/Blt/Perhitungan.php(39): view()
 6 SYSTEMPATH/CodeIgniter.php(902): App\Controllers\Blt\Perhitungan->getIndex()
 7 SYSTEMPATH/CodeIgniter.php(457): CodeIgniter\CodeIgniter->runController()
 8 SYSTEMPATH/CodeIgniter.php(340): CodeIgniter\CodeIgniter->handleRequest()
 9 FCPATH/index.php(67): CodeIgniter\CodeIgniter->run()
10 SYSTEMPATH/Commands/Server/rewrite.php(46): require_once('FCPATH/index.php')
CRITICAL - 2022-10-21 23:30:55 --> array_push(): Argument #1 ($array) must be of type array, null given
in APPPATH/Views/blt/perhitungan/index.php on line 23.
 1 APPPATH/Views/blt/perhitungan/index.php(23): array_push()
 2 SYSTEMPATH/View/View.php(213): include('APPPATH/Views/blt/perhitungan/index.php')
 3 SYSTEMPATH/View/View.php(216): CodeIgniter\View\View->CodeIgniter\View\{closure}()
 4 SYSTEMPATH/Common.php(1142): CodeIgniter\View\View->render()
 5 APPPATH/Controllers/Blt/Perhitungan.php(39): view()
 6 SYSTEMPATH/CodeIgniter.php(902): App\Controllers\Blt\Perhitungan->getIndex()
 7 SYSTEMPATH/CodeIgniter.php(457): CodeIgniter\CodeIgniter->runController()
 8 SYSTEMPATH/CodeIgniter.php(340): CodeIgniter\CodeIgniter->handleRequest()
 9 FCPATH/index.php(67): CodeIgniter\CodeIgniter->run()
10 SYSTEMPATH/Commands/Server/rewrite.php(46): require_once('FCPATH/index.php')
CRITICAL - 2022-10-21 23:31:39 --> Undefined array key "data"
in APPPATH/Views/blt/perhitungan/index.php on line 23.
 1 APPPATH/Views/blt/perhitungan/index.php(23): CodeIgniter\Debug\Exceptions->errorHandler()
 2 SYSTEMPATH/View/View.php(213): include('APPPATH/Views/blt/perhitungan/index.php')
 3 SYSTEMPATH/View/View.php(216): CodeIgniter\View\View->CodeIgniter\View\{closure}()
 4 SYSTEMPATH/Common.php(1142): CodeIgniter\View\View->render()
 5 APPPATH/Controllers/Blt/Perhitungan.php(39): view()
 6 SYSTEMPATH/CodeIgniter.php(902): App\Controllers\Blt\Perhitungan->getIndex()
 7 SYSTEMPATH/CodeIgniter.php(457): CodeIgniter\CodeIgniter->runController()
 8 SYSTEMPATH/CodeIgniter.php(340): CodeIgniter\CodeIgniter->handleRequest()
 9 FCPATH/index.php(67): CodeIgniter\CodeIgniter->run()
10 SYSTEMPATH/Commands/Server/rewrite.php(46): require_once('FCPATH/index.php')
CRITICAL - 2022-10-21 23:38:49 --> array_push(): Argument #1 ($array) must be of type array, null given
in APPPATH/Views/blt/perhitungan/index.php on line 27.
 1 APPPATH/Views/blt/perhitungan/index.php(27): array_push()
 2 SYSTEMPATH/View/View.php(213): include('APPPATH/Views/blt/perhitungan/index.php')
 3 SYSTEMPATH/View/View.php(216): CodeIgniter\View\View->CodeIgniter\View\{closure}()
 4 SYSTEMPATH/Common.php(1142): CodeIgniter\View\View->render()
 5 APPPATH/Controllers/Blt/Perhitungan.php(39): view()
 6 SYSTEMPATH/CodeIgniter.php(902): App\Controllers\Blt\Perhitungan->getIndex()
 7 SYSTEMPATH/CodeIgniter.php(457): CodeIgniter\CodeIgniter->runController()
 8 SYSTEMPATH/CodeIgniter.php(340): CodeIgniter\CodeIgniter->handleRequest()
 9 FCPATH/index.php(67): CodeIgniter\CodeIgniter->run()
10 SYSTEMPATH/Commands/Server/rewrite.php(46): require_once('FCPATH/index.php')
CRITICAL - 2022-10-21 23:46:08 --> Undefined variable $ds
in APPPATH/Views/blt/perhitungan/index.php on line 28.
 1 APPPATH/Views/blt/perhitungan/index.php(28): CodeIgniter\Debug\Exceptions->errorHandler()
 2 SYSTEMPATH/View/View.php(213): include('APPPATH/Views/blt/perhitungan/index.php')
 3 SYSTEMPATH/View/View.php(216): CodeIgniter\View\View->CodeIgniter\View\{closure}()
 4 SYSTEMPATH/Common.php(1142): CodeIgniter\View\View->render()
 5 APPPATH/Controllers/Blt/Perhitungan.php(39): view()
 6 SYSTEMPATH/CodeIgniter.php(902): App\Controllers\Blt\Perhitungan->getIndex()
 7 SYSTEMPATH/CodeIgniter.php(457): CodeIgniter\CodeIgniter->runController()
 8 SYSTEMPATH/CodeIgniter.php(340): CodeIgniter\CodeIgniter->handleRequest()
 9 FCPATH/index.php(67): CodeIgniter\CodeIgniter->run()
10 SYSTEMPATH/Commands/Server/rewrite.php(46): require_once('FCPATH/index.php')
