ERROR - 2022-11-05 04:02:59 --> Error connecting to the database: mysqli_sql_exception: Access denied for user 'phpmyadmin'@'localhost' (using password: YES) in /media/homenet/Data/Mini Project/spk-pkh/system/Database/MySQLi/Connection.php:171
Stack trace:
#0 /media/homenet/Data/Mini Project/spk-pkh/system/Database/MySQLi/Connection.php(171): mysqli->real_connect()
#1 /media/homenet/Data/Mini Project/spk-pkh/system/Database/BaseConnection.php(382): CodeIgniter\Database\MySQLi\Connection->connect()
#2 /media/homenet/Data/Mini Project/spk-pkh/system/Database/BaseConnection.php(588): CodeIgniter\Database\BaseConnection->initialize()
#3 /media/homenet/Data/Mini Project/spk-pkh/system/Database/BaseBuilder.php(1585): CodeIgniter\Database\BaseConnection->query()
#4 /media/homenet/Data/Mini Project/spk-pkh/system/Model.php(223): CodeIgniter\Database\BaseBuilder->get()
#5 /media/homenet/Data/Mini Project/spk-pkh/system/BaseModel.php(584): CodeIgniter\Model->doFindAll()
#6 /media/homenet/Data/Mini Project/spk-pkh/app/Controllers/Penduduk.php(30): CodeIgniter\BaseModel->findAll()
#7 /media/homenet/Data/Mini Project/spk-pkh/system/CodeIgniter.php(902): App\Controllers\Penduduk->table()
#8 /media/homenet/Data/Mini Project/spk-pkh/system/CodeIgniter.php(457): CodeIgniter\CodeIgniter->runController()
#9 /media/homenet/Data/Mini Project/spk-pkh/system/CodeIgniter.php(340): CodeIgniter\CodeIgniter->handleRequest()
#10 /media/homenet/Data/Mini Project/spk-pkh/public/index.php(67): CodeIgniter\CodeIgniter->run()
#11 /media/homenet/Data/Mini Project/spk-pkh/system/Commands/Server/rewrite.php(46): require_once('...')
#12 {main}

Next CodeIgniter\Database\Exceptions\DatabaseException: Access denied for user '****'@'localhost' (using password: YES) in /media/homenet/Data/Mini Project/spk-pkh/system/Database/MySQLi/Connection.php:215
Stack trace:
#0 /media/homenet/Data/Mini Project/spk-pkh/system/Database/BaseConnection.php(382): CodeIgniter\Database\MySQLi\Connection->connect()
#1 /media/homenet/Data/Mini Project/spk-pkh/system/Database/BaseConnection.php(588): CodeIgniter\Database\BaseConnection->initialize()
#2 /media/homenet/Data/Mini Project/spk-pkh/system/Database/BaseBuilder.php(1585): CodeIgniter\Database\BaseConnection->query()
#3 /media/homenet/Data/Mini Project/spk-pkh/system/Model.php(223): CodeIgniter\Database\BaseBuilder->get()
#4 /media/homenet/Data/Mini Project/spk-pkh/system/BaseModel.php(584): CodeIgniter\Model->doFindAll()
#5 /media/homenet/Data/Mini Project/spk-pkh/app/Controllers/Penduduk.php(30): CodeIgniter\BaseModel->findAll()
#6 /media/homenet/Data/Mini Project/spk-pkh/system/CodeIgniter.php(902): App\Controllers\Penduduk->table()
#7 /media/homenet/Data/Mini Project/spk-pkh/system/CodeIgniter.php(457): CodeIgniter\CodeIgniter->runController()
#8 /media/homenet/Data/Mini Project/spk-pkh/system/CodeIgniter.php(340): CodeIgniter\CodeIgniter->handleRequest()
#9 /media/homenet/Data/Mini Project/spk-pkh/public/index.php(67): CodeIgniter\CodeIgniter->run()
#10 /media/homenet/Data/Mini Project/spk-pkh/system/Commands/Server/rewrite.php(46): require_once('...')
#11 {main}
CRITICAL - 2022-11-05 04:02:59 --> Unable to connect to the database.
Main connection [MySQLi]: Access denied for user '****'@'localhost' (using password: YES)
in SYSTEMPATH/Database/BaseConnection.php on line 418.
 1 SYSTEMPATH/Database/BaseConnection.php(588): CodeIgniter\Database\BaseConnection->initialize()
 2 SYSTEMPATH/Database/BaseBuilder.php(1585): CodeIgniter\Database\BaseConnection->query()
 3 SYSTEMPATH/Model.php(223): CodeIgniter\Database\BaseBuilder->get()
 4 SYSTEMPATH/BaseModel.php(584): CodeIgniter\Model->doFindAll()
 5 APPPATH/Controllers/Penduduk.php(30): CodeIgniter\BaseModel->findAll()
 6 SYSTEMPATH/CodeIgniter.php(902): App\Controllers\Penduduk->table()
 7 SYSTEMPATH/CodeIgniter.php(457): CodeIgniter\CodeIgniter->runController()
 8 SYSTEMPATH/CodeIgniter.php(340): CodeIgniter\CodeIgniter->handleRequest()
 9 FCPATH/index.php(67): CodeIgniter\CodeIgniter->run()
10 SYSTEMPATH/Commands/Server/rewrite.php(46): require_once('FCPATH/index.php')
ERROR - 2022-11-05 04:03:02 --> Error connecting to the database: mysqli_sql_exception: Access denied for user 'phpmyadmin'@'localhost' (using password: YES) in /media/homenet/Data/Mini Project/spk-pkh/system/Database/MySQLi/Connection.php:171
Stack trace:
#0 /media/homenet/Data/Mini Project/spk-pkh/system/Database/MySQLi/Connection.php(171): mysqli->real_connect()
#1 /media/homenet/Data/Mini Project/spk-pkh/system/Database/BaseConnection.php(382): CodeIgniter\Database\MySQLi\Connection->connect()
#2 /media/homenet/Data/Mini Project/spk-pkh/system/Database/BaseConnection.php(588): CodeIgniter\Database\BaseConnection->initialize()
#3 /media/homenet/Data/Mini Project/spk-pkh/system/Database/BaseBuilder.php(1585): CodeIgniter\Database\BaseConnection->query()
#4 /media/homenet/Data/Mini Project/spk-pkh/system/Model.php(223): CodeIgniter\Database\BaseBuilder->get()
#5 /media/homenet/Data/Mini Project/spk-pkh/system/BaseModel.php(584): CodeIgniter\Model->doFindAll()
#6 /media/homenet/Data/Mini Project/spk-pkh/app/Controllers/Penduduk.php(30): CodeIgniter\BaseModel->findAll()
#7 /media/homenet/Data/Mini Project/spk-pkh/system/CodeIgniter.php(902): App\Controllers\Penduduk->table()
#8 /media/homenet/Data/Mini Project/spk-pkh/system/CodeIgniter.php(457): CodeIgniter\CodeIgniter->runController()
#9 /media/homenet/Data/Mini Project/spk-pkh/system/CodeIgniter.php(340): CodeIgniter\CodeIgniter->handleRequest()
#10 /media/homenet/Data/Mini Project/spk-pkh/public/index.php(67): CodeIgniter\CodeIgniter->run()
#11 /media/homenet/Data/Mini Project/spk-pkh/system/Commands/Server/rewrite.php(46): require_once('...')
#12 {main}

Next CodeIgniter\Database\Exceptions\DatabaseException: Access denied for user '****'@'localhost' (using password: YES) in /media/homenet/Data/Mini Project/spk-pkh/system/Database/MySQLi/Connection.php:215
Stack trace:
#0 /media/homenet/Data/Mini Project/spk-pkh/system/Database/BaseConnection.php(382): CodeIgniter\Database\MySQLi\Connection->connect()
#1 /media/homenet/Data/Mini Project/spk-pkh/system/Database/BaseConnection.php(588): CodeIgniter\Database\BaseConnection->initialize()
#2 /media/homenet/Data/Mini Project/spk-pkh/system/Database/BaseBuilder.php(1585): CodeIgniter\Database\BaseConnection->query()
#3 /media/homenet/Data/Mini Project/spk-pkh/system/Model.php(223): CodeIgniter\Database\BaseBuilder->get()
#4 /media/homenet/Data/Mini Project/spk-pkh/system/BaseModel.php(584): CodeIgniter\Model->doFindAll()
#5 /media/homenet/Data/Mini Project/spk-pkh/app/Controllers/Penduduk.php(30): CodeIgniter\BaseModel->findAll()
#6 /media/homenet/Data/Mini Project/spk-pkh/system/CodeIgniter.php(902): App\Controllers\Penduduk->table()
#7 /media/homenet/Data/Mini Project/spk-pkh/system/CodeIgniter.php(457): CodeIgniter\CodeIgniter->runController()
#8 /media/homenet/Data/Mini Project/spk-pkh/system/CodeIgniter.php(340): CodeIgniter\CodeIgniter->handleRequest()
#9 /media/homenet/Data/Mini Project/spk-pkh/public/index.php(67): CodeIgniter\CodeIgniter->run()
#10 /media/homenet/Data/Mini Project/spk-pkh/system/Commands/Server/rewrite.php(46): require_once('...')
#11 {main}
CRITICAL - 2022-11-05 04:03:02 --> Unable to connect to the database.
Main connection [MySQLi]: Access denied for user '****'@'localhost' (using password: YES)
in SYSTEMPATH/Database/BaseConnection.php on line 418.
 1 SYSTEMPATH/Database/BaseConnection.php(588): CodeIgniter\Database\BaseConnection->initialize()
 2 SYSTEMPATH/Database/BaseBuilder.php(1585): CodeIgniter\Database\BaseConnection->query()
 3 SYSTEMPATH/Model.php(223): CodeIgniter\Database\BaseBuilder->get()
 4 SYSTEMPATH/BaseModel.php(584): CodeIgniter\Model->doFindAll()
 5 APPPATH/Controllers/Penduduk.php(30): CodeIgniter\BaseModel->findAll()
 6 SYSTEMPATH/CodeIgniter.php(902): App\Controllers\Penduduk->table()
 7 SYSTEMPATH/CodeIgniter.php(457): CodeIgniter\CodeIgniter->runController()
 8 SYSTEMPATH/CodeIgniter.php(340): CodeIgniter\CodeIgniter->handleRequest()
 9 FCPATH/index.php(67): CodeIgniter\CodeIgniter->run()
10 SYSTEMPATH/Commands/Server/rewrite.php(46): require_once('FCPATH/index.php')
ERROR - 2022-11-05 04:03:04 --> Error connecting to the database: mysqli_sql_exception: Access denied for user 'phpmyadmin'@'localhost' (using password: YES) in /media/homenet/Data/Mini Project/spk-pkh/system/Database/MySQLi/Connection.php:171
Stack trace:
#0 /media/homenet/Data/Mini Project/spk-pkh/system/Database/MySQLi/Connection.php(171): mysqli->real_connect()
#1 /media/homenet/Data/Mini Project/spk-pkh/system/Database/BaseConnection.php(382): CodeIgniter\Database\MySQLi\Connection->connect()
#2 /media/homenet/Data/Mini Project/spk-pkh/system/Database/BaseConnection.php(588): CodeIgniter\Database\BaseConnection->initialize()
#3 /media/homenet/Data/Mini Project/spk-pkh/system/Database/BaseBuilder.php(1669): CodeIgniter\Database\BaseConnection->query()
#4 /media/homenet/Data/Mini Project/spk-pkh/system/Model.php(551): CodeIgniter\Database\BaseBuilder->countAllResults()
#5 /media/homenet/Data/Mini Project/spk-pkh/app/Controllers/Keputusan.php(21): CodeIgniter\Model->countAllResults()
#6 /media/homenet/Data/Mini Project/spk-pkh/system/CodeIgniter.php(864): App\Controllers\Keputusan->__construct()
#7 /media/homenet/Data/Mini Project/spk-pkh/system/CodeIgniter.php(448): CodeIgniter\CodeIgniter->createController()
#8 /media/homenet/Data/Mini Project/spk-pkh/system/CodeIgniter.php(340): CodeIgniter\CodeIgniter->handleRequest()
#9 /media/homenet/Data/Mini Project/spk-pkh/public/index.php(67): CodeIgniter\CodeIgniter->run()
#10 /media/homenet/Data/Mini Project/spk-pkh/system/Commands/Server/rewrite.php(46): require_once('...')
#11 {main}

Next CodeIgniter\Database\Exceptions\DatabaseException: Access denied for user '****'@'localhost' (using password: YES) in /media/homenet/Data/Mini Project/spk-pkh/system/Database/MySQLi/Connection.php:215
Stack trace:
#0 /media/homenet/Data/Mini Project/spk-pkh/system/Database/BaseConnection.php(382): CodeIgniter\Database\MySQLi\Connection->connect()
#1 /media/homenet/Data/Mini Project/spk-pkh/system/Database/BaseConnection.php(588): CodeIgniter\Database\BaseConnection->initialize()
#2 /media/homenet/Data/Mini Project/spk-pkh/system/Database/BaseBuilder.php(1669): CodeIgniter\Database\BaseConnection->query()
#3 /media/homenet/Data/Mini Project/spk-pkh/system/Model.php(551): CodeIgniter\Database\BaseBuilder->countAllResults()
#4 /media/homenet/Data/Mini Project/spk-pkh/app/Controllers/Keputusan.php(21): CodeIgniter\Model->countAllResults()
#5 /media/homenet/Data/Mini Project/spk-pkh/system/CodeIgniter.php(864): App\Controllers\Keputusan->__construct()
#6 /media/homenet/Data/Mini Project/spk-pkh/system/CodeIgniter.php(448): CodeIgniter\CodeIgniter->createController()
#7 /media/homenet/Data/Mini Project/spk-pkh/system/CodeIgniter.php(340): CodeIgniter\CodeIgniter->handleRequest()
#8 /media/homenet/Data/Mini Project/spk-pkh/public/index.php(67): CodeIgniter\CodeIgniter->run()
#9 /media/homenet/Data/Mini Project/spk-pkh/system/Commands/Server/rewrite.php(46): require_once('...')
#10 {main}
CRITICAL - 2022-11-05 04:03:04 --> Unable to connect to the database.
Main connection [MySQLi]: Access denied for user '****'@'localhost' (using password: YES)
in SYSTEMPATH/Database/BaseConnection.php on line 418.
 1 SYSTEMPATH/Database/BaseConnection.php(588): CodeIgniter\Database\BaseConnection->initialize()
 2 SYSTEMPATH/Database/BaseBuilder.php(1669): CodeIgniter\Database\BaseConnection->query()
 3 SYSTEMPATH/Model.php(551): CodeIgniter\Database\BaseBuilder->countAllResults()
 4 APPPATH/Controllers/Keputusan.php(21): CodeIgniter\Model->countAllResults()
 5 SYSTEMPATH/CodeIgniter.php(864): App\Controllers\Keputusan->__construct()
 6 SYSTEMPATH/CodeIgniter.php(448): CodeIgniter\CodeIgniter->createController()
 7 SYSTEMPATH/CodeIgniter.php(340): CodeIgniter\CodeIgniter->handleRequest()
 8 FCPATH/index.php(67): CodeIgniter\CodeIgniter->run()
 9 SYSTEMPATH/Commands/Server/rewrite.php(46): require_once('FCPATH/index.php')
ERROR - 2022-11-05 04:03:08 --> Error connecting to the database: mysqli_sql_exception: Access denied for user 'phpmyadmin'@'localhost' (using password: YES) in /media/homenet/Data/Mini Project/spk-pkh/system/Database/MySQLi/Connection.php:171
Stack trace:
#0 /media/homenet/Data/Mini Project/spk-pkh/system/Database/MySQLi/Connection.php(171): mysqli->real_connect()
#1 /media/homenet/Data/Mini Project/spk-pkh/system/Database/BaseConnection.php(382): CodeIgniter\Database\MySQLi\Connection->connect()
#2 /media/homenet/Data/Mini Project/spk-pkh/system/Database/BaseConnection.php(588): CodeIgniter\Database\BaseConnection->initialize()
#3 /media/homenet/Data/Mini Project/spk-pkh/system/Database/BaseBuilder.php(1585): CodeIgniter\Database\BaseConnection->query()
#4 /media/homenet/Data/Mini Project/spk-pkh/system/Model.php(223): CodeIgniter\Database\BaseBuilder->get()
#5 /media/homenet/Data/Mini Project/spk-pkh/system/BaseModel.php(584): CodeIgniter\Model->doFindAll()
#6 /media/homenet/Data/Mini Project/spk-pkh/app/Controllers/Penduduk.php(30): CodeIgniter\BaseModel->findAll()
#7 /media/homenet/Data/Mini Project/spk-pkh/system/CodeIgniter.php(902): App\Controllers\Penduduk->table()
#8 /media/homenet/Data/Mini Project/spk-pkh/system/CodeIgniter.php(457): CodeIgniter\CodeIgniter->runController()
#9 /media/homenet/Data/Mini Project/spk-pkh/system/CodeIgniter.php(340): CodeIgniter\CodeIgniter->handleRequest()
#10 /media/homenet/Data/Mini Project/spk-pkh/public/index.php(67): CodeIgniter\CodeIgniter->run()
#11 /media/homenet/Data/Mini Project/spk-pkh/system/Commands/Server/rewrite.php(46): require_once('...')
#12 {main}

Next CodeIgniter\Database\Exceptions\DatabaseException: Access denied for user '****'@'localhost' (using password: YES) in /media/homenet/Data/Mini Project/spk-pkh/system/Database/MySQLi/Connection.php:215
Stack trace:
#0 /media/homenet/Data/Mini Project/spk-pkh/system/Database/BaseConnection.php(382): CodeIgniter\Database\MySQLi\Connection->connect()
#1 /media/homenet/Data/Mini Project/spk-pkh/system/Database/BaseConnection.php(588): CodeIgniter\Database\BaseConnection->initialize()
#2 /media/homenet/Data/Mini Project/spk-pkh/system/Database/BaseBuilder.php(1585): CodeIgniter\Database\BaseConnection->query()
#3 /media/homenet/Data/Mini Project/spk-pkh/system/Model.php(223): CodeIgniter\Database\BaseBuilder->get()
#4 /media/homenet/Data/Mini Project/spk-pkh/system/BaseModel.php(584): CodeIgniter\Model->doFindAll()
#5 /media/homenet/Data/Mini Project/spk-pkh/app/Controllers/Penduduk.php(30): CodeIgniter\BaseModel->findAll()
#6 /media/homenet/Data/Mini Project/spk-pkh/system/CodeIgniter.php(902): App\Controllers\Penduduk->table()
#7 /media/homenet/Data/Mini Project/spk-pkh/system/CodeIgniter.php(457): CodeIgniter\CodeIgniter->runController()
#8 /media/homenet/Data/Mini Project/spk-pkh/system/CodeIgniter.php(340): CodeIgniter\CodeIgniter->handleRequest()
#9 /media/homenet/Data/Mini Project/spk-pkh/public/index.php(67): CodeIgniter\CodeIgniter->run()
#10 /media/homenet/Data/Mini Project/spk-pkh/system/Commands/Server/rewrite.php(46): require_once('...')
#11 {main}
CRITICAL - 2022-11-05 04:03:08 --> Unable to connect to the database.
Main connection [MySQLi]: Access denied for user '****'@'localhost' (using password: YES)
in SYSTEMPATH/Database/BaseConnection.php on line 418.
 1 SYSTEMPATH/Database/BaseConnection.php(588): CodeIgniter\Database\BaseConnection->initialize()
 2 SYSTEMPATH/Database/BaseBuilder.php(1585): CodeIgniter\Database\BaseConnection->query()
 3 SYSTEMPATH/Model.php(223): CodeIgniter\Database\BaseBuilder->get()
 4 SYSTEMPATH/BaseModel.php(584): CodeIgniter\Model->doFindAll()
 5 APPPATH/Controllers/Penduduk.php(30): CodeIgniter\BaseModel->findAll()
 6 SYSTEMPATH/CodeIgniter.php(902): App\Controllers\Penduduk->table()
 7 SYSTEMPATH/CodeIgniter.php(457): CodeIgniter\CodeIgniter->runController()
 8 SYSTEMPATH/CodeIgniter.php(340): CodeIgniter\CodeIgniter->handleRequest()
 9 FCPATH/index.php(67): CodeIgniter\CodeIgniter->run()
10 SYSTEMPATH/Commands/Server/rewrite.php(46): require_once('FCPATH/index.php')
ERROR - 2022-11-05 04:04:57 --> Error connecting to the database: mysqli_sql_exception: Access denied for user 'phpmyadmin'@'localhost' (using password: YES) in /media/homenet/Data/Mini Project/spk-pkh/system/Database/MySQLi/Connection.php:171
Stack trace:
#0 /media/homenet/Data/Mini Project/spk-pkh/system/Database/MySQLi/Connection.php(171): mysqli->real_connect()
#1 /media/homenet/Data/Mini Project/spk-pkh/system/Database/BaseConnection.php(382): CodeIgniter\Database\MySQLi\Connection->connect()
#2 /media/homenet/Data/Mini Project/spk-pkh/system/Database/Database.php(67): CodeIgniter\Database\BaseConnection->initialize()
#3 /media/homenet/Data/Mini Project/spk-pkh/system/Database/Config.php(105): CodeIgniter\Database\Database->loadForge()
#4 /media/homenet/Data/Mini Project/spk-pkh/system/Commands/Database/CreateDatabase.php(137): CodeIgniter\Database\Config::forge()
#5 /media/homenet/Data/Mini Project/spk-pkh/system/CLI/Commands.php(63): CodeIgniter\Commands\Database\CreateDatabase->run()
#6 /media/homenet/Data/Mini Project/spk-pkh/system/CLI/CommandRunner.php(65): CodeIgniter\CLI\Commands->run()
#7 /media/homenet/Data/Mini Project/spk-pkh/system/CLI/CommandRunner.php(51): CodeIgniter\CLI\CommandRunner->index()
#8 /media/homenet/Data/Mini Project/spk-pkh/system/CodeIgniter.php(895): CodeIgniter\CLI\CommandRunner->_remap()
#9 /media/homenet/Data/Mini Project/spk-pkh/system/CodeIgniter.php(457): CodeIgniter\CodeIgniter->runController()
#10 /media/homenet/Data/Mini Project/spk-pkh/system/CodeIgniter.php(336): CodeIgniter\CodeIgniter->handleRequest()
#11 /media/homenet/Data/Mini Project/spk-pkh/system/CLI/Console.php(48): CodeIgniter\CodeIgniter->run()
#12 /media/homenet/Data/Mini Project/spk-pkh/spark(98): CodeIgniter\CLI\Console->run()
#13 {main}

Next CodeIgniter\Database\Exceptions\DatabaseException: Access denied for user '****'@'localhost' (using password: YES) in /media/homenet/Data/Mini Project/spk-pkh/system/Database/MySQLi/Connection.php:215
Stack trace:
#0 /media/homenet/Data/Mini Project/spk-pkh/system/Database/BaseConnection.php(382): CodeIgniter\Database\MySQLi\Connection->connect()
#1 /media/homenet/Data/Mini Project/spk-pkh/system/Database/Database.php(67): CodeIgniter\Database\BaseConnection->initialize()
#2 /media/homenet/Data/Mini Project/spk-pkh/system/Database/Config.php(105): CodeIgniter\Database\Database->loadForge()
#3 /media/homenet/Data/Mini Project/spk-pkh/system/Commands/Database/CreateDatabase.php(137): CodeIgniter\Database\Config::forge()
#4 /media/homenet/Data/Mini Project/spk-pkh/system/CLI/Commands.php(63): CodeIgniter\Commands\Database\CreateDatabase->run()
#5 /media/homenet/Data/Mini Project/spk-pkh/system/CLI/CommandRunner.php(65): CodeIgniter\CLI\Commands->run()
#6 /media/homenet/Data/Mini Project/spk-pkh/system/CLI/CommandRunner.php(51): CodeIgniter\CLI\CommandRunner->index()
#7 /media/homenet/Data/Mini Project/spk-pkh/system/CodeIgniter.php(895): CodeIgniter\CLI\CommandRunner->_remap()
#8 /media/homenet/Data/Mini Project/spk-pkh/system/CodeIgniter.php(457): CodeIgniter\CodeIgniter->runController()
#9 /media/homenet/Data/Mini Project/spk-pkh/system/CodeIgniter.php(336): CodeIgniter\CodeIgniter->handleRequest()
#10 /media/homenet/Data/Mini Project/spk-pkh/system/CLI/Console.php(48): CodeIgniter\CodeIgniter->run()
#11 /media/homenet/Data/Mini Project/spk-pkh/spark(98): CodeIgniter\CLI\Console->run()
#12 {main}
ERROR - 2022-11-05 04:05:17 --> Error connecting to the database: mysqli_sql_exception: Access denied for user 'phpmyadmin'@'localhost' (using password: YES) in /media/homenet/Data/Mini Project/spk-pkh/system/Database/MySQLi/Connection.php:171
Stack trace:
#0 /media/homenet/Data/Mini Project/spk-pkh/system/Database/MySQLi/Connection.php(171): mysqli->real_connect()
#1 /media/homenet/Data/Mini Project/spk-pkh/system/Database/BaseConnection.php(382): CodeIgniter\Database\MySQLi\Connection->connect()
#2 /media/homenet/Data/Mini Project/spk-pkh/system/Database/BaseConnection.php(588): CodeIgniter\Database\BaseConnection->initialize()
#3 /media/homenet/Data/Mini Project/spk-pkh/system/Database/BaseBuilder.php(1585): CodeIgniter\Database\BaseConnection->query()
#4 /media/homenet/Data/Mini Project/spk-pkh/system/Model.php(223): CodeIgniter\Database\BaseBuilder->get()
#5 /media/homenet/Data/Mini Project/spk-pkh/system/BaseModel.php(584): CodeIgniter\Model->doFindAll()
#6 /media/homenet/Data/Mini Project/spk-pkh/app/Controllers/Penduduk.php(30): CodeIgniter\BaseModel->findAll()
#7 /media/homenet/Data/Mini Project/spk-pkh/system/CodeIgniter.php(902): App\Controllers\Penduduk->table()
#8 /media/homenet/Data/Mini Project/spk-pkh/system/CodeIgniter.php(457): CodeIgniter\CodeIgniter->runController()
#9 /media/homenet/Data/Mini Project/spk-pkh/system/CodeIgniter.php(340): CodeIgniter\CodeIgniter->handleRequest()
#10 /media/homenet/Data/Mini Project/spk-pkh/public/index.php(67): CodeIgniter\CodeIgniter->run()
#11 /media/homenet/Data/Mini Project/spk-pkh/system/Commands/Server/rewrite.php(46): require_once('...')
#12 {main}

Next CodeIgniter\Database\Exceptions\DatabaseException: Access denied for user '****'@'localhost' (using password: YES) in /media/homenet/Data/Mini Project/spk-pkh/system/Database/MySQLi/Connection.php:215
Stack trace:
#0 /media/homenet/Data/Mini Project/spk-pkh/system/Database/BaseConnection.php(382): CodeIgniter\Database\MySQLi\Connection->connect()
#1 /media/homenet/Data/Mini Project/spk-pkh/system/Database/BaseConnection.php(588): CodeIgniter\Database\BaseConnection->initialize()
#2 /media/homenet/Data/Mini Project/spk-pkh/system/Database/BaseBuilder.php(1585): CodeIgniter\Database\BaseConnection->query()
#3 /media/homenet/Data/Mini Project/spk-pkh/system/Model.php(223): CodeIgniter\Database\BaseBuilder->get()
#4 /media/homenet/Data/Mini Project/spk-pkh/system/BaseModel.php(584): CodeIgniter\Model->doFindAll()
#5 /media/homenet/Data/Mini Project/spk-pkh/app/Controllers/Penduduk.php(30): CodeIgniter\BaseModel->findAll()
#6 /media/homenet/Data/Mini Project/spk-pkh/system/CodeIgniter.php(902): App\Controllers\Penduduk->table()
#7 /media/homenet/Data/Mini Project/spk-pkh/system/CodeIgniter.php(457): CodeIgniter\CodeIgniter->runController()
#8 /media/homenet/Data/Mini Project/spk-pkh/system/CodeIgniter.php(340): CodeIgniter\CodeIgniter->handleRequest()
#9 /media/homenet/Data/Mini Project/spk-pkh/public/index.php(67): CodeIgniter\CodeIgniter->run()
#10 /media/homenet/Data/Mini Project/spk-pkh/system/Commands/Server/rewrite.php(46): require_once('...')
#11 {main}
CRITICAL - 2022-11-05 04:05:17 --> Unable to connect to the database.
Main connection [MySQLi]: Access denied for user '****'@'localhost' (using password: YES)
in SYSTEMPATH/Database/BaseConnection.php on line 418.
 1 SYSTEMPATH/Database/BaseConnection.php(588): CodeIgniter\Database\BaseConnection->initialize()
 2 SYSTEMPATH/Database/BaseBuilder.php(1585): CodeIgniter\Database\BaseConnection->query()
 3 SYSTEMPATH/Model.php(223): CodeIgniter\Database\BaseBuilder->get()
 4 SYSTEMPATH/BaseModel.php(584): CodeIgniter\Model->doFindAll()
 5 APPPATH/Controllers/Penduduk.php(30): CodeIgniter\BaseModel->findAll()
 6 SYSTEMPATH/CodeIgniter.php(902): App\Controllers\Penduduk->table()
 7 SYSTEMPATH/CodeIgniter.php(457): CodeIgniter\CodeIgniter->runController()
 8 SYSTEMPATH/CodeIgniter.php(340): CodeIgniter\CodeIgniter->handleRequest()
 9 FCPATH/index.php(67): CodeIgniter\CodeIgniter->run()
10 SYSTEMPATH/Commands/Server/rewrite.php(46): require_once('FCPATH/index.php')
CRITICAL - 2022-11-05 04:59:28 --> Undefined variable $url
in APPPATH/Views/temp/layout/sidebar.php on line 46.
 1 APPPATH/Views/temp/layout/sidebar.php(46): CodeIgniter\Debug\Exceptions->errorHandler()
 2 SYSTEMPATH/View/View.php(213): include('APPPATH/Views/temp/layout/sidebar.php')
 3 SYSTEMPATH/View/View.php(216): CodeIgniter\View\View->CodeIgniter\View\{closure}()
 4 SYSTEMPATH/View/View.php(429): CodeIgniter\View\View->render()
 5 APPPATH/Views/temp/index.php(14): CodeIgniter\View\View->include()
 6 SYSTEMPATH/View/View.php(213): include('APPPATH/Views/temp/index.php')
 7 SYSTEMPATH/View/View.php(216): CodeIgniter\View\View->CodeIgniter\View\{closure}()
 8 SYSTEMPATH/View/View.php(229): CodeIgniter\View\View->render()
 9 SYSTEMPATH/Common.php(1142): CodeIgniter\View\View->render()
10 APPPATH/Controllers/Perhitungan.php(38): view()
11 SYSTEMPATH/CodeIgniter.php(902): App\Controllers\Perhitungan->index()
12 SYSTEMPATH/CodeIgniter.php(457): CodeIgniter\CodeIgniter->runController()
13 SYSTEMPATH/CodeIgniter.php(340): CodeIgniter\CodeIgniter->handleRequest()
14 FCPATH/index.php(67): CodeIgniter\CodeIgniter->run()
15 SYSTEMPATH/Commands/Server/rewrite.php(46): require_once('FCPATH/index.php')
CRITICAL - 2022-11-05 04:59:34 --> Undefined variable $url
in APPPATH/Views/temp/layout/sidebar.php on line 46.
 1 APPPATH/Views/temp/layout/sidebar.php(46): CodeIgniter\Debug\Exceptions->errorHandler()
 2 SYSTEMPATH/View/View.php(213): include('APPPATH/Views/temp/layout/sidebar.php')
 3 SYSTEMPATH/View/View.php(216): CodeIgniter\View\View->CodeIgniter\View\{closure}()
 4 SYSTEMPATH/View/View.php(429): CodeIgniter\View\View->render()
 5 APPPATH/Views/temp/index.php(14): CodeIgniter\View\View->include()
 6 SYSTEMPATH/View/View.php(213): include('APPPATH/Views/temp/index.php')
 7 SYSTEMPATH/View/View.php(216): CodeIgniter\View\View->CodeIgniter\View\{closure}()
 8 SYSTEMPATH/View/View.php(229): CodeIgniter\View\View->render()
 9 SYSTEMPATH/Common.php(1142): CodeIgniter\View\View->render()
10 APPPATH/Controllers/Keputusan.php(33): view()
11 SYSTEMPATH/CodeIgniter.php(902): App\Controllers\Keputusan->index()
12 SYSTEMPATH/CodeIgniter.php(457): CodeIgniter\CodeIgniter->runController()
13 SYSTEMPATH/CodeIgniter.php(340): CodeIgniter\CodeIgniter->handleRequest()
14 FCPATH/index.php(67): CodeIgniter\CodeIgniter->run()
15 SYSTEMPATH/Commands/Server/rewrite.php(46): require_once('FCPATH/index.php')
CRITICAL - 2022-11-05 05:27:46 --> Undefined variable $url
in APPPATH/Views/temp/layout/sidebar.php on line 46.
 1 APPPATH/Views/temp/layout/sidebar.php(46): CodeIgniter\Debug\Exceptions->errorHandler()
 2 SYSTEMPATH/View/View.php(213): include('APPPATH/Views/temp/layout/sidebar.php')
 3 SYSTEMPATH/View/View.php(216): CodeIgniter\View\View->CodeIgniter\View\{closure}()
 4 SYSTEMPATH/View/View.php(429): CodeIgniter\View\View->render()
 5 APPPATH/Views/temp/index.php(14): CodeIgniter\View\View->include()
 6 SYSTEMPATH/View/View.php(213): include('APPPATH/Views/temp/index.php')
 7 SYSTEMPATH/View/View.php(216): CodeIgniter\View\View->CodeIgniter\View\{closure}()
 8 SYSTEMPATH/View/View.php(229): CodeIgniter\View\View->render()
 9 SYSTEMPATH/Common.php(1142): CodeIgniter\View\View->render()
10 APPPATH/Controllers/Home.php(13): view()
11 SYSTEMPATH/CodeIgniter.php(902): App\Controllers\Home->Index()
12 SYSTEMPATH/CodeIgniter.php(457): CodeIgniter\CodeIgniter->runController()
13 SYSTEMPATH/CodeIgniter.php(340): CodeIgniter\CodeIgniter->handleRequest()
14 FCPATH/index.php(67): CodeIgniter\CodeIgniter->run()
15 SYSTEMPATH/Commands/Server/rewrite.php(46): require_once('FCPATH/index.php')
CRITICAL - 2022-11-05 05:28:54 --> Undefined variable $url
in APPPATH/Views/temp/layout/sidebar.php on line 46.
 1 APPPATH/Views/temp/layout/sidebar.php(46): CodeIgniter\Debug\Exceptions->errorHandler()
 2 SYSTEMPATH/View/View.php(213): include('APPPATH/Views/temp/layout/sidebar.php')
 3 SYSTEMPATH/View/View.php(216): CodeIgniter\View\View->CodeIgniter\View\{closure}()
 4 SYSTEMPATH/View/View.php(429): CodeIgniter\View\View->render()
 5 APPPATH/Views/temp/index.php(14): CodeIgniter\View\View->include()
 6 SYSTEMPATH/View/View.php(213): include('APPPATH/Views/temp/index.php')
 7 SYSTEMPATH/View/View.php(216): CodeIgniter\View\View->CodeIgniter\View\{closure}()
 8 SYSTEMPATH/View/View.php(229): CodeIgniter\View\View->render()
 9 SYSTEMPATH/Common.php(1142): CodeIgniter\View\View->render()
10 APPPATH/Controllers/Home.php(17): view()
11 SYSTEMPATH/CodeIgniter.php(902): App\Controllers\Home->Index()
12 SYSTEMPATH/CodeIgniter.php(457): CodeIgniter\CodeIgniter->runController()
13 SYSTEMPATH/CodeIgniter.php(340): CodeIgniter\CodeIgniter->handleRequest()
14 FCPATH/index.php(67): CodeIgniter\CodeIgniter->run()
15 SYSTEMPATH/Commands/Server/rewrite.php(46): require_once('FCPATH/index.php')
CRITICAL - 2022-11-05 05:31:02 --> Undefined variable $url
in APPPATH/Views/temp/layout/sidebar.php on line 46.
 1 APPPATH/Views/temp/layout/sidebar.php(46): CodeIgniter\Debug\Exceptions->errorHandler()
 2 SYSTEMPATH/View/View.php(213): include('APPPATH/Views/temp/layout/sidebar.php')
 3 SYSTEMPATH/View/View.php(216): CodeIgniter\View\View->CodeIgniter\View\{closure}()
 4 SYSTEMPATH/View/View.php(429): CodeIgniter\View\View->render()
 5 APPPATH/Views/temp/index.php(14): CodeIgniter\View\View->include()
 6 SYSTEMPATH/View/View.php(213): include('APPPATH/Views/temp/index.php')
 7 SYSTEMPATH/View/View.php(216): CodeIgniter\View\View->CodeIgniter\View\{closure}()
 8 SYSTEMPATH/View/View.php(229): CodeIgniter\View\View->render()
 9 SYSTEMPATH/Common.php(1142): CodeIgniter\View\View->render()
10 APPPATH/Controllers/Home.php(17): view()
11 SYSTEMPATH/CodeIgniter.php(902): App\Controllers\Home->Index()
12 SYSTEMPATH/CodeIgniter.php(457): CodeIgniter\CodeIgniter->runController()
13 SYSTEMPATH/CodeIgniter.php(340): CodeIgniter\CodeIgniter->handleRequest()
14 FCPATH/index.php(67): CodeIgniter\CodeIgniter->run()
15 SYSTEMPATH/Commands/Server/rewrite.php(46): require_once('FCPATH/index.php')
CRITICAL - 2022-11-05 08:43:40 --> Undefined variable $test
in APPPATH/Views/landing/index.php on line 49.
 1 APPPATH/Views/landing/index.php(49): CodeIgniter\Debug\Exceptions->errorHandler()
 2 SYSTEMPATH/View/View.php(213): include('APPPATH/Views/landing/index.php')
 3 SYSTEMPATH/View/View.php(216): CodeIgniter\View\View->CodeIgniter\View\{closure}()
 4 SYSTEMPATH/Common.php(1142): CodeIgniter\View\View->render()
 5 APPPATH/Controllers/Landing.php(12): view()
 6 SYSTEMPATH/CodeIgniter.php(902): App\Controllers\Landing->index()
 7 SYSTEMPATH/CodeIgniter.php(457): CodeIgniter\CodeIgniter->runController()
 8 SYSTEMPATH/CodeIgniter.php(340): CodeIgniter\CodeIgniter->handleRequest()
 9 FCPATH/index.php(67): CodeIgniter\CodeIgniter->run()
10 SYSTEMPATH/Commands/Server/rewrite.php(46): require_once('FCPATH/index.php')
ERROR - 2022-11-05 10:09:17 --> Error connecting to the database: mysqli_sql_exception: Access denied for user 'phpmyadmin'@'localhost' (using password: YES) in /mnt/work/Project/STIKI/Anisa/pkh/system/Database/MySQLi/Connection.php:171
Stack trace:
#0 /mnt/work/Project/STIKI/Anisa/pkh/system/Database/MySQLi/Connection.php(171): mysqli->real_connect()
#1 /mnt/work/Project/STIKI/Anisa/pkh/system/Database/BaseConnection.php(382): CodeIgniter\Database\MySQLi\Connection->connect()
#2 /mnt/work/Project/STIKI/Anisa/pkh/system/Database/BaseConnection.php(588): CodeIgniter\Database\BaseConnection->initialize()
#3 /mnt/work/Project/STIKI/Anisa/pkh/system/Database/BaseBuilder.php(1669): CodeIgniter\Database\BaseConnection->query()
#4 /mnt/work/Project/STIKI/Anisa/pkh/system/Model.php(551): CodeIgniter\Database\BaseBuilder->countAllResults()
#5 /mnt/work/Project/STIKI/Anisa/pkh/app/Controllers/Keputusan.php(21): CodeIgniter\Model->countAllResults()
#6 /mnt/work/Project/STIKI/Anisa/pkh/system/CodeIgniter.php(864): App\Controllers\Keputusan->__construct()
#7 /mnt/work/Project/STIKI/Anisa/pkh/system/CodeIgniter.php(448): CodeIgniter\CodeIgniter->createController()
#8 /mnt/work/Project/STIKI/Anisa/pkh/system/CodeIgniter.php(340): CodeIgniter\CodeIgniter->handleRequest()
#9 /mnt/work/Project/STIKI/Anisa/pkh/public/index.php(67): CodeIgniter\CodeIgniter->run()
#10 /mnt/work/Project/STIKI/Anisa/pkh/system/Commands/Server/rewrite.php(46): require_once('...')
#11 {main}

Next CodeIgniter\Database\Exceptions\DatabaseException: Access denied for user '****'@'localhost' (using password: YES) in /mnt/work/Project/STIKI/Anisa/pkh/system/Database/MySQLi/Connection.php:215
Stack trace:
#0 /mnt/work/Project/STIKI/Anisa/pkh/system/Database/BaseConnection.php(382): CodeIgniter\Database\MySQLi\Connection->connect()
#1 /mnt/work/Project/STIKI/Anisa/pkh/system/Database/BaseConnection.php(588): CodeIgniter\Database\BaseConnection->initialize()
#2 /mnt/work/Project/STIKI/Anisa/pkh/system/Database/BaseBuilder.php(1669): CodeIgniter\Database\BaseConnection->query()
#3 /mnt/work/Project/STIKI/Anisa/pkh/system/Model.php(551): CodeIgniter\Database\BaseBuilder->countAllResults()
#4 /mnt/work/Project/STIKI/Anisa/pkh/app/Controllers/Keputusan.php(21): CodeIgniter\Model->countAllResults()
#5 /mnt/work/Project/STIKI/Anisa/pkh/system/CodeIgniter.php(864): App\Controllers\Keputusan->__construct()
#6 /mnt/work/Project/STIKI/Anisa/pkh/system/CodeIgniter.php(448): CodeIgniter\CodeIgniter->createController()
#7 /mnt/work/Project/STIKI/Anisa/pkh/system/CodeIgniter.php(340): CodeIgniter\CodeIgniter->handleRequest()
#8 /mnt/work/Project/STIKI/Anisa/pkh/public/index.php(67): CodeIgniter\CodeIgniter->run()
#9 /mnt/work/Project/STIKI/Anisa/pkh/system/Commands/Server/rewrite.php(46): require_once('...')
#10 {main}
CRITICAL - 2022-11-05 10:09:17 --> Unable to connect to the database.
Main connection [MySQLi]: Access denied for user '****'@'localhost' (using password: YES)
in SYSTEMPATH/Database/BaseConnection.php on line 418.
 1 SYSTEMPATH/Database/BaseConnection.php(588): CodeIgniter\Database\BaseConnection->initialize()
 2 SYSTEMPATH/Database/BaseBuilder.php(1669): CodeIgniter\Database\BaseConnection->query()
 3 SYSTEMPATH/Model.php(551): CodeIgniter\Database\BaseBuilder->countAllResults()
 4 APPPATH/Controllers/Keputusan.php(21): CodeIgniter\Model->countAllResults()
 5 SYSTEMPATH/CodeIgniter.php(864): App\Controllers\Keputusan->__construct()
 6 SYSTEMPATH/CodeIgniter.php(448): CodeIgniter\CodeIgniter->createController()
 7 SYSTEMPATH/CodeIgniter.php(340): CodeIgniter\CodeIgniter->handleRequest()
 8 FCPATH/index.php(67): CodeIgniter\CodeIgniter->run()
 9 SYSTEMPATH/Commands/Server/rewrite.php(46): require_once('FCPATH/index.php')
CRITICAL - 2022-11-05 10:11:36 --> Undefined variable $router
in APPPATH/Config/Routes.php on line 113.
 1 APPPATH/Config/Routes.php(113): CodeIgniter\Debug\Exceptions->errorHandler()
 2 SYSTEMPATH/CodeIgniter.php(764): require('APPPATH/Config/Routes.php')
 3 SYSTEMPATH/CodeIgniter.php(406): CodeIgniter\CodeIgniter->tryToRouteIt()
 4 SYSTEMPATH/CodeIgniter.php(340): CodeIgniter\CodeIgniter->handleRequest()
 5 FCPATH/index.php(67): CodeIgniter\CodeIgniter->run()
 6 SYSTEMPATH/Commands/Server/rewrite.php(46): require_once('FCPATH/index.php')
CRITICAL - 2022-11-05 10:11:44 --> Undefined variable $router
in APPPATH/Config/Routes.php on line 113.
 1 APPPATH/Config/Routes.php(113): CodeIgniter\Debug\Exceptions->errorHandler()
 2 SYSTEMPATH/CodeIgniter.php(764): require('APPPATH/Config/Routes.php')
 3 SYSTEMPATH/CodeIgniter.php(406): CodeIgniter\CodeIgniter->tryToRouteIt()
 4 SYSTEMPATH/CodeIgniter.php(340): CodeIgniter\CodeIgniter->handleRequest()
 5 FCPATH/index.php(67): CodeIgniter\CodeIgniter->run()
 6 SYSTEMPATH/Commands/Server/rewrite.php(46): require_once('FCPATH/index.php')
CRITICAL - 2022-11-05 10:28:36 --> password_verify(): Passing null to parameter #1 ($password) of type string is deprecated
in APPPATH/Controllers/Login.php on line 30.
 1 [internal function]: CodeIgniter\Debug\Exceptions->errorHandler()
 2 APPPATH/Controllers/Login.php(30): password_verify()
 3 SYSTEMPATH/CodeIgniter.php(902): App\Controllers\Login->login()
 4 SYSTEMPATH/CodeIgniter.php(457): CodeIgniter\CodeIgniter->runController()
 5 SYSTEMPATH/CodeIgniter.php(340): CodeIgniter\CodeIgniter->handleRequest()
 6 FCPATH/index.php(67): CodeIgniter\CodeIgniter->run()
 7 SYSTEMPATH/Commands/Server/rewrite.php(46): require_once('FCPATH/index.php')
CRITICAL - 2022-11-05 10:32:23 --> password_verify(): Passing null to parameter #1 ($password) of type string is deprecated
in APPPATH/Controllers/Login.php on line 30.
 1 [internal function]: CodeIgniter\Debug\Exceptions->errorHandler()
 2 APPPATH/Controllers/Login.php(30): password_verify()
 3 SYSTEMPATH/CodeIgniter.php(902): App\Controllers\Login->login()
 4 SYSTEMPATH/CodeIgniter.php(457): CodeIgniter\CodeIgniter->runController()
 5 SYSTEMPATH/CodeIgniter.php(340): CodeIgniter\CodeIgniter->handleRequest()
 6 FCPATH/index.php(67): CodeIgniter\CodeIgniter->run()
 7 SYSTEMPATH/Commands/Server/rewrite.php(46): require_once('FCPATH/index.php')
CRITICAL - 2022-11-05 10:32:30 --> password_verify(): Passing null to parameter #1 ($password) of type string is deprecated
in APPPATH/Controllers/Login.php on line 30.
 1 [internal function]: CodeIgniter\Debug\Exceptions->errorHandler()
 2 APPPATH/Controllers/Login.php(30): password_verify()
 3 SYSTEMPATH/CodeIgniter.php(902): App\Controllers\Login->login()
 4 SYSTEMPATH/CodeIgniter.php(457): CodeIgniter\CodeIgniter->runController()
 5 SYSTEMPATH/CodeIgniter.php(340): CodeIgniter\CodeIgniter->handleRequest()
 6 FCPATH/index.php(67): CodeIgniter\CodeIgniter->run()
 7 SYSTEMPATH/Commands/Server/rewrite.php(46): require_once('FCPATH/index.php')
CRITICAL - 2022-11-05 10:33:36 --> password_verify(): Passing null to parameter #1 ($password) of type string is deprecated
in APPPATH/Controllers/Login.php on line 30.
 1 [internal function]: CodeIgniter\Debug\Exceptions->errorHandler()
 2 APPPATH/Controllers/Login.php(30): password_verify()
 3 SYSTEMPATH/CodeIgniter.php(902): App\Controllers\Login->login()
 4 SYSTEMPATH/CodeIgniter.php(457): CodeIgniter\CodeIgniter->runController()
 5 SYSTEMPATH/CodeIgniter.php(340): CodeIgniter\CodeIgniter->handleRequest()
 6 FCPATH/index.php(67): CodeIgniter\CodeIgniter->run()
 7 SYSTEMPATH/Commands/Server/rewrite.php(46): require_once('FCPATH/index.php')
CRITICAL - 2022-11-05 10:33:48 --> password_verify(): Passing null to parameter #1 ($password) of type string is deprecated
in APPPATH/Controllers/Login.php on line 30.
 1 [internal function]: CodeIgniter\Debug\Exceptions->errorHandler()
 2 APPPATH/Controllers/Login.php(30): password_verify()
 3 SYSTEMPATH/CodeIgniter.php(902): App\Controllers\Login->login()
 4 SYSTEMPATH/CodeIgniter.php(457): CodeIgniter\CodeIgniter->runController()
 5 SYSTEMPATH/CodeIgniter.php(340): CodeIgniter\CodeIgniter->handleRequest()
 6 FCPATH/index.php(67): CodeIgniter\CodeIgniter->run()
 7 SYSTEMPATH/Commands/Server/rewrite.php(46): require_once('FCPATH/index.php')
CRITICAL - 2022-11-05 10:40:32 --> Invalid file: /peserta/index.php
in SYSTEMPATH/Exceptions/FrameworkException.php on line 33.
 1 SYSTEMPATH/View/View.php(201): CodeIgniter\Exceptions\FrameworkException::forInvalidFile()
 2 SYSTEMPATH/Common.php(1142): CodeIgniter\View\View->render()
 3 APPPATH/Controllers/Peserta.php(34): view()
 4 SYSTEMPATH/CodeIgniter.php(902): App\Controllers\Peserta->index()
 5 SYSTEMPATH/CodeIgniter.php(457): CodeIgniter\CodeIgniter->runController()
 6 SYSTEMPATH/CodeIgniter.php(340): CodeIgniter\CodeIgniter->handleRequest()
 7 FCPATH/index.php(67): CodeIgniter\CodeIgniter->run()
 8 SYSTEMPATH/Commands/Server/rewrite.php(46): require_once('FCPATH/index.php')
ERROR - 2022-11-05 10:43:00 --> mysqli_sql_exception: Unknown column 'k_1' in 'field list' in /mnt/work/Project/STIKI/Anisa/pkh/system/Database/MySQLi/Connection.php:292
Stack trace:
#0 /mnt/work/Project/STIKI/Anisa/pkh/system/Database/MySQLi/Connection.php(292): mysqli->query()
#1 /mnt/work/Project/STIKI/Anisa/pkh/system/Database/BaseConnection.php(693): CodeIgniter\Database\MySQLi\Connection->execute()
#2 /mnt/work/Project/STIKI/Anisa/pkh/system/Database/BaseConnection.php(620): CodeIgniter\Database\BaseConnection->simpleQuery()
#3 /mnt/work/Project/STIKI/Anisa/pkh/system/Database/BaseBuilder.php(1916): CodeIgniter\Database\BaseConnection->query()
#4 /mnt/work/Project/STIKI/Anisa/pkh/system/Model.php(279): CodeIgniter\Database\BaseBuilder->insert()
#5 /mnt/work/Project/STIKI/Anisa/pkh/system/BaseModel.php(748): CodeIgniter\Model->doInsert()
#6 /mnt/work/Project/STIKI/Anisa/pkh/system/Model.php(667): CodeIgniter\BaseModel->insert()
#7 /mnt/work/Project/STIKI/Anisa/pkh/system/BaseModel.php(658): CodeIgniter\Model->insert()
#8 /mnt/work/Project/STIKI/Anisa/pkh/app/Controllers/Peserta.php(93): CodeIgniter\BaseModel->save()
#9 /mnt/work/Project/STIKI/Anisa/pkh/system/CodeIgniter.php(902): App\Controllers\Peserta->add()
#10 /mnt/work/Project/STIKI/Anisa/pkh/system/CodeIgniter.php(457): CodeIgniter\CodeIgniter->runController()
#11 /mnt/work/Project/STIKI/Anisa/pkh/system/CodeIgniter.php(340): CodeIgniter\CodeIgniter->handleRequest()
#12 /mnt/work/Project/STIKI/Anisa/pkh/public/index.php(67): CodeIgniter\CodeIgniter->run()
#13 /mnt/work/Project/STIKI/Anisa/pkh/system/Commands/Server/rewrite.php(46): require_once('...')
#14 {main}
CRITICAL - 2022-11-05 10:43:00 --> Unknown column 'k_1' in 'field list'
in SYSTEMPATH/Database/MySQLi/Connection.php on line 292.
 1 SYSTEMPATH/Database/MySQLi/Connection.php(292): mysqli->query()
 2 SYSTEMPATH/Database/BaseConnection.php(693): CodeIgniter\Database\MySQLi\Connection->execute()
 3 SYSTEMPATH/Database/BaseConnection.php(620): CodeIgniter\Database\BaseConnection->simpleQuery()
 4 SYSTEMPATH/Database/BaseBuilder.php(1916): CodeIgniter\Database\BaseConnection->query()
 5 SYSTEMPATH/Model.php(279): CodeIgniter\Database\BaseBuilder->insert()
 6 SYSTEMPATH/BaseModel.php(748): CodeIgniter\Model->doInsert()
 7 SYSTEMPATH/Model.php(667): CodeIgniter\BaseModel->insert()
 8 SYSTEMPATH/BaseModel.php(658): CodeIgniter\Model->insert()
 9 APPPATH/Controllers/Peserta.php(93): CodeIgniter\BaseModel->save()
10 SYSTEMPATH/CodeIgniter.php(902): App\Controllers\Peserta->add()
11 SYSTEMPATH/CodeIgniter.php(457): CodeIgniter\CodeIgniter->runController()
12 SYSTEMPATH/CodeIgniter.php(340): CodeIgniter\CodeIgniter->handleRequest()
13 FCPATH/index.php(67): CodeIgniter\CodeIgniter->run()
14 SYSTEMPATH/Commands/Server/rewrite.php(46): require_once('FCPATH/index.php')
CRITICAL - 2022-11-05 10:44:22 --> Call to undefined method App\Models\PesertaModel::findAllDataBlt
in SYSTEMPATH/Model.php on line 774.
 1 APPPATH/Controllers/Peserta.php(55): CodeIgniter\Model->__call()
 2 SYSTEMPATH/CodeIgniter.php(902): App\Controllers\Peserta->table()
 3 SYSTEMPATH/CodeIgniter.php(457): CodeIgniter\CodeIgniter->runController()
 4 SYSTEMPATH/CodeIgniter.php(340): CodeIgniter\CodeIgniter->handleRequest()
 5 FCPATH/index.php(67): CodeIgniter\CodeIgniter->run()
 6 SYSTEMPATH/Commands/Server/rewrite.php(46): require_once('FCPATH/index.php')
CRITICAL - 2022-11-05 10:44:28 --> Call to undefined method App\Models\PesertaModel::findAllDataBlt
in SYSTEMPATH/Model.php on line 774.
 1 APPPATH/Controllers/Peserta.php(55): CodeIgniter\Model->__call()
 2 SYSTEMPATH/CodeIgniter.php(902): App\Controllers\Peserta->table()
 3 SYSTEMPATH/CodeIgniter.php(457): CodeIgniter\CodeIgniter->runController()
 4 SYSTEMPATH/CodeIgniter.php(340): CodeIgniter\CodeIgniter->handleRequest()
 5 FCPATH/index.php(67): CodeIgniter\CodeIgniter->run()
 6 SYSTEMPATH/Commands/Server/rewrite.php(46): require_once('FCPATH/index.php')
CRITICAL - 2022-11-05 10:44:32 --> Call to undefined method App\Models\PesertaModel::findAllDataBlt
in SYSTEMPATH/Model.php on line 774.
 1 APPPATH/Controllers/Peserta.php(55): CodeIgniter\Model->__call()
 2 SYSTEMPATH/CodeIgniter.php(902): App\Controllers\Peserta->table()
 3 SYSTEMPATH/CodeIgniter.php(457): CodeIgniter\CodeIgniter->runController()
 4 SYSTEMPATH/CodeIgniter.php(340): CodeIgniter\CodeIgniter->handleRequest()
 5 FCPATH/index.php(67): CodeIgniter\CodeIgniter->run()
 6 SYSTEMPATH/Commands/Server/rewrite.php(46): require_once('FCPATH/index.php')
CRITICAL - 2022-11-05 10:45:05 --> Call to undefined method App\Models\PesertaModel::findAllDataBlt
in SYSTEMPATH/Model.php on line 774.
 1 APPPATH/Controllers/Peserta.php(55): CodeIgniter\Model->__call()
 2 SYSTEMPATH/CodeIgniter.php(902): App\Controllers\Peserta->table()
 3 SYSTEMPATH/CodeIgniter.php(457): CodeIgniter\CodeIgniter->runController()
 4 SYSTEMPATH/CodeIgniter.php(340): CodeIgniter\CodeIgniter->handleRequest()
 5 FCPATH/index.php(67): CodeIgniter\CodeIgniter->run()
 6 SYSTEMPATH/Commands/Server/rewrite.php(46): require_once('FCPATH/index.php')
CRITICAL - 2022-11-05 10:45:12 --> Call to undefined method App\Models\PesertaModel::findAllDataBlt
in SYSTEMPATH/Model.php on line 774.
 1 APPPATH/Controllers/Peserta.php(55): CodeIgniter\Model->__call()
 2 SYSTEMPATH/CodeIgniter.php(902): App\Controllers\Peserta->table()
 3 SYSTEMPATH/CodeIgniter.php(457): CodeIgniter\CodeIgniter->runController()
 4 SYSTEMPATH/CodeIgniter.php(340): CodeIgniter\CodeIgniter->handleRequest()
 5 FCPATH/index.php(67): CodeIgniter\CodeIgniter->run()
 6 SYSTEMPATH/Commands/Server/rewrite.php(46): require_once('FCPATH/index.php')
ERROR - 2022-11-05 11:03:32 --> mysqli_sql_exception: Unknown column 'peserta.id' in 'where clause' in /mnt/work/Project/STIKI/Anisa/pkh/system/Database/MySQLi/Connection.php:292
Stack trace:
#0 /mnt/work/Project/STIKI/Anisa/pkh/system/Database/MySQLi/Connection.php(292): mysqli->query()
#1 /mnt/work/Project/STIKI/Anisa/pkh/system/Database/BaseConnection.php(693): CodeIgniter\Database\MySQLi\Connection->execute()
#2 /mnt/work/Project/STIKI/Anisa/pkh/system/Database/BaseConnection.php(620): CodeIgniter\Database\BaseConnection->simpleQuery()
#3 /mnt/work/Project/STIKI/Anisa/pkh/system/Database/BaseBuilder.php(1585): CodeIgniter\Database\BaseConnection->query()
#4 /mnt/work/Project/STIKI/Anisa/pkh/system/Model.php(223): CodeIgniter\Database\BaseBuilder->get()
#5 /mnt/work/Project/STIKI/Anisa/pkh/system/BaseModel.php(584): CodeIgniter\Model->doFindAll()
#6 /mnt/work/Project/STIKI/Anisa/pkh/app/Models/PendudukModel.php(43): CodeIgniter\BaseModel->findAll()
#7 /mnt/work/Project/STIKI/Anisa/pkh/app/Controllers/Peserta.php(41): App\Models\PendudukModel->findAllNonBantuan()
#8 /mnt/work/Project/STIKI/Anisa/pkh/system/CodeIgniter.php(902): App\Controllers\Peserta->tambah()
#9 /mnt/work/Project/STIKI/Anisa/pkh/system/CodeIgniter.php(457): CodeIgniter\CodeIgniter->runController()
#10 /mnt/work/Project/STIKI/Anisa/pkh/system/CodeIgniter.php(340): CodeIgniter\CodeIgniter->handleRequest()
#11 /mnt/work/Project/STIKI/Anisa/pkh/public/index.php(67): CodeIgniter\CodeIgniter->run()
#12 /mnt/work/Project/STIKI/Anisa/pkh/system/Commands/Server/rewrite.php(46): require_once('...')
#13 {main}
CRITICAL - 2022-11-05 11:03:32 --> Unknown column 'peserta.id' in 'where clause'
in SYSTEMPATH/Database/MySQLi/Connection.php on line 292.
 1 SYSTEMPATH/Database/MySQLi/Connection.php(292): mysqli->query()
 2 SYSTEMPATH/Database/BaseConnection.php(693): CodeIgniter\Database\MySQLi\Connection->execute()
 3 SYSTEMPATH/Database/BaseConnection.php(620): CodeIgniter\Database\BaseConnection->simpleQuery()
 4 SYSTEMPATH/Database/BaseBuilder.php(1585): CodeIgniter\Database\BaseConnection->query()
 5 SYSTEMPATH/Model.php(223): CodeIgniter\Database\BaseBuilder->get()
 6 SYSTEMPATH/BaseModel.php(584): CodeIgniter\Model->doFindAll()
 7 APPPATH/Models/PendudukModel.php(43): CodeIgniter\BaseModel->findAll()
 8 APPPATH/Controllers/Peserta.php(41): App\Models\PendudukModel->findAllNonBantuan()
 9 SYSTEMPATH/CodeIgniter.php(902): App\Controllers\Peserta->tambah()
10 SYSTEMPATH/CodeIgniter.php(457): CodeIgniter\CodeIgniter->runController()
11 SYSTEMPATH/CodeIgniter.php(340): CodeIgniter\CodeIgniter->handleRequest()
12 FCPATH/index.php(67): CodeIgniter\CodeIgniter->run()
13 SYSTEMPATH/Commands/Server/rewrite.php(46): require_once('FCPATH/index.php')
ERROR - 2022-11-05 11:03:43 --> mysqli_sql_exception: Unknown column 'peserta.id' in 'where clause' in /mnt/work/Project/STIKI/Anisa/pkh/system/Database/MySQLi/Connection.php:292
Stack trace:
#0 /mnt/work/Project/STIKI/Anisa/pkh/system/Database/MySQLi/Connection.php(292): mysqli->query()
#1 /mnt/work/Project/STIKI/Anisa/pkh/system/Database/BaseConnection.php(693): CodeIgniter\Database\MySQLi\Connection->execute()
#2 /mnt/work/Project/STIKI/Anisa/pkh/system/Database/BaseConnection.php(620): CodeIgniter\Database\BaseConnection->simpleQuery()
#3 /mnt/work/Project/STIKI/Anisa/pkh/system/Database/BaseBuilder.php(1585): CodeIgniter\Database\BaseConnection->query()
#4 /mnt/work/Project/STIKI/Anisa/pkh/system/Model.php(223): CodeIgniter\Database\BaseBuilder->get()
#5 /mnt/work/Project/STIKI/Anisa/pkh/system/BaseModel.php(584): CodeIgniter\Model->doFindAll()
#6 /mnt/work/Project/STIKI/Anisa/pkh/app/Models/PendudukModel.php(43): CodeIgniter\BaseModel->findAll()
#7 /mnt/work/Project/STIKI/Anisa/pkh/app/Controllers/Peserta.php(41): App\Models\PendudukModel->findAllNonBantuan()
#8 /mnt/work/Project/STIKI/Anisa/pkh/system/CodeIgniter.php(902): App\Controllers\Peserta->tambah()
#9 /mnt/work/Project/STIKI/Anisa/pkh/system/CodeIgniter.php(457): CodeIgniter\CodeIgniter->runController()
#10 /mnt/work/Project/STIKI/Anisa/pkh/system/CodeIgniter.php(340): CodeIgniter\CodeIgniter->handleRequest()
#11 /mnt/work/Project/STIKI/Anisa/pkh/public/index.php(67): CodeIgniter\CodeIgniter->run()
#12 /mnt/work/Project/STIKI/Anisa/pkh/system/Commands/Server/rewrite.php(46): require_once('...')
#13 {main}
CRITICAL - 2022-11-05 11:03:43 --> Unknown column 'peserta.id' in 'where clause'
in SYSTEMPATH/Database/MySQLi/Connection.php on line 292.
 1 SYSTEMPATH/Database/MySQLi/Connection.php(292): mysqli->query()
 2 SYSTEMPATH/Database/BaseConnection.php(693): CodeIgniter\Database\MySQLi\Connection->execute()
 3 SYSTEMPATH/Database/BaseConnection.php(620): CodeIgniter\Database\BaseConnection->simpleQuery()
 4 SYSTEMPATH/Database/BaseBuilder.php(1585): CodeIgniter\Database\BaseConnection->query()
 5 SYSTEMPATH/Model.php(223): CodeIgniter\Database\BaseBuilder->get()
 6 SYSTEMPATH/BaseModel.php(584): CodeIgniter\Model->doFindAll()
 7 APPPATH/Models/PendudukModel.php(43): CodeIgniter\BaseModel->findAll()
 8 APPPATH/Controllers/Peserta.php(41): App\Models\PendudukModel->findAllNonBantuan()
 9 SYSTEMPATH/CodeIgniter.php(902): App\Controllers\Peserta->tambah()
10 SYSTEMPATH/CodeIgniter.php(457): CodeIgniter\CodeIgniter->runController()
11 SYSTEMPATH/CodeIgniter.php(340): CodeIgniter\CodeIgniter->handleRequest()
12 FCPATH/index.php(67): CodeIgniter\CodeIgniter->run()
13 SYSTEMPATH/Commands/Server/rewrite.php(46): require_once('FCPATH/index.php')
CRITICAL - 2022-11-05 11:05:05 --> Call to undefined method App\Models\PesertaModel::findDataBlt
in SYSTEMPATH/Model.php on line 774.
 1 APPPATH/Controllers/Peserta.php(82): CodeIgniter\Model->__call()
 2 SYSTEMPATH/CodeIgniter.php(902): App\Controllers\Peserta->detail()
 3 SYSTEMPATH/CodeIgniter.php(457): CodeIgniter\CodeIgniter->runController()
 4 SYSTEMPATH/CodeIgniter.php(340): CodeIgniter\CodeIgniter->handleRequest()
 5 FCPATH/index.php(67): CodeIgniter\CodeIgniter->run()
 6 SYSTEMPATH/Commands/Server/rewrite.php(46): require_once('FCPATH/index.php')
CRITICAL - 2022-11-05 11:05:20 --> Call to undefined method App\Models\PesertaModel::findDataBlt
in SYSTEMPATH/Model.php on line 774.
 1 APPPATH/Controllers/Peserta.php(82): CodeIgniter\Model->__call()
 2 SYSTEMPATH/CodeIgniter.php(902): App\Controllers\Peserta->detail()
 3 SYSTEMPATH/CodeIgniter.php(457): CodeIgniter\CodeIgniter->runController()
 4 SYSTEMPATH/CodeIgniter.php(340): CodeIgniter\CodeIgniter->handleRequest()
 5 FCPATH/index.php(67): CodeIgniter\CodeIgniter->run()
 6 SYSTEMPATH/Commands/Server/rewrite.php(46): require_once('FCPATH/index.php')
CRITICAL - 2022-11-05 11:06:53 --> Call to undefined method App\Models\PesertaModel::findDataBlt
in SYSTEMPATH/Model.php on line 774.
 1 APPPATH/Controllers/Peserta.php(82): CodeIgniter\Model->__call()
 2 SYSTEMPATH/CodeIgniter.php(902): App\Controllers\Peserta->detail()
 3 SYSTEMPATH/CodeIgniter.php(457): CodeIgniter\CodeIgniter->runController()
 4 SYSTEMPATH/CodeIgniter.php(340): CodeIgniter\CodeIgniter->handleRequest()
 5 FCPATH/index.php(67): CodeIgniter\CodeIgniter->run()
 6 SYSTEMPATH/Commands/Server/rewrite.php(46): require_once('FCPATH/index.php')
CRITICAL - 2022-11-05 11:06:58 --> Call to undefined method App\Models\PesertaModel::findDataBlt
in SYSTEMPATH/Model.php on line 774.
 1 APPPATH/Controllers/Peserta.php(82): CodeIgniter\Model->__call()
 2 SYSTEMPATH/CodeIgniter.php(902): App\Controllers\Peserta->detail()
 3 SYSTEMPATH/CodeIgniter.php(457): CodeIgniter\CodeIgniter->runController()
 4 SYSTEMPATH/CodeIgniter.php(340): CodeIgniter\CodeIgniter->handleRequest()
 5 FCPATH/index.php(67): CodeIgniter\CodeIgniter->run()
 6 SYSTEMPATH/Commands/Server/rewrite.php(46): require_once('FCPATH/index.php')
ERROR - 2022-11-05 11:09:38 --> mysqli_sql_exception: Table 'db_spkanisa.datablt' doesn't exist in /mnt/work/Project/STIKI/Anisa/pkh/system/Database/MySQLi/Connection.php:292
Stack trace:
#0 /mnt/work/Project/STIKI/Anisa/pkh/system/Database/MySQLi/Connection.php(292): mysqli->query()
#1 /mnt/work/Project/STIKI/Anisa/pkh/system/Database/BaseConnection.php(693): CodeIgniter\Database\MySQLi\Connection->execute()
#2 /mnt/work/Project/STIKI/Anisa/pkh/system/Database/BaseConnection.php(620): CodeIgniter\Database\BaseConnection->simpleQuery()
#3 /mnt/work/Project/STIKI/Anisa/pkh/system/Database/BaseBuilder.php(1585): CodeIgniter\Database\BaseConnection->query()
#4 /mnt/work/Project/STIKI/Anisa/pkh/system/Model.php(223): CodeIgniter\Database\BaseBuilder->get()
#5 /mnt/work/Project/STIKI/Anisa/pkh/system/BaseModel.php(584): CodeIgniter\Model->doFindAll()
#6 /mnt/work/Project/STIKI/Anisa/pkh/app/Models/BltModel.php(25): CodeIgniter\BaseModel->findAll()
#7 /mnt/work/Project/STIKI/Anisa/pkh/app/Controllers/Perhitungan.php(33): App\Models\BltModel->findAllDataBlt()
#8 /mnt/work/Project/STIKI/Anisa/pkh/system/CodeIgniter.php(902): App\Controllers\Perhitungan->index()
#9 /mnt/work/Project/STIKI/Anisa/pkh/system/CodeIgniter.php(457): CodeIgniter\CodeIgniter->runController()
#10 /mnt/work/Project/STIKI/Anisa/pkh/system/CodeIgniter.php(340): CodeIgniter\CodeIgniter->handleRequest()
#11 /mnt/work/Project/STIKI/Anisa/pkh/public/index.php(67): CodeIgniter\CodeIgniter->run()
#12 /mnt/work/Project/STIKI/Anisa/pkh/system/Commands/Server/rewrite.php(46): require_once('...')
#13 {main}
CRITICAL - 2022-11-05 11:09:38 --> Table 'db_spkanisa.datablt' doesn't exist
in SYSTEMPATH/Database/MySQLi/Connection.php on line 292.
 1 SYSTEMPATH/Database/MySQLi/Connection.php(292): mysqli->query()
 2 SYSTEMPATH/Database/BaseConnection.php(693): CodeIgniter\Database\MySQLi\Connection->execute()
 3 SYSTEMPATH/Database/BaseConnection.php(620): CodeIgniter\Database\BaseConnection->simpleQuery()
 4 SYSTEMPATH/Database/BaseBuilder.php(1585): CodeIgniter\Database\BaseConnection->query()
 5 SYSTEMPATH/Model.php(223): CodeIgniter\Database\BaseBuilder->get()
 6 SYSTEMPATH/BaseModel.php(584): CodeIgniter\Model->doFindAll()
 7 APPPATH/Models/BltModel.php(25): CodeIgniter\BaseModel->findAll()
 8 APPPATH/Controllers/Perhitungan.php(33): App\Models\BltModel->findAllDataBlt()
 9 SYSTEMPATH/CodeIgniter.php(902): App\Controllers\Perhitungan->index()
10 SYSTEMPATH/CodeIgniter.php(457): CodeIgniter\CodeIgniter->runController()
11 SYSTEMPATH/CodeIgniter.php(340): CodeIgniter\CodeIgniter->handleRequest()
12 FCPATH/index.php(67): CodeIgniter\CodeIgniter->run()
13 SYSTEMPATH/Commands/Server/rewrite.php(46): require_once('FCPATH/index.php')
ERROR - 2022-11-05 11:14:04 --> mysqli_sql_exception: Table 'db_spkanisa.datablt' doesn't exist in /mnt/work/Project/STIKI/Anisa/pkh/system/Database/MySQLi/Connection.php:292
Stack trace:
#0 /mnt/work/Project/STIKI/Anisa/pkh/system/Database/MySQLi/Connection.php(292): mysqli->query()
#1 /mnt/work/Project/STIKI/Anisa/pkh/system/Database/BaseConnection.php(693): CodeIgniter\Database\MySQLi\Connection->execute()
#2 /mnt/work/Project/STIKI/Anisa/pkh/system/Database/BaseConnection.php(620): CodeIgniter\Database\BaseConnection->simpleQuery()
#3 /mnt/work/Project/STIKI/Anisa/pkh/system/Database/BaseBuilder.php(1585): CodeIgniter\Database\BaseConnection->query()
#4 /mnt/work/Project/STIKI/Anisa/pkh/system/Model.php(223): CodeIgniter\Database\BaseBuilder->get()
#5 /mnt/work/Project/STIKI/Anisa/pkh/system/BaseModel.php(584): CodeIgniter\Model->doFindAll()
#6 /mnt/work/Project/STIKI/Anisa/pkh/app/Models/BltModel.php(25): CodeIgniter\BaseModel->findAll()
#7 /mnt/work/Project/STIKI/Anisa/pkh/app/Controllers/Keputusan.php(30): App\Models\BltModel->findAllDataBlt()
#8 /mnt/work/Project/STIKI/Anisa/pkh/system/CodeIgniter.php(902): App\Controllers\Keputusan->index()
#9 /mnt/work/Project/STIKI/Anisa/pkh/system/CodeIgniter.php(457): CodeIgniter\CodeIgniter->runController()
#10 /mnt/work/Project/STIKI/Anisa/pkh/system/CodeIgniter.php(340): CodeIgniter\CodeIgniter->handleRequest()
#11 /mnt/work/Project/STIKI/Anisa/pkh/public/index.php(67): CodeIgniter\CodeIgniter->run()
#12 /mnt/work/Project/STIKI/Anisa/pkh/system/Commands/Server/rewrite.php(46): require_once('...')
#13 {main}
CRITICAL - 2022-11-05 11:14:04 --> Table 'db_spkanisa.datablt' doesn't exist
in SYSTEMPATH/Database/MySQLi/Connection.php on line 292.
 1 SYSTEMPATH/Database/MySQLi/Connection.php(292): mysqli->query()
 2 SYSTEMPATH/Database/BaseConnection.php(693): CodeIgniter\Database\MySQLi\Connection->execute()
 3 SYSTEMPATH/Database/BaseConnection.php(620): CodeIgniter\Database\BaseConnection->simpleQuery()
 4 SYSTEMPATH/Database/BaseBuilder.php(1585): CodeIgniter\Database\BaseConnection->query()
 5 SYSTEMPATH/Model.php(223): CodeIgniter\Database\BaseBuilder->get()
 6 SYSTEMPATH/BaseModel.php(584): CodeIgniter\Model->doFindAll()
 7 APPPATH/Models/BltModel.php(25): CodeIgniter\BaseModel->findAll()
 8 APPPATH/Controllers/Keputusan.php(30): App\Models\BltModel->findAllDataBlt()
 9 SYSTEMPATH/CodeIgniter.php(902): App\Controllers\Keputusan->index()
10 SYSTEMPATH/CodeIgniter.php(457): CodeIgniter\CodeIgniter->runController()
11 SYSTEMPATH/CodeIgniter.php(340): CodeIgniter\CodeIgniter->handleRequest()
12 FCPATH/index.php(67): CodeIgniter\CodeIgniter->run()
13 SYSTEMPATH/Commands/Server/rewrite.php(46): require_once('FCPATH/index.php')
