CRITICAL - 2022-10-20 00:11:01 --> Undefined variable $dataKriteria
in APPPATH/Views/kriteriapenduduk/tambah.php on line 21.
 1 APPPATH/Views/kriteriapenduduk/tambah.php(21): CodeIgniter\Debug\Exceptions->errorHandler()
 2 SYSTEMPATH/View/View.php(213): include('APPPATH/Views/kriteriapenduduk/tambah.php')
 3 SYSTEMPATH/View/View.php(216): CodeIgniter\View\View->CodeIgniter\View\{closure}()
 4 SYSTEMPATH/Common.php(1142): CodeIgniter\View\View->render()
 5 APPPATH/Controllers/Kriteriapenduduk.php(35): view()
 6 SYSTEMPATH/CodeIgniter.php(902): App\Controllers\Kriteriapenduduk->getTambah()
 7 SYSTEMPATH/CodeIgniter.php(457): CodeIgniter\CodeIgniter->runController()
 8 SYSTEMPATH/CodeIgniter.php(340): CodeIgniter\CodeIgniter->handleRequest()
 9 FCPATH/index.php(67): CodeIgniter\CodeIgniter->run()
10 SYSTEMPATH/Commands/Server/rewrite.php(46): require_once('FCPATH/index.php')
CRITICAL - 2022-10-20 00:12:18 --> Undefined variable $dataKriteria
in APPPATH/Views/kriteriapenduduk/tambah.php on line 21.
 1 APPPATH/Views/kriteriapenduduk/tambah.php(21): CodeIgniter\Debug\Exceptions->errorHandler()
 2 SYSTEMPATH/View/View.php(213): include('APPPATH/Views/kriteriapenduduk/tambah.php')
 3 SYSTEMPATH/View/View.php(216): CodeIgniter\View\View->CodeIgniter\View\{closure}()
 4 SYSTEMPATH/Common.php(1142): CodeIgniter\View\View->render()
 5 APPPATH/Controllers/Kriteriapenduduk.php(36): view()
 6 SYSTEMPATH/CodeIgniter.php(902): App\Controllers\Kriteriapenduduk->getTambah()
 7 SYSTEMPATH/CodeIgniter.php(457): CodeIgniter\CodeIgniter->runController()
 8 SYSTEMPATH/CodeIgniter.php(340): CodeIgniter\CodeIgniter->handleRequest()
 9 FCPATH/index.php(67): CodeIgniter\CodeIgniter->run()
10 SYSTEMPATH/Commands/Server/rewrite.php(46): require_once('FCPATH/index.php')
CRITICAL - 2022-10-20 00:12:21 --> Undefined variable $dataKriteria
in APPPATH/Views/kriteriapenduduk/tambah.php on line 21.
 1 APPPATH/Views/kriteriapenduduk/tambah.php(21): CodeIgniter\Debug\Exceptions->errorHandler()
 2 SYSTEMPATH/View/View.php(213): include('APPPATH/Views/kriteriapenduduk/tambah.php')
 3 SYSTEMPATH/View/View.php(216): CodeIgniter\View\View->CodeIgniter\View\{closure}()
 4 SYSTEMPATH/Common.php(1142): CodeIgniter\View\View->render()
 5 APPPATH/Controllers/Kriteriapenduduk.php(36): view()
 6 SYSTEMPATH/CodeIgniter.php(902): App\Controllers\Kriteriapenduduk->getTambah()
 7 SYSTEMPATH/CodeIgniter.php(457): CodeIgniter\CodeIgniter->runController()
 8 SYSTEMPATH/CodeIgniter.php(340): CodeIgniter\CodeIgniter->handleRequest()
 9 FCPATH/index.php(67): CodeIgniter\CodeIgniter->run()
10 SYSTEMPATH/Commands/Server/rewrite.php(46): require_once('FCPATH/index.php')
CRITICAL - 2022-10-20 00:12:40 --> Undefined variable $dataKriteria
in APPPATH/Views/kriteriapenduduk/tambah.php on line 21.
 1 APPPATH/Views/kriteriapenduduk/tambah.php(21): CodeIgniter\Debug\Exceptions->errorHandler()
 2 SYSTEMPATH/View/View.php(213): include('APPPATH/Views/kriteriapenduduk/tambah.php')
 3 SYSTEMPATH/View/View.php(216): CodeIgniter\View\View->CodeIgniter\View\{closure}()
 4 SYSTEMPATH/Common.php(1142): CodeIgniter\View\View->render()
 5 APPPATH/Controllers/Kriteriapenduduk.php(36): view()
 6 SYSTEMPATH/CodeIgniter.php(902): App\Controllers\Kriteriapenduduk->getTambah()
 7 SYSTEMPATH/CodeIgniter.php(457): CodeIgniter\CodeIgniter->runController()
 8 SYSTEMPATH/CodeIgniter.php(340): CodeIgniter\CodeIgniter->handleRequest()
 9 FCPATH/index.php(67): CodeIgniter\CodeIgniter->run()
10 SYSTEMPATH/Commands/Server/rewrite.php(46): require_once('FCPATH/index.php')
CRITICAL - 2022-10-20 00:13:34 --> Undefined variable $dataKriteria
in APPPATH/Views/kriteriapenduduk/tambah.php on line 21.
 1 APPPATH/Views/kriteriapenduduk/tambah.php(21): CodeIgniter\Debug\Exceptions->errorHandler()
 2 SYSTEMPATH/View/View.php(213): include('APPPATH/Views/kriteriapenduduk/tambah.php')
 3 SYSTEMPATH/View/View.php(216): CodeIgniter\View\View->CodeIgniter\View\{closure}()
 4 SYSTEMPATH/Common.php(1142): CodeIgniter\View\View->render()
 5 APPPATH/Controllers/Kriteriapenduduk.php(35): view()
 6 SYSTEMPATH/CodeIgniter.php(902): App\Controllers\Kriteriapenduduk->getTambah()
 7 SYSTEMPATH/CodeIgniter.php(457): CodeIgniter\CodeIgniter->runController()
 8 SYSTEMPATH/CodeIgniter.php(340): CodeIgniter\CodeIgniter->handleRequest()
 9 FCPATH/index.php(67): CodeIgniter\CodeIgniter->run()
10 SYSTEMPATH/Commands/Server/rewrite.php(46): require_once('FCPATH/index.php')
CRITICAL - 2022-10-20 00:13:39 --> Undefined variable $dataKriteria
in APPPATH/Views/kriteriapenduduk/tambah.php on line 21.
 1 APPPATH/Views/kriteriapenduduk/tambah.php(21): CodeIgniter\Debug\Exceptions->errorHandler()
 2 SYSTEMPATH/View/View.php(213): include('APPPATH/Views/kriteriapenduduk/tambah.php')
 3 SYSTEMPATH/View/View.php(216): CodeIgniter\View\View->CodeIgniter\View\{closure}()
 4 SYSTEMPATH/Common.php(1142): CodeIgniter\View\View->render()
 5 APPPATH/Controllers/Kriteriapenduduk.php(35): view()
 6 SYSTEMPATH/CodeIgniter.php(902): App\Controllers\Kriteriapenduduk->getTambah()
 7 SYSTEMPATH/CodeIgniter.php(457): CodeIgniter\CodeIgniter->runController()
 8 SYSTEMPATH/CodeIgniter.php(340): CodeIgniter\CodeIgniter->handleRequest()
 9 FCPATH/index.php(67): CodeIgniter\CodeIgniter->run()
10 SYSTEMPATH/Commands/Server/rewrite.php(46): require_once('FCPATH/index.php')
CRITICAL - 2022-10-20 00:32:41 --> Trying to access array offset on value of type null
in APPPATH/Views/kriteria/edit.php on line 8.
 1 APPPATH/Views/kriteria/edit.php(8): CodeIgniter\Debug\Exceptions->errorHandler()
 2 SYSTEMPATH/View/View.php(213): include('APPPATH/Views/kriteria/edit.php')
 3 SYSTEMPATH/View/View.php(216): CodeIgniter\View\View->CodeIgniter\View\{closure}()
 4 SYSTEMPATH/Common.php(1142): CodeIgniter\View\View->render()
 5 APPPATH/Controllers/Kriteriapenduduk.php(60): view()
 6 SYSTEMPATH/CodeIgniter.php(902): App\Controllers\Kriteriapenduduk->getEdit()
 7 SYSTEMPATH/CodeIgniter.php(457): CodeIgniter\CodeIgniter->runController()
 8 SYSTEMPATH/CodeIgniter.php(340): CodeIgniter\CodeIgniter->handleRequest()
 9 FCPATH/index.php(67): CodeIgniter\CodeIgniter->run()
10 SYSTEMPATH/Commands/Server/rewrite.php(46): require_once('FCPATH/index.php')
CRITICAL - 2022-10-20 00:32:43 --> Trying to access array offset on value of type null
in APPPATH/Views/kriteria/edit.php on line 8.
 1 APPPATH/Views/kriteria/edit.php(8): CodeIgniter\Debug\Exceptions->errorHandler()
 2 SYSTEMPATH/View/View.php(213): include('APPPATH/Views/kriteria/edit.php')
 3 SYSTEMPATH/View/View.php(216): CodeIgniter\View\View->CodeIgniter\View\{closure}()
 4 SYSTEMPATH/Common.php(1142): CodeIgniter\View\View->render()
 5 APPPATH/Controllers/Kriteriapenduduk.php(60): view()
 6 SYSTEMPATH/CodeIgniter.php(902): App\Controllers\Kriteriapenduduk->getEdit()
 7 SYSTEMPATH/CodeIgniter.php(457): CodeIgniter\CodeIgniter->runController()
 8 SYSTEMPATH/CodeIgniter.php(340): CodeIgniter\CodeIgniter->handleRequest()
 9 FCPATH/index.php(67): CodeIgniter\CodeIgniter->run()
10 SYSTEMPATH/Commands/Server/rewrite.php(46): require_once('FCPATH/index.php')
CRITICAL - 2022-10-20 00:32:44 --> Trying to access array offset on value of type null
in APPPATH/Views/kriteria/edit.php on line 8.
 1 APPPATH/Views/kriteria/edit.php(8): CodeIgniter\Debug\Exceptions->errorHandler()
 2 SYSTEMPATH/View/View.php(213): include('APPPATH/Views/kriteria/edit.php')
 3 SYSTEMPATH/View/View.php(216): CodeIgniter\View\View->CodeIgniter\View\{closure}()
 4 SYSTEMPATH/Common.php(1142): CodeIgniter\View\View->render()
 5 APPPATH/Controllers/Kriteriapenduduk.php(60): view()
 6 SYSTEMPATH/CodeIgniter.php(902): App\Controllers\Kriteriapenduduk->getEdit()
 7 SYSTEMPATH/CodeIgniter.php(457): CodeIgniter\CodeIgniter->runController()
 8 SYSTEMPATH/CodeIgniter.php(340): CodeIgniter\CodeIgniter->handleRequest()
 9 FCPATH/index.php(67): CodeIgniter\CodeIgniter->run()
10 SYSTEMPATH/Commands/Server/rewrite.php(46): require_once('FCPATH/index.php')
CRITICAL - 2022-10-20 00:33:41 --> Trying to access array offset on value of type null
in APPPATH/Views/kriteria/edit.php on line 8.
 1 APPPATH/Views/kriteria/edit.php(8): CodeIgniter\Debug\Exceptions->errorHandler()
 2 SYSTEMPATH/View/View.php(213): include('APPPATH/Views/kriteria/edit.php')
 3 SYSTEMPATH/View/View.php(216): CodeIgniter\View\View->CodeIgniter\View\{closure}()
 4 SYSTEMPATH/Common.php(1142): CodeIgniter\View\View->render()
 5 APPPATH/Controllers/Kriteriapenduduk.php(60): view()
 6 SYSTEMPATH/CodeIgniter.php(902): App\Controllers\Kriteriapenduduk->getEdit()
 7 SYSTEMPATH/CodeIgniter.php(457): CodeIgniter\CodeIgniter->runController()
 8 SYSTEMPATH/CodeIgniter.php(340): CodeIgniter\CodeIgniter->handleRequest()
 9 FCPATH/index.php(67): CodeIgniter\CodeIgniter->run()
10 SYSTEMPATH/Commands/Server/rewrite.php(46): require_once('FCPATH/index.php')
CRITICAL - 2022-10-20 00:33:45 --> Trying to access array offset on value of type null
in APPPATH/Views/kriteria/edit.php on line 8.
 1 APPPATH/Views/kriteria/edit.php(8): CodeIgniter\Debug\Exceptions->errorHandler()
 2 SYSTEMPATH/View/View.php(213): include('APPPATH/Views/kriteria/edit.php')
 3 SYSTEMPATH/View/View.php(216): CodeIgniter\View\View->CodeIgniter\View\{closure}()
 4 SYSTEMPATH/Common.php(1142): CodeIgniter\View\View->render()
 5 APPPATH/Controllers/Kriteriapenduduk.php(60): view()
 6 SYSTEMPATH/CodeIgniter.php(902): App\Controllers\Kriteriapenduduk->getEdit()
 7 SYSTEMPATH/CodeIgniter.php(457): CodeIgniter\CodeIgniter->runController()
 8 SYSTEMPATH/CodeIgniter.php(340): CodeIgniter\CodeIgniter->handleRequest()
 9 FCPATH/index.php(67): CodeIgniter\CodeIgniter->run()
10 SYSTEMPATH/Commands/Server/rewrite.php(46): require_once('FCPATH/index.php')
CRITICAL - 2022-10-20 00:43:22 --> syntax error, unexpected single-quoted string "url", expecting "]"
in APPPATH/Controllers/Kriteriapenduduk.php on line 58.
 1 SYSTEMPATH/Autoloader/Autoloader.php(259): CodeIgniter\Autoloader\Autoloader->includeFile()
 2 SYSTEMPATH/Autoloader/Autoloader.php(237): CodeIgniter\Autoloader\Autoloader->loadInNamespace()
 3 [internal function]: CodeIgniter\Autoloader\Autoloader->loadClass()
 4 SYSTEMPATH/Router/AutoRouterImproved.php(264): class_exists()
 5 SYSTEMPATH/Router/AutoRouterImproved.php(115): CodeIgniter\Router\AutoRouterImproved->scanControllers()
 6 SYSTEMPATH/Router/Router.php(499): CodeIgniter\Router\AutoRouterImproved->getRoute()
 7 SYSTEMPATH/Router/Router.php(205): CodeIgniter\Router\Router->autoRoute()
 8 SYSTEMPATH/CodeIgniter.php(777): CodeIgniter\Router\Router->handle()
 9 SYSTEMPATH/CodeIgniter.php(406): CodeIgniter\CodeIgniter->tryToRouteIt()
10 SYSTEMPATH/CodeIgniter.php(340): CodeIgniter\CodeIgniter->handleRequest()
11 FCPATH/index.php(67): CodeIgniter\CodeIgniter->run()
12 SYSTEMPATH/Commands/Server/rewrite.php(46): require_once('FCPATH/index.php')
CRITICAL - 2022-10-20 00:45:03 --> Undefined variable $dataKriteria
in APPPATH/Views/kriteriapenduduk/edit.php on line 10.
 1 APPPATH/Views/kriteriapenduduk/edit.php(10): CodeIgniter\Debug\Exceptions->errorHandler()
 2 SYSTEMPATH/View/View.php(213): include('APPPATH/Views/kriteriapenduduk/edit.php')
 3 SYSTEMPATH/View/View.php(216): CodeIgniter\View\View->CodeIgniter\View\{closure}()
 4 SYSTEMPATH/Common.php(1142): CodeIgniter\View\View->render()
 5 APPPATH/Controllers/Kriteriapenduduk.php(61): view()
 6 SYSTEMPATH/CodeIgniter.php(902): App\Controllers\Kriteriapenduduk->getEdit()
 7 SYSTEMPATH/CodeIgniter.php(457): CodeIgniter\CodeIgniter->runController()
 8 SYSTEMPATH/CodeIgniter.php(340): CodeIgniter\CodeIgniter->handleRequest()
 9 FCPATH/index.php(67): CodeIgniter\CodeIgniter->run()
10 SYSTEMPATH/Commands/Server/rewrite.php(46): require_once('FCPATH/index.php')
CRITICAL - 2022-10-20 00:45:10 --> Undefined variable $dataKriteria
in APPPATH/Views/kriteriapenduduk/edit.php on line 10.
 1 APPPATH/Views/kriteriapenduduk/edit.php(10): CodeIgniter\Debug\Exceptions->errorHandler()
 2 SYSTEMPATH/View/View.php(213): include('APPPATH/Views/kriteriapenduduk/edit.php')
 3 SYSTEMPATH/View/View.php(216): CodeIgniter\View\View->CodeIgniter\View\{closure}()
 4 SYSTEMPATH/Common.php(1142): CodeIgniter\View\View->render()
 5 APPPATH/Controllers/Kriteriapenduduk.php(61): view()
 6 SYSTEMPATH/CodeIgniter.php(902): App\Controllers\Kriteriapenduduk->getEdit()
 7 SYSTEMPATH/CodeIgniter.php(457): CodeIgniter\CodeIgniter->runController()
 8 SYSTEMPATH/CodeIgniter.php(340): CodeIgniter\CodeIgniter->handleRequest()
 9 FCPATH/index.php(67): CodeIgniter\CodeIgniter->run()
10 SYSTEMPATH/Commands/Server/rewrite.php(46): require_once('FCPATH/index.php')
CRITICAL - 2022-10-20 00:45:14 --> Undefined variable $dataKriteria
in APPPATH/Views/kriteriapenduduk/edit.php on line 10.
 1 APPPATH/Views/kriteriapenduduk/edit.php(10): CodeIgniter\Debug\Exceptions->errorHandler()
 2 SYSTEMPATH/View/View.php(213): include('APPPATH/Views/kriteriapenduduk/edit.php')
 3 SYSTEMPATH/View/View.php(216): CodeIgniter\View\View->CodeIgniter\View\{closure}()
 4 SYSTEMPATH/Common.php(1142): CodeIgniter\View\View->render()
 5 APPPATH/Controllers/Kriteriapenduduk.php(61): view()
 6 SYSTEMPATH/CodeIgniter.php(902): App\Controllers\Kriteriapenduduk->getEdit()
 7 SYSTEMPATH/CodeIgniter.php(457): CodeIgniter\CodeIgniter->runController()
 8 SYSTEMPATH/CodeIgniter.php(340): CodeIgniter\CodeIgniter->handleRequest()
 9 FCPATH/index.php(67): CodeIgniter\CodeIgniter->run()
10 SYSTEMPATH/Commands/Server/rewrite.php(46): require_once('FCPATH/index.php')
CRITICAL - 2022-10-20 00:45:21 --> Undefined variable $dataKriteria
in APPPATH/Views/kriteriapenduduk/edit.php on line 10.
 1 APPPATH/Views/kriteriapenduduk/edit.php(10): CodeIgniter\Debug\Exceptions->errorHandler()
 2 SYSTEMPATH/View/View.php(213): include('APPPATH/Views/kriteriapenduduk/edit.php')
 3 SYSTEMPATH/View/View.php(216): CodeIgniter\View\View->CodeIgniter\View\{closure}()
 4 SYSTEMPATH/Common.php(1142): CodeIgniter\View\View->render()
 5 APPPATH/Controllers/Kriteriapenduduk.php(61): view()
 6 SYSTEMPATH/CodeIgniter.php(902): App\Controllers\Kriteriapenduduk->getEdit()
 7 SYSTEMPATH/CodeIgniter.php(457): CodeIgniter\CodeIgniter->runController()
 8 SYSTEMPATH/CodeIgniter.php(340): CodeIgniter\CodeIgniter->handleRequest()
 9 FCPATH/index.php(67): CodeIgniter\CodeIgniter->run()
10 SYSTEMPATH/Commands/Server/rewrite.php(46): require_once('FCPATH/index.php')
CRITICAL - 2022-10-20 00:45:32 --> Undefined variable $dataKriteria
in APPPATH/Views/kriteriapenduduk/edit.php on line 10.
 1 APPPATH/Views/kriteriapenduduk/edit.php(10): CodeIgniter\Debug\Exceptions->errorHandler()
 2 SYSTEMPATH/View/View.php(213): include('APPPATH/Views/kriteriapenduduk/edit.php')
 3 SYSTEMPATH/View/View.php(216): CodeIgniter\View\View->CodeIgniter\View\{closure}()
 4 SYSTEMPATH/Common.php(1142): CodeIgniter\View\View->render()
 5 APPPATH/Controllers/Kriteriapenduduk.php(61): view()
 6 SYSTEMPATH/CodeIgniter.php(902): App\Controllers\Kriteriapenduduk->getEdit()
 7 SYSTEMPATH/CodeIgniter.php(457): CodeIgniter\CodeIgniter->runController()
 8 SYSTEMPATH/CodeIgniter.php(340): CodeIgniter\CodeIgniter->handleRequest()
 9 FCPATH/index.php(67): CodeIgniter\CodeIgniter->run()
10 SYSTEMPATH/Commands/Server/rewrite.php(46): require_once('FCPATH/index.php')
CRITICAL - 2022-10-20 00:46:11 --> Undefined variable $kriteria
in APPPATH/Views/kriteriapenduduk/edit.php on line 8.
 1 APPPATH/Views/kriteriapenduduk/edit.php(8): CodeIgniter\Debug\Exceptions->errorHandler()
 2 SYSTEMPATH/View/View.php(213): include('APPPATH/Views/kriteriapenduduk/edit.php')
 3 SYSTEMPATH/View/View.php(216): CodeIgniter\View\View->CodeIgniter\View\{closure}()
 4 SYSTEMPATH/Common.php(1142): CodeIgniter\View\View->render()
 5 APPPATH/Controllers/Kriteriapenduduk.php(61): view()
 6 SYSTEMPATH/CodeIgniter.php(902): App\Controllers\Kriteriapenduduk->getEdit()
 7 SYSTEMPATH/CodeIgniter.php(457): CodeIgniter\CodeIgniter->runController()
 8 SYSTEMPATH/CodeIgniter.php(340): CodeIgniter\CodeIgniter->handleRequest()
 9 FCPATH/index.php(67): CodeIgniter\CodeIgniter->run()
10 SYSTEMPATH/Commands/Server/rewrite.php(46): require_once('FCPATH/index.php')
CRITICAL - 2022-10-20 00:46:13 --> Undefined variable $kriteria
in APPPATH/Views/kriteriapenduduk/edit.php on line 8.
 1 APPPATH/Views/kriteriapenduduk/edit.php(8): CodeIgniter\Debug\Exceptions->errorHandler()
 2 SYSTEMPATH/View/View.php(213): include('APPPATH/Views/kriteriapenduduk/edit.php')
 3 SYSTEMPATH/View/View.php(216): CodeIgniter\View\View->CodeIgniter\View\{closure}()
 4 SYSTEMPATH/Common.php(1142): CodeIgniter\View\View->render()
 5 APPPATH/Controllers/Kriteriapenduduk.php(61): view()
 6 SYSTEMPATH/CodeIgniter.php(902): App\Controllers\Kriteriapenduduk->getEdit()
 7 SYSTEMPATH/CodeIgniter.php(457): CodeIgniter\CodeIgniter->runController()
 8 SYSTEMPATH/CodeIgniter.php(340): CodeIgniter\CodeIgniter->handleRequest()
 9 FCPATH/index.php(67): CodeIgniter\CodeIgniter->run()
10 SYSTEMPATH/Commands/Server/rewrite.php(46): require_once('FCPATH/index.php')
CRITICAL - 2022-10-20 00:47:31 --> Undefined variable $kriteria
in APPPATH/Views/kriteriapenduduk/edit.php on line 16.
 1 APPPATH/Views/kriteriapenduduk/edit.php(16): CodeIgniter\Debug\Exceptions->errorHandler()
 2 SYSTEMPATH/View/View.php(213): include('APPPATH/Views/kriteriapenduduk/edit.php')
 3 SYSTEMPATH/View/View.php(216): CodeIgniter\View\View->CodeIgniter\View\{closure}()
 4 SYSTEMPATH/Common.php(1142): CodeIgniter\View\View->render()
 5 APPPATH/Controllers/Kriteriapenduduk.php(62): view()
 6 SYSTEMPATH/CodeIgniter.php(902): App\Controllers\Kriteriapenduduk->getEdit()
 7 SYSTEMPATH/CodeIgniter.php(457): CodeIgniter\CodeIgniter->runController()
 8 SYSTEMPATH/CodeIgniter.php(340): CodeIgniter\CodeIgniter->handleRequest()
 9 FCPATH/index.php(67): CodeIgniter\CodeIgniter->run()
10 SYSTEMPATH/Commands/Server/rewrite.php(46): require_once('FCPATH/index.php')
CRITICAL - 2022-10-20 00:47:41 --> Cannot access offset of type string on string
in APPPATH/Views/kriteriapenduduk/edit.php on line 16.
 1 SYSTEMPATH/View/View.php(213): include()
 2 SYSTEMPATH/View/View.php(216): CodeIgniter\View\View->CodeIgniter\View\{closure}()
 3 SYSTEMPATH/Common.php(1142): CodeIgniter\View\View->render()
 4 APPPATH/Controllers/Kriteriapenduduk.php(62): view()
 5 SYSTEMPATH/CodeIgniter.php(902): App\Controllers\Kriteriapenduduk->getEdit()
 6 SYSTEMPATH/CodeIgniter.php(457): CodeIgniter\CodeIgniter->runController()
 7 SYSTEMPATH/CodeIgniter.php(340): CodeIgniter\CodeIgniter->handleRequest()
 8 FCPATH/index.php(67): CodeIgniter\CodeIgniter->run()
 9 SYSTEMPATH/Commands/Server/rewrite.php(46): require_once('FCPATH/index.php')
CRITICAL - 2022-10-20 00:49:00 --> Cannot access offset of type string on string
in APPPATH/Views/kriteriapenduduk/edit.php on line 16.
 1 SYSTEMPATH/View/View.php(213): include()
 2 SYSTEMPATH/View/View.php(216): CodeIgniter\View\View->CodeIgniter\View\{closure}()
 3 SYSTEMPATH/Common.php(1142): CodeIgniter\View\View->render()
 4 APPPATH/Controllers/Kriteriapenduduk.php(62): view()
 5 SYSTEMPATH/CodeIgniter.php(902): App\Controllers\Kriteriapenduduk->getEdit()
 6 SYSTEMPATH/CodeIgniter.php(457): CodeIgniter\CodeIgniter->runController()
 7 SYSTEMPATH/CodeIgniter.php(340): CodeIgniter\CodeIgniter->handleRequest()
 8 FCPATH/index.php(67): CodeIgniter\CodeIgniter->run()
 9 SYSTEMPATH/Commands/Server/rewrite.php(46): require_once('FCPATH/index.php')
CRITICAL - 2022-10-20 00:50:51 --> syntax error, unexpected token ";"
in APPPATH/Views/kriteriapenduduk/edit.php on line 13.
 1 SYSTEMPATH/View/View.php(216): CodeIgniter\View\View->CodeIgniter\View\{closure}()
 2 SYSTEMPATH/Common.php(1142): CodeIgniter\View\View->render()
 3 APPPATH/Controllers/Kriteriapenduduk.php(62): view()
 4 SYSTEMPATH/CodeIgniter.php(902): App\Controllers\Kriteriapenduduk->getEdit()
 5 SYSTEMPATH/CodeIgniter.php(457): CodeIgniter\CodeIgniter->runController()
 6 SYSTEMPATH/CodeIgniter.php(340): CodeIgniter\CodeIgniter->handleRequest()
 7 FCPATH/index.php(67): CodeIgniter\CodeIgniter->run()
 8 SYSTEMPATH/Commands/Server/rewrite.php(46): require_once('FCPATH/index.php')
CRITICAL - 2022-10-20 00:56:29 --> Undefined property: App\Controllers\Kriteriapenduduk::$subkriteriaModel
in APPPATH/Controllers/Kriteriapenduduk.php on line 59.
 1 APPPATH/Controllers/Kriteriapenduduk.php(59): CodeIgniter\Debug\Exceptions->errorHandler()
 2 SYSTEMPATH/CodeIgniter.php(902): App\Controllers\Kriteriapenduduk->getEdit()
 3 SYSTEMPATH/CodeIgniter.php(457): CodeIgniter\CodeIgniter->runController()
 4 SYSTEMPATH/CodeIgniter.php(340): CodeIgniter\CodeIgniter->handleRequest()
 5 FCPATH/index.php(67): CodeIgniter\CodeIgniter->run()
 6 SYSTEMPATH/Commands/Server/rewrite.php(46): require_once('FCPATH/index.php')
CRITICAL - 2022-10-20 00:56:35 --> Undefined property: App\Controllers\Kriteriapenduduk::$subkriteriaModel
in APPPATH/Controllers/Kriteriapenduduk.php on line 59.
 1 APPPATH/Controllers/Kriteriapenduduk.php(59): CodeIgniter\Debug\Exceptions->errorHandler()
 2 SYSTEMPATH/CodeIgniter.php(902): App\Controllers\Kriteriapenduduk->getEdit()
 3 SYSTEMPATH/CodeIgniter.php(457): CodeIgniter\CodeIgniter->runController()
 4 SYSTEMPATH/CodeIgniter.php(340): CodeIgniter\CodeIgniter->handleRequest()
 5 FCPATH/index.php(67): CodeIgniter\CodeIgniter->run()
 6 SYSTEMPATH/Commands/Server/rewrite.php(46): require_once('FCPATH/index.php')
CRITICAL - 2022-10-20 01:13:10 --> syntax error, unexpected token "}"
in APPPATH/Controllers/Kriteriapenduduk.php on line 114.
 1 SYSTEMPATH/Autoloader/Autoloader.php(259): CodeIgniter\Autoloader\Autoloader->includeFile()
 2 SYSTEMPATH/Autoloader/Autoloader.php(237): CodeIgniter\Autoloader\Autoloader->loadInNamespace()
 3 [internal function]: CodeIgniter\Autoloader\Autoloader->loadClass()
 4 SYSTEMPATH/Router/AutoRouterImproved.php(264): class_exists()
 5 SYSTEMPATH/Router/AutoRouterImproved.php(115): CodeIgniter\Router\AutoRouterImproved->scanControllers()
 6 SYSTEMPATH/Router/Router.php(499): CodeIgniter\Router\AutoRouterImproved->getRoute()
 7 SYSTEMPATH/Router/Router.php(205): CodeIgniter\Router\Router->autoRoute()
 8 SYSTEMPATH/CodeIgniter.php(777): CodeIgniter\Router\Router->handle()
 9 SYSTEMPATH/CodeIgniter.php(406): CodeIgniter\CodeIgniter->tryToRouteIt()
10 SYSTEMPATH/CodeIgniter.php(340): CodeIgniter\CodeIgniter->handleRequest()
11 FCPATH/index.php(67): CodeIgniter\CodeIgniter->run()
12 SYSTEMPATH/Commands/Server/rewrite.php(46): require_once('FCPATH/index.php')
CRITICAL - 2022-10-20 01:20:36 --> Undefined property: CodeIgniter\View\View::$kriteriapendudukModel
in APPPATH/Views/kriteriapenduduk/table.php on line 14.
 1 APPPATH/Views/kriteriapenduduk/table.php(14): CodeIgniter\Debug\Exceptions->errorHandler()
 2 SYSTEMPATH/View/View.php(213): include('APPPATH/Views/kriteriapenduduk/table.php')
 3 SYSTEMPATH/View/View.php(216): CodeIgniter\View\View->CodeIgniter\View\{closure}()
 4 SYSTEMPATH/Common.php(1142): CodeIgniter\View\View->render()
 5 APPPATH/Controllers/Kriteriapenduduk.php(57): view()
 6 SYSTEMPATH/CodeIgniter.php(902): App\Controllers\Kriteriapenduduk->getTable()
 7 SYSTEMPATH/CodeIgniter.php(457): CodeIgniter\CodeIgniter->runController()
 8 SYSTEMPATH/CodeIgniter.php(340): CodeIgniter\CodeIgniter->handleRequest()
 9 FCPATH/index.php(67): CodeIgniter\CodeIgniter->run()
10 SYSTEMPATH/Commands/Server/rewrite.php(46): require_once('FCPATH/index.php')
CRITICAL - 2022-10-20 01:20:40 --> Undefined property: CodeIgniter\View\View::$kriteriapendudukModel
in APPPATH/Views/kriteriapenduduk/table.php on line 14.
 1 APPPATH/Views/kriteriapenduduk/table.php(14): CodeIgniter\Debug\Exceptions->errorHandler()
 2 SYSTEMPATH/View/View.php(213): include('APPPATH/Views/kriteriapenduduk/table.php')
 3 SYSTEMPATH/View/View.php(216): CodeIgniter\View\View->CodeIgniter\View\{closure}()
 4 SYSTEMPATH/Common.php(1142): CodeIgniter\View\View->render()
 5 APPPATH/Controllers/Kriteriapenduduk.php(57): view()
 6 SYSTEMPATH/CodeIgniter.php(902): App\Controllers\Kriteriapenduduk->getTable()
 7 SYSTEMPATH/CodeIgniter.php(457): CodeIgniter\CodeIgniter->runController()
 8 SYSTEMPATH/CodeIgniter.php(340): CodeIgniter\CodeIgniter->handleRequest()
 9 FCPATH/index.php(67): CodeIgniter\CodeIgniter->run()
10 SYSTEMPATH/Commands/Server/rewrite.php(46): require_once('FCPATH/index.php')
CRITICAL - 2022-10-20 01:21:17 --> Undefined property: CodeIgniter\View\View::$kriteriapendudukModel
in APPPATH/Views/kriteriapenduduk/table.php on line 19.
 1 APPPATH/Views/kriteriapenduduk/table.php(19): CodeIgniter\Debug\Exceptions->errorHandler()
 2 SYSTEMPATH/View/View.php(213): include('APPPATH/Views/kriteriapenduduk/table.php')
 3 SYSTEMPATH/View/View.php(216): CodeIgniter\View\View->CodeIgniter\View\{closure}()
 4 SYSTEMPATH/Common.php(1142): CodeIgniter\View\View->render()
 5 APPPATH/Controllers/Kriteriapenduduk.php(57): view()
 6 SYSTEMPATH/CodeIgniter.php(902): App\Controllers\Kriteriapenduduk->getTable()
 7 SYSTEMPATH/CodeIgniter.php(457): CodeIgniter\CodeIgniter->runController()
 8 SYSTEMPATH/CodeIgniter.php(340): CodeIgniter\CodeIgniter->handleRequest()
 9 FCPATH/index.php(67): CodeIgniter\CodeIgniter->run()
10 SYSTEMPATH/Commands/Server/rewrite.php(46): require_once('FCPATH/index.php')
CRITICAL - 2022-10-20 01:21:24 --> Undefined variable $id
in APPPATH/Views/kriteriapenduduk/table.php on line 19.
 1 APPPATH/Views/kriteriapenduduk/table.php(19): CodeIgniter\Debug\Exceptions->errorHandler()
 2 SYSTEMPATH/View/View.php(213): include('APPPATH/Views/kriteriapenduduk/table.php')
 3 SYSTEMPATH/View/View.php(216): CodeIgniter\View\View->CodeIgniter\View\{closure}()
 4 SYSTEMPATH/Common.php(1142): CodeIgniter\View\View->render()
 5 APPPATH/Controllers/Kriteriapenduduk.php(57): view()
 6 SYSTEMPATH/CodeIgniter.php(902): App\Controllers\Kriteriapenduduk->getTable()
 7 SYSTEMPATH/CodeIgniter.php(457): CodeIgniter\CodeIgniter->runController()
 8 SYSTEMPATH/CodeIgniter.php(340): CodeIgniter\CodeIgniter->handleRequest()
 9 FCPATH/index.php(67): CodeIgniter\CodeIgniter->run()
10 SYSTEMPATH/Commands/Server/rewrite.php(46): require_once('FCPATH/index.php')
CRITICAL - 2022-10-20 01:21:24 --> Undefined variable $id
in APPPATH/Views/kriteriapenduduk/table.php on line 19.
 1 APPPATH/Views/kriteriapenduduk/table.php(19): CodeIgniter\Debug\Exceptions->errorHandler()
 2 SYSTEMPATH/View/View.php(213): include('APPPATH/Views/kriteriapenduduk/table.php')
 3 SYSTEMPATH/View/View.php(216): CodeIgniter\View\View->CodeIgniter\View\{closure}()
 4 SYSTEMPATH/Common.php(1142): CodeIgniter\View\View->render()
 5 APPPATH/Controllers/Kriteriapenduduk.php(57): view()
 6 SYSTEMPATH/CodeIgniter.php(902): App\Controllers\Kriteriapenduduk->getTable()
 7 SYSTEMPATH/CodeIgniter.php(457): CodeIgniter\CodeIgniter->runController()
 8 SYSTEMPATH/CodeIgniter.php(340): CodeIgniter\CodeIgniter->handleRequest()
 9 FCPATH/index.php(67): CodeIgniter\CodeIgniter->run()
10 SYSTEMPATH/Commands/Server/rewrite.php(46): require_once('FCPATH/index.php')
CRITICAL - 2022-10-20 01:22:34 --> Undefined variable $statusberkas
in APPPATH/Views/kriteriapenduduk/table.php on line 29.
 1 APPPATH/Views/kriteriapenduduk/table.php(29): CodeIgniter\Debug\Exceptions->errorHandler()
 2 SYSTEMPATH/View/View.php(213): include('APPPATH/Views/kriteriapenduduk/table.php')
 3 SYSTEMPATH/View/View.php(216): CodeIgniter\View\View->CodeIgniter\View\{closure}()
 4 SYSTEMPATH/Common.php(1142): CodeIgniter\View\View->render()
 5 APPPATH/Controllers/Kriteriapenduduk.php(57): view()
 6 SYSTEMPATH/CodeIgniter.php(902): App\Controllers\Kriteriapenduduk->getTable()
 7 SYSTEMPATH/CodeIgniter.php(457): CodeIgniter\CodeIgniter->runController()
 8 SYSTEMPATH/CodeIgniter.php(340): CodeIgniter\CodeIgniter->handleRequest()
 9 FCPATH/index.php(67): CodeIgniter\CodeIgniter->run()
10 SYSTEMPATH/Commands/Server/rewrite.php(46): require_once('FCPATH/index.php')
CRITICAL - 2022-10-20 01:40:48 --> Undefined property: App\Controllers\Kriteria::$forge
in APPPATH/Controllers/Kriteria.php on line 60.
 1 APPPATH/Controllers/Kriteria.php(60): CodeIgniter\Debug\Exceptions->errorHandler()
 2 SYSTEMPATH/CodeIgniter.php(902): App\Controllers\Kriteria->postIndex()
 3 SYSTEMPATH/CodeIgniter.php(457): CodeIgniter\CodeIgniter->runController()
 4 SYSTEMPATH/CodeIgniter.php(340): CodeIgniter\CodeIgniter->handleRequest()
 5 FCPATH/index.php(67): CodeIgniter\CodeIgniter->run()
 6 SYSTEMPATH/Commands/Server/rewrite.php(46): require_once('FCPATH/index.php')
CRITICAL - 2022-10-20 01:43:54 --> Field information is required for that operation.
in SYSTEMPATH/Database/Forge.php on line 367.
 1 APPPATH/Controllers/Kriteria.php(62): CodeIgniter\Database\Forge->addField()
 2 SYSTEMPATH/CodeIgniter.php(902): App\Controllers\Kriteria->postIndex()
 3 SYSTEMPATH/CodeIgniter.php(457): CodeIgniter\CodeIgniter->runController()
 4 SYSTEMPATH/CodeIgniter.php(340): CodeIgniter\CodeIgniter->handleRequest()
 5 FCPATH/index.php(67): CodeIgniter\CodeIgniter->run()
 6 SYSTEMPATH/Commands/Server/rewrite.php(46): require_once('FCPATH/index.php')
CRITICAL - 2022-10-20 01:45:15 --> syntax error, unexpected token ";", expecting "]"
in APPPATH/Controllers/Kriteria.php on line 66.
 1 SYSTEMPATH/Autoloader/Autoloader.php(259): CodeIgniter\Autoloader\Autoloader->includeFile()
 2 SYSTEMPATH/Autoloader/Autoloader.php(237): CodeIgniter\Autoloader\Autoloader->loadInNamespace()
 3 [internal function]: CodeIgniter\Autoloader\Autoloader->loadClass()
 4 SYSTEMPATH/Router/AutoRouterImproved.php(264): class_exists()
 5 SYSTEMPATH/Router/AutoRouterImproved.php(115): CodeIgniter\Router\AutoRouterImproved->scanControllers()
 6 SYSTEMPATH/Router/Router.php(499): CodeIgniter\Router\AutoRouterImproved->getRoute()
 7 SYSTEMPATH/Router/Router.php(205): CodeIgniter\Router\Router->autoRoute()
 8 SYSTEMPATH/CodeIgniter.php(777): CodeIgniter\Router\Router->handle()
 9 SYSTEMPATH/CodeIgniter.php(406): CodeIgniter\CodeIgniter->tryToRouteIt()
10 SYSTEMPATH/CodeIgniter.php(340): CodeIgniter\CodeIgniter->handleRequest()
11 FCPATH/index.php(67): CodeIgniter\CodeIgniter->run()
12 SYSTEMPATH/Commands/Server/rewrite.php(46): require_once('FCPATH/index.php')
CRITICAL - 2022-10-20 01:45:35 --> Field information is required for that operation.
in SYSTEMPATH/Database/Forge.php on line 367.
 1 APPPATH/Controllers/Kriteria.php(68): CodeIgniter\Database\Forge->addField()
 2 SYSTEMPATH/CodeIgniter.php(902): App\Controllers\Kriteria->postIndex()
 3 SYSTEMPATH/CodeIgniter.php(457): CodeIgniter\CodeIgniter->runController()
 4 SYSTEMPATH/CodeIgniter.php(340): CodeIgniter\CodeIgniter->handleRequest()
 5 FCPATH/index.php(67): CodeIgniter\CodeIgniter->run()
 6 SYSTEMPATH/Commands/Server/rewrite.php(46): require_once('FCPATH/index.php')
CRITICAL - 2022-10-20 01:59:35 --> Call to undefined method App\Models\KriteriaModel::ordeyBy
in SYSTEMPATH/Model.php on line 774.
 1 APPPATH/Controllers/Kriteria.php(62): CodeIgniter\Model->__call()
 2 SYSTEMPATH/CodeIgniter.php(902): App\Controllers\Kriteria->postIndex()
 3 SYSTEMPATH/CodeIgniter.php(457): CodeIgniter\CodeIgniter->runController()
 4 SYSTEMPATH/CodeIgniter.php(340): CodeIgniter\CodeIgniter->handleRequest()
 5 FCPATH/index.php(67): CodeIgniter\CodeIgniter->run()
 6 SYSTEMPATH/Commands/Server/rewrite.php(46): require_once('FCPATH/index.php')
CRITICAL - 2022-10-20 01:59:52 --> Illegal offset type
in APPPATH/Controllers/Kriteria.php on line 66.
 1 SYSTEMPATH/CodeIgniter.php(902): App\Controllers\Kriteria->postIndex()
 2 SYSTEMPATH/CodeIgniter.php(457): CodeIgniter\CodeIgniter->runController()
 3 SYSTEMPATH/CodeIgniter.php(340): CodeIgniter\CodeIgniter->handleRequest()
 4 FCPATH/index.php(67): CodeIgniter\CodeIgniter->run()
 5 SYSTEMPATH/Commands/Server/rewrite.php(46): require_once('FCPATH/index.php')
CRITICAL - 2022-10-20 02:02:54 --> Illegal offset type
in APPPATH/Controllers/Kriteria.php on line 66.
 1 SYSTEMPATH/CodeIgniter.php(902): App\Controllers\Kriteria->postIndex()
 2 SYSTEMPATH/CodeIgniter.php(457): CodeIgniter\CodeIgniter->runController()
 3 SYSTEMPATH/CodeIgniter.php(340): CodeIgniter\CodeIgniter->handleRequest()
 4 FCPATH/index.php(67): CodeIgniter\CodeIgniter->run()
 5 SYSTEMPATH/Commands/Server/rewrite.php(46): require_once('FCPATH/index.php')
CRITICAL - 2022-10-20 02:04:38 --> Illegal offset type
in APPPATH/Controllers/Kriteria.php on line 66.
 1 SYSTEMPATH/CodeIgniter.php(902): App\Controllers\Kriteria->postIndex()
 2 SYSTEMPATH/CodeIgniter.php(457): CodeIgniter\CodeIgniter->runController()
 3 SYSTEMPATH/CodeIgniter.php(340): CodeIgniter\CodeIgniter->handleRequest()
 4 FCPATH/index.php(67): CodeIgniter\CodeIgniter->run()
 5 SYSTEMPATH/Commands/Server/rewrite.php(46): require_once('FCPATH/index.php')
CRITICAL - 2022-10-20 02:04:56 --> Illegal offset type
in APPPATH/Controllers/Kriteria.php on line 66.
 1 SYSTEMPATH/CodeIgniter.php(902): App\Controllers\Kriteria->postIndex()
 2 SYSTEMPATH/CodeIgniter.php(457): CodeIgniter\CodeIgniter->runController()
 3 SYSTEMPATH/CodeIgniter.php(340): CodeIgniter\CodeIgniter->handleRequest()
 4 FCPATH/index.php(67): CodeIgniter\CodeIgniter->run()
 5 SYSTEMPATH/Commands/Server/rewrite.php(46): require_once('FCPATH/index.php')
CRITICAL - 2022-10-20 02:05:28 --> Illegal offset type
in APPPATH/Controllers/Kriteria.php on line 66.
 1 SYSTEMPATH/CodeIgniter.php(902): App\Controllers\Kriteria->postIndex()
 2 SYSTEMPATH/CodeIgniter.php(457): CodeIgniter\CodeIgniter->runController()
 3 SYSTEMPATH/CodeIgniter.php(340): CodeIgniter\CodeIgniter->handleRequest()
 4 FCPATH/index.php(67): CodeIgniter\CodeIgniter->run()
 5 SYSTEMPATH/Commands/Server/rewrite.php(46): require_once('FCPATH/index.php')
CRITICAL - 2022-10-20 02:05:36 --> Illegal offset type
in APPPATH/Controllers/Kriteria.php on line 66.
 1 SYSTEMPATH/CodeIgniter.php(902): App\Controllers\Kriteria->postIndex()
 2 SYSTEMPATH/CodeIgniter.php(457): CodeIgniter\CodeIgniter->runController()
 3 SYSTEMPATH/CodeIgniter.php(340): CodeIgniter\CodeIgniter->handleRequest()
 4 FCPATH/index.php(67): CodeIgniter\CodeIgniter->run()
 5 SYSTEMPATH/Commands/Server/rewrite.php(46): require_once('FCPATH/index.php')
CRITICAL - 2022-10-20 02:05:44 --> Call to undefined method CodeIgniter\Database\MySQLi\Forge::deleteColum()
in APPPATH/Controllers/Kriteria.php on line 99.
 1 SYSTEMPATH/CodeIgniter.php(902): App\Controllers\Kriteria->deleteDelete()
 2 SYSTEMPATH/CodeIgniter.php(457): CodeIgniter\CodeIgniter->runController()
 3 SYSTEMPATH/CodeIgniter.php(340): CodeIgniter\CodeIgniter->handleRequest()
 4 FCPATH/index.php(67): CodeIgniter\CodeIgniter->run()
 5 SYSTEMPATH/Commands/Server/rewrite.php(46): require_once('FCPATH/index.php')
CRITICAL - 2022-10-20 02:06:09 --> Illegal offset type
in APPPATH/Controllers/Kriteria.php on line 66.
 1 SYSTEMPATH/CodeIgniter.php(902): App\Controllers\Kriteria->postIndex()
 2 SYSTEMPATH/CodeIgniter.php(457): CodeIgniter\CodeIgniter->runController()
 3 SYSTEMPATH/CodeIgniter.php(340): CodeIgniter\CodeIgniter->handleRequest()
 4 FCPATH/index.php(67): CodeIgniter\CodeIgniter->run()
 5 SYSTEMPATH/Commands/Server/rewrite.php(46): require_once('FCPATH/index.php')
CRITICAL - 2022-10-20 02:07:33 --> Illegal offset type
in APPPATH/Controllers/Kriteria.php on line 66.
 1 SYSTEMPATH/CodeIgniter.php(902): App\Controllers\Kriteria->postIndex()
 2 SYSTEMPATH/CodeIgniter.php(457): CodeIgniter\CodeIgniter->runController()
 3 SYSTEMPATH/CodeIgniter.php(340): CodeIgniter\CodeIgniter->handleRequest()
 4 FCPATH/index.php(67): CodeIgniter\CodeIgniter->run()
 5 SYSTEMPATH/Commands/Server/rewrite.php(46): require_once('FCPATH/index.php')
CRITICAL - 2022-10-20 02:07:55 --> Illegal offset type
in APPPATH/Controllers/Kriteria.php on line 66.
 1 SYSTEMPATH/CodeIgniter.php(902): App\Controllers\Kriteria->postIndex()
 2 SYSTEMPATH/CodeIgniter.php(457): CodeIgniter\CodeIgniter->runController()
 3 SYSTEMPATH/CodeIgniter.php(340): CodeIgniter\CodeIgniter->handleRequest()
 4 FCPATH/index.php(67): CodeIgniter\CodeIgniter->run()
 5 SYSTEMPATH/Commands/Server/rewrite.php(46): require_once('FCPATH/index.php')
CRITICAL - 2022-10-20 02:08:59 --> Illegal offset type
in APPPATH/Controllers/Kriteria.php on line 66.
 1 SYSTEMPATH/CodeIgniter.php(902): App\Controllers\Kriteria->postIndex()
 2 SYSTEMPATH/CodeIgniter.php(457): CodeIgniter\CodeIgniter->runController()
 3 SYSTEMPATH/CodeIgniter.php(340): CodeIgniter\CodeIgniter->handleRequest()
 4 FCPATH/index.php(67): CodeIgniter\CodeIgniter->run()
 5 SYSTEMPATH/Commands/Server/rewrite.php(46): require_once('FCPATH/index.php')
CRITICAL - 2022-10-20 02:09:12 --> Illegal offset type
in APPPATH/Controllers/Kriteria.php on line 66.
 1 SYSTEMPATH/CodeIgniter.php(902): App\Controllers\Kriteria->postIndex()
 2 SYSTEMPATH/CodeIgniter.php(457): CodeIgniter\CodeIgniter->runController()
 3 SYSTEMPATH/CodeIgniter.php(340): CodeIgniter\CodeIgniter->handleRequest()
 4 FCPATH/index.php(67): CodeIgniter\CodeIgniter->run()
 5 SYSTEMPATH/Commands/Server/rewrite.php(46): require_once('FCPATH/index.php')
CRITICAL - 2022-10-20 02:14:15 --> Call to undefined method CodeIgniter\Database\MySQLi\Forge::deleteColum()
in APPPATH/Controllers/Kriteria.php on line 99.
 1 SYSTEMPATH/CodeIgniter.php(902): App\Controllers\Kriteria->deleteDelete()
 2 SYSTEMPATH/CodeIgniter.php(457): CodeIgniter\CodeIgniter->runController()
 3 SYSTEMPATH/CodeIgniter.php(340): CodeIgniter\CodeIgniter->handleRequest()
 4 FCPATH/index.php(67): CodeIgniter\CodeIgniter->run()
 5 SYSTEMPATH/Commands/Server/rewrite.php(46): require_once('FCPATH/index.php')
CRITICAL - 2022-10-20 02:14:18 --> Call to undefined method CodeIgniter\Database\MySQLi\Forge::deleteColum()
in APPPATH/Controllers/Kriteria.php on line 99.
 1 SYSTEMPATH/CodeIgniter.php(902): App\Controllers\Kriteria->deleteDelete()
 2 SYSTEMPATH/CodeIgniter.php(457): CodeIgniter\CodeIgniter->runController()
 3 SYSTEMPATH/CodeIgniter.php(340): CodeIgniter\CodeIgniter->handleRequest()
 4 FCPATH/index.php(67): CodeIgniter\CodeIgniter->run()
 5 SYSTEMPATH/Commands/Server/rewrite.php(46): require_once('FCPATH/index.php')
ERROR - 2022-10-20 02:14:24 --> mysqli_sql_exception: You have an error in your SQL syntax; check the manual that corresponds to your MariaDB server version for the right syntax to use near '0 INT' at line 2 in /mnt/work/Project/STIKI/fania/spk/system/Database/MySQLi/Connection.php:292
Stack trace:
#0 /mnt/work/Project/STIKI/fania/spk/system/Database/MySQLi/Connection.php(292): mysqli->query()
#1 /mnt/work/Project/STIKI/fania/spk/system/Database/BaseConnection.php(693): CodeIgniter\Database\MySQLi\Connection->execute()
#2 /mnt/work/Project/STIKI/fania/spk/system/Database/BaseConnection.php(620): CodeIgniter\Database\BaseConnection->simpleQuery()
#3 /mnt/work/Project/STIKI/fania/spk/system/Database/Forge.php(708): CodeIgniter\Database\BaseConnection->query()
#4 /mnt/work/Project/STIKI/fania/spk/app/Controllers/Kriteria.php(70): CodeIgniter\Database\Forge->addColumn()
#5 /mnt/work/Project/STIKI/fania/spk/system/CodeIgniter.php(902): App\Controllers\Kriteria->postIndex()
#6 /mnt/work/Project/STIKI/fania/spk/system/CodeIgniter.php(457): CodeIgniter\CodeIgniter->runController()
#7 /mnt/work/Project/STIKI/fania/spk/system/CodeIgniter.php(340): CodeIgniter\CodeIgniter->handleRequest()
#8 /mnt/work/Project/STIKI/fania/spk/public/index.php(67): CodeIgniter\CodeIgniter->run()
#9 /mnt/work/Project/STIKI/fania/spk/system/Commands/Server/rewrite.php(46): require_once('...')
#10 {main}
CRITICAL - 2022-10-20 02:14:24 --> You have an error in your SQL syntax; check the manual that corresponds to your MariaDB server version for the right syntax to use near '0 INT' at line 2
in SYSTEMPATH/Database/MySQLi/Connection.php on line 292.
 1 SYSTEMPATH/Database/MySQLi/Connection.php(292): mysqli->query()
 2 SYSTEMPATH/Database/BaseConnection.php(693): CodeIgniter\Database\MySQLi\Connection->execute()
 3 SYSTEMPATH/Database/BaseConnection.php(620): CodeIgniter\Database\BaseConnection->simpleQuery()
 4 SYSTEMPATH/Database/Forge.php(708): CodeIgniter\Database\BaseConnection->query()
 5 APPPATH/Controllers/Kriteria.php(70): CodeIgniter\Database\Forge->addColumn()
 6 SYSTEMPATH/CodeIgniter.php(902): App\Controllers\Kriteria->postIndex()
 7 SYSTEMPATH/CodeIgniter.php(457): CodeIgniter\CodeIgniter->runController()
 8 SYSTEMPATH/CodeIgniter.php(340): CodeIgniter\CodeIgniter->handleRequest()
 9 FCPATH/index.php(67): CodeIgniter\CodeIgniter->run()
10 SYSTEMPATH/Commands/Server/rewrite.php(46): require_once('FCPATH/index.php')
ERROR - 2022-10-20 02:14:25 --> mysqli_sql_exception: You have an error in your SQL syntax; check the manual that corresponds to your MariaDB server version for the right syntax to use near '0 INT' at line 2 in /mnt/work/Project/STIKI/fania/spk/system/Database/MySQLi/Connection.php:292
Stack trace:
#0 /mnt/work/Project/STIKI/fania/spk/system/Database/MySQLi/Connection.php(292): mysqli->query()
#1 /mnt/work/Project/STIKI/fania/spk/system/Database/BaseConnection.php(693): CodeIgniter\Database\MySQLi\Connection->execute()
#2 /mnt/work/Project/STIKI/fania/spk/system/Database/BaseConnection.php(620): CodeIgniter\Database\BaseConnection->simpleQuery()
#3 /mnt/work/Project/STIKI/fania/spk/system/Database/Forge.php(708): CodeIgniter\Database\BaseConnection->query()
#4 /mnt/work/Project/STIKI/fania/spk/app/Controllers/Kriteria.php(70): CodeIgniter\Database\Forge->addColumn()
#5 /mnt/work/Project/STIKI/fania/spk/system/CodeIgniter.php(902): App\Controllers\Kriteria->postIndex()
#6 /mnt/work/Project/STIKI/fania/spk/system/CodeIgniter.php(457): CodeIgniter\CodeIgniter->runController()
#7 /mnt/work/Project/STIKI/fania/spk/system/CodeIgniter.php(340): CodeIgniter\CodeIgniter->handleRequest()
#8 /mnt/work/Project/STIKI/fania/spk/public/index.php(67): CodeIgniter\CodeIgniter->run()
#9 /mnt/work/Project/STIKI/fania/spk/system/Commands/Server/rewrite.php(46): require_once('...')
#10 {main}
CRITICAL - 2022-10-20 02:14:25 --> You have an error in your SQL syntax; check the manual that corresponds to your MariaDB server version for the right syntax to use near '0 INT' at line 2
in SYSTEMPATH/Database/MySQLi/Connection.php on line 292.
 1 SYSTEMPATH/Database/MySQLi/Connection.php(292): mysqli->query()
 2 SYSTEMPATH/Database/BaseConnection.php(693): CodeIgniter\Database\MySQLi\Connection->execute()
 3 SYSTEMPATH/Database/BaseConnection.php(620): CodeIgniter\Database\BaseConnection->simpleQuery()
 4 SYSTEMPATH/Database/Forge.php(708): CodeIgniter\Database\BaseConnection->query()
 5 APPPATH/Controllers/Kriteria.php(70): CodeIgniter\Database\Forge->addColumn()
 6 SYSTEMPATH/CodeIgniter.php(902): App\Controllers\Kriteria->postIndex()
 7 SYSTEMPATH/CodeIgniter.php(457): CodeIgniter\CodeIgniter->runController()
 8 SYSTEMPATH/CodeIgniter.php(340): CodeIgniter\CodeIgniter->handleRequest()
 9 FCPATH/index.php(67): CodeIgniter\CodeIgniter->run()
10 SYSTEMPATH/Commands/Server/rewrite.php(46): require_once('FCPATH/index.php')
CRITICAL - 2022-10-20 02:14:37 --> Call to undefined method CodeIgniter\Database\MySQLi\Forge::deleteColum()
in APPPATH/Controllers/Kriteria.php on line 99.
 1 SYSTEMPATH/CodeIgniter.php(902): App\Controllers\Kriteria->deleteDelete()
 2 SYSTEMPATH/CodeIgniter.php(457): CodeIgniter\CodeIgniter->runController()
 3 SYSTEMPATH/CodeIgniter.php(340): CodeIgniter\CodeIgniter->handleRequest()
 4 FCPATH/index.php(67): CodeIgniter\CodeIgniter->run()
 5 SYSTEMPATH/Commands/Server/rewrite.php(46): require_once('FCPATH/index.php')
CRITICAL - 2022-10-20 02:14:42 --> Call to undefined method CodeIgniter\Database\MySQLi\Forge::deleteColum()
in APPPATH/Controllers/Kriteria.php on line 99.
 1 SYSTEMPATH/CodeIgniter.php(902): App\Controllers\Kriteria->deleteDelete()
 2 SYSTEMPATH/CodeIgniter.php(457): CodeIgniter\CodeIgniter->runController()
 3 SYSTEMPATH/CodeIgniter.php(340): CodeIgniter\CodeIgniter->handleRequest()
 4 FCPATH/index.php(67): CodeIgniter\CodeIgniter->run()
 5 SYSTEMPATH/Commands/Server/rewrite.php(46): require_once('FCPATH/index.php')
ERROR - 2022-10-20 02:14:52 --> mysqli_sql_exception: You have an error in your SQL syntax; check the manual that corresponds to your MariaDB server version for the right syntax to use near '0 INT' at line 2 in /mnt/work/Project/STIKI/fania/spk/system/Database/MySQLi/Connection.php:292
Stack trace:
#0 /mnt/work/Project/STIKI/fania/spk/system/Database/MySQLi/Connection.php(292): mysqli->query()
#1 /mnt/work/Project/STIKI/fania/spk/system/Database/BaseConnection.php(693): CodeIgniter\Database\MySQLi\Connection->execute()
#2 /mnt/work/Project/STIKI/fania/spk/system/Database/BaseConnection.php(620): CodeIgniter\Database\BaseConnection->simpleQuery()
#3 /mnt/work/Project/STIKI/fania/spk/system/Database/Forge.php(708): CodeIgniter\Database\BaseConnection->query()
#4 /mnt/work/Project/STIKI/fania/spk/app/Controllers/Kriteria.php(70): CodeIgniter\Database\Forge->addColumn()
#5 /mnt/work/Project/STIKI/fania/spk/system/CodeIgniter.php(902): App\Controllers\Kriteria->postIndex()
#6 /mnt/work/Project/STIKI/fania/spk/system/CodeIgniter.php(457): CodeIgniter\CodeIgniter->runController()
#7 /mnt/work/Project/STIKI/fania/spk/system/CodeIgniter.php(340): CodeIgniter\CodeIgniter->handleRequest()
#8 /mnt/work/Project/STIKI/fania/spk/public/index.php(67): CodeIgniter\CodeIgniter->run()
#9 /mnt/work/Project/STIKI/fania/spk/system/Commands/Server/rewrite.php(46): require_once('...')
#10 {main}
CRITICAL - 2022-10-20 02:14:52 --> You have an error in your SQL syntax; check the manual that corresponds to your MariaDB server version for the right syntax to use near '0 INT' at line 2
in SYSTEMPATH/Database/MySQLi/Connection.php on line 292.
 1 SYSTEMPATH/Database/MySQLi/Connection.php(292): mysqli->query()
 2 SYSTEMPATH/Database/BaseConnection.php(693): CodeIgniter\Database\MySQLi\Connection->execute()
 3 SYSTEMPATH/Database/BaseConnection.php(620): CodeIgniter\Database\BaseConnection->simpleQuery()
 4 SYSTEMPATH/Database/Forge.php(708): CodeIgniter\Database\BaseConnection->query()
 5 APPPATH/Controllers/Kriteria.php(70): CodeIgniter\Database\Forge->addColumn()
 6 SYSTEMPATH/CodeIgniter.php(902): App\Controllers\Kriteria->postIndex()
 7 SYSTEMPATH/CodeIgniter.php(457): CodeIgniter\CodeIgniter->runController()
 8 SYSTEMPATH/CodeIgniter.php(340): CodeIgniter\CodeIgniter->handleRequest()
 9 FCPATH/index.php(67): CodeIgniter\CodeIgniter->run()
10 SYSTEMPATH/Commands/Server/rewrite.php(46): require_once('FCPATH/index.php')
CRITICAL - 2022-10-20 02:15:16 --> Undefined array key "id"
in APPPATH/Controllers/Kriteria.php on line 65.
 1 APPPATH/Controllers/Kriteria.php(65): CodeIgniter\Debug\Exceptions->errorHandler()
 2 SYSTEMPATH/CodeIgniter.php(902): App\Controllers\Kriteria->postIndex()
 3 SYSTEMPATH/CodeIgniter.php(457): CodeIgniter\CodeIgniter->runController()
 4 SYSTEMPATH/CodeIgniter.php(340): CodeIgniter\CodeIgniter->handleRequest()
 5 FCPATH/index.php(67): CodeIgniter\CodeIgniter->run()
 6 SYSTEMPATH/Commands/Server/rewrite.php(46): require_once('FCPATH/index.php')
CRITICAL - 2022-10-20 02:16:53 --> Call to undefined method CodeIgniter\Database\MySQLi\Forge::deleteColum()
in APPPATH/Controllers/Kriteria.php on line 99.
 1 SYSTEMPATH/CodeIgniter.php(902): App\Controllers\Kriteria->deleteDelete()
 2 SYSTEMPATH/CodeIgniter.php(457): CodeIgniter\CodeIgniter->runController()
 3 SYSTEMPATH/CodeIgniter.php(340): CodeIgniter\CodeIgniter->handleRequest()
 4 FCPATH/index.php(67): CodeIgniter\CodeIgniter->run()
 5 SYSTEMPATH/Commands/Server/rewrite.php(46): require_once('FCPATH/index.php')
ERROR - 2022-10-20 02:17:54 --> mysqli_sql_exception: You have an error in your SQL syntax; check the manual that corresponds to your MariaDB server version for the right syntax to use near '0 INT' at line 2 in /mnt/work/Project/STIKI/fania/spk/system/Database/MySQLi/Connection.php:292
Stack trace:
#0 /mnt/work/Project/STIKI/fania/spk/system/Database/MySQLi/Connection.php(292): mysqli->query()
#1 /mnt/work/Project/STIKI/fania/spk/system/Database/BaseConnection.php(693): CodeIgniter\Database\MySQLi\Connection->execute()
#2 /mnt/work/Project/STIKI/fania/spk/system/Database/BaseConnection.php(620): CodeIgniter\Database\BaseConnection->simpleQuery()
#3 /mnt/work/Project/STIKI/fania/spk/system/Database/Forge.php(708): CodeIgniter\Database\BaseConnection->query()
#4 /mnt/work/Project/STIKI/fania/spk/app/Controllers/Kriteria.php(71): CodeIgniter\Database\Forge->addColumn()
#5 /mnt/work/Project/STIKI/fania/spk/system/CodeIgniter.php(902): App\Controllers\Kriteria->postIndex()
#6 /mnt/work/Project/STIKI/fania/spk/system/CodeIgniter.php(457): CodeIgniter\CodeIgniter->runController()
#7 /mnt/work/Project/STIKI/fania/spk/system/CodeIgniter.php(340): CodeIgniter\CodeIgniter->handleRequest()
#8 /mnt/work/Project/STIKI/fania/spk/public/index.php(67): CodeIgniter\CodeIgniter->run()
#9 /mnt/work/Project/STIKI/fania/spk/system/Commands/Server/rewrite.php(46): require_once('...')
#10 {main}
CRITICAL - 2022-10-20 02:17:54 --> You have an error in your SQL syntax; check the manual that corresponds to your MariaDB server version for the right syntax to use near '0 INT' at line 2
in SYSTEMPATH/Database/MySQLi/Connection.php on line 292.
 1 SYSTEMPATH/Database/MySQLi/Connection.php(292): mysqli->query()
 2 SYSTEMPATH/Database/BaseConnection.php(693): CodeIgniter\Database\MySQLi\Connection->execute()
 3 SYSTEMPATH/Database/BaseConnection.php(620): CodeIgniter\Database\BaseConnection->simpleQuery()
 4 SYSTEMPATH/Database/Forge.php(708): CodeIgniter\Database\BaseConnection->query()
 5 APPPATH/Controllers/Kriteria.php(71): CodeIgniter\Database\Forge->addColumn()
 6 SYSTEMPATH/CodeIgniter.php(902): App\Controllers\Kriteria->postIndex()
 7 SYSTEMPATH/CodeIgniter.php(457): CodeIgniter\CodeIgniter->runController()
 8 SYSTEMPATH/CodeIgniter.php(340): CodeIgniter\CodeIgniter->handleRequest()
 9 FCPATH/index.php(67): CodeIgniter\CodeIgniter->run()
10 SYSTEMPATH/Commands/Server/rewrite.php(46): require_once('FCPATH/index.php')
ERROR - 2022-10-20 02:21:01 --> mysqli_sql_exception: You have an error in your SQL syntax; check the manual that corresponds to your MariaDB server version for the right syntax to use near 'INT' at line 2 in /mnt/work/Project/STIKI/fania/spk/system/Database/MySQLi/Connection.php:292
Stack trace:
#0 /mnt/work/Project/STIKI/fania/spk/system/Database/MySQLi/Connection.php(292): mysqli->query()
#1 /mnt/work/Project/STIKI/fania/spk/system/Database/BaseConnection.php(693): CodeIgniter\Database\MySQLi\Connection->execute()
#2 /mnt/work/Project/STIKI/fania/spk/system/Database/BaseConnection.php(620): CodeIgniter\Database\BaseConnection->simpleQuery()
#3 /mnt/work/Project/STIKI/fania/spk/system/Database/Forge.php(708): CodeIgniter\Database\BaseConnection->query()
#4 /mnt/work/Project/STIKI/fania/spk/app/Controllers/Kriteria.php(73): CodeIgniter\Database\Forge->addColumn()
#5 /mnt/work/Project/STIKI/fania/spk/system/CodeIgniter.php(902): App\Controllers\Kriteria->postIndex()
#6 /mnt/work/Project/STIKI/fania/spk/system/CodeIgniter.php(457): CodeIgniter\CodeIgniter->runController()
#7 /mnt/work/Project/STIKI/fania/spk/system/CodeIgniter.php(340): CodeIgniter\CodeIgniter->handleRequest()
#8 /mnt/work/Project/STIKI/fania/spk/public/index.php(67): CodeIgniter\CodeIgniter->run()
#9 /mnt/work/Project/STIKI/fania/spk/system/Commands/Server/rewrite.php(46): require_once('...')
#10 {main}
CRITICAL - 2022-10-20 02:21:01 --> You have an error in your SQL syntax; check the manual that corresponds to your MariaDB server version for the right syntax to use near 'INT' at line 2
in SYSTEMPATH/Database/MySQLi/Connection.php on line 292.
 1 SYSTEMPATH/Database/MySQLi/Connection.php(292): mysqli->query()
 2 SYSTEMPATH/Database/BaseConnection.php(693): CodeIgniter\Database\MySQLi\Connection->execute()
 3 SYSTEMPATH/Database/BaseConnection.php(620): CodeIgniter\Database\BaseConnection->simpleQuery()
 4 SYSTEMPATH/Database/Forge.php(708): CodeIgniter\Database\BaseConnection->query()
 5 APPPATH/Controllers/Kriteria.php(73): CodeIgniter\Database\Forge->addColumn()
 6 SYSTEMPATH/CodeIgniter.php(902): App\Controllers\Kriteria->postIndex()
 7 SYSTEMPATH/CodeIgniter.php(457): CodeIgniter\CodeIgniter->runController()
 8 SYSTEMPATH/CodeIgniter.php(340): CodeIgniter\CodeIgniter->handleRequest()
 9 FCPATH/index.php(67): CodeIgniter\CodeIgniter->run()
10 SYSTEMPATH/Commands/Server/rewrite.php(46): require_once('FCPATH/index.php')
ERROR - 2022-10-20 02:21:32 --> mysqli_sql_exception: You have an error in your SQL syntax; check the manual that corresponds to your MariaDB server version for the right syntax to use near '0 INT' at line 2 in /mnt/work/Project/STIKI/fania/spk/system/Database/MySQLi/Connection.php:292
Stack trace:
#0 /mnt/work/Project/STIKI/fania/spk/system/Database/MySQLi/Connection.php(292): mysqli->query()
#1 /mnt/work/Project/STIKI/fania/spk/system/Database/BaseConnection.php(693): CodeIgniter\Database\MySQLi\Connection->execute()
#2 /mnt/work/Project/STIKI/fania/spk/system/Database/BaseConnection.php(620): CodeIgniter\Database\BaseConnection->simpleQuery()
#3 /mnt/work/Project/STIKI/fania/spk/system/Database/Forge.php(708): CodeIgniter\Database\BaseConnection->query()
#4 /mnt/work/Project/STIKI/fania/spk/app/Controllers/Kriteria.php(73): CodeIgniter\Database\Forge->addColumn()
#5 /mnt/work/Project/STIKI/fania/spk/system/CodeIgniter.php(902): App\Controllers\Kriteria->postIndex()
#6 /mnt/work/Project/STIKI/fania/spk/system/CodeIgniter.php(457): CodeIgniter\CodeIgniter->runController()
#7 /mnt/work/Project/STIKI/fania/spk/system/CodeIgniter.php(340): CodeIgniter\CodeIgniter->handleRequest()
#8 /mnt/work/Project/STIKI/fania/spk/public/index.php(67): CodeIgniter\CodeIgniter->run()
#9 /mnt/work/Project/STIKI/fania/spk/system/Commands/Server/rewrite.php(46): require_once('...')
#10 {main}
CRITICAL - 2022-10-20 02:21:32 --> You have an error in your SQL syntax; check the manual that corresponds to your MariaDB server version for the right syntax to use near '0 INT' at line 2
in SYSTEMPATH/Database/MySQLi/Connection.php on line 292.
 1 SYSTEMPATH/Database/MySQLi/Connection.php(292): mysqli->query()
 2 SYSTEMPATH/Database/BaseConnection.php(693): CodeIgniter\Database\MySQLi\Connection->execute()
 3 SYSTEMPATH/Database/BaseConnection.php(620): CodeIgniter\Database\BaseConnection->simpleQuery()
 4 SYSTEMPATH/Database/Forge.php(708): CodeIgniter\Database\BaseConnection->query()
 5 APPPATH/Controllers/Kriteria.php(73): CodeIgniter\Database\Forge->addColumn()
 6 SYSTEMPATH/CodeIgniter.php(902): App\Controllers\Kriteria->postIndex()
 7 SYSTEMPATH/CodeIgniter.php(457): CodeIgniter\CodeIgniter->runController()
 8 SYSTEMPATH/CodeIgniter.php(340): CodeIgniter\CodeIgniter->handleRequest()
 9 FCPATH/index.php(67): CodeIgniter\CodeIgniter->run()
10 SYSTEMPATH/Commands/Server/rewrite.php(46): require_once('FCPATH/index.php')
ERROR - 2022-10-20 02:22:31 --> mysqli_sql_exception: You have an error in your SQL syntax; check the manual that corresponds to your MariaDB server version for the right syntax to use near 'INT' at line 2 in /mnt/work/Project/STIKI/fania/spk/system/Database/MySQLi/Connection.php:292
Stack trace:
#0 /mnt/work/Project/STIKI/fania/spk/system/Database/MySQLi/Connection.php(292): mysqli->query()
#1 /mnt/work/Project/STIKI/fania/spk/system/Database/BaseConnection.php(693): CodeIgniter\Database\MySQLi\Connection->execute()
#2 /mnt/work/Project/STIKI/fania/spk/system/Database/BaseConnection.php(620): CodeIgniter\Database\BaseConnection->simpleQuery()
#3 /mnt/work/Project/STIKI/fania/spk/system/Database/Forge.php(708): CodeIgniter\Database\BaseConnection->query()
#4 /mnt/work/Project/STIKI/fania/spk/app/Controllers/Kriteria.php(73): CodeIgniter\Database\Forge->addColumn()
#5 /mnt/work/Project/STIKI/fania/spk/system/CodeIgniter.php(902): App\Controllers\Kriteria->postIndex()
#6 /mnt/work/Project/STIKI/fania/spk/system/CodeIgniter.php(457): CodeIgniter\CodeIgniter->runController()
#7 /mnt/work/Project/STIKI/fania/spk/system/CodeIgniter.php(340): CodeIgniter\CodeIgniter->handleRequest()
#8 /mnt/work/Project/STIKI/fania/spk/public/index.php(67): CodeIgniter\CodeIgniter->run()
#9 /mnt/work/Project/STIKI/fania/spk/system/Commands/Server/rewrite.php(46): require_once('...')
#10 {main}
CRITICAL - 2022-10-20 02:22:31 --> You have an error in your SQL syntax; check the manual that corresponds to your MariaDB server version for the right syntax to use near 'INT' at line 2
in SYSTEMPATH/Database/MySQLi/Connection.php on line 292.
 1 SYSTEMPATH/Database/MySQLi/Connection.php(292): mysqli->query()
 2 SYSTEMPATH/Database/BaseConnection.php(693): CodeIgniter\Database\MySQLi\Connection->execute()
 3 SYSTEMPATH/Database/BaseConnection.php(620): CodeIgniter\Database\BaseConnection->simpleQuery()
 4 SYSTEMPATH/Database/Forge.php(708): CodeIgniter\Database\BaseConnection->query()
 5 APPPATH/Controllers/Kriteria.php(73): CodeIgniter\Database\Forge->addColumn()
 6 SYSTEMPATH/CodeIgniter.php(902): App\Controllers\Kriteria->postIndex()
 7 SYSTEMPATH/CodeIgniter.php(457): CodeIgniter\CodeIgniter->runController()
 8 SYSTEMPATH/CodeIgniter.php(340): CodeIgniter\CodeIgniter->handleRequest()
 9 FCPATH/index.php(67): CodeIgniter\CodeIgniter->run()
10 SYSTEMPATH/Commands/Server/rewrite.php(46): require_once('FCPATH/index.php')
ERROR - 2022-10-20 02:23:01 --> mysqli_sql_exception: You have an error in your SQL syntax; check the manual that corresponds to your MariaDB server version for the right syntax to use near 'INT' at line 2 in /mnt/work/Project/STIKI/fania/spk/system/Database/MySQLi/Connection.php:292
Stack trace:
#0 /mnt/work/Project/STIKI/fania/spk/system/Database/MySQLi/Connection.php(292): mysqli->query()
#1 /mnt/work/Project/STIKI/fania/spk/system/Database/BaseConnection.php(693): CodeIgniter\Database\MySQLi\Connection->execute()
#2 /mnt/work/Project/STIKI/fania/spk/system/Database/BaseConnection.php(620): CodeIgniter\Database\BaseConnection->simpleQuery()
#3 /mnt/work/Project/STIKI/fania/spk/system/Database/Forge.php(708): CodeIgniter\Database\BaseConnection->query()
#4 /mnt/work/Project/STIKI/fania/spk/app/Controllers/Kriteria.php(73): CodeIgniter\Database\Forge->addColumn()
#5 /mnt/work/Project/STIKI/fania/spk/system/CodeIgniter.php(902): App\Controllers\Kriteria->postIndex()
#6 /mnt/work/Project/STIKI/fania/spk/system/CodeIgniter.php(457): CodeIgniter\CodeIgniter->runController()
#7 /mnt/work/Project/STIKI/fania/spk/system/CodeIgniter.php(340): CodeIgniter\CodeIgniter->handleRequest()
#8 /mnt/work/Project/STIKI/fania/spk/public/index.php(67): CodeIgniter\CodeIgniter->run()
#9 /mnt/work/Project/STIKI/fania/spk/system/Commands/Server/rewrite.php(46): require_once('...')
#10 {main}
CRITICAL - 2022-10-20 02:23:01 --> You have an error in your SQL syntax; check the manual that corresponds to your MariaDB server version for the right syntax to use near 'INT' at line 2
in SYSTEMPATH/Database/MySQLi/Connection.php on line 292.
 1 SYSTEMPATH/Database/MySQLi/Connection.php(292): mysqli->query()
 2 SYSTEMPATH/Database/BaseConnection.php(693): CodeIgniter\Database\MySQLi\Connection->execute()
 3 SYSTEMPATH/Database/BaseConnection.php(620): CodeIgniter\Database\BaseConnection->simpleQuery()
 4 SYSTEMPATH/Database/Forge.php(708): CodeIgniter\Database\BaseConnection->query()
 5 APPPATH/Controllers/Kriteria.php(73): CodeIgniter\Database\Forge->addColumn()
 6 SYSTEMPATH/CodeIgniter.php(902): App\Controllers\Kriteria->postIndex()
 7 SYSTEMPATH/CodeIgniter.php(457): CodeIgniter\CodeIgniter->runController()
 8 SYSTEMPATH/CodeIgniter.php(340): CodeIgniter\CodeIgniter->handleRequest()
 9 FCPATH/index.php(67): CodeIgniter\CodeIgniter->run()
10 SYSTEMPATH/Commands/Server/rewrite.php(46): require_once('FCPATH/index.php')
ERROR - 2022-10-20 02:27:02 --> mysqli_sql_exception: Can't DROP COLUMN `k_32`; check that it exists in /mnt/work/Project/STIKI/fania/spk/system/Database/MySQLi/Connection.php:292
Stack trace:
#0 /mnt/work/Project/STIKI/fania/spk/system/Database/MySQLi/Connection.php(292): mysqli->query()
#1 /mnt/work/Project/STIKI/fania/spk/system/Database/BaseConnection.php(693): CodeIgniter\Database\MySQLi\Connection->execute()
#2 /mnt/work/Project/STIKI/fania/spk/system/Database/BaseConnection.php(620): CodeIgniter\Database\BaseConnection->simpleQuery()
#3 /mnt/work/Project/STIKI/fania/spk/system/Database/Forge.php(734): CodeIgniter\Database\BaseConnection->query()
#4 /mnt/work/Project/STIKI/fania/spk/app/Controllers/Kriteria.php(104): CodeIgniter\Database\Forge->dropColumn()
#5 /mnt/work/Project/STIKI/fania/spk/system/CodeIgniter.php(902): App\Controllers\Kriteria->deleteDelete()
#6 /mnt/work/Project/STIKI/fania/spk/system/CodeIgniter.php(457): CodeIgniter\CodeIgniter->runController()
#7 /mnt/work/Project/STIKI/fania/spk/system/CodeIgniter.php(340): CodeIgniter\CodeIgniter->handleRequest()
#8 /mnt/work/Project/STIKI/fania/spk/public/index.php(67): CodeIgniter\CodeIgniter->run()
#9 /mnt/work/Project/STIKI/fania/spk/system/Commands/Server/rewrite.php(46): require_once('...')
#10 {main}
CRITICAL - 2022-10-20 02:27:02 --> Can't DROP COLUMN `k_32`; check that it exists
in SYSTEMPATH/Database/MySQLi/Connection.php on line 292.
 1 SYSTEMPATH/Database/MySQLi/Connection.php(292): mysqli->query()
 2 SYSTEMPATH/Database/BaseConnection.php(693): CodeIgniter\Database\MySQLi\Connection->execute()
 3 SYSTEMPATH/Database/BaseConnection.php(620): CodeIgniter\Database\BaseConnection->simpleQuery()
 4 SYSTEMPATH/Database/Forge.php(734): CodeIgniter\Database\BaseConnection->query()
 5 APPPATH/Controllers/Kriteria.php(104): CodeIgniter\Database\Forge->dropColumn()
 6 SYSTEMPATH/CodeIgniter.php(902): App\Controllers\Kriteria->deleteDelete()
 7 SYSTEMPATH/CodeIgniter.php(457): CodeIgniter\CodeIgniter->runController()
 8 SYSTEMPATH/CodeIgniter.php(340): CodeIgniter\CodeIgniter->handleRequest()
 9 FCPATH/index.php(67): CodeIgniter\CodeIgniter->run()
10 SYSTEMPATH/Commands/Server/rewrite.php(46): require_once('FCPATH/index.php')
CRITICAL - 2022-10-20 02:30:51 --> There is no data to update.
in SYSTEMPATH/BaseModel.php on line 866.
 1 SYSTEMPATH/BaseModel.php(866): CodeIgniter\Database\Exceptions\DataException::forEmptyDataset()
 2 SYSTEMPATH/Model.php(693): CodeIgniter\BaseModel->update()
 3 APPPATH/Controllers/Kriteriapenduduk.php(102): CodeIgniter\Model->update()
 4 SYSTEMPATH/CodeIgniter.php(902): App\Controllers\Kriteriapenduduk->postSaveedit()
 5 SYSTEMPATH/CodeIgniter.php(457): CodeIgniter\CodeIgniter->runController()
 6 SYSTEMPATH/CodeIgniter.php(340): CodeIgniter\CodeIgniter->handleRequest()
 7 FCPATH/index.php(67): CodeIgniter\CodeIgniter->run()
 8 SYSTEMPATH/Commands/Server/rewrite.php(46): require_once('FCPATH/index.php')
CRITICAL - 2022-10-20 04:07:47 --> Call to undefined method App\Models\KriteriapendudukModel::findAllPenduduk
in SYSTEMPATH/Model.php on line 774.
 1 APPPATH/Controllers/Kriteriapenduduk.php(55): CodeIgniter\Model->__call()
 2 SYSTEMPATH/CodeIgniter.php(902): App\Controllers\Kriteriapenduduk->getTable()
 3 SYSTEMPATH/CodeIgniter.php(457): CodeIgniter\CodeIgniter->runController()
 4 SYSTEMPATH/CodeIgniter.php(340): CodeIgniter\CodeIgniter->handleRequest()
 5 FCPATH/index.php(67): CodeIgniter\CodeIgniter->run()
 6 SYSTEMPATH/Commands/Server/rewrite.php(46): require_once('FCPATH/index.php')
CRITICAL - 2022-10-20 04:07:59 --> Call to undefined method App\Models\KriteriapendudukModel::findAllPenduduk
in SYSTEMPATH/Model.php on line 774.
 1 APPPATH/Controllers/Kriteriapenduduk.php(55): CodeIgniter\Model->__call()
 2 SYSTEMPATH/CodeIgniter.php(902): App\Controllers\Kriteriapenduduk->getTable()
 3 SYSTEMPATH/CodeIgniter.php(457): CodeIgniter\CodeIgniter->runController()
 4 SYSTEMPATH/CodeIgniter.php(340): CodeIgniter\CodeIgniter->handleRequest()
 5 FCPATH/index.php(67): CodeIgniter\CodeIgniter->run()
 6 SYSTEMPATH/Commands/Server/rewrite.php(46): require_once('FCPATH/index.php')
CRITICAL - 2022-10-20 04:08:19 --> Call to undefined method App\Models\KriteriapendudukModel::findAllPenduduk
in SYSTEMPATH/Model.php on line 774.
 1 APPPATH/Controllers/Kriteriapenduduk.php(55): CodeIgniter\Model->__call()
 2 SYSTEMPATH/CodeIgniter.php(902): App\Controllers\Kriteriapenduduk->getTable()
 3 SYSTEMPATH/CodeIgniter.php(457): CodeIgniter\CodeIgniter->runController()
 4 SYSTEMPATH/CodeIgniter.php(340): CodeIgniter\CodeIgniter->handleRequest()
 5 FCPATH/index.php(67): CodeIgniter\CodeIgniter->run()
 6 SYSTEMPATH/Commands/Server/rewrite.php(46): require_once('FCPATH/index.php')
CRITICAL - 2022-10-20 04:08:43 --> Call to undefined method App\Models\KriteriapendudukModel::findAllPenduduk
in SYSTEMPATH/Model.php on line 774.
 1 APPPATH/Controllers/Kriteriapenduduk.php(55): CodeIgniter\Model->__call()
 2 SYSTEMPATH/CodeIgniter.php(902): App\Controllers\Kriteriapenduduk->getTable()
 3 SYSTEMPATH/CodeIgniter.php(457): CodeIgniter\CodeIgniter->runController()
 4 SYSTEMPATH/CodeIgniter.php(340): CodeIgniter\CodeIgniter->handleRequest()
 5 FCPATH/index.php(67): CodeIgniter\CodeIgniter->run()
 6 SYSTEMPATH/Commands/Server/rewrite.php(46): require_once('FCPATH/index.php')
ERROR - 2022-10-20 04:16:17 --> mysqli_sql_exception: Unknown column 'penduduk.pend' in 'on clause' in /mnt/work/Project/STIKI/fania/spk/system/Database/MySQLi/Connection.php:292
Stack trace:
#0 /mnt/work/Project/STIKI/fania/spk/system/Database/MySQLi/Connection.php(292): mysqli->query()
#1 /mnt/work/Project/STIKI/fania/spk/system/Database/BaseConnection.php(693): CodeIgniter\Database\MySQLi\Connection->execute()
#2 /mnt/work/Project/STIKI/fania/spk/system/Database/BaseConnection.php(620): CodeIgniter\Database\BaseConnection->simpleQuery()
#3 /mnt/work/Project/STIKI/fania/spk/system/Database/BaseBuilder.php(1585): CodeIgniter\Database\BaseConnection->query()
#4 /mnt/work/Project/STIKI/fania/spk/system/Model.php(223): CodeIgniter\Database\BaseBuilder->get()
#5 /mnt/work/Project/STIKI/fania/spk/system/BaseModel.php(584): CodeIgniter\Model->doFindAll()
#6 /mnt/work/Project/STIKI/fania/spk/app/Models/KriteriapendudukModel.php(22): CodeIgniter\BaseModel->findAll()
#7 /mnt/work/Project/STIKI/fania/spk/app/Controllers/Kriteriapenduduk.php(55): App\Models\KriteriapendudukModel->findAllPenduduk()
#8 /mnt/work/Project/STIKI/fania/spk/system/CodeIgniter.php(902): App\Controllers\Kriteriapenduduk->getTable()
#9 /mnt/work/Project/STIKI/fania/spk/system/CodeIgniter.php(457): CodeIgniter\CodeIgniter->runController()
#10 /mnt/work/Project/STIKI/fania/spk/system/CodeIgniter.php(340): CodeIgniter\CodeIgniter->handleRequest()
#11 /mnt/work/Project/STIKI/fania/spk/public/index.php(67): CodeIgniter\CodeIgniter->run()
#12 /mnt/work/Project/STIKI/fania/spk/system/Commands/Server/rewrite.php(46): require_once('...')
#13 {main}
CRITICAL - 2022-10-20 04:16:17 --> Unknown column 'penduduk.pend' in 'on clause'
in SYSTEMPATH/Database/MySQLi/Connection.php on line 292.
 1 SYSTEMPATH/Database/MySQLi/Connection.php(292): mysqli->query()
 2 SYSTEMPATH/Database/BaseConnection.php(693): CodeIgniter\Database\MySQLi\Connection->execute()
 3 SYSTEMPATH/Database/BaseConnection.php(620): CodeIgniter\Database\BaseConnection->simpleQuery()
 4 SYSTEMPATH/Database/BaseBuilder.php(1585): CodeIgniter\Database\BaseConnection->query()
 5 SYSTEMPATH/Model.php(223): CodeIgniter\Database\BaseBuilder->get()
 6 SYSTEMPATH/BaseModel.php(584): CodeIgniter\Model->doFindAll()
 7 APPPATH/Models/KriteriapendudukModel.php(22): CodeIgniter\BaseModel->findAll()
 8 APPPATH/Controllers/Kriteriapenduduk.php(55): App\Models\KriteriapendudukModel->findAllPenduduk()
 9 SYSTEMPATH/CodeIgniter.php(902): App\Controllers\Kriteriapenduduk->getTable()
10 SYSTEMPATH/CodeIgniter.php(457): CodeIgniter\CodeIgniter->runController()
11 SYSTEMPATH/CodeIgniter.php(340): CodeIgniter\CodeIgniter->handleRequest()
12 FCPATH/index.php(67): CodeIgniter\CodeIgniter->run()
13 SYSTEMPATH/Commands/Server/rewrite.php(46): require_once('FCPATH/index.php')
CRITICAL - 2022-10-20 04:20:40 --> Call to undefined method App\Models\KriteriapendudukModel::findAllPenduduk
in SYSTEMPATH/Model.php on line 774.
 1 APPPATH/Controllers/Kriteriapenduduk.php(55): CodeIgniter\Model->__call()
 2 SYSTEMPATH/CodeIgniter.php(902): App\Controllers\Kriteriapenduduk->getTable()
 3 SYSTEMPATH/CodeIgniter.php(457): CodeIgniter\CodeIgniter->runController()
 4 SYSTEMPATH/CodeIgniter.php(340): CodeIgniter\CodeIgniter->handleRequest()
 5 FCPATH/index.php(67): CodeIgniter\CodeIgniter->run()
 6 SYSTEMPATH/Commands/Server/rewrite.php(46): require_once('FCPATH/index.php')
ERROR - 2022-10-20 04:22:16 --> mysqli_sql_exception: Unknown column 'penduduk' in 'field list' in /mnt/work/Project/STIKI/fania/spk/system/Database/MySQLi/Connection.php:292
Stack trace:
#0 /mnt/work/Project/STIKI/fania/spk/system/Database/MySQLi/Connection.php(292): mysqli->query()
#1 /mnt/work/Project/STIKI/fania/spk/system/Database/BaseConnection.php(693): CodeIgniter\Database\MySQLi\Connection->execute()
#2 /mnt/work/Project/STIKI/fania/spk/system/Database/BaseConnection.php(620): CodeIgniter\Database\BaseConnection->simpleQuery()
#3 /mnt/work/Project/STIKI/fania/spk/system/Database/BaseBuilder.php(1585): CodeIgniter\Database\BaseConnection->query()
#4 /mnt/work/Project/STIKI/fania/spk/system/Model.php(223): CodeIgniter\Database\BaseBuilder->get()
#5 /mnt/work/Project/STIKI/fania/spk/system/BaseModel.php(584): CodeIgniter\Model->doFindAll()
#6 /mnt/work/Project/STIKI/fania/spk/app/Models/KriteriapendudukModel.php(23): CodeIgniter\BaseModel->findAll()
#7 /mnt/work/Project/STIKI/fania/spk/app/Controllers/Kriteriapenduduk.php(55): App\Models\KriteriapendudukModel->findAllData()
#8 /mnt/work/Project/STIKI/fania/spk/system/CodeIgniter.php(902): App\Controllers\Kriteriapenduduk->getTable()
#9 /mnt/work/Project/STIKI/fania/spk/system/CodeIgniter.php(457): CodeIgniter\CodeIgniter->runController()
#10 /mnt/work/Project/STIKI/fania/spk/system/CodeIgniter.php(340): CodeIgniter\CodeIgniter->handleRequest()
#11 /mnt/work/Project/STIKI/fania/spk/public/index.php(67): CodeIgniter\CodeIgniter->run()
#12 /mnt/work/Project/STIKI/fania/spk/system/Commands/Server/rewrite.php(46): require_once('...')
#13 {main}
CRITICAL - 2022-10-20 04:22:16 --> Unknown column 'penduduk' in 'field list'
in SYSTEMPATH/Database/MySQLi/Connection.php on line 292.
 1 SYSTEMPATH/Database/MySQLi/Connection.php(292): mysqli->query()
 2 SYSTEMPATH/Database/BaseConnection.php(693): CodeIgniter\Database\MySQLi\Connection->execute()
 3 SYSTEMPATH/Database/BaseConnection.php(620): CodeIgniter\Database\BaseConnection->simpleQuery()
 4 SYSTEMPATH/Database/BaseBuilder.php(1585): CodeIgniter\Database\BaseConnection->query()
 5 SYSTEMPATH/Model.php(223): CodeIgniter\Database\BaseBuilder->get()
 6 SYSTEMPATH/BaseModel.php(584): CodeIgniter\Model->doFindAll()
 7 APPPATH/Models/KriteriapendudukModel.php(23): CodeIgniter\BaseModel->findAll()
 8 APPPATH/Controllers/Kriteriapenduduk.php(55): App\Models\KriteriapendudukModel->findAllData()
 9 SYSTEMPATH/CodeIgniter.php(902): App\Controllers\Kriteriapenduduk->getTable()
10 SYSTEMPATH/CodeIgniter.php(457): CodeIgniter\CodeIgniter->runController()
11 SYSTEMPATH/CodeIgniter.php(340): CodeIgniter\CodeIgniter->handleRequest()
12 FCPATH/index.php(67): CodeIgniter\CodeIgniter->run()
13 SYSTEMPATH/Commands/Server/rewrite.php(46): require_once('FCPATH/index.php')
ERROR - 2022-10-20 04:23:14 --> mysqli_sql_exception: Not unique table/alias: 'penduduk' in /mnt/work/Project/STIKI/fania/spk/system/Database/MySQLi/Connection.php:292
Stack trace:
#0 /mnt/work/Project/STIKI/fania/spk/system/Database/MySQLi/Connection.php(292): mysqli->query()
#1 /mnt/work/Project/STIKI/fania/spk/system/Database/BaseConnection.php(693): CodeIgniter\Database\MySQLi\Connection->execute()
#2 /mnt/work/Project/STIKI/fania/spk/system/Database/BaseConnection.php(620): CodeIgniter\Database\BaseConnection->simpleQuery()
#3 /mnt/work/Project/STIKI/fania/spk/system/Database/BaseBuilder.php(1585): CodeIgniter\Database\BaseConnection->query()
#4 /mnt/work/Project/STIKI/fania/spk/system/Model.php(223): CodeIgniter\Database\BaseBuilder->get()
#5 /mnt/work/Project/STIKI/fania/spk/system/BaseModel.php(584): CodeIgniter\Model->doFindAll()
#6 /mnt/work/Project/STIKI/fania/spk/app/Models/PendudukModel.php(35): CodeIgniter\BaseModel->findAll()
#7 /mnt/work/Project/STIKI/fania/spk/app/Controllers/Kriteriapenduduk.php(55): App\Models\PendudukModel->findAllData()
#8 /mnt/work/Project/STIKI/fania/spk/system/CodeIgniter.php(902): App\Controllers\Kriteriapenduduk->getTable()
#9 /mnt/work/Project/STIKI/fania/spk/system/CodeIgniter.php(457): CodeIgniter\CodeIgniter->runController()
#10 /mnt/work/Project/STIKI/fania/spk/system/CodeIgniter.php(340): CodeIgniter\CodeIgniter->handleRequest()
#11 /mnt/work/Project/STIKI/fania/spk/public/index.php(67): CodeIgniter\CodeIgniter->run()
#12 /mnt/work/Project/STIKI/fania/spk/system/Commands/Server/rewrite.php(46): require_once('...')
#13 {main}
CRITICAL - 2022-10-20 04:23:14 --> Not unique table/alias: 'penduduk'
in SYSTEMPATH/Database/MySQLi/Connection.php on line 292.
 1 SYSTEMPATH/Database/MySQLi/Connection.php(292): mysqli->query()
 2 SYSTEMPATH/Database/BaseConnection.php(693): CodeIgniter\Database\MySQLi\Connection->execute()
 3 SYSTEMPATH/Database/BaseConnection.php(620): CodeIgniter\Database\BaseConnection->simpleQuery()
 4 SYSTEMPATH/Database/BaseBuilder.php(1585): CodeIgniter\Database\BaseConnection->query()
 5 SYSTEMPATH/Model.php(223): CodeIgniter\Database\BaseBuilder->get()
 6 SYSTEMPATH/BaseModel.php(584): CodeIgniter\Model->doFindAll()
 7 APPPATH/Models/PendudukModel.php(35): CodeIgniter\BaseModel->findAll()
 8 APPPATH/Controllers/Kriteriapenduduk.php(55): App\Models\PendudukModel->findAllData()
 9 SYSTEMPATH/CodeIgniter.php(902): App\Controllers\Kriteriapenduduk->getTable()
10 SYSTEMPATH/CodeIgniter.php(457): CodeIgniter\CodeIgniter->runController()
11 SYSTEMPATH/CodeIgniter.php(340): CodeIgniter\CodeIgniter->handleRequest()
12 FCPATH/index.php(67): CodeIgniter\CodeIgniter->run()
13 SYSTEMPATH/Commands/Server/rewrite.php(46): require_once('FCPATH/index.php')
ERROR - 2022-10-20 04:24:11 --> mysqli_sql_exception: Not unique table/alias: 'penduduk' in /mnt/work/Project/STIKI/fania/spk/system/Database/MySQLi/Connection.php:292
Stack trace:
#0 /mnt/work/Project/STIKI/fania/spk/system/Database/MySQLi/Connection.php(292): mysqli->query()
#1 /mnt/work/Project/STIKI/fania/spk/system/Database/BaseConnection.php(693): CodeIgniter\Database\MySQLi\Connection->execute()
#2 /mnt/work/Project/STIKI/fania/spk/system/Database/BaseConnection.php(620): CodeIgniter\Database\BaseConnection->simpleQuery()
#3 /mnt/work/Project/STIKI/fania/spk/system/Database/BaseBuilder.php(1585): CodeIgniter\Database\BaseConnection->query()
#4 /mnt/work/Project/STIKI/fania/spk/system/Model.php(223): CodeIgniter\Database\BaseBuilder->get()
#5 /mnt/work/Project/STIKI/fania/spk/system/BaseModel.php(584): CodeIgniter\Model->doFindAll()
#6 /mnt/work/Project/STIKI/fania/spk/app/Models/PendudukModel.php(36): CodeIgniter\BaseModel->findAll()
#7 /mnt/work/Project/STIKI/fania/spk/app/Controllers/Kriteriapenduduk.php(55): App\Models\PendudukModel->findAllData()
#8 /mnt/work/Project/STIKI/fania/spk/system/CodeIgniter.php(902): App\Controllers\Kriteriapenduduk->getTable()
#9 /mnt/work/Project/STIKI/fania/spk/system/CodeIgniter.php(457): CodeIgniter\CodeIgniter->runController()
#10 /mnt/work/Project/STIKI/fania/spk/system/CodeIgniter.php(340): CodeIgniter\CodeIgniter->handleRequest()
#11 /mnt/work/Project/STIKI/fania/spk/public/index.php(67): CodeIgniter\CodeIgniter->run()
#12 /mnt/work/Project/STIKI/fania/spk/system/Commands/Server/rewrite.php(46): require_once('...')
#13 {main}
CRITICAL - 2022-10-20 04:24:11 --> Not unique table/alias: 'penduduk'
in SYSTEMPATH/Database/MySQLi/Connection.php on line 292.
 1 SYSTEMPATH/Database/MySQLi/Connection.php(292): mysqli->query()
 2 SYSTEMPATH/Database/BaseConnection.php(693): CodeIgniter\Database\MySQLi\Connection->execute()
 3 SYSTEMPATH/Database/BaseConnection.php(620): CodeIgniter\Database\BaseConnection->simpleQuery()
 4 SYSTEMPATH/Database/BaseBuilder.php(1585): CodeIgniter\Database\BaseConnection->query()
 5 SYSTEMPATH/Model.php(223): CodeIgniter\Database\BaseBuilder->get()
 6 SYSTEMPATH/BaseModel.php(584): CodeIgniter\Model->doFindAll()
 7 APPPATH/Models/PendudukModel.php(36): CodeIgniter\BaseModel->findAll()
 8 APPPATH/Controllers/Kriteriapenduduk.php(55): App\Models\PendudukModel->findAllData()
 9 SYSTEMPATH/CodeIgniter.php(902): App\Controllers\Kriteriapenduduk->getTable()
10 SYSTEMPATH/CodeIgniter.php(457): CodeIgniter\CodeIgniter->runController()
11 SYSTEMPATH/CodeIgniter.php(340): CodeIgniter\CodeIgniter->handleRequest()
12 FCPATH/index.php(67): CodeIgniter\CodeIgniter->run()
13 SYSTEMPATH/Commands/Server/rewrite.php(46): require_once('FCPATH/index.php')
ERROR - 2022-10-20 04:24:45 --> mysqli_sql_exception: Not unique table/alias: 'penduduk' in /mnt/work/Project/STIKI/fania/spk/system/Database/MySQLi/Connection.php:292
Stack trace:
#0 /mnt/work/Project/STIKI/fania/spk/system/Database/MySQLi/Connection.php(292): mysqli->query()
#1 /mnt/work/Project/STIKI/fania/spk/system/Database/BaseConnection.php(693): CodeIgniter\Database\MySQLi\Connection->execute()
#2 /mnt/work/Project/STIKI/fania/spk/system/Database/BaseConnection.php(620): CodeIgniter\Database\BaseConnection->simpleQuery()
#3 /mnt/work/Project/STIKI/fania/spk/system/Database/BaseBuilder.php(1585): CodeIgniter\Database\BaseConnection->query()
#4 /mnt/work/Project/STIKI/fania/spk/system/Model.php(223): CodeIgniter\Database\BaseBuilder->get()
#5 /mnt/work/Project/STIKI/fania/spk/system/BaseModel.php(584): CodeIgniter\Model->doFindAll()
#6 /mnt/work/Project/STIKI/fania/spk/app/Models/PendudukModel.php(36): CodeIgniter\BaseModel->findAll()
#7 /mnt/work/Project/STIKI/fania/spk/app/Controllers/Kriteriapenduduk.php(55): App\Models\PendudukModel->findAllData()
#8 /mnt/work/Project/STIKI/fania/spk/system/CodeIgniter.php(902): App\Controllers\Kriteriapenduduk->getTable()
#9 /mnt/work/Project/STIKI/fania/spk/system/CodeIgniter.php(457): CodeIgniter\CodeIgniter->runController()
#10 /mnt/work/Project/STIKI/fania/spk/system/CodeIgniter.php(340): CodeIgniter\CodeIgniter->handleRequest()
#11 /mnt/work/Project/STIKI/fania/spk/public/index.php(67): CodeIgniter\CodeIgniter->run()
#12 /mnt/work/Project/STIKI/fania/spk/system/Commands/Server/rewrite.php(46): require_once('...')
#13 {main}
CRITICAL - 2022-10-20 04:24:45 --> Not unique table/alias: 'penduduk'
in SYSTEMPATH/Database/MySQLi/Connection.php on line 292.
 1 SYSTEMPATH/Database/MySQLi/Connection.php(292): mysqli->query()
 2 SYSTEMPATH/Database/BaseConnection.php(693): CodeIgniter\Database\MySQLi\Connection->execute()
 3 SYSTEMPATH/Database/BaseConnection.php(620): CodeIgniter\Database\BaseConnection->simpleQuery()
 4 SYSTEMPATH/Database/BaseBuilder.php(1585): CodeIgniter\Database\BaseConnection->query()
 5 SYSTEMPATH/Model.php(223): CodeIgniter\Database\BaseBuilder->get()
 6 SYSTEMPATH/BaseModel.php(584): CodeIgniter\Model->doFindAll()
 7 APPPATH/Models/PendudukModel.php(36): CodeIgniter\BaseModel->findAll()
 8 APPPATH/Controllers/Kriteriapenduduk.php(55): App\Models\PendudukModel->findAllData()
 9 SYSTEMPATH/CodeIgniter.php(902): App\Controllers\Kriteriapenduduk->getTable()
10 SYSTEMPATH/CodeIgniter.php(457): CodeIgniter\CodeIgniter->runController()
11 SYSTEMPATH/CodeIgniter.php(340): CodeIgniter\CodeIgniter->handleRequest()
12 FCPATH/index.php(67): CodeIgniter\CodeIgniter->run()
13 SYSTEMPATH/Commands/Server/rewrite.php(46): require_once('FCPATH/index.php')
ERROR - 2022-10-20 04:33:07 --> mysqli_sql_exception: Unknown column 'penduduk.* penduduk.id' in 'field list' in /mnt/work/Project/STIKI/fania/spk/system/Database/MySQLi/Connection.php:292
Stack trace:
#0 /mnt/work/Project/STIKI/fania/spk/system/Database/MySQLi/Connection.php(292): mysqli->query()
#1 /mnt/work/Project/STIKI/fania/spk/system/Database/BaseConnection.php(693): CodeIgniter\Database\MySQLi\Connection->execute()
#2 /mnt/work/Project/STIKI/fania/spk/system/Database/BaseConnection.php(620): CodeIgniter\Database\BaseConnection->simpleQuery()
#3 /mnt/work/Project/STIKI/fania/spk/system/Database/BaseBuilder.php(1585): CodeIgniter\Database\BaseConnection->query()
#4 /mnt/work/Project/STIKI/fania/spk/system/Model.php(223): CodeIgniter\Database\BaseBuilder->get()
#5 /mnt/work/Project/STIKI/fania/spk/system/BaseModel.php(584): CodeIgniter\Model->doFindAll()
#6 /mnt/work/Project/STIKI/fania/spk/app/Models/PendudukModel.php(36): CodeIgniter\BaseModel->findAll()
#7 /mnt/work/Project/STIKI/fania/spk/app/Controllers/Kriteriapenduduk.php(55): App\Models\PendudukModel->findAllData()
#8 /mnt/work/Project/STIKI/fania/spk/system/CodeIgniter.php(902): App\Controllers\Kriteriapenduduk->getTable()
#9 /mnt/work/Project/STIKI/fania/spk/system/CodeIgniter.php(457): CodeIgniter\CodeIgniter->runController()
#10 /mnt/work/Project/STIKI/fania/spk/system/CodeIgniter.php(340): CodeIgniter\CodeIgniter->handleRequest()
#11 /mnt/work/Project/STIKI/fania/spk/public/index.php(67): CodeIgniter\CodeIgniter->run()
#12 /mnt/work/Project/STIKI/fania/spk/system/Commands/Server/rewrite.php(46): require_once('...')
#13 {main}
CRITICAL - 2022-10-20 04:33:07 --> Unknown column 'penduduk.* penduduk.id' in 'field list'
in SYSTEMPATH/Database/MySQLi/Connection.php on line 292.
 1 SYSTEMPATH/Database/MySQLi/Connection.php(292): mysqli->query()
 2 SYSTEMPATH/Database/BaseConnection.php(693): CodeIgniter\Database\MySQLi\Connection->execute()
 3 SYSTEMPATH/Database/BaseConnection.php(620): CodeIgniter\Database\BaseConnection->simpleQuery()
 4 SYSTEMPATH/Database/BaseBuilder.php(1585): CodeIgniter\Database\BaseConnection->query()
 5 SYSTEMPATH/Model.php(223): CodeIgniter\Database\BaseBuilder->get()
 6 SYSTEMPATH/BaseModel.php(584): CodeIgniter\Model->doFindAll()
 7 APPPATH/Models/PendudukModel.php(36): CodeIgniter\BaseModel->findAll()
 8 APPPATH/Controllers/Kriteriapenduduk.php(55): App\Models\PendudukModel->findAllData()
 9 SYSTEMPATH/CodeIgniter.php(902): App\Controllers\Kriteriapenduduk->getTable()
10 SYSTEMPATH/CodeIgniter.php(457): CodeIgniter\CodeIgniter->runController()
11 SYSTEMPATH/CodeIgniter.php(340): CodeIgniter\CodeIgniter->handleRequest()
12 FCPATH/index.php(67): CodeIgniter\CodeIgniter->run()
13 SYSTEMPATH/Commands/Server/rewrite.php(46): require_once('FCPATH/index.php')
CRITICAL - 2022-10-20 09:45:00 --> Too few arguments to function App\Controllers\Kriteriapenduduk::getEdit(), 0 passed in /mnt/work/Project/STIKI/fania/spk/system/CodeIgniter.php on line 902 and exactly 1 expected
in APPPATH/Controllers/Kriteriapenduduk.php on line 61.
 1 SYSTEMPATH/CodeIgniter.php(902): App\Controllers\Kriteriapenduduk->getEdit()
 2 SYSTEMPATH/CodeIgniter.php(457): CodeIgniter\CodeIgniter->runController()
 3 SYSTEMPATH/CodeIgniter.php(340): CodeIgniter\CodeIgniter->handleRequest()
 4 FCPATH/index.php(67): CodeIgniter\CodeIgniter->run()
 5 SYSTEMPATH/Commands/Server/rewrite.php(46): require_once('FCPATH/index.php')
CRITICAL - 2022-10-20 09:45:02 --> Too few arguments to function App\Controllers\Kriteriapenduduk::getEdit(), 0 passed in /mnt/work/Project/STIKI/fania/spk/system/CodeIgniter.php on line 902 and exactly 1 expected
in APPPATH/Controllers/Kriteriapenduduk.php on line 61.
 1 SYSTEMPATH/CodeIgniter.php(902): App\Controllers\Kriteriapenduduk->getEdit()
 2 SYSTEMPATH/CodeIgniter.php(457): CodeIgniter\CodeIgniter->runController()
 3 SYSTEMPATH/CodeIgniter.php(340): CodeIgniter\CodeIgniter->handleRequest()
 4 FCPATH/index.php(67): CodeIgniter\CodeIgniter->run()
 5 SYSTEMPATH/Commands/Server/rewrite.php(46): require_once('FCPATH/index.php')
