CRITICAL - 2022-11-04 20:07:37 --> Undefined variable $title
in APPPATH/Views/temp/layout/navbar.php on line 46.
 1 APPPATH/Views/temp/layout/navbar.php(46): CodeIgniter\Debug\Exceptions->errorHandler()
 2 SYSTEMPATH/View/View.php(213): include('APPPATH/Views/temp/layout/navbar.php')
 3 SYSTEMPATH/View/View.php(216): CodeIgniter\View\View->CodeIgniter\View\{closure}()
 4 SYSTEMPATH/View/View.php(429): CodeIgniter\View\View->render()
 5 APPPATH/Views/temp/index.php(8): CodeIgniter\View\View->include()
 6 SYSTEMPATH/View/View.php(213): include('APPPATH/Views/temp/index.php')
 7 SYSTEMPATH/View/View.php(216): CodeIgniter\View\View->CodeIgniter\View\{closure}()
 8 SYSTEMPATH/View/View.php(229): CodeIgniter\View\View->render()
 9 SYSTEMPATH/Common.php(1142): CodeIgniter\View\View->render()
10 APPPATH/Controllers/Home.php(13): view()
11 SYSTEMPATH/CodeIgniter.php(902): App\Controllers\Home->Index()
12 SYSTEMPATH/CodeIgniter.php(457): CodeIgniter\CodeIgniter->runController()
13 SYSTEMPATH/CodeIgniter.php(340): CodeIgniter\CodeIgniter->handleRequest()
14 FCPATH/index.php(67): CodeIgniter\CodeIgniter->run()
15 SYSTEMPATH/Commands/Server/rewrite.php(46): require_once('FCPATH/index.php')
CRITICAL - 2022-11-04 20:07:51 --> Undefined variable $title
in APPPATH/Views/temp/layout/navbar.php on line 46.
 1 APPPATH/Views/temp/layout/navbar.php(46): CodeIgniter\Debug\Exceptions->errorHandler()
 2 SYSTEMPATH/View/View.php(213): include('APPPATH/Views/temp/layout/navbar.php')
 3 SYSTEMPATH/View/View.php(216): CodeIgniter\View\View->CodeIgniter\View\{closure}()
 4 SYSTEMPATH/View/View.php(429): CodeIgniter\View\View->render()
 5 APPPATH/Views/temp/index.php(8): CodeIgniter\View\View->include()
 6 SYSTEMPATH/View/View.php(213): include('APPPATH/Views/temp/index.php')
 7 SYSTEMPATH/View/View.php(216): CodeIgniter\View\View->CodeIgniter\View\{closure}()
 8 SYSTEMPATH/View/View.php(229): CodeIgniter\View\View->render()
 9 SYSTEMPATH/Common.php(1142): CodeIgniter\View\View->render()
10 APPPATH/Controllers/Home.php(13): view()
11 SYSTEMPATH/CodeIgniter.php(902): App\Controllers\Home->Index()
12 SYSTEMPATH/CodeIgniter.php(457): CodeIgniter\CodeIgniter->runController()
13 SYSTEMPATH/CodeIgniter.php(340): CodeIgniter\CodeIgniter->handleRequest()
14 FCPATH/index.php(67): CodeIgniter\CodeIgniter->run()
15 SYSTEMPATH/Commands/Server/rewrite.php(46): require_once('FCPATH/index.php')
CRITICAL - 2022-11-04 20:27:02 --> Invalid file: /bantuan/index.php
in SYSTEMPATH/Exceptions/FrameworkException.php on line 33.
 1 SYSTEMPATH/View/View.php(201): CodeIgniter\Exceptions\FrameworkException::forInvalidFile()
 2 SYSTEMPATH/Common.php(1142): CodeIgniter\View\View->render()
 3 APPPATH/Controllers/Blt/Home.php(18): view()
 4 SYSTEMPATH/CodeIgniter.php(902): App\Controllers\Blt\Home->getIndex()
 5 SYSTEMPATH/CodeIgniter.php(457): CodeIgniter\CodeIgniter->runController()
 6 SYSTEMPATH/CodeIgniter.php(340): CodeIgniter\CodeIgniter->handleRequest()
 7 FCPATH/index.php(67): CodeIgniter\CodeIgniter->run()
 8 SYSTEMPATH/Commands/Server/rewrite.php(46): require_once('FCPATH/index.php')
CRITICAL - 2022-11-04 20:29:31 --> Invalid file: /bantuan/index.php
in SYSTEMPATH/Exceptions/FrameworkException.php on line 33.
 1 SYSTEMPATH/View/View.php(201): CodeIgniter\Exceptions\FrameworkException::forInvalidFile()
 2 SYSTEMPATH/Common.php(1142): CodeIgniter\View\View->render()
 3 APPPATH/Controllers/Blt/Home.php(18): view()
 4 SYSTEMPATH/CodeIgniter.php(902): App\Controllers\Blt\Home->getIndex()
 5 SYSTEMPATH/CodeIgniter.php(457): CodeIgniter\CodeIgniter->runController()
 6 SYSTEMPATH/CodeIgniter.php(340): CodeIgniter\CodeIgniter->handleRequest()
 7 FCPATH/index.php(67): CodeIgniter\CodeIgniter->run()
 8 SYSTEMPATH/Commands/Server/rewrite.php(46): require_once('FCPATH/index.php')
CRITICAL - 2022-11-04 20:29:45 --> Invalid file: /bantuan/index.php
in SYSTEMPATH/Exceptions/FrameworkException.php on line 33.
 1 SYSTEMPATH/View/View.php(201): CodeIgniter\Exceptions\FrameworkException::forInvalidFile()
 2 SYSTEMPATH/Common.php(1142): CodeIgniter\View\View->render()
 3 APPPATH/Controllers/Blt/Home.php(18): view()
 4 SYSTEMPATH/CodeIgniter.php(902): App\Controllers\Blt\Home->getIndex()
 5 SYSTEMPATH/CodeIgniter.php(457): CodeIgniter\CodeIgniter->runController()
 6 SYSTEMPATH/CodeIgniter.php(340): CodeIgniter\CodeIgniter->handleRequest()
 7 FCPATH/index.php(67): CodeIgniter\CodeIgniter->run()
 8 SYSTEMPATH/Commands/Server/rewrite.php(46): require_once('FCPATH/index.php')
CRITICAL - 2022-11-04 20:30:10 --> Invalid file: /bantuan/index.php
in SYSTEMPATH/Exceptions/FrameworkException.php on line 33.
 1 SYSTEMPATH/View/View.php(201): CodeIgniter\Exceptions\FrameworkException::forInvalidFile()
 2 SYSTEMPATH/Common.php(1142): CodeIgniter\View\View->render()
 3 APPPATH/Controllers/Blt/Home.php(18): view()
 4 SYSTEMPATH/CodeIgniter.php(902): App\Controllers\Blt\Home->getIndex()
 5 SYSTEMPATH/CodeIgniter.php(457): CodeIgniter\CodeIgniter->runController()
 6 SYSTEMPATH/CodeIgniter.php(340): CodeIgniter\CodeIgniter->handleRequest()
 7 FCPATH/index.php(67): CodeIgniter\CodeIgniter->run()
 8 SYSTEMPATH/Commands/Server/rewrite.php(46): require_once('FCPATH/index.php')
CRITICAL - 2022-11-04 20:43:48 --> Invalid file: script.php
in SYSTEMPATH/Exceptions/FrameworkException.php on line 33.
 1 SYSTEMPATH/View/View.php(201): CodeIgniter\Exceptions\FrameworkException::forInvalidFile()
 2 SYSTEMPATH/View/View.php(429): CodeIgniter\View\View->render()
 3 APPPATH/Views/temp/layout/script.php(10): CodeIgniter\View\View->include()
 4 SYSTEMPATH/View/View.php(213): include('APPPATH/Views/temp/layout/script.php')
 5 SYSTEMPATH/View/View.php(216): CodeIgniter\View\View->CodeIgniter\View\{closure}()
 6 SYSTEMPATH/View/View.php(429): CodeIgniter\View\View->render()
 7 APPPATH/Views/temp/index.php(37): CodeIgniter\View\View->include()
 8 SYSTEMPATH/View/View.php(213): include('APPPATH/Views/temp/index.php')
 9 SYSTEMPATH/View/View.php(216): CodeIgniter\View\View->CodeIgniter\View\{closure}()
10 SYSTEMPATH/View/View.php(229): CodeIgniter\View\View->render()
11 SYSTEMPATH/Common.php(1142): CodeIgniter\View\View->render()
12 APPPATH/Controllers/User.php(26): view()
13 SYSTEMPATH/CodeIgniter.php(902): App\Controllers\User->index()
14 SYSTEMPATH/CodeIgniter.php(457): CodeIgniter\CodeIgniter->runController()
15 SYSTEMPATH/CodeIgniter.php(340): CodeIgniter\CodeIgniter->handleRequest()
16 FCPATH/index.php(67): CodeIgniter\CodeIgniter->run()
17 SYSTEMPATH/Commands/Server/rewrite.php(46): require_once('FCPATH/index.php')
ERROR - 2022-11-04 20:55:28 --> mysqli_sql_exception: Table 'db_spkanisa.user' doesn't exist in /mnt/work/Project/STIKI/Anisa/pkh/system/Database/MySQLi/Connection.php:292
Stack trace:
#0 /mnt/work/Project/STIKI/Anisa/pkh/system/Database/MySQLi/Connection.php(292): mysqli->query()
#1 /mnt/work/Project/STIKI/Anisa/pkh/system/Database/BaseConnection.php(693): CodeIgniter\Database\MySQLi\Connection->execute()
#2 /mnt/work/Project/STIKI/Anisa/pkh/system/Database/BaseConnection.php(620): CodeIgniter\Database\BaseConnection->simpleQuery()
#3 /mnt/work/Project/STIKI/Anisa/pkh/system/Database/BaseBuilder.php(1585): CodeIgniter\Database\BaseConnection->query()
#4 /mnt/work/Project/STIKI/Anisa/pkh/system/Model.php(223): CodeIgniter\Database\BaseBuilder->get()
#5 /mnt/work/Project/STIKI/Anisa/pkh/system/BaseModel.php(584): CodeIgniter\Model->doFindAll()
#6 /mnt/work/Project/STIKI/Anisa/pkh/app/Controllers/User.php(23): CodeIgniter\BaseModel->findAll()
#7 /mnt/work/Project/STIKI/Anisa/pkh/system/CodeIgniter.php(902): App\Controllers\User->index()
#8 /mnt/work/Project/STIKI/Anisa/pkh/system/CodeIgniter.php(457): CodeIgniter\CodeIgniter->runController()
#9 /mnt/work/Project/STIKI/Anisa/pkh/system/CodeIgniter.php(340): CodeIgniter\CodeIgniter->handleRequest()
#10 /mnt/work/Project/STIKI/Anisa/pkh/public/index.php(67): CodeIgniter\CodeIgniter->run()
#11 /mnt/work/Project/STIKI/Anisa/pkh/system/Commands/Server/rewrite.php(46): require_once('...')
#12 {main}
CRITICAL - 2022-11-04 20:55:28 --> Table 'db_spkanisa.user' doesn't exist
in SYSTEMPATH/Database/MySQLi/Connection.php on line 292.
 1 SYSTEMPATH/Database/MySQLi/Connection.php(292): mysqli->query()
 2 SYSTEMPATH/Database/BaseConnection.php(693): CodeIgniter\Database\MySQLi\Connection->execute()
 3 SYSTEMPATH/Database/BaseConnection.php(620): CodeIgniter\Database\BaseConnection->simpleQuery()
 4 SYSTEMPATH/Database/BaseBuilder.php(1585): CodeIgniter\Database\BaseConnection->query()
 5 SYSTEMPATH/Model.php(223): CodeIgniter\Database\BaseBuilder->get()
 6 SYSTEMPATH/BaseModel.php(584): CodeIgniter\Model->doFindAll()
 7 APPPATH/Controllers/User.php(23): CodeIgniter\BaseModel->findAll()
 8 SYSTEMPATH/CodeIgniter.php(902): App\Controllers\User->index()
 9 SYSTEMPATH/CodeIgniter.php(457): CodeIgniter\CodeIgniter->runController()
10 SYSTEMPATH/CodeIgniter.php(340): CodeIgniter\CodeIgniter->handleRequest()
11 FCPATH/index.php(67): CodeIgniter\CodeIgniter->run()
12 SYSTEMPATH/Commands/Server/rewrite.php(46): require_once('FCPATH/index.php')
ERROR - 2022-11-04 20:55:29 --> mysqli_sql_exception: Table 'db_spkanisa.user' doesn't exist in /mnt/work/Project/STIKI/Anisa/pkh/system/Database/MySQLi/Connection.php:292
Stack trace:
#0 /mnt/work/Project/STIKI/Anisa/pkh/system/Database/MySQLi/Connection.php(292): mysqli->query()
#1 /mnt/work/Project/STIKI/Anisa/pkh/system/Database/BaseConnection.php(693): CodeIgniter\Database\MySQLi\Connection->execute()
#2 /mnt/work/Project/STIKI/Anisa/pkh/system/Database/BaseConnection.php(620): CodeIgniter\Database\BaseConnection->simpleQuery()
#3 /mnt/work/Project/STIKI/Anisa/pkh/system/Database/BaseBuilder.php(1585): CodeIgniter\Database\BaseConnection->query()
#4 /mnt/work/Project/STIKI/Anisa/pkh/system/Model.php(223): CodeIgniter\Database\BaseBuilder->get()
#5 /mnt/work/Project/STIKI/Anisa/pkh/system/BaseModel.php(584): CodeIgniter\Model->doFindAll()
#6 /mnt/work/Project/STIKI/Anisa/pkh/app/Controllers/User.php(23): CodeIgniter\BaseModel->findAll()
#7 /mnt/work/Project/STIKI/Anisa/pkh/system/CodeIgniter.php(902): App\Controllers\User->index()
#8 /mnt/work/Project/STIKI/Anisa/pkh/system/CodeIgniter.php(457): CodeIgniter\CodeIgniter->runController()
#9 /mnt/work/Project/STIKI/Anisa/pkh/system/CodeIgniter.php(340): CodeIgniter\CodeIgniter->handleRequest()
#10 /mnt/work/Project/STIKI/Anisa/pkh/public/index.php(67): CodeIgniter\CodeIgniter->run()
#11 /mnt/work/Project/STIKI/Anisa/pkh/system/Commands/Server/rewrite.php(46): require_once('...')
#12 {main}
CRITICAL - 2022-11-04 20:55:29 --> Table 'db_spkanisa.user' doesn't exist
in SYSTEMPATH/Database/MySQLi/Connection.php on line 292.
 1 SYSTEMPATH/Database/MySQLi/Connection.php(292): mysqli->query()
 2 SYSTEMPATH/Database/BaseConnection.php(693): CodeIgniter\Database\MySQLi\Connection->execute()
 3 SYSTEMPATH/Database/BaseConnection.php(620): CodeIgniter\Database\BaseConnection->simpleQuery()
 4 SYSTEMPATH/Database/BaseBuilder.php(1585): CodeIgniter\Database\BaseConnection->query()
 5 SYSTEMPATH/Model.php(223): CodeIgniter\Database\BaseBuilder->get()
 6 SYSTEMPATH/BaseModel.php(584): CodeIgniter\Model->doFindAll()
 7 APPPATH/Controllers/User.php(23): CodeIgniter\BaseModel->findAll()
 8 SYSTEMPATH/CodeIgniter.php(902): App\Controllers\User->index()
 9 SYSTEMPATH/CodeIgniter.php(457): CodeIgniter\CodeIgniter->runController()
10 SYSTEMPATH/CodeIgniter.php(340): CodeIgniter\CodeIgniter->handleRequest()
11 FCPATH/index.php(67): CodeIgniter\CodeIgniter->run()
12 SYSTEMPATH/Commands/Server/rewrite.php(46): require_once('FCPATH/index.php')
ERROR - 2022-11-04 20:55:30 --> mysqli_sql_exception: Table 'db_spkanisa.user' doesn't exist in /mnt/work/Project/STIKI/Anisa/pkh/system/Database/MySQLi/Connection.php:292
Stack trace:
#0 /mnt/work/Project/STIKI/Anisa/pkh/system/Database/MySQLi/Connection.php(292): mysqli->query()
#1 /mnt/work/Project/STIKI/Anisa/pkh/system/Database/BaseConnection.php(693): CodeIgniter\Database\MySQLi\Connection->execute()
#2 /mnt/work/Project/STIKI/Anisa/pkh/system/Database/BaseConnection.php(620): CodeIgniter\Database\BaseConnection->simpleQuery()
#3 /mnt/work/Project/STIKI/Anisa/pkh/system/Database/BaseBuilder.php(1585): CodeIgniter\Database\BaseConnection->query()
#4 /mnt/work/Project/STIKI/Anisa/pkh/system/Model.php(223): CodeIgniter\Database\BaseBuilder->get()
#5 /mnt/work/Project/STIKI/Anisa/pkh/system/BaseModel.php(584): CodeIgniter\Model->doFindAll()
#6 /mnt/work/Project/STIKI/Anisa/pkh/app/Controllers/User.php(23): CodeIgniter\BaseModel->findAll()
#7 /mnt/work/Project/STIKI/Anisa/pkh/system/CodeIgniter.php(902): App\Controllers\User->index()
#8 /mnt/work/Project/STIKI/Anisa/pkh/system/CodeIgniter.php(457): CodeIgniter\CodeIgniter->runController()
#9 /mnt/work/Project/STIKI/Anisa/pkh/system/CodeIgniter.php(340): CodeIgniter\CodeIgniter->handleRequest()
#10 /mnt/work/Project/STIKI/Anisa/pkh/public/index.php(67): CodeIgniter\CodeIgniter->run()
#11 /mnt/work/Project/STIKI/Anisa/pkh/system/Commands/Server/rewrite.php(46): require_once('...')
#12 {main}
CRITICAL - 2022-11-04 20:55:30 --> Table 'db_spkanisa.user' doesn't exist
in SYSTEMPATH/Database/MySQLi/Connection.php on line 292.
 1 SYSTEMPATH/Database/MySQLi/Connection.php(292): mysqli->query()
 2 SYSTEMPATH/Database/BaseConnection.php(693): CodeIgniter\Database\MySQLi\Connection->execute()
 3 SYSTEMPATH/Database/BaseConnection.php(620): CodeIgniter\Database\BaseConnection->simpleQuery()
 4 SYSTEMPATH/Database/BaseBuilder.php(1585): CodeIgniter\Database\BaseConnection->query()
 5 SYSTEMPATH/Model.php(223): CodeIgniter\Database\BaseBuilder->get()
 6 SYSTEMPATH/BaseModel.php(584): CodeIgniter\Model->doFindAll()
 7 APPPATH/Controllers/User.php(23): CodeIgniter\BaseModel->findAll()
 8 SYSTEMPATH/CodeIgniter.php(902): App\Controllers\User->index()
 9 SYSTEMPATH/CodeIgniter.php(457): CodeIgniter\CodeIgniter->runController()
10 SYSTEMPATH/CodeIgniter.php(340): CodeIgniter\CodeIgniter->handleRequest()
11 FCPATH/index.php(67): CodeIgniter\CodeIgniter->run()
12 SYSTEMPATH/Commands/Server/rewrite.php(46): require_once('FCPATH/index.php')
CRITICAL - 2022-11-04 22:07:43 --> Too few arguments to function App\Controllers\Penduduk::save(), 0 passed in /mnt/work/Project/STIKI/Anisa/pkh/system/CodeIgniter.php on line 902 and exactly 1 expected
in APPPATH/Controllers/Penduduk.php on line 78.
 1 SYSTEMPATH/CodeIgniter.php(902): App\Controllers\Penduduk->save()
 2 SYSTEMPATH/CodeIgniter.php(457): CodeIgniter\CodeIgniter->runController()
 3 SYSTEMPATH/CodeIgniter.php(340): CodeIgniter\CodeIgniter->handleRequest()
 4 FCPATH/index.php(67): CodeIgniter\CodeIgniter->run()
 5 SYSTEMPATH/Commands/Server/rewrite.php(46): require_once('FCPATH/index.php')
CRITICAL - 2022-11-04 22:08:11 --> Too few arguments to function App\Controllers\Penduduk::save(), 0 passed in /mnt/work/Project/STIKI/Anisa/pkh/system/CodeIgniter.php on line 902 and exactly 1 expected
in APPPATH/Controllers/Penduduk.php on line 78.
 1 SYSTEMPATH/CodeIgniter.php(902): App\Controllers\Penduduk->save()
 2 SYSTEMPATH/CodeIgniter.php(457): CodeIgniter\CodeIgniter->runController()
 3 SYSTEMPATH/CodeIgniter.php(340): CodeIgniter\CodeIgniter->handleRequest()
 4 FCPATH/index.php(67): CodeIgniter\CodeIgniter->run()
 5 SYSTEMPATH/Commands/Server/rewrite.php(46): require_once('FCPATH/index.php')
CRITICAL - 2022-11-04 22:08:15 --> Too few arguments to function App\Controllers\Penduduk::save(), 0 passed in /mnt/work/Project/STIKI/Anisa/pkh/system/CodeIgniter.php on line 902 and exactly 1 expected
in APPPATH/Controllers/Penduduk.php on line 78.
 1 SYSTEMPATH/CodeIgniter.php(902): App\Controllers\Penduduk->save()
 2 SYSTEMPATH/CodeIgniter.php(457): CodeIgniter\CodeIgniter->runController()
 3 SYSTEMPATH/CodeIgniter.php(340): CodeIgniter\CodeIgniter->handleRequest()
 4 FCPATH/index.php(67): CodeIgniter\CodeIgniter->run()
 5 SYSTEMPATH/Commands/Server/rewrite.php(46): require_once('FCPATH/index.php')
CRITICAL - 2022-11-04 22:09:59 --> Too few arguments to function App\Controllers\Penduduk::save(), 0 passed in /mnt/work/Project/STIKI/Anisa/pkh/system/CodeIgniter.php on line 902 and exactly 1 expected
in APPPATH/Controllers/Penduduk.php on line 78.
 1 SYSTEMPATH/CodeIgniter.php(902): App\Controllers\Penduduk->save()
 2 SYSTEMPATH/CodeIgniter.php(457): CodeIgniter\CodeIgniter->runController()
 3 SYSTEMPATH/CodeIgniter.php(340): CodeIgniter\CodeIgniter->handleRequest()
 4 FCPATH/index.php(67): CodeIgniter\CodeIgniter->run()
 5 SYSTEMPATH/Commands/Server/rewrite.php(46): require_once('FCPATH/index.php')
CRITICAL - 2022-11-04 22:10:11 --> Too few arguments to function App\Controllers\Penduduk::save(), 0 passed in /mnt/work/Project/STIKI/Anisa/pkh/system/CodeIgniter.php on line 902 and exactly 1 expected
in APPPATH/Controllers/Penduduk.php on line 78.
 1 SYSTEMPATH/CodeIgniter.php(902): App\Controllers\Penduduk->save()
 2 SYSTEMPATH/CodeIgniter.php(457): CodeIgniter\CodeIgniter->runController()
 3 SYSTEMPATH/CodeIgniter.php(340): CodeIgniter\CodeIgniter->handleRequest()
 4 FCPATH/index.php(67): CodeIgniter\CodeIgniter->run()
 5 SYSTEMPATH/Commands/Server/rewrite.php(46): require_once('FCPATH/index.php')
CRITICAL - 2022-11-04 22:10:27 --> Too few arguments to function App\Controllers\Penduduk::save(), 0 passed in /mnt/work/Project/STIKI/Anisa/pkh/system/CodeIgniter.php on line 902 and exactly 1 expected
in APPPATH/Controllers/Penduduk.php on line 78.
 1 SYSTEMPATH/CodeIgniter.php(902): App\Controllers\Penduduk->save()
 2 SYSTEMPATH/CodeIgniter.php(457): CodeIgniter\CodeIgniter->runController()
 3 SYSTEMPATH/CodeIgniter.php(340): CodeIgniter\CodeIgniter->handleRequest()
 4 FCPATH/index.php(67): CodeIgniter\CodeIgniter->run()
 5 SYSTEMPATH/Commands/Server/rewrite.php(46): require_once('FCPATH/index.php')
CRITICAL - 2022-11-04 22:10:52 --> There is no data to update.
in SYSTEMPATH/BaseModel.php on line 1597.
 1 SYSTEMPATH/BaseModel.php(1597): CodeIgniter\Database\Exceptions\DataException::forEmptyDataset()
 2 SYSTEMPATH/BaseModel.php(852): CodeIgniter\BaseModel->transformDataToArray()
 3 SYSTEMPATH/Model.php(693): CodeIgniter\BaseModel->update()
 4 APPPATH/Controllers/Penduduk.php(80): CodeIgniter\Model->update()
 5 SYSTEMPATH/CodeIgniter.php(902): App\Controllers\Penduduk->save()
 6 SYSTEMPATH/CodeIgniter.php(457): CodeIgniter\CodeIgniter->runController()
 7 SYSTEMPATH/CodeIgniter.php(340): CodeIgniter\CodeIgniter->handleRequest()
 8 FCPATH/index.php(67): CodeIgniter\CodeIgniter->run()
 9 SYSTEMPATH/Commands/Server/rewrite.php(46): require_once('FCPATH/index.php')
CRITICAL - 2022-11-04 22:10:58 --> There is no data to update.
in SYSTEMPATH/BaseModel.php on line 1597.
 1 SYSTEMPATH/BaseModel.php(1597): CodeIgniter\Database\Exceptions\DataException::forEmptyDataset()
 2 SYSTEMPATH/BaseModel.php(852): CodeIgniter\BaseModel->transformDataToArray()
 3 SYSTEMPATH/Model.php(693): CodeIgniter\BaseModel->update()
 4 APPPATH/Controllers/Penduduk.php(80): CodeIgniter\Model->update()
 5 SYSTEMPATH/CodeIgniter.php(902): App\Controllers\Penduduk->save()
 6 SYSTEMPATH/CodeIgniter.php(457): CodeIgniter\CodeIgniter->runController()
 7 SYSTEMPATH/CodeIgniter.php(340): CodeIgniter\CodeIgniter->handleRequest()
 8 FCPATH/index.php(67): CodeIgniter\CodeIgniter->run()
 9 SYSTEMPATH/Commands/Server/rewrite.php(46): require_once('FCPATH/index.php')
CRITICAL - 2022-11-04 22:12:12 --> There is no data to update.
in SYSTEMPATH/BaseModel.php on line 1597.
 1 SYSTEMPATH/BaseModel.php(1597): CodeIgniter\Database\Exceptions\DataException::forEmptyDataset()
 2 SYSTEMPATH/BaseModel.php(852): CodeIgniter\BaseModel->transformDataToArray()
 3 SYSTEMPATH/Model.php(693): CodeIgniter\BaseModel->update()
 4 APPPATH/Controllers/Penduduk.php(81): CodeIgniter\Model->update()
 5 SYSTEMPATH/CodeIgniter.php(902): App\Controllers\Penduduk->save()
 6 SYSTEMPATH/CodeIgniter.php(457): CodeIgniter\CodeIgniter->runController()
 7 SYSTEMPATH/CodeIgniter.php(340): CodeIgniter\CodeIgniter->handleRequest()
 8 FCPATH/index.php(67): CodeIgniter\CodeIgniter->run()
 9 SYSTEMPATH/Commands/Server/rewrite.php(46): require_once('FCPATH/index.php')
CRITICAL - 2022-11-04 22:12:25 --> There is no data to update.
in SYSTEMPATH/BaseModel.php on line 1597.
 1 SYSTEMPATH/BaseModel.php(1597): CodeIgniter\Database\Exceptions\DataException::forEmptyDataset()
 2 SYSTEMPATH/BaseModel.php(852): CodeIgniter\BaseModel->transformDataToArray()
 3 SYSTEMPATH/Model.php(693): CodeIgniter\BaseModel->update()
 4 APPPATH/Controllers/Penduduk.php(81): CodeIgniter\Model->update()
 5 SYSTEMPATH/CodeIgniter.php(902): App\Controllers\Penduduk->save()
 6 SYSTEMPATH/CodeIgniter.php(457): CodeIgniter\CodeIgniter->runController()
 7 SYSTEMPATH/CodeIgniter.php(340): CodeIgniter\CodeIgniter->handleRequest()
 8 FCPATH/index.php(67): CodeIgniter\CodeIgniter->run()
 9 SYSTEMPATH/Commands/Server/rewrite.php(46): require_once('FCPATH/index.php')
CRITICAL - 2022-11-04 22:25:39 --> Undefined property: App\Controllers\Kriteria::$jenisBantuan
in APPPATH/Controllers/Kriteria.php on line 46.
 1 APPPATH/Controllers/Kriteria.php(46): CodeIgniter\Debug\Exceptions->errorHandler()
 2 SYSTEMPATH/CodeIgniter.php(902): App\Controllers\Kriteria->table()
 3 SYSTEMPATH/CodeIgniter.php(457): CodeIgniter\CodeIgniter->runController()
 4 SYSTEMPATH/CodeIgniter.php(340): CodeIgniter\CodeIgniter->handleRequest()
 5 FCPATH/index.php(67): CodeIgniter\CodeIgniter->run()
 6 SYSTEMPATH/Commands/Server/rewrite.php(46): require_once('FCPATH/index.php')
CRITICAL - 2022-11-04 22:25:46 --> Undefined property: App\Controllers\Kriteria::$jenisBantuan
in APPPATH/Controllers/Kriteria.php on line 46.
 1 APPPATH/Controllers/Kriteria.php(46): CodeIgniter\Debug\Exceptions->errorHandler()
 2 SYSTEMPATH/CodeIgniter.php(902): App\Controllers\Kriteria->table()
 3 SYSTEMPATH/CodeIgniter.php(457): CodeIgniter\CodeIgniter->runController()
 4 SYSTEMPATH/CodeIgniter.php(340): CodeIgniter\CodeIgniter->handleRequest()
 5 FCPATH/index.php(67): CodeIgniter\CodeIgniter->run()
 6 SYSTEMPATH/Commands/Server/rewrite.php(46): require_once('FCPATH/index.php')
CRITICAL - 2022-11-04 22:30:17 --> Undefined property: App\Controllers\Kriteria::$jenisBantuan
in APPPATH/Controllers/Kriteria.php on line 65.
 1 APPPATH/Controllers/Kriteria.php(65): CodeIgniter\Debug\Exceptions->errorHandler()
 2 SYSTEMPATH/CodeIgniter.php(902): App\Controllers\Kriteria->add()
 3 SYSTEMPATH/CodeIgniter.php(457): CodeIgniter\CodeIgniter->runController()
 4 SYSTEMPATH/CodeIgniter.php(340): CodeIgniter\CodeIgniter->handleRequest()
 5 FCPATH/index.php(67): CodeIgniter\CodeIgniter->run()
 6 SYSTEMPATH/Commands/Server/rewrite.php(46): require_once('FCPATH/index.php')
CRITICAL - 2022-11-04 22:30:25 --> Undefined property: App\Controllers\Kriteria::$jenisBantuan
in APPPATH/Controllers/Kriteria.php on line 65.
 1 APPPATH/Controllers/Kriteria.php(65): CodeIgniter\Debug\Exceptions->errorHandler()
 2 SYSTEMPATH/CodeIgniter.php(902): App\Controllers\Kriteria->add()
 3 SYSTEMPATH/CodeIgniter.php(457): CodeIgniter\CodeIgniter->runController()
 4 SYSTEMPATH/CodeIgniter.php(340): CodeIgniter\CodeIgniter->handleRequest()
 5 FCPATH/index.php(67): CodeIgniter\CodeIgniter->run()
 6 SYSTEMPATH/Commands/Server/rewrite.php(46): require_once('FCPATH/index.php')
ERROR - 2022-11-04 22:36:13 --> mysqli_sql_exception: Unknown table 'db_spkanisa.peserta' in /mnt/work/Project/STIKI/Anisa/pkh/system/Database/MySQLi/Connection.php:292
Stack trace:
#0 /mnt/work/Project/STIKI/Anisa/pkh/system/Database/MySQLi/Connection.php(292): mysqli->query()
#1 /mnt/work/Project/STIKI/Anisa/pkh/system/Database/BaseConnection.php(693): CodeIgniter\Database\MySQLi\Connection->execute()
#2 /mnt/work/Project/STIKI/Anisa/pkh/system/Database/BaseConnection.php(620): CodeIgniter\Database\BaseConnection->simpleQuery()
#3 /mnt/work/Project/STIKI/Anisa/pkh/system/Database/Forge.php(600): CodeIgniter\Database\BaseConnection->query()
#4 /mnt/work/Project/STIKI/Anisa/pkh/app/Database/Migrations/2022-10-21-095907_Peserta.php(25): CodeIgniter\Database\Forge->dropTable()
#5 /mnt/work/Project/STIKI/Anisa/pkh/system/Database/MigrationRunner.php(868): App\Database\Migrations\BltMigration->down()
#6 /mnt/work/Project/STIKI/Anisa/pkh/system/Database/MigrationRunner.php(298): CodeIgniter\Database\MigrationRunner->migrate()
#7 /mnt/work/Project/STIKI/Anisa/pkh/system/Commands/Database/MigrateRollback.php(92): CodeIgniter\Database\MigrationRunner->regress()
#8 /mnt/work/Project/STIKI/Anisa/pkh/system/CLI/Commands.php(63): CodeIgniter\Commands\Database\MigrateRollback->run()
#9 /mnt/work/Project/STIKI/Anisa/pkh/system/CLI/CommandRunner.php(65): CodeIgniter\CLI\Commands->run()
#10 /mnt/work/Project/STIKI/Anisa/pkh/system/CLI/CommandRunner.php(51): CodeIgniter\CLI\CommandRunner->index()
#11 /mnt/work/Project/STIKI/Anisa/pkh/system/CodeIgniter.php(895): CodeIgniter\CLI\CommandRunner->_remap()
#12 /mnt/work/Project/STIKI/Anisa/pkh/system/CodeIgniter.php(457): CodeIgniter\CodeIgniter->runController()
#13 /mnt/work/Project/STIKI/Anisa/pkh/system/CodeIgniter.php(336): CodeIgniter\CodeIgniter->handleRequest()
#14 /mnt/work/Project/STIKI/Anisa/pkh/system/CLI/Console.php(48): CodeIgniter\CodeIgniter->run()
#15 /mnt/work/Project/STIKI/Anisa/pkh/spark(98): CodeIgniter\CLI\Console->run()
#16 {main}
CRITICAL - 2022-11-04 22:48:22 --> Undefined property: App\Controllers\Subkriteria::$jenisBantuan
in APPPATH/Controllers/Subkriteria.php on line 42.
 1 APPPATH/Controllers/Subkriteria.php(42): CodeIgniter\Debug\Exceptions->errorHandler()
 2 SYSTEMPATH/CodeIgniter.php(902): App\Controllers\Subkriteria->table()
 3 SYSTEMPATH/CodeIgniter.php(457): CodeIgniter\CodeIgniter->runController()
 4 SYSTEMPATH/CodeIgniter.php(340): CodeIgniter\CodeIgniter->handleRequest()
 5 FCPATH/index.php(67): CodeIgniter\CodeIgniter->run()
 6 SYSTEMPATH/Commands/Server/rewrite.php(46): require_once('FCPATH/index.php')
CRITICAL - 2022-11-04 22:48:30 --> Undefined property: App\Controllers\Subkriteria::$jenisBantuan
in APPPATH/Controllers/Subkriteria.php on line 42.
 1 APPPATH/Controllers/Subkriteria.php(42): CodeIgniter\Debug\Exceptions->errorHandler()
 2 SYSTEMPATH/CodeIgniter.php(902): App\Controllers\Subkriteria->table()
 3 SYSTEMPATH/CodeIgniter.php(457): CodeIgniter\CodeIgniter->runController()
 4 SYSTEMPATH/CodeIgniter.php(340): CodeIgniter\CodeIgniter->handleRequest()
 5 FCPATH/index.php(67): CodeIgniter\CodeIgniter->run()
 6 SYSTEMPATH/Commands/Server/rewrite.php(46): require_once('FCPATH/index.php')
CRITICAL - 2022-11-04 22:49:22 --> Undefined property: App\Controllers\Subkriteria::$jenisBantuan
in APPPATH/Controllers/Subkriteria.php on line 62.
 1 APPPATH/Controllers/Subkriteria.php(62): CodeIgniter\Debug\Exceptions->errorHandler()
 2 SYSTEMPATH/CodeIgniter.php(902): App\Controllers\Subkriteria->add()
 3 SYSTEMPATH/CodeIgniter.php(457): CodeIgniter\CodeIgniter->runController()
 4 SYSTEMPATH/CodeIgniter.php(340): CodeIgniter\CodeIgniter->handleRequest()
 5 FCPATH/index.php(67): CodeIgniter\CodeIgniter->run()
 6 SYSTEMPATH/Commands/Server/rewrite.php(46): require_once('FCPATH/index.php')
CRITICAL - 2022-11-04 22:51:04 --> Invalid file: /temp/index.php
in SYSTEMPATH/Exceptions/FrameworkException.php on line 33.
 1 SYSTEMPATH/View/View.php(201): CodeIgniter\Exceptions\FrameworkException::forInvalidFile()
 2 SYSTEMPATH/View/View.php(229): CodeIgniter\View\View->render()
 3 SYSTEMPATH/Common.php(1142): CodeIgniter\View\View->render()
 4 APPPATH/Controllers/Kriteria.php(30): view()
 5 SYSTEMPATH/CodeIgniter.php(902): App\Controllers\Kriteria->index()
 6 SYSTEMPATH/CodeIgniter.php(457): CodeIgniter\CodeIgniter->runController()
 7 SYSTEMPATH/CodeIgniter.php(340): CodeIgniter\CodeIgniter->handleRequest()
 8 FCPATH/index.php(67): CodeIgniter\CodeIgniter->run()
 9 SYSTEMPATH/Commands/Server/rewrite.php(46): require_once('FCPATH/index.php')
CRITICAL - 2022-11-04 22:51:06 --> Invalid file: /temp/index.php
in SYSTEMPATH/Exceptions/FrameworkException.php on line 33.
 1 SYSTEMPATH/View/View.php(201): CodeIgniter\Exceptions\FrameworkException::forInvalidFile()
 2 SYSTEMPATH/View/View.php(229): CodeIgniter\View\View->render()
 3 SYSTEMPATH/Common.php(1142): CodeIgniter\View\View->render()
 4 APPPATH/Controllers/Subkriteria.php(26): view()
 5 SYSTEMPATH/CodeIgniter.php(902): App\Controllers\Subkriteria->index()
 6 SYSTEMPATH/CodeIgniter.php(457): CodeIgniter\CodeIgniter->runController()
 7 SYSTEMPATH/CodeIgniter.php(340): CodeIgniter\CodeIgniter->handleRequest()
 8 FCPATH/index.php(67): CodeIgniter\CodeIgniter->run()
 9 SYSTEMPATH/Commands/Server/rewrite.php(46): require_once('FCPATH/index.php')
CRITICAL - 2022-11-04 22:51:07 --> Invalid file: /temp/index.php
in SYSTEMPATH/Exceptions/FrameworkException.php on line 33.
 1 SYSTEMPATH/View/View.php(201): CodeIgniter\Exceptions\FrameworkException::forInvalidFile()
 2 SYSTEMPATH/View/View.php(229): CodeIgniter\View\View->render()
 3 SYSTEMPATH/Common.php(1142): CodeIgniter\View\View->render()
 4 APPPATH/Controllers/Kriteria.php(30): view()
 5 SYSTEMPATH/CodeIgniter.php(902): App\Controllers\Kriteria->index()
 6 SYSTEMPATH/CodeIgniter.php(457): CodeIgniter\CodeIgniter->runController()
 7 SYSTEMPATH/CodeIgniter.php(340): CodeIgniter\CodeIgniter->handleRequest()
 8 FCPATH/index.php(67): CodeIgniter\CodeIgniter->run()
 9 SYSTEMPATH/Commands/Server/rewrite.php(46): require_once('FCPATH/index.php')
CRITICAL - 2022-11-04 22:51:08 --> Invalid file: /temp/index.php
in SYSTEMPATH/Exceptions/FrameworkException.php on line 33.
 1 SYSTEMPATH/View/View.php(201): CodeIgniter\Exceptions\FrameworkException::forInvalidFile()
 2 SYSTEMPATH/View/View.php(229): CodeIgniter\View\View->render()
 3 SYSTEMPATH/Common.php(1142): CodeIgniter\View\View->render()
 4 APPPATH/Controllers/Subkriteria.php(26): view()
 5 SYSTEMPATH/CodeIgniter.php(902): App\Controllers\Subkriteria->index()
 6 SYSTEMPATH/CodeIgniter.php(457): CodeIgniter\CodeIgniter->runController()
 7 SYSTEMPATH/CodeIgniter.php(340): CodeIgniter\CodeIgniter->handleRequest()
 8 FCPATH/index.php(67): CodeIgniter\CodeIgniter->run()
 9 SYSTEMPATH/Commands/Server/rewrite.php(46): require_once('FCPATH/index.php')
CRITICAL - 2022-11-04 22:51:08 --> Invalid file: /temp/index.php
in SYSTEMPATH/Exceptions/FrameworkException.php on line 33.
 1 SYSTEMPATH/View/View.php(201): CodeIgniter\Exceptions\FrameworkException::forInvalidFile()
 2 SYSTEMPATH/View/View.php(229): CodeIgniter\View\View->render()
 3 SYSTEMPATH/Common.php(1142): CodeIgniter\View\View->render()
 4 APPPATH/Controllers/Kriteria.php(30): view()
 5 SYSTEMPATH/CodeIgniter.php(902): App\Controllers\Kriteria->index()
 6 SYSTEMPATH/CodeIgniter.php(457): CodeIgniter\CodeIgniter->runController()
 7 SYSTEMPATH/CodeIgniter.php(340): CodeIgniter\CodeIgniter->handleRequest()
 8 FCPATH/index.php(67): CodeIgniter\CodeIgniter->run()
 9 SYSTEMPATH/Commands/Server/rewrite.php(46): require_once('FCPATH/index.php')
ERROR - 2022-11-04 22:54:12 --> mysqli_sql_exception: Unknown column 'jenis_bantuan' in 'where clause' in /mnt/work/Project/STIKI/Anisa/pkh/system/Database/MySQLi/Connection.php:292
Stack trace:
#0 /mnt/work/Project/STIKI/Anisa/pkh/system/Database/MySQLi/Connection.php(292): mysqli->query()
#1 /mnt/work/Project/STIKI/Anisa/pkh/system/Database/BaseConnection.php(693): CodeIgniter\Database\MySQLi\Connection->execute()
#2 /mnt/work/Project/STIKI/Anisa/pkh/system/Database/BaseConnection.php(620): CodeIgniter\Database\BaseConnection->simpleQuery()
#3 /mnt/work/Project/STIKI/Anisa/pkh/system/Database/BaseBuilder.php(1669): CodeIgniter\Database\BaseConnection->query()
#4 /mnt/work/Project/STIKI/Anisa/pkh/system/Model.php(551): CodeIgniter\Database\BaseBuilder->countAllResults()
#5 /mnt/work/Project/STIKI/Anisa/pkh/app/Controllers/Perhitungan.php(23): CodeIgniter\Model->countAllResults()
#6 /mnt/work/Project/STIKI/Anisa/pkh/system/CodeIgniter.php(864): App\Controllers\Perhitungan->__construct()
#7 /mnt/work/Project/STIKI/Anisa/pkh/system/CodeIgniter.php(448): CodeIgniter\CodeIgniter->createController()
#8 /mnt/work/Project/STIKI/Anisa/pkh/system/CodeIgniter.php(340): CodeIgniter\CodeIgniter->handleRequest()
#9 /mnt/work/Project/STIKI/Anisa/pkh/public/index.php(67): CodeIgniter\CodeIgniter->run()
#10 /mnt/work/Project/STIKI/Anisa/pkh/system/Commands/Server/rewrite.php(46): require_once('...')
#11 {main}
CRITICAL - 2022-11-04 22:54:12 --> Unknown column 'jenis_bantuan' in 'where clause'
in SYSTEMPATH/Database/MySQLi/Connection.php on line 292.
 1 SYSTEMPATH/Database/MySQLi/Connection.php(292): mysqli->query()
 2 SYSTEMPATH/Database/BaseConnection.php(693): CodeIgniter\Database\MySQLi\Connection->execute()
 3 SYSTEMPATH/Database/BaseConnection.php(620): CodeIgniter\Database\BaseConnection->simpleQuery()
 4 SYSTEMPATH/Database/BaseBuilder.php(1669): CodeIgniter\Database\BaseConnection->query()
 5 SYSTEMPATH/Model.php(551): CodeIgniter\Database\BaseBuilder->countAllResults()
 6 APPPATH/Controllers/Perhitungan.php(23): CodeIgniter\Model->countAllResults()
 7 SYSTEMPATH/CodeIgniter.php(864): App\Controllers\Perhitungan->__construct()
 8 SYSTEMPATH/CodeIgniter.php(448): CodeIgniter\CodeIgniter->createController()
 9 SYSTEMPATH/CodeIgniter.php(340): CodeIgniter\CodeIgniter->handleRequest()
10 FCPATH/index.php(67): CodeIgniter\CodeIgniter->run()
11 SYSTEMPATH/Commands/Server/rewrite.php(46): require_once('FCPATH/index.php')
CRITICAL - 2022-11-04 22:55:12 --> Invalid file: /perhitungan/index.php
in SYSTEMPATH/Exceptions/FrameworkException.php on line 33.
 1 SYSTEMPATH/View/View.php(201): CodeIgniter\Exceptions\FrameworkException::forInvalidFile()
 2 SYSTEMPATH/Common.php(1142): CodeIgniter\View\View->render()
 3 APPPATH/Controllers/Perhitungan.php(38): view()
 4 SYSTEMPATH/CodeIgniter.php(902): App\Controllers\Perhitungan->index()
 5 SYSTEMPATH/CodeIgniter.php(457): CodeIgniter\CodeIgniter->runController()
 6 SYSTEMPATH/CodeIgniter.php(340): CodeIgniter\CodeIgniter->handleRequest()
 7 FCPATH/index.php(67): CodeIgniter\CodeIgniter->run()
 8 SYSTEMPATH/Commands/Server/rewrite.php(46): require_once('FCPATH/index.php')
CRITICAL - 2022-11-04 23:01:06 --> Undefined property: App\Controllers\Keputusan::$jenisBantuan
in APPPATH/Controllers/Keputusan.php on line 30.
 1 APPPATH/Controllers/Keputusan.php(30): CodeIgniter\Debug\Exceptions->errorHandler()
 2 SYSTEMPATH/CodeIgniter.php(902): App\Controllers\Keputusan->index()
 3 SYSTEMPATH/CodeIgniter.php(457): CodeIgniter\CodeIgniter->runController()
 4 SYSTEMPATH/CodeIgniter.php(340): CodeIgniter\CodeIgniter->handleRequest()
 5 FCPATH/index.php(67): CodeIgniter\CodeIgniter->run()
 6 SYSTEMPATH/Commands/Server/rewrite.php(46): require_once('FCPATH/index.php')
CRITICAL - 2022-11-04 23:01:20 --> Invalid file: /keputusan/index.php
in SYSTEMPATH/Exceptions/FrameworkException.php on line 33.
 1 SYSTEMPATH/View/View.php(201): CodeIgniter\Exceptions\FrameworkException::forInvalidFile()
 2 SYSTEMPATH/Common.php(1142): CodeIgniter\View\View->render()
 3 APPPATH/Controllers/Keputusan.php(37): view()
 4 SYSTEMPATH/CodeIgniter.php(902): App\Controllers\Keputusan->index()
 5 SYSTEMPATH/CodeIgniter.php(457): CodeIgniter\CodeIgniter->runController()
 6 SYSTEMPATH/CodeIgniter.php(340): CodeIgniter\CodeIgniter->handleRequest()
 7 FCPATH/index.php(67): CodeIgniter\CodeIgniter->run()
 8 SYSTEMPATH/Commands/Server/rewrite.php(46): require_once('FCPATH/index.php')
CRITICAL - 2022-11-04 23:01:20 --> Invalid file: /keputusan/index.php
in SYSTEMPATH/Exceptions/FrameworkException.php on line 33.
 1 SYSTEMPATH/View/View.php(201): CodeIgniter\Exceptions\FrameworkException::forInvalidFile()
 2 SYSTEMPATH/Common.php(1142): CodeIgniter\View\View->render()
 3 APPPATH/Controllers/Keputusan.php(37): view()
 4 SYSTEMPATH/CodeIgniter.php(902): App\Controllers\Keputusan->index()
 5 SYSTEMPATH/CodeIgniter.php(457): CodeIgniter\CodeIgniter->runController()
 6 SYSTEMPATH/CodeIgniter.php(340): CodeIgniter\CodeIgniter->handleRequest()
 7 FCPATH/index.php(67): CodeIgniter\CodeIgniter->run()
 8 SYSTEMPATH/Commands/Server/rewrite.php(46): require_once('FCPATH/index.php')
CRITICAL - 2022-11-04 23:01:21 --> Invalid file: /keputusan/index.php
in SYSTEMPATH/Exceptions/FrameworkException.php on line 33.
 1 SYSTEMPATH/View/View.php(201): CodeIgniter\Exceptions\FrameworkException::forInvalidFile()
 2 SYSTEMPATH/Common.php(1142): CodeIgniter\View\View->render()
 3 APPPATH/Controllers/Keputusan.php(37): view()
 4 SYSTEMPATH/CodeIgniter.php(902): App\Controllers\Keputusan->index()
 5 SYSTEMPATH/CodeIgniter.php(457): CodeIgniter\CodeIgniter->runController()
 6 SYSTEMPATH/CodeIgniter.php(340): CodeIgniter\CodeIgniter->handleRequest()
 7 FCPATH/index.php(67): CodeIgniter\CodeIgniter->run()
 8 SYSTEMPATH/Commands/Server/rewrite.php(46): require_once('FCPATH/index.php')
CRITICAL - 2022-11-04 23:01:21 --> Invalid file: /keputusan/index.php
in SYSTEMPATH/Exceptions/FrameworkException.php on line 33.
 1 SYSTEMPATH/View/View.php(201): CodeIgniter\Exceptions\FrameworkException::forInvalidFile()
 2 SYSTEMPATH/Common.php(1142): CodeIgniter\View\View->render()
 3 APPPATH/Controllers/Keputusan.php(37): view()
 4 SYSTEMPATH/CodeIgniter.php(902): App\Controllers\Keputusan->index()
 5 SYSTEMPATH/CodeIgniter.php(457): CodeIgniter\CodeIgniter->runController()
 6 SYSTEMPATH/CodeIgniter.php(340): CodeIgniter\CodeIgniter->handleRequest()
 7 FCPATH/index.php(67): CodeIgniter\CodeIgniter->run()
 8 SYSTEMPATH/Commands/Server/rewrite.php(46): require_once('FCPATH/index.php')
CRITICAL - 2022-11-04 23:01:21 --> Invalid file: /keputusan/index.php
in SYSTEMPATH/Exceptions/FrameworkException.php on line 33.
 1 SYSTEMPATH/View/View.php(201): CodeIgniter\Exceptions\FrameworkException::forInvalidFile()
 2 SYSTEMPATH/Common.php(1142): CodeIgniter\View\View->render()
 3 APPPATH/Controllers/Keputusan.php(37): view()
 4 SYSTEMPATH/CodeIgniter.php(902): App\Controllers\Keputusan->index()
 5 SYSTEMPATH/CodeIgniter.php(457): CodeIgniter\CodeIgniter->runController()
 6 SYSTEMPATH/CodeIgniter.php(340): CodeIgniter\CodeIgniter->handleRequest()
 7 FCPATH/index.php(67): CodeIgniter\CodeIgniter->run()
 8 SYSTEMPATH/Commands/Server/rewrite.php(46): require_once('FCPATH/index.php')
CRITICAL - 2022-11-04 23:02:09 --> Invalid file: /keputusan/index.php
in SYSTEMPATH/Exceptions/FrameworkException.php on line 33.
 1 SYSTEMPATH/View/View.php(201): CodeIgniter\Exceptions\FrameworkException::forInvalidFile()
 2 SYSTEMPATH/Common.php(1142): CodeIgniter\View\View->render()
 3 APPPATH/Controllers/Keputusan.php(37): view()
 4 SYSTEMPATH/CodeIgniter.php(902): App\Controllers\Keputusan->index()
 5 SYSTEMPATH/CodeIgniter.php(457): CodeIgniter\CodeIgniter->runController()
 6 SYSTEMPATH/CodeIgniter.php(340): CodeIgniter\CodeIgniter->handleRequest()
 7 FCPATH/index.php(67): CodeIgniter\CodeIgniter->run()
 8 SYSTEMPATH/Commands/Server/rewrite.php(46): require_once('FCPATH/index.php')
CRITICAL - 2022-11-04 23:02:10 --> Invalid file: /keputusan/index.php
in SYSTEMPATH/Exceptions/FrameworkException.php on line 33.
 1 SYSTEMPATH/View/View.php(201): CodeIgniter\Exceptions\FrameworkException::forInvalidFile()
 2 SYSTEMPATH/Common.php(1142): CodeIgniter\View\View->render()
 3 APPPATH/Controllers/Keputusan.php(37): view()
 4 SYSTEMPATH/CodeIgniter.php(902): App\Controllers\Keputusan->index()
 5 SYSTEMPATH/CodeIgniter.php(457): CodeIgniter\CodeIgniter->runController()
 6 SYSTEMPATH/CodeIgniter.php(340): CodeIgniter\CodeIgniter->handleRequest()
 7 FCPATH/index.php(67): CodeIgniter\CodeIgniter->run()
 8 SYSTEMPATH/Commands/Server/rewrite.php(46): require_once('FCPATH/index.php')
CRITICAL - 2022-11-04 23:02:10 --> Invalid file: /keputusan/index.php
in SYSTEMPATH/Exceptions/FrameworkException.php on line 33.
 1 SYSTEMPATH/View/View.php(201): CodeIgniter\Exceptions\FrameworkException::forInvalidFile()
 2 SYSTEMPATH/Common.php(1142): CodeIgniter\View\View->render()
 3 APPPATH/Controllers/Keputusan.php(37): view()
 4 SYSTEMPATH/CodeIgniter.php(902): App\Controllers\Keputusan->index()
 5 SYSTEMPATH/CodeIgniter.php(457): CodeIgniter\CodeIgniter->runController()
 6 SYSTEMPATH/CodeIgniter.php(340): CodeIgniter\CodeIgniter->handleRequest()
 7 FCPATH/index.php(67): CodeIgniter\CodeIgniter->run()
 8 SYSTEMPATH/Commands/Server/rewrite.php(46): require_once('FCPATH/index.php')
CRITICAL - 2022-11-04 23:21:38 --> Undefined variable $url
in APPPATH/Views/laporan/index.php on line 17.
 1 APPPATH/Views/laporan/index.php(17): CodeIgniter\Debug\Exceptions->errorHandler()
 2 SYSTEMPATH/View/View.php(213): include('APPPATH/Views/laporan/index.php')
 3 SYSTEMPATH/View/View.php(216): CodeIgniter\View\View->CodeIgniter\View\{closure}()
 4 SYSTEMPATH/Common.php(1142): CodeIgniter\View\View->render()
 5 APPPATH/Controllers/Laporan.php(13): view()
 6 SYSTEMPATH/CodeIgniter.php(902): App\Controllers\Laporan->index()
 7 SYSTEMPATH/CodeIgniter.php(457): CodeIgniter\CodeIgniter->runController()
 8 SYSTEMPATH/CodeIgniter.php(340): CodeIgniter\CodeIgniter->handleRequest()
 9 FCPATH/index.php(67): CodeIgniter\CodeIgniter->run()
10 SYSTEMPATH/Commands/Server/rewrite.php(46): require_once('FCPATH/index.php')
CRITICAL - 2022-11-04 23:21:57 --> Undefined variable $jenisBantuan
in APPPATH/Views/laporan/index.php on line 17.
 1 APPPATH/Views/laporan/index.php(17): CodeIgniter\Debug\Exceptions->errorHandler()
 2 SYSTEMPATH/View/View.php(213): include('APPPATH/Views/laporan/index.php')
 3 SYSTEMPATH/View/View.php(216): CodeIgniter\View\View->CodeIgniter\View\{closure}()
 4 SYSTEMPATH/Common.php(1142): CodeIgniter\View\View->render()
 5 APPPATH/Controllers/Laporan.php(14): view()
 6 SYSTEMPATH/CodeIgniter.php(902): App\Controllers\Laporan->index()
 7 SYSTEMPATH/CodeIgniter.php(457): CodeIgniter\CodeIgniter->runController()
 8 SYSTEMPATH/CodeIgniter.php(340): CodeIgniter\CodeIgniter->handleRequest()
 9 FCPATH/index.php(67): CodeIgniter\CodeIgniter->run()
10 SYSTEMPATH/Commands/Server/rewrite.php(46): require_once('FCPATH/index.php')
CRITICAL - 2022-11-04 23:21:57 --> Undefined variable $jenisBantuan
in APPPATH/Views/laporan/index.php on line 17.
 1 APPPATH/Views/laporan/index.php(17): CodeIgniter\Debug\Exceptions->errorHandler()
 2 SYSTEMPATH/View/View.php(213): include('APPPATH/Views/laporan/index.php')
 3 SYSTEMPATH/View/View.php(216): CodeIgniter\View\View->CodeIgniter\View\{closure}()
 4 SYSTEMPATH/Common.php(1142): CodeIgniter\View\View->render()
 5 APPPATH/Controllers/Laporan.php(14): view()
 6 SYSTEMPATH/CodeIgniter.php(902): App\Controllers\Laporan->index()
 7 SYSTEMPATH/CodeIgniter.php(457): CodeIgniter\CodeIgniter->runController()
 8 SYSTEMPATH/CodeIgniter.php(340): CodeIgniter\CodeIgniter->handleRequest()
 9 FCPATH/index.php(67): CodeIgniter\CodeIgniter->run()
10 SYSTEMPATH/Commands/Server/rewrite.php(46): require_once('FCPATH/index.php')
CRITICAL - 2022-11-04 23:22:15 --> Invalid file: bantuan/laporan/datablt.php
in SYSTEMPATH/Exceptions/FrameworkException.php on line 33.
 1 SYSTEMPATH/View/View.php(201): CodeIgniter\Exceptions\FrameworkException::forInvalidFile()
 2 SYSTEMPATH/View/View.php(429): CodeIgniter\View\View->render()
 3 APPPATH/Views/laporan/index.php(20): CodeIgniter\View\View->include()
 4 SYSTEMPATH/View/View.php(213): include('APPPATH/Views/laporan/index.php')
 5 SYSTEMPATH/View/View.php(216): CodeIgniter\View\View->CodeIgniter\View\{closure}()
 6 SYSTEMPATH/Common.php(1142): CodeIgniter\View\View->render()
 7 APPPATH/Controllers/Laporan.php(14): view()
 8 SYSTEMPATH/CodeIgniter.php(902): App\Controllers\Laporan->index()
 9 SYSTEMPATH/CodeIgniter.php(457): CodeIgniter\CodeIgniter->runController()
10 SYSTEMPATH/CodeIgniter.php(340): CodeIgniter\CodeIgniter->handleRequest()
11 FCPATH/index.php(67): CodeIgniter\CodeIgniter->run()
12 SYSTEMPATH/Commands/Server/rewrite.php(46): require_once('FCPATH/index.php')
CRITICAL - 2022-11-04 23:22:43 --> Undefined variable $dataPeserta
in APPPATH/Views/laporan/datablt.php on line 21.
 1 APPPATH/Views/laporan/datablt.php(21): CodeIgniter\Debug\Exceptions->errorHandler()
 2 SYSTEMPATH/View/View.php(213): include('APPPATH/Views/laporan/datablt.php')
 3 SYSTEMPATH/View/View.php(216): CodeIgniter\View\View->CodeIgniter\View\{closure}()
 4 SYSTEMPATH/View/View.php(429): CodeIgniter\View\View->render()
 5 APPPATH/Views/laporan/index.php(20): CodeIgniter\View\View->include()
 6 SYSTEMPATH/View/View.php(213): include('APPPATH/Views/laporan/index.php')
 7 SYSTEMPATH/View/View.php(216): CodeIgniter\View\View->CodeIgniter\View\{closure}()
 8 SYSTEMPATH/Common.php(1142): CodeIgniter\View\View->render()
 9 APPPATH/Controllers/Laporan.php(14): view()
10 SYSTEMPATH/CodeIgniter.php(902): App\Controllers\Laporan->index()
11 SYSTEMPATH/CodeIgniter.php(457): CodeIgniter\CodeIgniter->runController()
12 SYSTEMPATH/CodeIgniter.php(340): CodeIgniter\CodeIgniter->handleRequest()
13 FCPATH/index.php(67): CodeIgniter\CodeIgniter->run()
14 SYSTEMPATH/Commands/Server/rewrite.php(46): require_once('FCPATH/index.php')
CRITICAL - 2022-11-04 23:22:45 --> Undefined variable $dataPeserta
in APPPATH/Views/laporan/datablt.php on line 21.
 1 APPPATH/Views/laporan/datablt.php(21): CodeIgniter\Debug\Exceptions->errorHandler()
 2 SYSTEMPATH/View/View.php(213): include('APPPATH/Views/laporan/datablt.php')
 3 SYSTEMPATH/View/View.php(216): CodeIgniter\View\View->CodeIgniter\View\{closure}()
 4 SYSTEMPATH/View/View.php(429): CodeIgniter\View\View->render()
 5 APPPATH/Views/laporan/index.php(20): CodeIgniter\View\View->include()
 6 SYSTEMPATH/View/View.php(213): include('APPPATH/Views/laporan/index.php')
 7 SYSTEMPATH/View/View.php(216): CodeIgniter\View\View->CodeIgniter\View\{closure}()
 8 SYSTEMPATH/Common.php(1142): CodeIgniter\View\View->render()
 9 APPPATH/Controllers/Laporan.php(14): view()
10 SYSTEMPATH/CodeIgniter.php(902): App\Controllers\Laporan->index()
11 SYSTEMPATH/CodeIgniter.php(457): CodeIgniter\CodeIgniter->runController()
12 SYSTEMPATH/CodeIgniter.php(340): CodeIgniter\CodeIgniter->handleRequest()
13 FCPATH/index.php(67): CodeIgniter\CodeIgniter->run()
14 SYSTEMPATH/Commands/Server/rewrite.php(46): require_once('FCPATH/index.php')
CRITICAL - 2022-11-04 23:23:51 --> Call to undefined method App\Models\BltModel::findAllPeserta
in SYSTEMPATH/Model.php on line 774.
 1 APPPATH/Controllers/Laporan.php(30): CodeIgniter\Model->__call()
 2 SYSTEMPATH/CodeIgniter.php(902): App\Controllers\Laporan->index()
 3 SYSTEMPATH/CodeIgniter.php(457): CodeIgniter\CodeIgniter->runController()
 4 SYSTEMPATH/CodeIgniter.php(340): CodeIgniter\CodeIgniter->handleRequest()
 5 FCPATH/index.php(67): CodeIgniter\CodeIgniter->run()
 6 SYSTEMPATH/Commands/Server/rewrite.php(46): require_once('FCPATH/index.php')
CRITICAL - 2022-11-04 23:23:52 --> Call to undefined method App\Models\BltModel::findAllPeserta
in SYSTEMPATH/Model.php on line 774.
 1 APPPATH/Controllers/Laporan.php(30): CodeIgniter\Model->__call()
 2 SYSTEMPATH/CodeIgniter.php(902): App\Controllers\Laporan->index()
 3 SYSTEMPATH/CodeIgniter.php(457): CodeIgniter\CodeIgniter->runController()
 4 SYSTEMPATH/CodeIgniter.php(340): CodeIgniter\CodeIgniter->handleRequest()
 5 FCPATH/index.php(67): CodeIgniter\CodeIgniter->run()
 6 SYSTEMPATH/Commands/Server/rewrite.php(46): require_once('FCPATH/index.php')
CRITICAL - 2022-11-04 23:23:52 --> Call to undefined method App\Models\BltModel::findAllPeserta
in SYSTEMPATH/Model.php on line 774.
 1 APPPATH/Controllers/Laporan.php(30): CodeIgniter\Model->__call()
 2 SYSTEMPATH/CodeIgniter.php(902): App\Controllers\Laporan->index()
 3 SYSTEMPATH/CodeIgniter.php(457): CodeIgniter\CodeIgniter->runController()
 4 SYSTEMPATH/CodeIgniter.php(340): CodeIgniter\CodeIgniter->handleRequest()
 5 FCPATH/index.php(67): CodeIgniter\CodeIgniter->run()
 6 SYSTEMPATH/Commands/Server/rewrite.php(46): require_once('FCPATH/index.php')
CRITICAL - 2022-11-04 23:23:52 --> Call to undefined method App\Models\BltModel::findAllPeserta
in SYSTEMPATH/Model.php on line 774.
 1 APPPATH/Controllers/Laporan.php(30): CodeIgniter\Model->__call()
 2 SYSTEMPATH/CodeIgniter.php(902): App\Controllers\Laporan->index()
 3 SYSTEMPATH/CodeIgniter.php(457): CodeIgniter\CodeIgniter->runController()
 4 SYSTEMPATH/CodeIgniter.php(340): CodeIgniter\CodeIgniter->handleRequest()
 5 FCPATH/index.php(67): CodeIgniter\CodeIgniter->run()
 6 SYSTEMPATH/Commands/Server/rewrite.php(46): require_once('FCPATH/index.php')
CRITICAL - 2022-11-04 23:24:27 --> Undefined property: App\Controllers\Laporan::$jenisBantuan
in APPPATH/Controllers/Laporan.php on line 33.
 1 APPPATH/Controllers/Laporan.php(33): CodeIgniter\Debug\Exceptions->errorHandler()
 2 SYSTEMPATH/CodeIgniter.php(902): App\Controllers\Laporan->index()
 3 SYSTEMPATH/CodeIgniter.php(457): CodeIgniter\CodeIgniter->runController()
 4 SYSTEMPATH/CodeIgniter.php(340): CodeIgniter\CodeIgniter->handleRequest()
 5 FCPATH/index.php(67): CodeIgniter\CodeIgniter->run()
 6 SYSTEMPATH/Commands/Server/rewrite.php(46): require_once('FCPATH/index.php')
CRITICAL - 2022-11-04 23:24:44 --> Undefined property: App\Controllers\Laporan::$jenisBantuan
in APPPATH/Controllers/Laporan.php on line 35.
 1 APPPATH/Controllers/Laporan.php(35): CodeIgniter\Debug\Exceptions->errorHandler()
 2 SYSTEMPATH/CodeIgniter.php(902): App\Controllers\Laporan->index()
 3 SYSTEMPATH/CodeIgniter.php(457): CodeIgniter\CodeIgniter->runController()
 4 SYSTEMPATH/CodeIgniter.php(340): CodeIgniter\CodeIgniter->handleRequest()
 5 FCPATH/index.php(67): CodeIgniter\CodeIgniter->run()
 6 SYSTEMPATH/Commands/Server/rewrite.php(46): require_once('FCPATH/index.php')
CRITICAL - 2022-11-04 23:24:45 --> Undefined property: App\Controllers\Laporan::$jenisBantuan
in APPPATH/Controllers/Laporan.php on line 35.
 1 APPPATH/Controllers/Laporan.php(35): CodeIgniter\Debug\Exceptions->errorHandler()
 2 SYSTEMPATH/CodeIgniter.php(902): App\Controllers\Laporan->index()
 3 SYSTEMPATH/CodeIgniter.php(457): CodeIgniter\CodeIgniter->runController()
 4 SYSTEMPATH/CodeIgniter.php(340): CodeIgniter\CodeIgniter->handleRequest()
 5 FCPATH/index.php(67): CodeIgniter\CodeIgniter->run()
 6 SYSTEMPATH/Commands/Server/rewrite.php(46): require_once('FCPATH/index.php')
CRITICAL - 2022-11-04 23:24:45 --> Undefined property: App\Controllers\Laporan::$jenisBantuan
in APPPATH/Controllers/Laporan.php on line 35.
 1 APPPATH/Controllers/Laporan.php(35): CodeIgniter\Debug\Exceptions->errorHandler()
 2 SYSTEMPATH/CodeIgniter.php(902): App\Controllers\Laporan->index()
 3 SYSTEMPATH/CodeIgniter.php(457): CodeIgniter\CodeIgniter->runController()
 4 SYSTEMPATH/CodeIgniter.php(340): CodeIgniter\CodeIgniter->handleRequest()
 5 FCPATH/index.php(67): CodeIgniter\CodeIgniter->run()
 6 SYSTEMPATH/Commands/Server/rewrite.php(46): require_once('FCPATH/index.php')
CRITICAL - 2022-11-04 23:24:45 --> Undefined property: App\Controllers\Laporan::$jenisBantuan
in APPPATH/Controllers/Laporan.php on line 35.
 1 APPPATH/Controllers/Laporan.php(35): CodeIgniter\Debug\Exceptions->errorHandler()
 2 SYSTEMPATH/CodeIgniter.php(902): App\Controllers\Laporan->index()
 3 SYSTEMPATH/CodeIgniter.php(457): CodeIgniter\CodeIgniter->runController()
 4 SYSTEMPATH/CodeIgniter.php(340): CodeIgniter\CodeIgniter->handleRequest()
 5 FCPATH/index.php(67): CodeIgniter\CodeIgniter->run()
 6 SYSTEMPATH/Commands/Server/rewrite.php(46): require_once('FCPATH/index.php')
CRITICAL - 2022-11-04 23:24:45 --> Undefined property: App\Controllers\Laporan::$jenisBantuan
in APPPATH/Controllers/Laporan.php on line 35.
 1 APPPATH/Controllers/Laporan.php(35): CodeIgniter\Debug\Exceptions->errorHandler()
 2 SYSTEMPATH/CodeIgniter.php(902): App\Controllers\Laporan->index()
 3 SYSTEMPATH/CodeIgniter.php(457): CodeIgniter\CodeIgniter->runController()
 4 SYSTEMPATH/CodeIgniter.php(340): CodeIgniter\CodeIgniter->handleRequest()
 5 FCPATH/index.php(67): CodeIgniter\CodeIgniter->run()
 6 SYSTEMPATH/Commands/Server/rewrite.php(46): require_once('FCPATH/index.php')
CRITICAL - 2022-11-04 23:25:11 --> Undefined variable $jenisBantuan
in APPPATH/Views/laporan/index.php on line 25.
 1 APPPATH/Views/laporan/index.php(25): CodeIgniter\Debug\Exceptions->errorHandler()
 2 SYSTEMPATH/View/View.php(213): include('APPPATH/Views/laporan/index.php')
 3 SYSTEMPATH/View/View.php(216): CodeIgniter\View\View->CodeIgniter\View\{closure}()
 4 SYSTEMPATH/Common.php(1142): CodeIgniter\View\View->render()
 5 APPPATH/Controllers/Laporan.php(38): view()
 6 SYSTEMPATH/CodeIgniter.php(902): App\Controllers\Laporan->index()
 7 SYSTEMPATH/CodeIgniter.php(457): CodeIgniter\CodeIgniter->runController()
 8 SYSTEMPATH/CodeIgniter.php(340): CodeIgniter\CodeIgniter->handleRequest()
 9 FCPATH/index.php(67): CodeIgniter\CodeIgniter->run()
10 SYSTEMPATH/Commands/Server/rewrite.php(46): require_once('FCPATH/index.php')
