ERROR - 2022-10-18 10:47:00 --> mysqli_sql_exception: Table 'penduduk' already exists in /mnt/work/Project/STIKI/fania/spk/system/Database/MySQLi/Connection.php:292
Stack trace:
#0 /mnt/work/Project/STIKI/fania/spk/system/Database/MySQLi/Connection.php(292): mysqli->query()
#1 /mnt/work/Project/STIKI/fania/spk/system/Database/BaseConnection.php(693): CodeIgniter\Database\MySQLi\Connection->execute()
#2 /mnt/work/Project/STIKI/fania/spk/system/Database/BaseConnection.php(620): CodeIgniter\Database\BaseConnection->simpleQuery()
#3 /mnt/work/Project/STIKI/fania/spk/system/Database/Forge.php(509): CodeIgniter\Database\BaseConnection->query()
#4 /mnt/work/Project/STIKI/fania/spk/app/Database/Migrations/2022-10-18-151918_PendudukMigration.php(65): CodeIgniter\Database\Forge->createTable()
#5 /mnt/work/Project/STIKI/fania/spk/system/Database/MigrationRunner.php(868): App\Database\Migrations\PendudukMigration->up()
#6 /mnt/work/Project/STIKI/fania/spk/system/Database/MigrationRunner.php(187): CodeIgniter\Database\MigrationRunner->migrate()
#7 /mnt/work/Project/STIKI/fania/spk/system/Commands/Database/Migrate.php(84): CodeIgniter\Database\MigrationRunner->latest()
#8 /mnt/work/Project/STIKI/fania/spk/system/CLI/Commands.php(63): CodeIgniter\Commands\Database\Migrate->run()
#9 /mnt/work/Project/STIKI/fania/spk/system/CLI/CommandRunner.php(65): CodeIgniter\CLI\Commands->run()
#10 /mnt/work/Project/STIKI/fania/spk/system/CLI/CommandRunner.php(51): CodeIgniter\CLI\CommandRunner->index()
#11 /mnt/work/Project/STIKI/fania/spk/system/CodeIgniter.php(895): CodeIgniter\CLI\CommandRunner->_remap()
#12 /mnt/work/Project/STIKI/fania/spk/system/CodeIgniter.php(457): CodeIgniter\CodeIgniter->runController()
#13 /mnt/work/Project/STIKI/fania/spk/system/CodeIgniter.php(336): CodeIgniter\CodeIgniter->handleRequest()
#14 /mnt/work/Project/STIKI/fania/spk/system/CLI/Console.php(48): CodeIgniter\CodeIgniter->run()
#15 /mnt/work/Project/STIKI/fania/spk/spark(98): CodeIgniter\CLI\Console->run()
#16 {main}
ERROR - 2022-10-18 10:47:02 --> mysqli_sql_exception: Table 'penduduk' already exists in /mnt/work/Project/STIKI/fania/spk/system/Database/MySQLi/Connection.php:292
Stack trace:
#0 /mnt/work/Project/STIKI/fania/spk/system/Database/MySQLi/Connection.php(292): mysqli->query()
#1 /mnt/work/Project/STIKI/fania/spk/system/Database/BaseConnection.php(693): CodeIgniter\Database\MySQLi\Connection->execute()
#2 /mnt/work/Project/STIKI/fania/spk/system/Database/BaseConnection.php(620): CodeIgniter\Database\BaseConnection->simpleQuery()
#3 /mnt/work/Project/STIKI/fania/spk/system/Database/Forge.php(509): CodeIgniter\Database\BaseConnection->query()
#4 /mnt/work/Project/STIKI/fania/spk/app/Database/Migrations/2022-10-18-151918_PendudukMigration.php(65): CodeIgniter\Database\Forge->createTable()
#5 /mnt/work/Project/STIKI/fania/spk/system/Database/MigrationRunner.php(868): App\Database\Migrations\PendudukMigration->up()
#6 /mnt/work/Project/STIKI/fania/spk/system/Database/MigrationRunner.php(187): CodeIgniter\Database\MigrationRunner->migrate()
#7 /mnt/work/Project/STIKI/fania/spk/system/Commands/Database/Migrate.php(84): CodeIgniter\Database\MigrationRunner->latest()
#8 /mnt/work/Project/STIKI/fania/spk/system/CLI/Commands.php(63): CodeIgniter\Commands\Database\Migrate->run()
#9 /mnt/work/Project/STIKI/fania/spk/system/CLI/CommandRunner.php(65): CodeIgniter\CLI\Commands->run()
#10 /mnt/work/Project/STIKI/fania/spk/system/CLI/CommandRunner.php(51): CodeIgniter\CLI\CommandRunner->index()
#11 /mnt/work/Project/STIKI/fania/spk/system/CodeIgniter.php(895): CodeIgniter\CLI\CommandRunner->_remap()
#12 /mnt/work/Project/STIKI/fania/spk/system/CodeIgniter.php(457): CodeIgniter\CodeIgniter->runController()
#13 /mnt/work/Project/STIKI/fania/spk/system/CodeIgniter.php(336): CodeIgniter\CodeIgniter->handleRequest()
#14 /mnt/work/Project/STIKI/fania/spk/system/CLI/Console.php(48): CodeIgniter\CodeIgniter->run()
#15 /mnt/work/Project/STIKI/fania/spk/spark(98): CodeIgniter\CLI\Console->run()
#16 {main}
ERROR - 2022-10-18 10:47:33 --> mysqli_sql_exception: Table 'penduduk' already exists in /mnt/work/Project/STIKI/fania/spk/system/Database/MySQLi/Connection.php:292
Stack trace:
#0 /mnt/work/Project/STIKI/fania/spk/system/Database/MySQLi/Connection.php(292): mysqli->query()
#1 /mnt/work/Project/STIKI/fania/spk/system/Database/BaseConnection.php(693): CodeIgniter\Database\MySQLi\Connection->execute()
#2 /mnt/work/Project/STIKI/fania/spk/system/Database/BaseConnection.php(620): CodeIgniter\Database\BaseConnection->simpleQuery()
#3 /mnt/work/Project/STIKI/fania/spk/system/Database/Forge.php(509): CodeIgniter\Database\BaseConnection->query()
#4 /mnt/work/Project/STIKI/fania/spk/app/Database/Migrations/2022-10-18-151918_PendudukMigration.php(65): CodeIgniter\Database\Forge->createTable()
#5 /mnt/work/Project/STIKI/fania/spk/system/Database/MigrationRunner.php(868): App\Database\Migrations\PendudukMigration->up()
#6 /mnt/work/Project/STIKI/fania/spk/system/Database/MigrationRunner.php(187): CodeIgniter\Database\MigrationRunner->migrate()
#7 /mnt/work/Project/STIKI/fania/spk/system/Commands/Database/Migrate.php(84): CodeIgniter\Database\MigrationRunner->latest()
#8 /mnt/work/Project/STIKI/fania/spk/system/CLI/Commands.php(63): CodeIgniter\Commands\Database\Migrate->run()
#9 /mnt/work/Project/STIKI/fania/spk/system/CLI/CommandRunner.php(65): CodeIgniter\CLI\Commands->run()
#10 /mnt/work/Project/STIKI/fania/spk/system/CLI/CommandRunner.php(51): CodeIgniter\CLI\CommandRunner->index()
#11 /mnt/work/Project/STIKI/fania/spk/system/CodeIgniter.php(895): CodeIgniter\CLI\CommandRunner->_remap()
#12 /mnt/work/Project/STIKI/fania/spk/system/CodeIgniter.php(457): CodeIgniter\CodeIgniter->runController()
#13 /mnt/work/Project/STIKI/fania/spk/system/CodeIgniter.php(336): CodeIgniter\CodeIgniter->handleRequest()
#14 /mnt/work/Project/STIKI/fania/spk/system/CLI/Console.php(48): CodeIgniter\CodeIgniter->run()
#15 /mnt/work/Project/STIKI/fania/spk/spark(98): CodeIgniter\CLI\Console->run()
#16 {main}
ERROR - 2022-10-18 10:48:12 --> mysqli_sql_exception: Table 'penduduk' already exists in /mnt/work/Project/STIKI/fania/spk/system/Database/MySQLi/Connection.php:292
Stack trace:
#0 /mnt/work/Project/STIKI/fania/spk/system/Database/MySQLi/Connection.php(292): mysqli->query()
#1 /mnt/work/Project/STIKI/fania/spk/system/Database/BaseConnection.php(693): CodeIgniter\Database\MySQLi\Connection->execute()
#2 /mnt/work/Project/STIKI/fania/spk/system/Database/BaseConnection.php(620): CodeIgniter\Database\BaseConnection->simpleQuery()
#3 /mnt/work/Project/STIKI/fania/spk/system/Database/Forge.php(509): CodeIgniter\Database\BaseConnection->query()
#4 /mnt/work/Project/STIKI/fania/spk/app/Database/Migrations/2022-10-18-151918_PendudukMigration.php(65): CodeIgniter\Database\Forge->createTable()
#5 /mnt/work/Project/STIKI/fania/spk/system/Database/MigrationRunner.php(868): App\Database\Migrations\PendudukMigration->up()
#6 /mnt/work/Project/STIKI/fania/spk/system/Database/MigrationRunner.php(187): CodeIgniter\Database\MigrationRunner->migrate()
#7 /mnt/work/Project/STIKI/fania/spk/system/Commands/Database/Migrate.php(84): CodeIgniter\Database\MigrationRunner->latest()
#8 /mnt/work/Project/STIKI/fania/spk/system/CLI/Commands.php(63): CodeIgniter\Commands\Database\Migrate->run()
#9 /mnt/work/Project/STIKI/fania/spk/system/CLI/CommandRunner.php(65): CodeIgniter\CLI\Commands->run()
#10 /mnt/work/Project/STIKI/fania/spk/system/CLI/CommandRunner.php(51): CodeIgniter\CLI\CommandRunner->index()
#11 /mnt/work/Project/STIKI/fania/spk/system/CodeIgniter.php(895): CodeIgniter\CLI\CommandRunner->_remap()
#12 /mnt/work/Project/STIKI/fania/spk/system/CodeIgniter.php(457): CodeIgniter\CodeIgniter->runController()
#13 /mnt/work/Project/STIKI/fania/spk/system/CodeIgniter.php(336): CodeIgniter\CodeIgniter->handleRequest()
#14 /mnt/work/Project/STIKI/fania/spk/system/CLI/Console.php(48): CodeIgniter\CodeIgniter->run()
#15 /mnt/work/Project/STIKI/fania/spk/spark(98): CodeIgniter\CLI\Console->run()
#16 {main}
ERROR - 2022-10-18 10:48:39 --> mysqli_sql_exception: Incorrect table definition; there can be only one auto column and it must be defined as a key in /mnt/work/Project/STIKI/fania/spk/system/Database/MySQLi/Connection.php:292
Stack trace:
#0 /mnt/work/Project/STIKI/fania/spk/system/Database/MySQLi/Connection.php(292): mysqli->query()
#1 /mnt/work/Project/STIKI/fania/spk/system/Database/BaseConnection.php(693): CodeIgniter\Database\MySQLi\Connection->execute()
#2 /mnt/work/Project/STIKI/fania/spk/system/Database/BaseConnection.php(620): CodeIgniter\Database\BaseConnection->simpleQuery()
#3 /mnt/work/Project/STIKI/fania/spk/system/Database/Forge.php(509): CodeIgniter\Database\BaseConnection->query()
#4 /mnt/work/Project/STIKI/fania/spk/app/Database/Migrations/2022-10-16-123414_UserMigration.php(45): CodeIgniter\Database\Forge->createTable()
#5 /mnt/work/Project/STIKI/fania/spk/system/Database/MigrationRunner.php(868): App\Database\Migrations\UserMigration->up()
#6 /mnt/work/Project/STIKI/fania/spk/system/Database/MigrationRunner.php(187): CodeIgniter\Database\MigrationRunner->migrate()
#7 /mnt/work/Project/STIKI/fania/spk/system/Commands/Database/Migrate.php(84): CodeIgniter\Database\MigrationRunner->latest()
#8 /mnt/work/Project/STIKI/fania/spk/system/CLI/Commands.php(63): CodeIgniter\Commands\Database\Migrate->run()
#9 /mnt/work/Project/STIKI/fania/spk/system/CLI/BaseCommand.php(112): CodeIgniter\CLI\Commands->run()
#10 /mnt/work/Project/STIKI/fania/spk/system/Commands/Database/MigrateRefresh.php(85): CodeIgniter\CLI\BaseCommand->call()
#11 /mnt/work/Project/STIKI/fania/spk/system/CLI/Commands.php(63): CodeIgniter\Commands\Database\MigrateRefresh->run()
#12 /mnt/work/Project/STIKI/fania/spk/system/CLI/CommandRunner.php(65): CodeIgniter\CLI\Commands->run()
#13 /mnt/work/Project/STIKI/fania/spk/system/CLI/CommandRunner.php(51): CodeIgniter\CLI\CommandRunner->index()
#14 /mnt/work/Project/STIKI/fania/spk/system/CodeIgniter.php(895): CodeIgniter\CLI\CommandRunner->_remap()
#15 /mnt/work/Project/STIKI/fania/spk/system/CodeIgniter.php(457): CodeIgniter\CodeIgniter->runController()
#16 /mnt/work/Project/STIKI/fania/spk/system/CodeIgniter.php(336): CodeIgniter\CodeIgniter->handleRequest()
#17 /mnt/work/Project/STIKI/fania/spk/system/CLI/Console.php(48): CodeIgniter\CodeIgniter->run()
#18 /mnt/work/Project/STIKI/fania/spk/spark(98): CodeIgniter\CLI\Console->run()
#19 {main}
ERROR - 2022-10-18 10:48:55 --> mysqli_sql_exception: Incorrect table definition; there can be only one auto column and it must be defined as a key in /mnt/work/Project/STIKI/fania/spk/system/Database/MySQLi/Connection.php:292
Stack trace:
#0 /mnt/work/Project/STIKI/fania/spk/system/Database/MySQLi/Connection.php(292): mysqli->query()
#1 /mnt/work/Project/STIKI/fania/spk/system/Database/BaseConnection.php(693): CodeIgniter\Database\MySQLi\Connection->execute()
#2 /mnt/work/Project/STIKI/fania/spk/system/Database/BaseConnection.php(620): CodeIgniter\Database\BaseConnection->simpleQuery()
#3 /mnt/work/Project/STIKI/fania/spk/system/Database/Forge.php(509): CodeIgniter\Database\BaseConnection->query()
#4 /mnt/work/Project/STIKI/fania/spk/app/Database/Migrations/2022-10-16-123414_UserMigration.php(45): CodeIgniter\Database\Forge->createTable()
#5 /mnt/work/Project/STIKI/fania/spk/system/Database/MigrationRunner.php(868): App\Database\Migrations\UserMigration->up()
#6 /mnt/work/Project/STIKI/fania/spk/system/Database/MigrationRunner.php(187): CodeIgniter\Database\MigrationRunner->migrate()
#7 /mnt/work/Project/STIKI/fania/spk/system/Commands/Database/Migrate.php(84): CodeIgniter\Database\MigrationRunner->latest()
#8 /mnt/work/Project/STIKI/fania/spk/system/CLI/Commands.php(63): CodeIgniter\Commands\Database\Migrate->run()
#9 /mnt/work/Project/STIKI/fania/spk/system/CLI/CommandRunner.php(65): CodeIgniter\CLI\Commands->run()
#10 /mnt/work/Project/STIKI/fania/spk/system/CLI/CommandRunner.php(51): CodeIgniter\CLI\CommandRunner->index()
#11 /mnt/work/Project/STIKI/fania/spk/system/CodeIgniter.php(895): CodeIgniter\CLI\CommandRunner->_remap()
#12 /mnt/work/Project/STIKI/fania/spk/system/CodeIgniter.php(457): CodeIgniter\CodeIgniter->runController()
#13 /mnt/work/Project/STIKI/fania/spk/system/CodeIgniter.php(336): CodeIgniter\CodeIgniter->handleRequest()
#14 /mnt/work/Project/STIKI/fania/spk/system/CLI/Console.php(48): CodeIgniter\CodeIgniter->run()
#15 /mnt/work/Project/STIKI/fania/spk/spark(98): CodeIgniter\CLI\Console->run()
#16 {main}
ERROR - 2022-10-18 10:48:58 --> mysqli_sql_exception: Incorrect table definition; there can be only one auto column and it must be defined as a key in /mnt/work/Project/STIKI/fania/spk/system/Database/MySQLi/Connection.php:292
Stack trace:
#0 /mnt/work/Project/STIKI/fania/spk/system/Database/MySQLi/Connection.php(292): mysqli->query()
#1 /mnt/work/Project/STIKI/fania/spk/system/Database/BaseConnection.php(693): CodeIgniter\Database\MySQLi\Connection->execute()
#2 /mnt/work/Project/STIKI/fania/spk/system/Database/BaseConnection.php(620): CodeIgniter\Database\BaseConnection->simpleQuery()
#3 /mnt/work/Project/STIKI/fania/spk/system/Database/Forge.php(509): CodeIgniter\Database\BaseConnection->query()
#4 /mnt/work/Project/STIKI/fania/spk/app/Database/Migrations/2022-10-16-123414_UserMigration.php(45): CodeIgniter\Database\Forge->createTable()
#5 /mnt/work/Project/STIKI/fania/spk/system/Database/MigrationRunner.php(868): App\Database\Migrations\UserMigration->up()
#6 /mnt/work/Project/STIKI/fania/spk/system/Database/MigrationRunner.php(187): CodeIgniter\Database\MigrationRunner->migrate()
#7 /mnt/work/Project/STIKI/fania/spk/system/Commands/Database/Migrate.php(84): CodeIgniter\Database\MigrationRunner->latest()
#8 /mnt/work/Project/STIKI/fania/spk/system/CLI/Commands.php(63): CodeIgniter\Commands\Database\Migrate->run()
#9 /mnt/work/Project/STIKI/fania/spk/system/CLI/CommandRunner.php(65): CodeIgniter\CLI\Commands->run()
#10 /mnt/work/Project/STIKI/fania/spk/system/CLI/CommandRunner.php(51): CodeIgniter\CLI\CommandRunner->index()
#11 /mnt/work/Project/STIKI/fania/spk/system/CodeIgniter.php(895): CodeIgniter\CLI\CommandRunner->_remap()
#12 /mnt/work/Project/STIKI/fania/spk/system/CodeIgniter.php(457): CodeIgniter\CodeIgniter->runController()
#13 /mnt/work/Project/STIKI/fania/spk/system/CodeIgniter.php(336): CodeIgniter\CodeIgniter->handleRequest()
#14 /mnt/work/Project/STIKI/fania/spk/system/CLI/Console.php(48): CodeIgniter\CodeIgniter->run()
#15 /mnt/work/Project/STIKI/fania/spk/spark(98): CodeIgniter\CLI\Console->run()
#16 {main}
ERROR - 2022-10-18 10:49:31 --> mysqli_sql_exception: Incorrect table definition; there can be only one auto column and it must be defined as a key in /mnt/work/Project/STIKI/fania/spk/system/Database/MySQLi/Connection.php:292
Stack trace:
#0 /mnt/work/Project/STIKI/fania/spk/system/Database/MySQLi/Connection.php(292): mysqli->query()
#1 /mnt/work/Project/STIKI/fania/spk/system/Database/BaseConnection.php(693): CodeIgniter\Database\MySQLi\Connection->execute()
#2 /mnt/work/Project/STIKI/fania/spk/system/Database/BaseConnection.php(620): CodeIgniter\Database\BaseConnection->simpleQuery()
#3 /mnt/work/Project/STIKI/fania/spk/system/Database/Forge.php(509): CodeIgniter\Database\BaseConnection->query()
#4 /mnt/work/Project/STIKI/fania/spk/app/Database/Migrations/2022-10-16-123414_UserMigration.php(45): CodeIgniter\Database\Forge->createTable()
#5 /mnt/work/Project/STIKI/fania/spk/system/Database/MigrationRunner.php(868): App\Database\Migrations\UserMigration->up()
#6 /mnt/work/Project/STIKI/fania/spk/system/Database/MigrationRunner.php(187): CodeIgniter\Database\MigrationRunner->migrate()
#7 /mnt/work/Project/STIKI/fania/spk/system/Commands/Database/Migrate.php(84): CodeIgniter\Database\MigrationRunner->latest()
#8 /mnt/work/Project/STIKI/fania/spk/system/CLI/Commands.php(63): CodeIgniter\Commands\Database\Migrate->run()
#9 /mnt/work/Project/STIKI/fania/spk/system/CLI/CommandRunner.php(65): CodeIgniter\CLI\Commands->run()
#10 /mnt/work/Project/STIKI/fania/spk/system/CLI/CommandRunner.php(51): CodeIgniter\CLI\CommandRunner->index()
#11 /mnt/work/Project/STIKI/fania/spk/system/CodeIgniter.php(895): CodeIgniter\CLI\CommandRunner->_remap()
#12 /mnt/work/Project/STIKI/fania/spk/system/CodeIgniter.php(457): CodeIgniter\CodeIgniter->runController()
#13 /mnt/work/Project/STIKI/fania/spk/system/CodeIgniter.php(336): CodeIgniter\CodeIgniter->handleRequest()
#14 /mnt/work/Project/STIKI/fania/spk/system/CLI/Console.php(48): CodeIgniter\CodeIgniter->run()
#15 /mnt/work/Project/STIKI/fania/spk/spark(98): CodeIgniter\CLI\Console->run()
#16 {main}
ERROR - 2022-10-18 10:50:31 --> mysqli_sql_exception: Incorrect table definition; there can be only one auto column and it must be defined as a key in /mnt/work/Project/STIKI/fania/spk/system/Database/MySQLi/Connection.php:292
Stack trace:
#0 /mnt/work/Project/STIKI/fania/spk/system/Database/MySQLi/Connection.php(292): mysqli->query()
#1 /mnt/work/Project/STIKI/fania/spk/system/Database/BaseConnection.php(693): CodeIgniter\Database\MySQLi\Connection->execute()
#2 /mnt/work/Project/STIKI/fania/spk/system/Database/BaseConnection.php(620): CodeIgniter\Database\BaseConnection->simpleQuery()
#3 /mnt/work/Project/STIKI/fania/spk/system/Database/Forge.php(509): CodeIgniter\Database\BaseConnection->query()
#4 /mnt/work/Project/STIKI/fania/spk/app/Database/Migrations/2022-10-16-123414_UserMigration.php(45): CodeIgniter\Database\Forge->createTable()
#5 /mnt/work/Project/STIKI/fania/spk/system/Database/MigrationRunner.php(868): App\Database\Migrations\UserMigration->up()
#6 /mnt/work/Project/STIKI/fania/spk/system/Database/MigrationRunner.php(187): CodeIgniter\Database\MigrationRunner->migrate()
#7 /mnt/work/Project/STIKI/fania/spk/system/Commands/Database/Migrate.php(84): CodeIgniter\Database\MigrationRunner->latest()
#8 /mnt/work/Project/STIKI/fania/spk/system/CLI/Commands.php(63): CodeIgniter\Commands\Database\Migrate->run()
#9 /mnt/work/Project/STIKI/fania/spk/system/CLI/CommandRunner.php(65): CodeIgniter\CLI\Commands->run()
#10 /mnt/work/Project/STIKI/fania/spk/system/CLI/CommandRunner.php(51): CodeIgniter\CLI\CommandRunner->index()
#11 /mnt/work/Project/STIKI/fania/spk/system/CodeIgniter.php(895): CodeIgniter\CLI\CommandRunner->_remap()
#12 /mnt/work/Project/STIKI/fania/spk/system/CodeIgniter.php(457): CodeIgniter\CodeIgniter->runController()
#13 /mnt/work/Project/STIKI/fania/spk/system/CodeIgniter.php(336): CodeIgniter\CodeIgniter->handleRequest()
#14 /mnt/work/Project/STIKI/fania/spk/system/CLI/Console.php(48): CodeIgniter\CodeIgniter->run()
#15 /mnt/work/Project/STIKI/fania/spk/spark(98): CodeIgniter\CLI\Console->run()
#16 {main}
ERROR - 2022-10-18 10:51:11 --> mysqli_sql_exception: Incorrect table definition; there can be only one auto column and it must be defined as a key in /mnt/work/Project/STIKI/fania/spk/system/Database/MySQLi/Connection.php:292
Stack trace:
#0 /mnt/work/Project/STIKI/fania/spk/system/Database/MySQLi/Connection.php(292): mysqli->query()
#1 /mnt/work/Project/STIKI/fania/spk/system/Database/BaseConnection.php(693): CodeIgniter\Database\MySQLi\Connection->execute()
#2 /mnt/work/Project/STIKI/fania/spk/system/Database/BaseConnection.php(620): CodeIgniter\Database\BaseConnection->simpleQuery()
#3 /mnt/work/Project/STIKI/fania/spk/system/Database/Forge.php(509): CodeIgniter\Database\BaseConnection->query()
#4 /mnt/work/Project/STIKI/fania/spk/app/Database/Migrations/2022-10-16-123414_UserMigration.php(45): CodeIgniter\Database\Forge->createTable()
#5 /mnt/work/Project/STIKI/fania/spk/system/Database/MigrationRunner.php(868): App\Database\Migrations\UserMigration->up()
#6 /mnt/work/Project/STIKI/fania/spk/system/Database/MigrationRunner.php(187): CodeIgniter\Database\MigrationRunner->migrate()
#7 /mnt/work/Project/STIKI/fania/spk/system/Commands/Database/Migrate.php(84): CodeIgniter\Database\MigrationRunner->latest()
#8 /mnt/work/Project/STIKI/fania/spk/system/CLI/Commands.php(63): CodeIgniter\Commands\Database\Migrate->run()
#9 /mnt/work/Project/STIKI/fania/spk/system/CLI/CommandRunner.php(65): CodeIgniter\CLI\Commands->run()
#10 /mnt/work/Project/STIKI/fania/spk/system/CLI/CommandRunner.php(51): CodeIgniter\CLI\CommandRunner->index()
#11 /mnt/work/Project/STIKI/fania/spk/system/CodeIgniter.php(895): CodeIgniter\CLI\CommandRunner->_remap()
#12 /mnt/work/Project/STIKI/fania/spk/system/CodeIgniter.php(457): CodeIgniter\CodeIgniter->runController()
#13 /mnt/work/Project/STIKI/fania/spk/system/CodeIgniter.php(336): CodeIgniter\CodeIgniter->handleRequest()
#14 /mnt/work/Project/STIKI/fania/spk/system/CLI/Console.php(48): CodeIgniter\CodeIgniter->run()
#15 /mnt/work/Project/STIKI/fania/spk/spark(98): CodeIgniter\CLI\Console->run()
#16 {main}
ERROR - 2022-10-18 10:51:34 --> mysqli_sql_exception: Incorrect table definition; there can be only one auto column and it must be defined as a key in /mnt/work/Project/STIKI/fania/spk/system/Database/MySQLi/Connection.php:292
Stack trace:
#0 /mnt/work/Project/STIKI/fania/spk/system/Database/MySQLi/Connection.php(292): mysqli->query()
#1 /mnt/work/Project/STIKI/fania/spk/system/Database/BaseConnection.php(693): CodeIgniter\Database\MySQLi\Connection->execute()
#2 /mnt/work/Project/STIKI/fania/spk/system/Database/BaseConnection.php(620): CodeIgniter\Database\BaseConnection->simpleQuery()
#3 /mnt/work/Project/STIKI/fania/spk/system/Database/Forge.php(509): CodeIgniter\Database\BaseConnection->query()
#4 /mnt/work/Project/STIKI/fania/spk/app/Database/Migrations/2022-10-16-123414_UserMigration.php(45): CodeIgniter\Database\Forge->createTable()
#5 /mnt/work/Project/STIKI/fania/spk/system/Database/MigrationRunner.php(868): App\Database\Migrations\UserMigration->up()
#6 /mnt/work/Project/STIKI/fania/spk/system/Database/MigrationRunner.php(187): CodeIgniter\Database\MigrationRunner->migrate()
#7 /mnt/work/Project/STIKI/fania/spk/system/Commands/Database/Migrate.php(84): CodeIgniter\Database\MigrationRunner->latest()
#8 /mnt/work/Project/STIKI/fania/spk/system/CLI/Commands.php(63): CodeIgniter\Commands\Database\Migrate->run()
#9 /mnt/work/Project/STIKI/fania/spk/system/CLI/CommandRunner.php(65): CodeIgniter\CLI\Commands->run()
#10 /mnt/work/Project/STIKI/fania/spk/system/CLI/CommandRunner.php(51): CodeIgniter\CLI\CommandRunner->index()
#11 /mnt/work/Project/STIKI/fania/spk/system/CodeIgniter.php(895): CodeIgniter\CLI\CommandRunner->_remap()
#12 /mnt/work/Project/STIKI/fania/spk/system/CodeIgniter.php(457): CodeIgniter\CodeIgniter->runController()
#13 /mnt/work/Project/STIKI/fania/spk/system/CodeIgniter.php(336): CodeIgniter\CodeIgniter->handleRequest()
#14 /mnt/work/Project/STIKI/fania/spk/system/CLI/Console.php(48): CodeIgniter\CodeIgniter->run()
#15 /mnt/work/Project/STIKI/fania/spk/spark(98): CodeIgniter\CLI\Console->run()
#16 {main}
CRITICAL - 2022-10-18 10:52:47 --> join(): Argument #1 ($pieces) must be of type array, string given
in APPPATH/Models/PendudukModel.php on line 27.
 1 APPPATH/Models/PendudukModel.php(27): join()
 2 APPPATH/Controllers/Penduduk.php(13): App\Models\PendudukModel->test()
 3 SYSTEMPATH/CodeIgniter.php(902): App\Controllers\Penduduk->getIndex()
 4 SYSTEMPATH/CodeIgniter.php(457): CodeIgniter\CodeIgniter->runController()
 5 SYSTEMPATH/CodeIgniter.php(340): CodeIgniter\CodeIgniter->handleRequest()
 6 FCPATH/index.php(67): CodeIgniter\CodeIgniter->run()
 7 SYSTEMPATH/Commands/Server/rewrite.php(46): require_once('FCPATH/index.php')
ERROR - 2022-10-18 10:53:40 --> mysqli_sql_exception: You have an error in your SQL syntax; check the manual that corresponds to your MariaDB server version for the right syntax to use near '.`id` USING (`left`)
 LIMIT 1' at line 3 in /mnt/work/Project/STIKI/fania/spk/system/Database/MySQLi/Connection.php:292
Stack trace:
#0 /mnt/work/Project/STIKI/fania/spk/system/Database/MySQLi/Connection.php(292): mysqli->query()
#1 /mnt/work/Project/STIKI/fania/spk/system/Database/BaseConnection.php(693): CodeIgniter\Database\MySQLi\Connection->execute()
#2 /mnt/work/Project/STIKI/fania/spk/system/Database/BaseConnection.php(620): CodeIgniter\Database\BaseConnection->simpleQuery()
#3 /mnt/work/Project/STIKI/fania/spk/system/Database/BaseBuilder.php(1585): CodeIgniter\Database\BaseConnection->query()
#4 /mnt/work/Project/STIKI/fania/spk/system/Model.php(250): CodeIgniter\Database\BaseBuilder->get()
#5 /mnt/work/Project/STIKI/fania/spk/system/BaseModel.php(622): CodeIgniter\Model->doFirst()
#6 /mnt/work/Project/STIKI/fania/spk/app/Models/PendudukModel.php(27): CodeIgniter\BaseModel->first()
#7 /mnt/work/Project/STIKI/fania/spk/app/Controllers/Penduduk.php(13): App\Models\PendudukModel->test()
#8 /mnt/work/Project/STIKI/fania/spk/system/CodeIgniter.php(902): App\Controllers\Penduduk->getIndex()
#9 /mnt/work/Project/STIKI/fania/spk/system/CodeIgniter.php(457): CodeIgniter\CodeIgniter->runController()
#10 /mnt/work/Project/STIKI/fania/spk/system/CodeIgniter.php(340): CodeIgniter\CodeIgniter->handleRequest()
#11 /mnt/work/Project/STIKI/fania/spk/public/index.php(67): CodeIgniter\CodeIgniter->run()
#12 /mnt/work/Project/STIKI/fania/spk/system/Commands/Server/rewrite.php(46): require_once('...')
#13 {main}
CRITICAL - 2022-10-18 10:53:40 --> You have an error in your SQL syntax; check the manual that corresponds to your MariaDB server version for the right syntax to use near '.`id` USING (`left`)
 LIMIT 1' at line 3
in SYSTEMPATH/Database/MySQLi/Connection.php on line 292.
 1 SYSTEMPATH/Database/MySQLi/Connection.php(292): mysqli->query()
 2 SYSTEMPATH/Database/BaseConnection.php(693): CodeIgniter\Database\MySQLi\Connection->execute()
 3 SYSTEMPATH/Database/BaseConnection.php(620): CodeIgniter\Database\BaseConnection->simpleQuery()
 4 SYSTEMPATH/Database/BaseBuilder.php(1585): CodeIgniter\Database\BaseConnection->query()
 5 SYSTEMPATH/Model.php(250): CodeIgniter\Database\BaseBuilder->get()
 6 SYSTEMPATH/BaseModel.php(622): CodeIgniter\Model->doFirst()
 7 APPPATH/Models/PendudukModel.php(27): CodeIgniter\BaseModel->first()
 8 APPPATH/Controllers/Penduduk.php(13): App\Models\PendudukModel->test()
 9 SYSTEMPATH/CodeIgniter.php(902): App\Controllers\Penduduk->getIndex()
10 SYSTEMPATH/CodeIgniter.php(457): CodeIgniter\CodeIgniter->runController()
11 SYSTEMPATH/CodeIgniter.php(340): CodeIgniter\CodeIgniter->handleRequest()
12 FCPATH/index.php(67): CodeIgniter\CodeIgniter->run()
13 SYSTEMPATH/Commands/Server/rewrite.php(46): require_once('FCPATH/index.php')
CRITICAL - 2022-10-18 10:53:58 --> Too few arguments to function CodeIgniter\Database\BaseBuilder::join(), 1 passed in /mnt/work/Project/STIKI/fania/spk/system/Model.php on line 772 and at least 2 expected
in SYSTEMPATH/Database/BaseBuilder.php on line 593.
 1 SYSTEMPATH/Model.php(772): CodeIgniter\Database\BaseBuilder->join()
 2 APPPATH/Models/PendudukModel.php(27): CodeIgniter\Model->__call()
 3 APPPATH/Controllers/Penduduk.php(13): App\Models\PendudukModel->test()
 4 SYSTEMPATH/CodeIgniter.php(902): App\Controllers\Penduduk->getIndex()
 5 SYSTEMPATH/CodeIgniter.php(457): CodeIgniter\CodeIgniter->runController()
 6 SYSTEMPATH/CodeIgniter.php(340): CodeIgniter\CodeIgniter->handleRequest()
 7 FCPATH/index.php(67): CodeIgniter\CodeIgniter->run()
 8 SYSTEMPATH/Commands/Server/rewrite.php(46): require_once('FCPATH/index.php')
CRITICAL - 2022-10-18 10:54:04 --> Too few arguments to function CodeIgniter\Database\BaseBuilder::join(), 1 passed in /mnt/work/Project/STIKI/fania/spk/system/Model.php on line 772 and at least 2 expected
in SYSTEMPATH/Database/BaseBuilder.php on line 593.
 1 SYSTEMPATH/Model.php(772): CodeIgniter\Database\BaseBuilder->join()
 2 APPPATH/Models/PendudukModel.php(27): CodeIgniter\Model->__call()
 3 APPPATH/Controllers/Penduduk.php(13): App\Models\PendudukModel->test()
 4 SYSTEMPATH/CodeIgniter.php(902): App\Controllers\Penduduk->getIndex()
 5 SYSTEMPATH/CodeIgniter.php(457): CodeIgniter\CodeIgniter->runController()
 6 SYSTEMPATH/CodeIgniter.php(340): CodeIgniter\CodeIgniter->handleRequest()
 7 FCPATH/index.php(67): CodeIgniter\CodeIgniter->run()
 8 SYSTEMPATH/Commands/Server/rewrite.php(46): require_once('FCPATH/index.php')
CRITICAL - 2022-10-18 10:54:05 --> Too few arguments to function CodeIgniter\Database\BaseBuilder::join(), 1 passed in /mnt/work/Project/STIKI/fania/spk/system/Model.php on line 772 and at least 2 expected
in SYSTEMPATH/Database/BaseBuilder.php on line 593.
 1 SYSTEMPATH/Model.php(772): CodeIgniter\Database\BaseBuilder->join()
 2 APPPATH/Models/PendudukModel.php(27): CodeIgniter\Model->__call()
 3 APPPATH/Controllers/Penduduk.php(13): App\Models\PendudukModel->test()
 4 SYSTEMPATH/CodeIgniter.php(902): App\Controllers\Penduduk->getIndex()
 5 SYSTEMPATH/CodeIgniter.php(457): CodeIgniter\CodeIgniter->runController()
 6 SYSTEMPATH/CodeIgniter.php(340): CodeIgniter\CodeIgniter->handleRequest()
 7 FCPATH/index.php(67): CodeIgniter\CodeIgniter->run()
 8 SYSTEMPATH/Commands/Server/rewrite.php(46): require_once('FCPATH/index.php')
ERROR - 2022-10-18 11:00:13 --> mysqli_sql_exception: Unknown column 'tempat_lahir' in 'field list' in /mnt/work/Project/STIKI/fania/spk/system/Database/MySQLi/Connection.php:292
Stack trace:
#0 /mnt/work/Project/STIKI/fania/spk/system/Database/MySQLi/Connection.php(292): mysqli->query()
#1 /mnt/work/Project/STIKI/fania/spk/system/Database/BaseConnection.php(693): CodeIgniter\Database\MySQLi\Connection->execute()
#2 /mnt/work/Project/STIKI/fania/spk/system/Database/BaseConnection.php(620): CodeIgniter\Database\BaseConnection->simpleQuery()
#3 /mnt/work/Project/STIKI/fania/spk/system/Database/BaseBuilder.php(1916): CodeIgniter\Database\BaseConnection->query()
#4 /mnt/work/Project/STIKI/fania/spk/system/Model.php(279): CodeIgniter\Database\BaseBuilder->insert()
#5 /mnt/work/Project/STIKI/fania/spk/system/BaseModel.php(748): CodeIgniter\Model->doInsert()
#6 /mnt/work/Project/STIKI/fania/spk/system/Model.php(667): CodeIgniter\BaseModel->insert()
#7 /mnt/work/Project/STIKI/fania/spk/app/Database/Seeds/PendudukSeeder.php(26): CodeIgniter\Model->insert()
#8 /mnt/work/Project/STIKI/fania/spk/system/Database/Seeder.php(145): App\Database\Seeds\PendudukSeeder->run()
#9 /mnt/work/Project/STIKI/fania/spk/system/Commands/Database/Seed.php(77): CodeIgniter\Database\Seeder->call()
#10 /mnt/work/Project/STIKI/fania/spk/system/CLI/Commands.php(63): CodeIgniter\Commands\Database\Seed->run()
#11 /mnt/work/Project/STIKI/fania/spk/system/CLI/CommandRunner.php(65): CodeIgniter\CLI\Commands->run()
#12 /mnt/work/Project/STIKI/fania/spk/system/CLI/CommandRunner.php(51): CodeIgniter\CLI\CommandRunner->index()
#13 /mnt/work/Project/STIKI/fania/spk/system/CodeIgniter.php(895): CodeIgniter\CLI\CommandRunner->_remap()
#14 /mnt/work/Project/STIKI/fania/spk/system/CodeIgniter.php(457): CodeIgniter\CodeIgniter->runController()
#15 /mnt/work/Project/STIKI/fania/spk/system/CodeIgniter.php(336): CodeIgniter\CodeIgniter->handleRequest()
#16 /mnt/work/Project/STIKI/fania/spk/system/CLI/Console.php(48): CodeIgniter\CodeIgniter->run()
#17 /mnt/work/Project/STIKI/fania/spk/spark(98): CodeIgniter\CLI\Console->run()
#18 {main}
ERROR - 2022-10-18 11:04:12 --> mysqli_sql_exception: Unknown column 'penduduk.user_id' in 'on clause' in /mnt/work/Project/STIKI/fania/spk/system/Database/MySQLi/Connection.php:292
Stack trace:
#0 /mnt/work/Project/STIKI/fania/spk/system/Database/MySQLi/Connection.php(292): mysqli->query()
#1 /mnt/work/Project/STIKI/fania/spk/system/Database/BaseConnection.php(693): CodeIgniter\Database\MySQLi\Connection->execute()
#2 /mnt/work/Project/STIKI/fania/spk/system/Database/BaseConnection.php(620): CodeIgniter\Database\BaseConnection->simpleQuery()
#3 /mnt/work/Project/STIKI/fania/spk/system/Database/BaseBuilder.php(1585): CodeIgniter\Database\BaseConnection->query()
#4 /mnt/work/Project/STIKI/fania/spk/system/Model.php(223): CodeIgniter\Database\BaseBuilder->get()
#5 /mnt/work/Project/STIKI/fania/spk/system/BaseModel.php(584): CodeIgniter\Model->doFindAll()
#6 /mnt/work/Project/STIKI/fania/spk/app/Models/PendudukModel.php(27): CodeIgniter\BaseModel->findAll()
#7 /mnt/work/Project/STIKI/fania/spk/app/Controllers/Penduduk.php(13): App\Models\PendudukModel->test()
#8 /mnt/work/Project/STIKI/fania/spk/system/CodeIgniter.php(902): App\Controllers\Penduduk->getIndex()
#9 /mnt/work/Project/STIKI/fania/spk/system/CodeIgniter.php(457): CodeIgniter\CodeIgniter->runController()
#10 /mnt/work/Project/STIKI/fania/spk/system/CodeIgniter.php(340): CodeIgniter\CodeIgniter->handleRequest()
#11 /mnt/work/Project/STIKI/fania/spk/public/index.php(67): CodeIgniter\CodeIgniter->run()
#12 /mnt/work/Project/STIKI/fania/spk/system/Commands/Server/rewrite.php(46): require_once('...')
#13 {main}
CRITICAL - 2022-10-18 11:04:12 --> Unknown column 'penduduk.user_id' in 'on clause'
in SYSTEMPATH/Database/MySQLi/Connection.php on line 292.
 1 SYSTEMPATH/Database/MySQLi/Connection.php(292): mysqli->query()
 2 SYSTEMPATH/Database/BaseConnection.php(693): CodeIgniter\Database\MySQLi\Connection->execute()
 3 SYSTEMPATH/Database/BaseConnection.php(620): CodeIgniter\Database\BaseConnection->simpleQuery()
 4 SYSTEMPATH/Database/BaseBuilder.php(1585): CodeIgniter\Database\BaseConnection->query()
 5 SYSTEMPATH/Model.php(223): CodeIgniter\Database\BaseBuilder->get()
 6 SYSTEMPATH/BaseModel.php(584): CodeIgniter\Model->doFindAll()
 7 APPPATH/Models/PendudukModel.php(27): CodeIgniter\BaseModel->findAll()
 8 APPPATH/Controllers/Penduduk.php(13): App\Models\PendudukModel->test()
 9 SYSTEMPATH/CodeIgniter.php(902): App\Controllers\Penduduk->getIndex()
10 SYSTEMPATH/CodeIgniter.php(457): CodeIgniter\CodeIgniter->runController()
11 SYSTEMPATH/CodeIgniter.php(340): CodeIgniter\CodeIgniter->handleRequest()
12 FCPATH/index.php(67): CodeIgniter\CodeIgniter->run()
13 SYSTEMPATH/Commands/Server/rewrite.php(46): require_once('FCPATH/index.php')
ERROR - 2022-10-18 11:04:13 --> mysqli_sql_exception: Unknown column 'penduduk.user_id' in 'on clause' in /mnt/work/Project/STIKI/fania/spk/system/Database/MySQLi/Connection.php:292
Stack trace:
#0 /mnt/work/Project/STIKI/fania/spk/system/Database/MySQLi/Connection.php(292): mysqli->query()
#1 /mnt/work/Project/STIKI/fania/spk/system/Database/BaseConnection.php(693): CodeIgniter\Database\MySQLi\Connection->execute()
#2 /mnt/work/Project/STIKI/fania/spk/system/Database/BaseConnection.php(620): CodeIgniter\Database\BaseConnection->simpleQuery()
#3 /mnt/work/Project/STIKI/fania/spk/system/Database/BaseBuilder.php(1585): CodeIgniter\Database\BaseConnection->query()
#4 /mnt/work/Project/STIKI/fania/spk/system/Model.php(223): CodeIgniter\Database\BaseBuilder->get()
#5 /mnt/work/Project/STIKI/fania/spk/system/BaseModel.php(584): CodeIgniter\Model->doFindAll()
#6 /mnt/work/Project/STIKI/fania/spk/app/Models/PendudukModel.php(27): CodeIgniter\BaseModel->findAll()
#7 /mnt/work/Project/STIKI/fania/spk/app/Controllers/Penduduk.php(13): App\Models\PendudukModel->test()
#8 /mnt/work/Project/STIKI/fania/spk/system/CodeIgniter.php(902): App\Controllers\Penduduk->getIndex()
#9 /mnt/work/Project/STIKI/fania/spk/system/CodeIgniter.php(457): CodeIgniter\CodeIgniter->runController()
#10 /mnt/work/Project/STIKI/fania/spk/system/CodeIgniter.php(340): CodeIgniter\CodeIgniter->handleRequest()
#11 /mnt/work/Project/STIKI/fania/spk/public/index.php(67): CodeIgniter\CodeIgniter->run()
#12 /mnt/work/Project/STIKI/fania/spk/system/Commands/Server/rewrite.php(46): require_once('...')
#13 {main}
CRITICAL - 2022-10-18 11:04:13 --> Unknown column 'penduduk.user_id' in 'on clause'
in SYSTEMPATH/Database/MySQLi/Connection.php on line 292.
 1 SYSTEMPATH/Database/MySQLi/Connection.php(292): mysqli->query()
 2 SYSTEMPATH/Database/BaseConnection.php(693): CodeIgniter\Database\MySQLi\Connection->execute()
 3 SYSTEMPATH/Database/BaseConnection.php(620): CodeIgniter\Database\BaseConnection->simpleQuery()
 4 SYSTEMPATH/Database/BaseBuilder.php(1585): CodeIgniter\Database\BaseConnection->query()
 5 SYSTEMPATH/Model.php(223): CodeIgniter\Database\BaseBuilder->get()
 6 SYSTEMPATH/BaseModel.php(584): CodeIgniter\Model->doFindAll()
 7 APPPATH/Models/PendudukModel.php(27): CodeIgniter\BaseModel->findAll()
 8 APPPATH/Controllers/Penduduk.php(13): App\Models\PendudukModel->test()
 9 SYSTEMPATH/CodeIgniter.php(902): App\Controllers\Penduduk->getIndex()
10 SYSTEMPATH/CodeIgniter.php(457): CodeIgniter\CodeIgniter->runController()
11 SYSTEMPATH/CodeIgniter.php(340): CodeIgniter\CodeIgniter->handleRequest()
12 FCPATH/index.php(67): CodeIgniter\CodeIgniter->run()
13 SYSTEMPATH/Commands/Server/rewrite.php(46): require_once('FCPATH/index.php')
CRITICAL - 2022-10-18 11:20:35 --> Class "App\Controllers\Factory" not found
in APPPATH/Controllers/Penduduk.php on line 13.
 1 SYSTEMPATH/CodeIgniter.php(902): App\Controllers\Penduduk->getIndex()
 2 SYSTEMPATH/CodeIgniter.php(457): CodeIgniter\CodeIgniter->runController()
 3 SYSTEMPATH/CodeIgniter.php(340): CodeIgniter\CodeIgniter->handleRequest()
 4 FCPATH/index.php(67): CodeIgniter\CodeIgniter->run()
 5 SYSTEMPATH/Commands/Server/rewrite.php(46): require_once('FCPATH/index.php')
CRITICAL - 2022-10-18 11:20:44 --> Class "Factory" not found
in APPPATH/Controllers/Penduduk.php on line 13.
 1 SYSTEMPATH/CodeIgniter.php(902): App\Controllers\Penduduk->getIndex()
 2 SYSTEMPATH/CodeIgniter.php(457): CodeIgniter\CodeIgniter->runController()
 3 SYSTEMPATH/CodeIgniter.php(340): CodeIgniter\CodeIgniter->handleRequest()
 4 FCPATH/index.php(67): CodeIgniter\CodeIgniter->run()
 5 SYSTEMPATH/Commands/Server/rewrite.php(46): require_once('FCPATH/index.php')
CRITICAL - 2022-10-18 11:24:53 --> Class "App\Controllers\Faker\Factory" not found
in APPPATH/Controllers/Penduduk.php on line 13.
 1 SYSTEMPATH/CodeIgniter.php(902): App\Controllers\Penduduk->getIndex()
 2 SYSTEMPATH/CodeIgniter.php(457): CodeIgniter\CodeIgniter->runController()
 3 SYSTEMPATH/CodeIgniter.php(340): CodeIgniter\CodeIgniter->handleRequest()
 4 FCPATH/index.php(67): CodeIgniter\CodeIgniter->run()
 5 SYSTEMPATH/Commands/Server/rewrite.php(46): require_once('FCPATH/index.php')
