ERROR - 2022-10-16 07:54:53 --> Error connecting to the database: mysqli_sql_exception: Access denied for user ''@'localhost' in /mnt/work/Project/STIKI/fania/spk/system/Database/MySQLi/Connection.php:171
Stack trace:
#0 /mnt/work/Project/STIKI/fania/spk/system/Database/MySQLi/Connection.php(171): mysqli->real_connect()
#1 /mnt/work/Project/STIKI/fania/spk/system/Database/BaseConnection.php(382): CodeIgniter\Database\MySQLi\Connection->connect()
#2 /mnt/work/Project/STIKI/fania/spk/system/Database/BaseConnection.php(588): CodeIgniter\Database\BaseConnection->initialize()
#3 /mnt/work/Project/STIKI/fania/spk/system/Database/BaseConnection.php(1387): CodeIgniter\Database\BaseConnection->query()
#4 /mnt/work/Project/STIKI/fania/spk/system/Database/BaseConnection.php(1421): CodeIgniter\Database\BaseConnection->listTables()
#5 /mnt/work/Project/STIKI/fania/spk/system/Database/MigrationRunner.php(759): CodeIgniter\Database\BaseConnection->tableExists()
#6 /mnt/work/Project/STIKI/fania/spk/system/Database/MigrationRunner.php(639): CodeIgniter\Database\MigrationRunner->ensureTable()
#7 /mnt/work/Project/STIKI/fania/spk/system/Commands/Database/MigrateStatus.php(112): CodeIgniter\Database\MigrationRunner->getHistory()
#8 /mnt/work/Project/STIKI/fania/spk/system/CLI/Commands.php(63): CodeIgniter\Commands\Database\MigrateStatus->run()
#9 /mnt/work/Project/STIKI/fania/spk/system/CLI/CommandRunner.php(65): CodeIgniter\CLI\Commands->run()
#10 /mnt/work/Project/STIKI/fania/spk/system/CLI/CommandRunner.php(51): CodeIgniter\CLI\CommandRunner->index()
#11 /mnt/work/Project/STIKI/fania/spk/system/CodeIgniter.php(895): CodeIgniter\CLI\CommandRunner->_remap()
#12 /mnt/work/Project/STIKI/fania/spk/system/CodeIgniter.php(457): CodeIgniter\CodeIgniter->runController()
#13 /mnt/work/Project/STIKI/fania/spk/system/CodeIgniter.php(336): CodeIgniter\CodeIgniter->handleRequest()
#14 /mnt/work/Project/STIKI/fania/spk/system/CLI/Console.php(48): CodeIgniter\CodeIgniter->run()
#15 /mnt/work/Project/STIKI/fania/spk/spark(98): CodeIgniter\CLI\Console->run()
#16 {main}

Next CodeIgniter\Database\Exceptions\DatabaseException: Access denied for user ''@'localhost' in /mnt/work/Project/STIKI/fania/spk/system/Database/MySQLi/Connection.php:215
Stack trace:
#0 /mnt/work/Project/STIKI/fania/spk/system/Database/BaseConnection.php(382): CodeIgniter\Database\MySQLi\Connection->connect()
#1 /mnt/work/Project/STIKI/fania/spk/system/Database/BaseConnection.php(588): CodeIgniter\Database\BaseConnection->initialize()
#2 /mnt/work/Project/STIKI/fania/spk/system/Database/BaseConnection.php(1387): CodeIgniter\Database\BaseConnection->query()
#3 /mnt/work/Project/STIKI/fania/spk/system/Database/BaseConnection.php(1421): CodeIgniter\Database\BaseConnection->listTables()
#4 /mnt/work/Project/STIKI/fania/spk/system/Database/MigrationRunner.php(759): CodeIgniter\Database\BaseConnection->tableExists()
#5 /mnt/work/Project/STIKI/fania/spk/system/Database/MigrationRunner.php(639): CodeIgniter\Database\MigrationRunner->ensureTable()
#6 /mnt/work/Project/STIKI/fania/spk/system/Commands/Database/MigrateStatus.php(112): CodeIgniter\Database\MigrationRunner->getHistory()
#7 /mnt/work/Project/STIKI/fania/spk/system/CLI/Commands.php(63): CodeIgniter\Commands\Database\MigrateStatus->run()
#8 /mnt/work/Project/STIKI/fania/spk/system/CLI/CommandRunner.php(65): CodeIgniter\CLI\Commands->run()
#9 /mnt/work/Project/STIKI/fania/spk/system/CLI/CommandRunner.php(51): CodeIgniter\CLI\CommandRunner->index()
#10 /mnt/work/Project/STIKI/fania/spk/system/CodeIgniter.php(895): CodeIgniter\CLI\CommandRunner->_remap()
#11 /mnt/work/Project/STIKI/fania/spk/system/CodeIgniter.php(457): CodeIgniter\CodeIgniter->runController()
#12 /mnt/work/Project/STIKI/fania/spk/system/CodeIgniter.php(336): CodeIgniter\CodeIgniter->handleRequest()
#13 /mnt/work/Project/STIKI/fania/spk/system/CLI/Console.php(48): CodeIgniter\CodeIgniter->run()
#14 /mnt/work/Project/STIKI/fania/spk/spark(98): CodeIgniter\CLI\Console->run()
#15 {main}
CRITICAL - 2022-10-16 07:54:53 --> Unable to connect to the database.
Main connection [MySQLi]: Access denied for user ''@'localhost'
in SYSTEMPATH/Database/BaseConnection.php on line 418.
 1 SYSTEMPATH/Database/BaseConnection.php(588): CodeIgniter\Database\BaseConnection->initialize()
 2 SYSTEMPATH/Database/BaseConnection.php(1387): CodeIgniter\Database\BaseConnection->query()
 3 SYSTEMPATH/Database/BaseConnection.php(1421): CodeIgniter\Database\BaseConnection->listTables()
 4 SYSTEMPATH/Database/MigrationRunner.php(759): CodeIgniter\Database\BaseConnection->tableExists()
 5 SYSTEMPATH/Database/MigrationRunner.php(639): CodeIgniter\Database\MigrationRunner->ensureTable()
 6 SYSTEMPATH/Commands/Database/MigrateStatus.php(112): CodeIgniter\Database\MigrationRunner->getHistory()
 7 SYSTEMPATH/CLI/Commands.php(63): CodeIgniter\Commands\Database\MigrateStatus->run()
 8 SYSTEMPATH/CLI/CommandRunner.php(65): CodeIgniter\CLI\Commands->run()
 9 SYSTEMPATH/CLI/CommandRunner.php(51): CodeIgniter\CLI\CommandRunner->index()
10 SYSTEMPATH/CodeIgniter.php(895): CodeIgniter\CLI\CommandRunner->_remap()
11 SYSTEMPATH/CodeIgniter.php(457): CodeIgniter\CodeIgniter->runController()
12 SYSTEMPATH/CodeIgniter.php(336): CodeIgniter\CodeIgniter->handleRequest()
13 SYSTEMPATH/CLI/Console.php(48): CodeIgniter\CodeIgniter->run()
14 ROOTPATH/spark(98): CodeIgniter\CLI\Console->run()
CRITICAL - 2022-10-16 08:01:31 --> Undefined property: App\Controllers\User::$userModel
in APPPATH/Controllers/User.php on line 18.
 1 APPPATH/Controllers/User.php(18): CodeIgniter\Debug\Exceptions->errorHandler()
 2 SYSTEMPATH/CodeIgniter.php(902): App\Controllers\User->index()
 3 SYSTEMPATH/CodeIgniter.php(457): CodeIgniter\CodeIgniter->runController()
 4 SYSTEMPATH/CodeIgniter.php(340): CodeIgniter\CodeIgniter->handleRequest()
 5 FCPATH/index.php(67): CodeIgniter\CodeIgniter->run()
 6 SYSTEMPATH/Commands/Server/rewrite.php(46): require_once('FCPATH/index.php')
ERROR - 2022-10-16 08:01:43 --> mysqli_sql_exception: Table 'db_spkblt.users' doesn't exist in /mnt/work/Project/STIKI/fania/spk/system/Database/MySQLi/Connection.php:292
Stack trace:
#0 /mnt/work/Project/STIKI/fania/spk/system/Database/MySQLi/Connection.php(292): mysqli->query()
#1 /mnt/work/Project/STIKI/fania/spk/system/Database/BaseConnection.php(693): CodeIgniter\Database\MySQLi\Connection->execute()
#2 /mnt/work/Project/STIKI/fania/spk/system/Database/BaseConnection.php(620): CodeIgniter\Database\BaseConnection->simpleQuery()
#3 /mnt/work/Project/STIKI/fania/spk/system/Database/BaseBuilder.php(1585): CodeIgniter\Database\BaseConnection->query()
#4 /mnt/work/Project/STIKI/fania/spk/system/Model.php(223): CodeIgniter\Database\BaseBuilder->get()
#5 /mnt/work/Project/STIKI/fania/spk/system/BaseModel.php(584): CodeIgniter\Model->doFindAll()
#6 /mnt/work/Project/STIKI/fania/spk/app/Controllers/User.php(18): CodeIgniter\BaseModel->findAll()
#7 /mnt/work/Project/STIKI/fania/spk/system/CodeIgniter.php(902): App\Controllers\User->index()
#8 /mnt/work/Project/STIKI/fania/spk/system/CodeIgniter.php(457): CodeIgniter\CodeIgniter->runController()
#9 /mnt/work/Project/STIKI/fania/spk/system/CodeIgniter.php(340): CodeIgniter\CodeIgniter->handleRequest()
#10 /mnt/work/Project/STIKI/fania/spk/public/index.php(67): CodeIgniter\CodeIgniter->run()
#11 /mnt/work/Project/STIKI/fania/spk/system/Commands/Server/rewrite.php(46): require_once('...')
#12 {main}
CRITICAL - 2022-10-16 08:01:43 --> Table 'db_spkblt.users' doesn't exist
in SYSTEMPATH/Database/MySQLi/Connection.php on line 292.
 1 SYSTEMPATH/Database/MySQLi/Connection.php(292): mysqli->query()
 2 SYSTEMPATH/Database/BaseConnection.php(693): CodeIgniter\Database\MySQLi\Connection->execute()
 3 SYSTEMPATH/Database/BaseConnection.php(620): CodeIgniter\Database\BaseConnection->simpleQuery()
 4 SYSTEMPATH/Database/BaseBuilder.php(1585): CodeIgniter\Database\BaseConnection->query()
 5 SYSTEMPATH/Model.php(223): CodeIgniter\Database\BaseBuilder->get()
 6 SYSTEMPATH/BaseModel.php(584): CodeIgniter\Model->doFindAll()
 7 APPPATH/Controllers/User.php(18): CodeIgniter\BaseModel->findAll()
 8 SYSTEMPATH/CodeIgniter.php(902): App\Controllers\User->index()
 9 SYSTEMPATH/CodeIgniter.php(457): CodeIgniter\CodeIgniter->runController()
10 SYSTEMPATH/CodeIgniter.php(340): CodeIgniter\CodeIgniter->handleRequest()
11 FCPATH/index.php(67): CodeIgniter\CodeIgniter->run()
12 SYSTEMPATH/Commands/Server/rewrite.php(46): require_once('FCPATH/index.php')
CRITICAL - 2022-10-16 08:02:56 --> Invalid file: /template/index.php
in SYSTEMPATH/Exceptions/FrameworkException.php on line 33.
 1 SYSTEMPATH/View/View.php(201): CodeIgniter\Exceptions\FrameworkException::forInvalidFile()
 2 SYSTEMPATH/View/View.php(229): CodeIgniter\View\View->render()
 3 SYSTEMPATH/Common.php(1142): CodeIgniter\View\View->render()
 4 APPPATH/Controllers/User.php(21): view()
 5 SYSTEMPATH/CodeIgniter.php(902): App\Controllers\User->index()
 6 SYSTEMPATH/CodeIgniter.php(457): CodeIgniter\CodeIgniter->runController()
 7 SYSTEMPATH/CodeIgniter.php(340): CodeIgniter\CodeIgniter->handleRequest()
 8 FCPATH/index.php(67): CodeIgniter\CodeIgniter->run()
 9 SYSTEMPATH/Commands/Server/rewrite.php(46): require_once('FCPATH/index.php')
CRITICAL - 2022-10-16 08:02:58 --> Invalid file: /template/index.php
in SYSTEMPATH/Exceptions/FrameworkException.php on line 33.
 1 SYSTEMPATH/View/View.php(201): CodeIgniter\Exceptions\FrameworkException::forInvalidFile()
 2 SYSTEMPATH/View/View.php(229): CodeIgniter\View\View->render()
 3 SYSTEMPATH/Common.php(1142): CodeIgniter\View\View->render()
 4 APPPATH/Controllers/User.php(21): view()
 5 SYSTEMPATH/CodeIgniter.php(902): App\Controllers\User->index()
 6 SYSTEMPATH/CodeIgniter.php(457): CodeIgniter\CodeIgniter->runController()
 7 SYSTEMPATH/CodeIgniter.php(340): CodeIgniter\CodeIgniter->handleRequest()
 8 FCPATH/index.php(67): CodeIgniter\CodeIgniter->run()
 9 SYSTEMPATH/Commands/Server/rewrite.php(46): require_once('FCPATH/index.php')
CRITICAL - 2022-10-16 08:06:42 --> Undefined variable $title
in APPPATH/Views/user/index.php on line 12.
 1 APPPATH/Views/user/index.php(12): CodeIgniter\Debug\Exceptions->errorHandler()
 2 SYSTEMPATH/View/View.php(213): include('APPPATH/Views/user/index.php')
 3 SYSTEMPATH/View/View.php(216): CodeIgniter\View\View->CodeIgniter\View\{closure}()
 4 SYSTEMPATH/Common.php(1142): CodeIgniter\View\View->render()
 5 APPPATH/Controllers/User.php(21): view()
 6 SYSTEMPATH/CodeIgniter.php(902): App\Controllers\User->index()
 7 SYSTEMPATH/CodeIgniter.php(457): CodeIgniter\CodeIgniter->runController()
 8 SYSTEMPATH/CodeIgniter.php(340): CodeIgniter\CodeIgniter->handleRequest()
 9 FCPATH/index.php(67): CodeIgniter\CodeIgniter->run()
10 SYSTEMPATH/Commands/Server/rewrite.php(46): require_once('FCPATH/index.php')
CRITICAL - 2022-10-16 08:06:51 --> Invalid file: template/index.php
in SYSTEMPATH/Exceptions/FrameworkException.php on line 33.
 1 SYSTEMPATH/View/View.php(201): CodeIgniter\Exceptions\FrameworkException::forInvalidFile()
 2 SYSTEMPATH/View/View.php(229): CodeIgniter\View\View->render()
 3 SYSTEMPATH/Common.php(1142): CodeIgniter\View\View->render()
 4 APPPATH/Controllers/User.php(21): view()
 5 SYSTEMPATH/CodeIgniter.php(902): App\Controllers\User->index()
 6 SYSTEMPATH/CodeIgniter.php(457): CodeIgniter\CodeIgniter->runController()
 7 SYSTEMPATH/CodeIgniter.php(340): CodeIgniter\CodeIgniter->handleRequest()
 8 FCPATH/index.php(67): CodeIgniter\CodeIgniter->run()
 9 SYSTEMPATH/Commands/Server/rewrite.php(46): require_once('FCPATH/index.php')
CRITICAL - 2022-10-16 08:10:40 --> Undefined variable $url
in APPPATH/Views/user/table.php on line 2.
 1 APPPATH/Views/user/table.php(2): CodeIgniter\Debug\Exceptions->errorHandler()
 2 SYSTEMPATH/View/View.php(213): include('APPPATH/Views/user/table.php')
 3 SYSTEMPATH/View/View.php(216): CodeIgniter\View\View->CodeIgniter\View\{closure}()
 4 SYSTEMPATH/View/View.php(429): CodeIgniter\View\View->render()
 5 APPPATH/Views/user/index.php(13): CodeIgniter\View\View->include()
 6 SYSTEMPATH/View/View.php(213): include('APPPATH/Views/user/index.php')
 7 SYSTEMPATH/View/View.php(216): CodeIgniter\View\View->CodeIgniter\View\{closure}()
 8 SYSTEMPATH/Common.php(1142): CodeIgniter\View\View->render()
 9 APPPATH/Controllers/User.php(21): view()
10 SYSTEMPATH/CodeIgniter.php(902): App\Controllers\User->index()
11 SYSTEMPATH/CodeIgniter.php(457): CodeIgniter\CodeIgniter->runController()
12 SYSTEMPATH/CodeIgniter.php(340): CodeIgniter\CodeIgniter->handleRequest()
13 FCPATH/index.php(67): CodeIgniter\CodeIgniter->run()
14 SYSTEMPATH/Commands/Server/rewrite.php(46): require_once('FCPATH/index.php')
CRITICAL - 2022-10-16 08:11:19 --> Cannot access offset of type string on string
in APPPATH/Views/user/table.php on line 2.
 1 SYSTEMPATH/View/View.php(213): include()
 2 SYSTEMPATH/View/View.php(216): CodeIgniter\View\View->CodeIgniter\View\{closure}()
 3 SYSTEMPATH/View/View.php(429): CodeIgniter\View\View->render()
 4 APPPATH/Views/user/index.php(13): CodeIgniter\View\View->include()
 5 SYSTEMPATH/View/View.php(213): include('APPPATH/Views/user/index.php')
 6 SYSTEMPATH/View/View.php(216): CodeIgniter\View\View->CodeIgniter\View\{closure}()
 7 SYSTEMPATH/Common.php(1142): CodeIgniter\View\View->render()
 8 APPPATH/Controllers/User.php(22): view()
 9 SYSTEMPATH/CodeIgniter.php(902): App\Controllers\User->index()
10 SYSTEMPATH/CodeIgniter.php(457): CodeIgniter\CodeIgniter->runController()
11 SYSTEMPATH/CodeIgniter.php(340): CodeIgniter\CodeIgniter->handleRequest()
12 FCPATH/index.php(67): CodeIgniter\CodeIgniter->run()
13 SYSTEMPATH/Commands/Server/rewrite.php(46): require_once('FCPATH/index.php')
CRITICAL - 2022-10-16 08:11:20 --> Cannot access offset of type string on string
in APPPATH/Views/user/table.php on line 2.
 1 SYSTEMPATH/View/View.php(213): include()
 2 SYSTEMPATH/View/View.php(216): CodeIgniter\View\View->CodeIgniter\View\{closure}()
 3 SYSTEMPATH/View/View.php(429): CodeIgniter\View\View->render()
 4 APPPATH/Views/user/index.php(13): CodeIgniter\View\View->include()
 5 SYSTEMPATH/View/View.php(213): include('APPPATH/Views/user/index.php')
 6 SYSTEMPATH/View/View.php(216): CodeIgniter\View\View->CodeIgniter\View\{closure}()
 7 SYSTEMPATH/Common.php(1142): CodeIgniter\View\View->render()
 8 APPPATH/Controllers/User.php(22): view()
 9 SYSTEMPATH/CodeIgniter.php(902): App\Controllers\User->index()
10 SYSTEMPATH/CodeIgniter.php(457): CodeIgniter\CodeIgniter->runController()
11 SYSTEMPATH/CodeIgniter.php(340): CodeIgniter\CodeIgniter->handleRequest()
12 FCPATH/index.php(67): CodeIgniter\CodeIgniter->run()
13 SYSTEMPATH/Commands/Server/rewrite.php(46): require_once('FCPATH/index.php')
CRITICAL - 2022-10-16 08:11:22 --> Cannot access offset of type string on string
in APPPATH/Views/user/table.php on line 2.
 1 SYSTEMPATH/View/View.php(213): include()
 2 SYSTEMPATH/View/View.php(216): CodeIgniter\View\View->CodeIgniter\View\{closure}()
 3 SYSTEMPATH/View/View.php(429): CodeIgniter\View\View->render()
 4 APPPATH/Views/user/index.php(13): CodeIgniter\View\View->include()
 5 SYSTEMPATH/View/View.php(213): include('APPPATH/Views/user/index.php')
 6 SYSTEMPATH/View/View.php(216): CodeIgniter\View\View->CodeIgniter\View\{closure}()
 7 SYSTEMPATH/Common.php(1142): CodeIgniter\View\View->render()
 8 APPPATH/Controllers/User.php(22): view()
 9 SYSTEMPATH/CodeIgniter.php(902): App\Controllers\User->index()
10 SYSTEMPATH/CodeIgniter.php(457): CodeIgniter\CodeIgniter->runController()
11 SYSTEMPATH/CodeIgniter.php(340): CodeIgniter\CodeIgniter->handleRequest()
12 FCPATH/index.php(67): CodeIgniter\CodeIgniter->run()
13 SYSTEMPATH/Commands/Server/rewrite.php(46): require_once('FCPATH/index.php')
CRITICAL - 2022-10-16 08:22:48 --> Undefined variable $datauser
in APPPATH/Views/user/table.php on line 15.
 1 APPPATH/Views/user/table.php(15): CodeIgniter\Debug\Exceptions->errorHandler()
 2 SYSTEMPATH/View/View.php(213): include('APPPATH/Views/user/table.php')
 3 SYSTEMPATH/View/View.php(216): CodeIgniter\View\View->CodeIgniter\View\{closure}()
 4 SYSTEMPATH/View/View.php(429): CodeIgniter\View\View->render()
 5 APPPATH/Views/user/index.php(13): CodeIgniter\View\View->include()
 6 SYSTEMPATH/View/View.php(213): include('APPPATH/Views/user/index.php')
 7 SYSTEMPATH/View/View.php(216): CodeIgniter\View\View->CodeIgniter\View\{closure}()
 8 SYSTEMPATH/Common.php(1142): CodeIgniter\View\View->render()
 9 APPPATH/Controllers/User.php(22): view()
10 SYSTEMPATH/CodeIgniter.php(902): App\Controllers\User->index()
11 SYSTEMPATH/CodeIgniter.php(457): CodeIgniter\CodeIgniter->runController()
12 SYSTEMPATH/CodeIgniter.php(340): CodeIgniter\CodeIgniter->handleRequest()
13 FCPATH/index.php(67): CodeIgniter\CodeIgniter->run()
14 SYSTEMPATH/Commands/Server/rewrite.php(46): require_once('FCPATH/index.php')
CRITICAL - 2022-10-16 08:23:23 --> Cannot access offset of type string on string
in APPPATH/Views/user/table.php on line 25.
 1 SYSTEMPATH/View/View.php(213): include()
 2 SYSTEMPATH/View/View.php(216): CodeIgniter\View\View->CodeIgniter\View\{closure}()
 3 SYSTEMPATH/View/View.php(429): CodeIgniter\View\View->render()
 4 APPPATH/Views/user/index.php(13): CodeIgniter\View\View->include()
 5 SYSTEMPATH/View/View.php(213): include('APPPATH/Views/user/index.php')
 6 SYSTEMPATH/View/View.php(216): CodeIgniter\View\View->CodeIgniter\View\{closure}()
 7 SYSTEMPATH/Common.php(1142): CodeIgniter\View\View->render()
 8 APPPATH/Controllers/User.php(22): view()
 9 SYSTEMPATH/CodeIgniter.php(902): App\Controllers\User->index()
10 SYSTEMPATH/CodeIgniter.php(457): CodeIgniter\CodeIgniter->runController()
11 SYSTEMPATH/CodeIgniter.php(340): CodeIgniter\CodeIgniter->handleRequest()
12 FCPATH/index.php(67): CodeIgniter\CodeIgniter->run()
13 SYSTEMPATH/Commands/Server/rewrite.php(46): require_once('FCPATH/index.php')
CRITICAL - 2022-10-16 08:49:13 --> Too few arguments to function App\Controllers\User::putUser(), 0 passed in /mnt/work/Project/STIKI/fania/spk/system/CodeIgniter.php on line 902 and exactly 1 expected
in APPPATH/Controllers/User.php on line 38.
 1 SYSTEMPATH/CodeIgniter.php(902): App\Controllers\User->putUser()
 2 SYSTEMPATH/CodeIgniter.php(457): CodeIgniter\CodeIgniter->runController()
 3 SYSTEMPATH/CodeIgniter.php(340): CodeIgniter\CodeIgniter->handleRequest()
 4 FCPATH/index.php(67): CodeIgniter\CodeIgniter->run()
 5 SYSTEMPATH/Commands/Server/rewrite.php(46): require_once('FCPATH/index.php')
CRITICAL - 2022-10-16 08:57:44 --> syntax error, unexpected token "}", expecting ";"
in APPPATH/Controllers/User.php on line 19.
 1 SYSTEMPATH/Autoloader/Autoloader.php(259): CodeIgniter\Autoloader\Autoloader->includeFile()
 2 SYSTEMPATH/Autoloader/Autoloader.php(237): CodeIgniter\Autoloader\Autoloader->loadInNamespace()
 3 [internal function]: CodeIgniter\Autoloader\Autoloader->loadClass()
 4 SYSTEMPATH/Router/AutoRouterImproved.php(264): class_exists()
 5 SYSTEMPATH/Router/AutoRouterImproved.php(115): CodeIgniter\Router\AutoRouterImproved->scanControllers()
 6 SYSTEMPATH/Router/Router.php(499): CodeIgniter\Router\AutoRouterImproved->getRoute()
 7 SYSTEMPATH/Router/Router.php(205): CodeIgniter\Router\Router->autoRoute()
 8 SYSTEMPATH/CodeIgniter.php(777): CodeIgniter\Router\Router->handle()
 9 SYSTEMPATH/CodeIgniter.php(406): CodeIgniter\CodeIgniter->tryToRouteIt()
10 SYSTEMPATH/CodeIgniter.php(340): CodeIgniter\CodeIgniter->handleRequest()
11 FCPATH/index.php(67): CodeIgniter\CodeIgniter->run()
12 SYSTEMPATH/Commands/Server/rewrite.php(46): require_once('FCPATH/index.php')
CRITICAL - 2022-10-16 08:58:02 --> syntax error, unexpected token "}", expecting ";"
in APPPATH/Controllers/User.php on line 19.
 1 SYSTEMPATH/Autoloader/Autoloader.php(259): CodeIgniter\Autoloader\Autoloader->includeFile()
 2 SYSTEMPATH/Autoloader/Autoloader.php(237): CodeIgniter\Autoloader\Autoloader->loadInNamespace()
 3 [internal function]: CodeIgniter\Autoloader\Autoloader->loadClass()
 4 SYSTEMPATH/Router/AutoRouterImproved.php(264): class_exists()
 5 SYSTEMPATH/Router/AutoRouterImproved.php(115): CodeIgniter\Router\AutoRouterImproved->scanControllers()
 6 SYSTEMPATH/Router/Router.php(499): CodeIgniter\Router\AutoRouterImproved->getRoute()
 7 SYSTEMPATH/Router/Router.php(205): CodeIgniter\Router\Router->autoRoute()
 8 SYSTEMPATH/CodeIgniter.php(777): CodeIgniter\Router\Router->handle()
 9 SYSTEMPATH/CodeIgniter.php(406): CodeIgniter\CodeIgniter->tryToRouteIt()
10 SYSTEMPATH/CodeIgniter.php(340): CodeIgniter\CodeIgniter->handleRequest()
11 FCPATH/index.php(67): CodeIgniter\CodeIgniter->run()
12 SYSTEMPATH/Commands/Server/rewrite.php(46): require_once('FCPATH/index.php')
CRITICAL - 2022-10-16 08:58:08 --> syntax error, unexpected token "}", expecting ";"
in APPPATH/Controllers/User.php on line 19.
 1 SYSTEMPATH/Autoloader/Autoloader.php(259): CodeIgniter\Autoloader\Autoloader->includeFile()
 2 SYSTEMPATH/Autoloader/Autoloader.php(237): CodeIgniter\Autoloader\Autoloader->loadInNamespace()
 3 [internal function]: CodeIgniter\Autoloader\Autoloader->loadClass()
 4 SYSTEMPATH/Router/AutoRouterImproved.php(264): class_exists()
 5 SYSTEMPATH/Router/AutoRouterImproved.php(115): CodeIgniter\Router\AutoRouterImproved->scanControllers()
 6 SYSTEMPATH/Router/Router.php(499): CodeIgniter\Router\AutoRouterImproved->getRoute()
 7 SYSTEMPATH/Router/Router.php(205): CodeIgniter\Router\Router->autoRoute()
 8 SYSTEMPATH/CodeIgniter.php(777): CodeIgniter\Router\Router->handle()
 9 SYSTEMPATH/CodeIgniter.php(406): CodeIgniter\CodeIgniter->tryToRouteIt()
10 SYSTEMPATH/CodeIgniter.php(340): CodeIgniter\CodeIgniter->handleRequest()
11 FCPATH/index.php(67): CodeIgniter\CodeIgniter->run()
12 SYSTEMPATH/Commands/Server/rewrite.php(46): require_once('FCPATH/index.php')
CRITICAL - 2022-10-16 08:58:15 --> syntax error, unexpected token "}", expecting ";"
in APPPATH/Controllers/User.php on line 19.
 1 SYSTEMPATH/Autoloader/Autoloader.php(259): CodeIgniter\Autoloader\Autoloader->includeFile()
 2 SYSTEMPATH/Autoloader/Autoloader.php(237): CodeIgniter\Autoloader\Autoloader->loadInNamespace()
 3 [internal function]: CodeIgniter\Autoloader\Autoloader->loadClass()
 4 SYSTEMPATH/Router/AutoRouterImproved.php(264): class_exists()
 5 SYSTEMPATH/Router/AutoRouterImproved.php(115): CodeIgniter\Router\AutoRouterImproved->scanControllers()
 6 SYSTEMPATH/Router/Router.php(499): CodeIgniter\Router\AutoRouterImproved->getRoute()
 7 SYSTEMPATH/Router/Router.php(205): CodeIgniter\Router\Router->autoRoute()
 8 SYSTEMPATH/CodeIgniter.php(777): CodeIgniter\Router\Router->handle()
 9 SYSTEMPATH/CodeIgniter.php(406): CodeIgniter\CodeIgniter->tryToRouteIt()
10 SYSTEMPATH/CodeIgniter.php(340): CodeIgniter\CodeIgniter->handleRequest()
11 FCPATH/index.php(67): CodeIgniter\CodeIgniter->run()
12 SYSTEMPATH/Commands/Server/rewrite.php(46): require_once('FCPATH/index.php')
CRITICAL - 2022-10-16 08:58:16 --> syntax error, unexpected token "}", expecting ";"
in APPPATH/Controllers/User.php on line 19.
 1 SYSTEMPATH/Autoloader/Autoloader.php(259): CodeIgniter\Autoloader\Autoloader->includeFile()
 2 SYSTEMPATH/Autoloader/Autoloader.php(237): CodeIgniter\Autoloader\Autoloader->loadInNamespace()
 3 [internal function]: CodeIgniter\Autoloader\Autoloader->loadClass()
 4 SYSTEMPATH/Router/AutoRouterImproved.php(264): class_exists()
 5 SYSTEMPATH/Router/AutoRouterImproved.php(115): CodeIgniter\Router\AutoRouterImproved->scanControllers()
 6 SYSTEMPATH/Router/Router.php(499): CodeIgniter\Router\AutoRouterImproved->getRoute()
 7 SYSTEMPATH/Router/Router.php(205): CodeIgniter\Router\Router->autoRoute()
 8 SYSTEMPATH/CodeIgniter.php(777): CodeIgniter\Router\Router->handle()
 9 SYSTEMPATH/CodeIgniter.php(406): CodeIgniter\CodeIgniter->tryToRouteIt()
10 SYSTEMPATH/CodeIgniter.php(340): CodeIgniter\CodeIgniter->handleRequest()
11 FCPATH/index.php(67): CodeIgniter\CodeIgniter->run()
12 SYSTEMPATH/Commands/Server/rewrite.php(46): require_once('FCPATH/index.php')
CRITICAL - 2022-10-16 09:04:41 --> Too few arguments to function App\Controllers\User::getIndex(), 0 passed in /mnt/work/Project/STIKI/fania/spk/system/CodeIgniter.php on line 902 and exactly 1 expected
in APPPATH/Controllers/User.php on line 15.
 1 SYSTEMPATH/CodeIgniter.php(902): App\Controllers\User->getIndex()
 2 SYSTEMPATH/CodeIgniter.php(457): CodeIgniter\CodeIgniter->runController()
 3 SYSTEMPATH/CodeIgniter.php(340): CodeIgniter\CodeIgniter->handleRequest()
 4 FCPATH/index.php(67): CodeIgniter\CodeIgniter->run()
 5 SYSTEMPATH/Commands/Server/rewrite.php(46): require_once('FCPATH/index.php')
CRITICAL - 2022-10-16 09:04:43 --> Too few arguments to function App\Controllers\User::getIndex(), 0 passed in /mnt/work/Project/STIKI/fania/spk/system/CodeIgniter.php on line 902 and exactly 1 expected
in APPPATH/Controllers/User.php on line 15.
 1 SYSTEMPATH/CodeIgniter.php(902): App\Controllers\User->getIndex()
 2 SYSTEMPATH/CodeIgniter.php(457): CodeIgniter\CodeIgniter->runController()
 3 SYSTEMPATH/CodeIgniter.php(340): CodeIgniter\CodeIgniter->handleRequest()
 4 FCPATH/index.php(67): CodeIgniter\CodeIgniter->run()
 5 SYSTEMPATH/Commands/Server/rewrite.php(46): require_once('FCPATH/index.php')
CRITICAL - 2022-10-16 09:21:40 --> Too few arguments to function App\Controllers\User::getIndex(), 0 passed in /mnt/work/Project/STIKI/fania/spk/system/CodeIgniter.php on line 902 and exactly 1 expected
in APPPATH/Controllers/User.php on line 15.
 1 SYSTEMPATH/CodeIgniter.php(902): App\Controllers\User->getIndex()
 2 SYSTEMPATH/CodeIgniter.php(457): CodeIgniter\CodeIgniter->runController()
 3 SYSTEMPATH/CodeIgniter.php(340): CodeIgniter\CodeIgniter->handleRequest()
 4 FCPATH/index.php(67): CodeIgniter\CodeIgniter->run()
 5 SYSTEMPATH/Commands/Server/rewrite.php(46): require_once('FCPATH/index.php')
CRITICAL - 2022-10-16 09:23:54 --> Too few arguments to function App\Controllers\User::getIndex(), 0 passed in /mnt/work/Project/STIKI/fania/spk/system/CodeIgniter.php on line 902 and exactly 1 expected
in APPPATH/Controllers/User.php on line 15.
 1 SYSTEMPATH/CodeIgniter.php(902): App\Controllers\User->getIndex()
 2 SYSTEMPATH/CodeIgniter.php(457): CodeIgniter\CodeIgniter->runController()
 3 SYSTEMPATH/CodeIgniter.php(340): CodeIgniter\CodeIgniter->handleRequest()
 4 FCPATH/index.php(67): CodeIgniter\CodeIgniter->run()
 5 SYSTEMPATH/Commands/Server/rewrite.php(46): require_once('FCPATH/index.php')
CRITICAL - 2022-10-16 09:24:02 --> Too few arguments to function App\Controllers\User::getIndex(), 0 passed in /mnt/work/Project/STIKI/fania/spk/system/CodeIgniter.php on line 902 and exactly 1 expected
in APPPATH/Controllers/User.php on line 15.
 1 SYSTEMPATH/CodeIgniter.php(902): App\Controllers\User->getIndex()
 2 SYSTEMPATH/CodeIgniter.php(457): CodeIgniter\CodeIgniter->runController()
 3 SYSTEMPATH/CodeIgniter.php(340): CodeIgniter\CodeIgniter->handleRequest()
 4 FCPATH/index.php(67): CodeIgniter\CodeIgniter->run()
 5 SYSTEMPATH/Commands/Server/rewrite.php(46): require_once('FCPATH/index.php')
CRITICAL - 2022-10-16 09:24:10 --> Too few arguments to function App\Controllers\User::getIndex(), 0 passed in /mnt/work/Project/STIKI/fania/spk/system/CodeIgniter.php on line 902 and exactly 1 expected
in APPPATH/Controllers/User.php on line 15.
 1 SYSTEMPATH/CodeIgniter.php(902): App\Controllers\User->getIndex()
 2 SYSTEMPATH/CodeIgniter.php(457): CodeIgniter\CodeIgniter->runController()
 3 SYSTEMPATH/CodeIgniter.php(340): CodeIgniter\CodeIgniter->handleRequest()
 4 FCPATH/index.php(67): CodeIgniter\CodeIgniter->run()
 5 SYSTEMPATH/Commands/Server/rewrite.php(46): require_once('FCPATH/index.php')
CRITICAL - 2022-10-16 09:24:26 --> Too few arguments to function App\Controllers\User::getIndex(), 0 passed in /mnt/work/Project/STIKI/fania/spk/system/CodeIgniter.php on line 902 and exactly 1 expected
in APPPATH/Controllers/User.php on line 15.
 1 SYSTEMPATH/CodeIgniter.php(902): App\Controllers\User->getIndex()
 2 SYSTEMPATH/CodeIgniter.php(457): CodeIgniter\CodeIgniter->runController()
 3 SYSTEMPATH/CodeIgniter.php(340): CodeIgniter\CodeIgniter->handleRequest()
 4 FCPATH/index.php(67): CodeIgniter\CodeIgniter->run()
 5 SYSTEMPATH/Commands/Server/rewrite.php(46): require_once('FCPATH/index.php')
CRITICAL - 2022-10-16 09:24:34 --> Too few arguments to function App\Controllers\User::getIndex(), 0 passed in /mnt/work/Project/STIKI/fania/spk/system/CodeIgniter.php on line 902 and exactly 1 expected
in APPPATH/Controllers/User.php on line 15.
 1 SYSTEMPATH/CodeIgniter.php(902): App\Controllers\User->getIndex()
 2 SYSTEMPATH/CodeIgniter.php(457): CodeIgniter\CodeIgniter->runController()
 3 SYSTEMPATH/CodeIgniter.php(340): CodeIgniter\CodeIgniter->handleRequest()
 4 FCPATH/index.php(67): CodeIgniter\CodeIgniter->run()
 5 SYSTEMPATH/Commands/Server/rewrite.php(46): require_once('FCPATH/index.php')
CRITICAL - 2022-10-16 09:24:47 --> Too few arguments to function App\Controllers\User::getIndex(), 0 passed in /mnt/work/Project/STIKI/fania/spk/system/CodeIgniter.php on line 902 and exactly 1 expected
in APPPATH/Controllers/User.php on line 15.
 1 SYSTEMPATH/CodeIgniter.php(902): App\Controllers\User->getIndex()
 2 SYSTEMPATH/CodeIgniter.php(457): CodeIgniter\CodeIgniter->runController()
 3 SYSTEMPATH/CodeIgniter.php(340): CodeIgniter\CodeIgniter->handleRequest()
 4 FCPATH/index.php(67): CodeIgniter\CodeIgniter->run()
 5 SYSTEMPATH/Commands/Server/rewrite.php(46): require_once('FCPATH/index.php')
CRITICAL - 2022-10-16 09:24:58 --> Too few arguments to function App\Controllers\User::getIndex(), 0 passed in /mnt/work/Project/STIKI/fania/spk/system/CodeIgniter.php on line 902 and exactly 1 expected
in APPPATH/Controllers/User.php on line 15.
 1 SYSTEMPATH/CodeIgniter.php(902): App\Controllers\User->getIndex()
 2 SYSTEMPATH/CodeIgniter.php(457): CodeIgniter\CodeIgniter->runController()
 3 SYSTEMPATH/CodeIgniter.php(340): CodeIgniter\CodeIgniter->handleRequest()
 4 FCPATH/index.php(67): CodeIgniter\CodeIgniter->run()
 5 SYSTEMPATH/Commands/Server/rewrite.php(46): require_once('FCPATH/index.php')
CRITICAL - 2022-10-16 09:25:27 --> Too few arguments to function App\Controllers\User::getIndex(), 0 passed in /mnt/work/Project/STIKI/fania/spk/system/CodeIgniter.php on line 902 and exactly 1 expected
in APPPATH/Controllers/User.php on line 15.
 1 SYSTEMPATH/CodeIgniter.php(902): App\Controllers\User->getIndex()
 2 SYSTEMPATH/CodeIgniter.php(457): CodeIgniter\CodeIgniter->runController()
 3 SYSTEMPATH/CodeIgniter.php(340): CodeIgniter\CodeIgniter->handleRequest()
 4 FCPATH/index.php(67): CodeIgniter\CodeIgniter->run()
 5 SYSTEMPATH/Commands/Server/rewrite.php(46): require_once('FCPATH/index.php')
CRITICAL - 2022-10-16 09:26:08 --> Too few arguments to function App\Controllers\User::getIndex(), 0 passed in /mnt/work/Project/STIKI/fania/spk/system/CodeIgniter.php on line 902 and exactly 1 expected
in APPPATH/Controllers/User.php on line 15.
 1 SYSTEMPATH/CodeIgniter.php(902): App\Controllers\User->getIndex()
 2 SYSTEMPATH/CodeIgniter.php(457): CodeIgniter\CodeIgniter->runController()
 3 SYSTEMPATH/CodeIgniter.php(340): CodeIgniter\CodeIgniter->handleRequest()
 4 FCPATH/index.php(67): CodeIgniter\CodeIgniter->run()
 5 SYSTEMPATH/Commands/Server/rewrite.php(46): require_once('FCPATH/index.php')
CRITICAL - 2022-10-16 09:27:22 --> Undefined variable $id
in APPPATH/Controllers/User.php on line 27.
 1 APPPATH/Controllers/User.php(27): CodeIgniter\Debug\Exceptions->errorHandler()
 2 SYSTEMPATH/CodeIgniter.php(902): App\Controllers\User->getIndex()
 3 SYSTEMPATH/CodeIgniter.php(457): CodeIgniter\CodeIgniter->runController()
 4 SYSTEMPATH/CodeIgniter.php(340): CodeIgniter\CodeIgniter->handleRequest()
 5 FCPATH/index.php(67): CodeIgniter\CodeIgniter->run()
 6 SYSTEMPATH/Commands/Server/rewrite.php(46): require_once('FCPATH/index.php')
CRITICAL - 2022-10-16 09:35:04 --> Too few arguments to function App\Controllers\User::getIndex(), 0 passed in /mnt/work/Project/STIKI/fania/spk/system/CodeIgniter.php on line 902 and exactly 1 expected
in APPPATH/Controllers/User.php on line 15.
 1 SYSTEMPATH/CodeIgniter.php(902): App\Controllers\User->getIndex()
 2 SYSTEMPATH/CodeIgniter.php(457): CodeIgniter\CodeIgniter->runController()
 3 SYSTEMPATH/CodeIgniter.php(340): CodeIgniter\CodeIgniter->handleRequest()
 4 FCPATH/index.php(67): CodeIgniter\CodeIgniter->run()
 5 SYSTEMPATH/Commands/Server/rewrite.php(46): require_once('FCPATH/index.php')
CRITICAL - 2022-10-16 10:17:49 --> Invalid file: /user/edit.php
in SYSTEMPATH/Exceptions/FrameworkException.php on line 33.
 1 SYSTEMPATH/View/View.php(201): CodeIgniter\Exceptions\FrameworkException::forInvalidFile()
 2 SYSTEMPATH/Common.php(1142): CodeIgniter\View\View->render()
 3 APPPATH/Controllers/User.php(33): view()
 4 SYSTEMPATH/CodeIgniter.php(902): App\Controllers\User->getEdit()
 5 SYSTEMPATH/CodeIgniter.php(457): CodeIgniter\CodeIgniter->runController()
 6 SYSTEMPATH/CodeIgniter.php(340): CodeIgniter\CodeIgniter->handleRequest()
 7 FCPATH/index.php(67): CodeIgniter\CodeIgniter->run()
 8 SYSTEMPATH/Commands/Server/rewrite.php(46): require_once('FCPATH/index.php')
CRITICAL - 2022-10-16 11:19:28 --> syntax error, unexpected token ".", expecting end of file
in APPPATH/Views/user/index.php on line 6.
 1 SYSTEMPATH/View/View.php(216): CodeIgniter\View\View->CodeIgniter\View\{closure}()
 2 SYSTEMPATH/Common.php(1142): CodeIgniter\View\View->render()
 3 APPPATH/Controllers/User.php(23): view()
 4 SYSTEMPATH/CodeIgniter.php(902): App\Controllers\User->getIndex()
 5 SYSTEMPATH/CodeIgniter.php(457): CodeIgniter\CodeIgniter->runController()
 6 SYSTEMPATH/CodeIgniter.php(340): CodeIgniter\CodeIgniter->handleRequest()
 7 FCPATH/index.php(67): CodeIgniter\CodeIgniter->run()
 8 SYSTEMPATH/Commands/Server/rewrite.php(46): require_once('FCPATH/index.php')
CRITICAL - 2022-10-16 11:22:07 --> syntax error, unexpected token "."
in APPPATH/Views/user/index.php on line 6.
 1 SYSTEMPATH/View/View.php(216): CodeIgniter\View\View->CodeIgniter\View\{closure}()
 2 SYSTEMPATH/Common.php(1142): CodeIgniter\View\View->render()
 3 APPPATH/Controllers/User.php(23): view()
 4 SYSTEMPATH/CodeIgniter.php(902): App\Controllers\User->getIndex()
 5 SYSTEMPATH/CodeIgniter.php(457): CodeIgniter\CodeIgniter->runController()
 6 SYSTEMPATH/CodeIgniter.php(340): CodeIgniter\CodeIgniter->handleRequest()
 7 FCPATH/index.php(67): CodeIgniter\CodeIgniter->run()
 8 SYSTEMPATH/Commands/Server/rewrite.php(46): require_once('FCPATH/index.php')
CRITICAL - 2022-10-16 11:22:14 --> Invalid file: /siswa/tambah.php
in SYSTEMPATH/Exceptions/FrameworkException.php on line 33.
 1 SYSTEMPATH/View/View.php(201): CodeIgniter\Exceptions\FrameworkException::forInvalidFile()
 2 SYSTEMPATH/Common.php(1142): CodeIgniter\View\View->render()
 3 APPPATH/Controllers/User.php(28): view()
 4 SYSTEMPATH/CodeIgniter.php(902): App\Controllers\User->getTambah()
 5 SYSTEMPATH/CodeIgniter.php(457): CodeIgniter\CodeIgniter->runController()
 6 SYSTEMPATH/CodeIgniter.php(340): CodeIgniter\CodeIgniter->handleRequest()
 7 FCPATH/index.php(67): CodeIgniter\CodeIgniter->run()
 8 SYSTEMPATH/Commands/Server/rewrite.php(46): require_once('FCPATH/index.php')
CRITICAL - 2022-10-16 11:22:19 --> Invalid file: /siswa/tambah.php
in SYSTEMPATH/Exceptions/FrameworkException.php on line 33.
 1 SYSTEMPATH/View/View.php(201): CodeIgniter\Exceptions\FrameworkException::forInvalidFile()
 2 SYSTEMPATH/Common.php(1142): CodeIgniter\View\View->render()
 3 APPPATH/Controllers/User.php(28): view()
 4 SYSTEMPATH/CodeIgniter.php(902): App\Controllers\User->getTambah()
 5 SYSTEMPATH/CodeIgniter.php(457): CodeIgniter\CodeIgniter->runController()
 6 SYSTEMPATH/CodeIgniter.php(340): CodeIgniter\CodeIgniter->handleRequest()
 7 FCPATH/index.php(67): CodeIgniter\CodeIgniter->run()
 8 SYSTEMPATH/Commands/Server/rewrite.php(46): require_once('FCPATH/index.php')
CRITICAL - 2022-10-16 11:22:27 --> Invalid file: /siswa/tambah.php
in SYSTEMPATH/Exceptions/FrameworkException.php on line 33.
 1 SYSTEMPATH/View/View.php(201): CodeIgniter\Exceptions\FrameworkException::forInvalidFile()
 2 SYSTEMPATH/Common.php(1142): CodeIgniter\View\View->render()
 3 APPPATH/Controllers/User.php(28): view()
 4 SYSTEMPATH/CodeIgniter.php(902): App\Controllers\User->getTambah()
 5 SYSTEMPATH/CodeIgniter.php(457): CodeIgniter\CodeIgniter->runController()
 6 SYSTEMPATH/CodeIgniter.php(340): CodeIgniter\CodeIgniter->handleRequest()
 7 FCPATH/index.php(67): CodeIgniter\CodeIgniter->run()
 8 SYSTEMPATH/Commands/Server/rewrite.php(46): require_once('FCPATH/index.php')
CRITICAL - 2022-10-16 11:22:40 --> Invalid file: /user/tambah.php
in SYSTEMPATH/Exceptions/FrameworkException.php on line 33.
 1 SYSTEMPATH/View/View.php(201): CodeIgniter\Exceptions\FrameworkException::forInvalidFile()
 2 SYSTEMPATH/Common.php(1142): CodeIgniter\View\View->render()
 3 APPPATH/Controllers/User.php(28): view()
 4 SYSTEMPATH/CodeIgniter.php(902): App\Controllers\User->getTambah()
 5 SYSTEMPATH/CodeIgniter.php(457): CodeIgniter\CodeIgniter->runController()
 6 SYSTEMPATH/CodeIgniter.php(340): CodeIgniter\CodeIgniter->handleRequest()
 7 FCPATH/index.php(67): CodeIgniter\CodeIgniter->run()
 8 SYSTEMPATH/Commands/Server/rewrite.php(46): require_once('FCPATH/index.php')
CRITICAL - 2022-10-16 11:22:42 --> Invalid file: /user/tambah.php
in SYSTEMPATH/Exceptions/FrameworkException.php on line 33.
 1 SYSTEMPATH/View/View.php(201): CodeIgniter\Exceptions\FrameworkException::forInvalidFile()
 2 SYSTEMPATH/Common.php(1142): CodeIgniter\View\View->render()
 3 APPPATH/Controllers/User.php(28): view()
 4 SYSTEMPATH/CodeIgniter.php(902): App\Controllers\User->getTambah()
 5 SYSTEMPATH/CodeIgniter.php(457): CodeIgniter\CodeIgniter->runController()
 6 SYSTEMPATH/CodeIgniter.php(340): CodeIgniter\CodeIgniter->handleRequest()
 7 FCPATH/index.php(67): CodeIgniter\CodeIgniter->run()
 8 SYSTEMPATH/Commands/Server/rewrite.php(46): require_once('FCPATH/index.php')
CRITICAL - 2022-10-16 11:22:48 --> Invalid file: /user/tambah.php
in SYSTEMPATH/Exceptions/FrameworkException.php on line 33.
 1 SYSTEMPATH/View/View.php(201): CodeIgniter\Exceptions\FrameworkException::forInvalidFile()
 2 SYSTEMPATH/Common.php(1142): CodeIgniter\View\View->render()
 3 APPPATH/Controllers/User.php(28): view()
 4 SYSTEMPATH/CodeIgniter.php(902): App\Controllers\User->getTambah()
 5 SYSTEMPATH/CodeIgniter.php(457): CodeIgniter\CodeIgniter->runController()
 6 SYSTEMPATH/CodeIgniter.php(340): CodeIgniter\CodeIgniter->handleRequest()
 7 FCPATH/index.php(67): CodeIgniter\CodeIgniter->run()
 8 SYSTEMPATH/Commands/Server/rewrite.php(46): require_once('FCPATH/index.php')
CRITICAL - 2022-10-16 11:24:14 --> Undefined variable $title
in APPPATH/Views/user/tambah.php on line 5.
 1 APPPATH/Views/user/tambah.php(5): CodeIgniter\Debug\Exceptions->errorHandler()
 2 SYSTEMPATH/View/View.php(213): include('APPPATH/Views/user/tambah.php')
 3 SYSTEMPATH/View/View.php(216): CodeIgniter\View\View->CodeIgniter\View\{closure}()
 4 SYSTEMPATH/Common.php(1142): CodeIgniter\View\View->render()
 5 APPPATH/Controllers/User.php(28): view()
 6 SYSTEMPATH/CodeIgniter.php(902): App\Controllers\User->getTambah()
 7 SYSTEMPATH/CodeIgniter.php(457): CodeIgniter\CodeIgniter->runController()
 8 SYSTEMPATH/CodeIgniter.php(340): CodeIgniter\CodeIgniter->handleRequest()
 9 FCPATH/index.php(67): CodeIgniter\CodeIgniter->run()
10 SYSTEMPATH/Commands/Server/rewrite.php(46): require_once('FCPATH/index.php')
CRITICAL - 2022-10-16 11:24:20 --> Undefined variable $title
in APPPATH/Views/user/tambah.php on line 5.
 1 APPPATH/Views/user/tambah.php(5): CodeIgniter\Debug\Exceptions->errorHandler()
 2 SYSTEMPATH/View/View.php(213): include('APPPATH/Views/user/tambah.php')
 3 SYSTEMPATH/View/View.php(216): CodeIgniter\View\View->CodeIgniter\View\{closure}()
 4 SYSTEMPATH/Common.php(1142): CodeIgniter\View\View->render()
 5 APPPATH/Controllers/User.php(28): view()
 6 SYSTEMPATH/CodeIgniter.php(902): App\Controllers\User->getTambah()
 7 SYSTEMPATH/CodeIgniter.php(457): CodeIgniter\CodeIgniter->runController()
 8 SYSTEMPATH/CodeIgniter.php(340): CodeIgniter\CodeIgniter->handleRequest()
 9 FCPATH/index.php(67): CodeIgniter\CodeIgniter->run()
10 SYSTEMPATH/Commands/Server/rewrite.php(46): require_once('FCPATH/index.php')
CRITICAL - 2022-10-16 11:58:05 --> Undefined variable $url
in APPPATH/Views/user/tambah.php on line 8.
 1 APPPATH/Views/user/tambah.php(8): CodeIgniter\Debug\Exceptions->errorHandler()
 2 SYSTEMPATH/View/View.php(213): include('APPPATH/Views/user/tambah.php')
 3 SYSTEMPATH/View/View.php(216): CodeIgniter\View\View->CodeIgniter\View\{closure}()
 4 SYSTEMPATH/Common.php(1142): CodeIgniter\View\View->render()
 5 APPPATH/Controllers/User.php(35): view()
 6 SYSTEMPATH/CodeIgniter.php(902): App\Controllers\User->getTambah()
 7 SYSTEMPATH/CodeIgniter.php(457): CodeIgniter\CodeIgniter->runController()
 8 SYSTEMPATH/CodeIgniter.php(340): CodeIgniter\CodeIgniter->handleRequest()
 9 FCPATH/index.php(67): CodeIgniter\CodeIgniter->run()
10 SYSTEMPATH/Commands/Server/rewrite.php(46): require_once('FCPATH/index.php')
CRITICAL - 2022-10-16 11:58:08 --> Undefined variable $url
in APPPATH/Views/user/tambah.php on line 8.
 1 APPPATH/Views/user/tambah.php(8): CodeIgniter\Debug\Exceptions->errorHandler()
 2 SYSTEMPATH/View/View.php(213): include('APPPATH/Views/user/tambah.php')
 3 SYSTEMPATH/View/View.php(216): CodeIgniter\View\View->CodeIgniter\View\{closure}()
 4 SYSTEMPATH/Common.php(1142): CodeIgniter\View\View->render()
 5 APPPATH/Controllers/User.php(35): view()
 6 SYSTEMPATH/CodeIgniter.php(902): App\Controllers\User->getTambah()
 7 SYSTEMPATH/CodeIgniter.php(457): CodeIgniter\CodeIgniter->runController()
 8 SYSTEMPATH/CodeIgniter.php(340): CodeIgniter\CodeIgniter->handleRequest()
 9 FCPATH/index.php(67): CodeIgniter\CodeIgniter->run()
10 SYSTEMPATH/Commands/Server/rewrite.php(46): require_once('FCPATH/index.php')
CRITICAL - 2022-10-16 11:58:12 --> Undefined variable $url
in APPPATH/Views/user/tambah.php on line 8.
 1 APPPATH/Views/user/tambah.php(8): CodeIgniter\Debug\Exceptions->errorHandler()
 2 SYSTEMPATH/View/View.php(213): include('APPPATH/Views/user/tambah.php')
 3 SYSTEMPATH/View/View.php(216): CodeIgniter\View\View->CodeIgniter\View\{closure}()
 4 SYSTEMPATH/Common.php(1142): CodeIgniter\View\View->render()
 5 APPPATH/Controllers/User.php(35): view()
 6 SYSTEMPATH/CodeIgniter.php(902): App\Controllers\User->getTambah()
 7 SYSTEMPATH/CodeIgniter.php(457): CodeIgniter\CodeIgniter->runController()
 8 SYSTEMPATH/CodeIgniter.php(340): CodeIgniter\CodeIgniter->handleRequest()
 9 FCPATH/index.php(67): CodeIgniter\CodeIgniter->run()
10 SYSTEMPATH/Commands/Server/rewrite.php(46): require_once('FCPATH/index.php')
CRITICAL - 2022-10-16 11:58:32 --> Undefined variable $url
in APPPATH/Views/user/tambah.php on line 8.
 1 APPPATH/Views/user/tambah.php(8): CodeIgniter\Debug\Exceptions->errorHandler()
 2 SYSTEMPATH/View/View.php(213): include('APPPATH/Views/user/tambah.php')
 3 SYSTEMPATH/View/View.php(216): CodeIgniter\View\View->CodeIgniter\View\{closure}()
 4 SYSTEMPATH/Common.php(1142): CodeIgniter\View\View->render()
 5 APPPATH/Controllers/User.php(35): view()
 6 SYSTEMPATH/CodeIgniter.php(902): App\Controllers\User->getTambah()
 7 SYSTEMPATH/CodeIgniter.php(457): CodeIgniter\CodeIgniter->runController()
 8 SYSTEMPATH/CodeIgniter.php(340): CodeIgniter\CodeIgniter->handleRequest()
 9 FCPATH/index.php(67): CodeIgniter\CodeIgniter->run()
10 SYSTEMPATH/Commands/Server/rewrite.php(46): require_once('FCPATH/index.php')
CRITICAL - 2022-10-16 11:58:42 --> Undefined variable $url
in APPPATH/Views/user/tambah.php on line 8.
 1 APPPATH/Views/user/tambah.php(8): CodeIgniter\Debug\Exceptions->errorHandler()
 2 SYSTEMPATH/View/View.php(213): include('APPPATH/Views/user/tambah.php')
 3 SYSTEMPATH/View/View.php(216): CodeIgniter\View\View->CodeIgniter\View\{closure}()
 4 SYSTEMPATH/Common.php(1142): CodeIgniter\View\View->render()
 5 APPPATH/Controllers/User.php(35): view()
 6 SYSTEMPATH/CodeIgniter.php(902): App\Controllers\User->getTambah()
 7 SYSTEMPATH/CodeIgniter.php(457): CodeIgniter\CodeIgniter->runController()
 8 SYSTEMPATH/CodeIgniter.php(340): CodeIgniter\CodeIgniter->handleRequest()
 9 FCPATH/index.php(67): CodeIgniter\CodeIgniter->run()
10 SYSTEMPATH/Commands/Server/rewrite.php(46): require_once('FCPATH/index.php')
CRITICAL - 2022-10-16 12:39:53 --> Undefined property: App\Controllers\User::$validation
in APPPATH/Controllers/User.php on line 62.
 1 APPPATH/Controllers/User.php(62): CodeIgniter\Debug\Exceptions->errorHandler()
 2 SYSTEMPATH/CodeIgniter.php(902): App\Controllers\User->postIndex()
 3 SYSTEMPATH/CodeIgniter.php(457): CodeIgniter\CodeIgniter->runController()
 4 SYSTEMPATH/CodeIgniter.php(340): CodeIgniter\CodeIgniter->handleRequest()
 5 FCPATH/index.php(67): CodeIgniter\CodeIgniter->run()
 6 SYSTEMPATH/Commands/Server/rewrite.php(46): require_once('FCPATH/index.php')
CRITICAL - 2022-10-16 12:41:04 --> Undefined property: App\Controllers\User::$validation
in APPPATH/Controllers/User.php on line 62.
 1 APPPATH/Controllers/User.php(62): CodeIgniter\Debug\Exceptions->errorHandler()
 2 SYSTEMPATH/CodeIgniter.php(902): App\Controllers\User->postIndex()
 3 SYSTEMPATH/CodeIgniter.php(457): CodeIgniter\CodeIgniter->runController()
 4 SYSTEMPATH/CodeIgniter.php(340): CodeIgniter\CodeIgniter->handleRequest()
 5 FCPATH/index.php(67): CodeIgniter\CodeIgniter->run()
 6 SYSTEMPATH/Commands/Server/rewrite.php(46): require_once('FCPATH/index.php')
CRITICAL - 2022-10-16 12:45:05 --> Undefined property: App\Controllers\User::$validation
in APPPATH/Controllers/User.php on line 62.
 1 APPPATH/Controllers/User.php(62): CodeIgniter\Debug\Exceptions->errorHandler()
 2 SYSTEMPATH/CodeIgniter.php(902): App\Controllers\User->postIndex()
 3 SYSTEMPATH/CodeIgniter.php(457): CodeIgniter\CodeIgniter->runController()
 4 SYSTEMPATH/CodeIgniter.php(340): CodeIgniter\CodeIgniter->handleRequest()
 5 FCPATH/index.php(67): CodeIgniter\CodeIgniter->run()
 6 SYSTEMPATH/Commands/Server/rewrite.php(46): require_once('FCPATH/index.php')
CRITICAL - 2022-10-16 12:48:58 --> Undefined property: App\Controllers\User::$validation
in APPPATH/Controllers/User.php on line 62.
 1 APPPATH/Controllers/User.php(62): CodeIgniter\Debug\Exceptions->errorHandler()
 2 SYSTEMPATH/CodeIgniter.php(902): App\Controllers\User->postIndex()
 3 SYSTEMPATH/CodeIgniter.php(457): CodeIgniter\CodeIgniter->runController()
 4 SYSTEMPATH/CodeIgniter.php(340): CodeIgniter\CodeIgniter->handleRequest()
 5 FCPATH/index.php(67): CodeIgniter\CodeIgniter->run()
 6 SYSTEMPATH/Commands/Server/rewrite.php(46): require_once('FCPATH/index.php')
CRITICAL - 2022-10-16 12:55:48 --> Undefined property: App\Controllers\User::$validation
in APPPATH/Controllers/User.php on line 62.
 1 APPPATH/Controllers/User.php(62): CodeIgniter\Debug\Exceptions->errorHandler()
 2 SYSTEMPATH/CodeIgniter.php(902): App\Controllers\User->postIndex()
 3 SYSTEMPATH/CodeIgniter.php(457): CodeIgniter\CodeIgniter->runController()
 4 SYSTEMPATH/CodeIgniter.php(340): CodeIgniter\CodeIgniter->handleRequest()
 5 FCPATH/index.php(67): CodeIgniter\CodeIgniter->run()
 6 SYSTEMPATH/Commands/Server/rewrite.php(46): require_once('FCPATH/index.php')
CRITICAL - 2022-10-16 14:10:52 --> Too few arguments to function App\Controllers\User::deleteIndex(), 0 passed in /mnt/work/Project/STIKI/fania/spk/system/CodeIgniter.php on line 902 and exactly 1 expected
in APPPATH/Controllers/User.php on line 105.
 1 SYSTEMPATH/CodeIgniter.php(902): App\Controllers\User->deleteIndex()
 2 SYSTEMPATH/CodeIgniter.php(457): CodeIgniter\CodeIgniter->runController()
 3 SYSTEMPATH/CodeIgniter.php(340): CodeIgniter\CodeIgniter->handleRequest()
 4 FCPATH/index.php(67): CodeIgniter\CodeIgniter->run()
 5 SYSTEMPATH/Commands/Server/rewrite.php(46): require_once('FCPATH/index.php')
CRITICAL - 2022-10-16 14:10:58 --> Too few arguments to function App\Controllers\User::deleteIndex(), 0 passed in /mnt/work/Project/STIKI/fania/spk/system/CodeIgniter.php on line 902 and exactly 1 expected
in APPPATH/Controllers/User.php on line 105.
 1 SYSTEMPATH/CodeIgniter.php(902): App\Controllers\User->deleteIndex()
 2 SYSTEMPATH/CodeIgniter.php(457): CodeIgniter\CodeIgniter->runController()
 3 SYSTEMPATH/CodeIgniter.php(340): CodeIgniter\CodeIgniter->handleRequest()
 4 FCPATH/index.php(67): CodeIgniter\CodeIgniter->run()
 5 SYSTEMPATH/Commands/Server/rewrite.php(46): require_once('FCPATH/index.php')
CRITICAL - 2022-10-16 14:11:18 --> Too few arguments to function App\Controllers\User::deleteIndex(), 0 passed in /mnt/work/Project/STIKI/fania/spk/system/CodeIgniter.php on line 902 and exactly 1 expected
in APPPATH/Controllers/User.php on line 105.
 1 SYSTEMPATH/CodeIgniter.php(902): App\Controllers\User->deleteIndex()
 2 SYSTEMPATH/CodeIgniter.php(457): CodeIgniter\CodeIgniter->runController()
 3 SYSTEMPATH/CodeIgniter.php(340): CodeIgniter\CodeIgniter->handleRequest()
 4 FCPATH/index.php(67): CodeIgniter\CodeIgniter->run()
 5 SYSTEMPATH/Commands/Server/rewrite.php(46): require_once('FCPATH/index.php')
CRITICAL - 2022-10-16 14:11:24 --> Too few arguments to function App\Controllers\User::deleteIndex(), 0 passed in /mnt/work/Project/STIKI/fania/spk/system/CodeIgniter.php on line 902 and exactly 1 expected
in APPPATH/Controllers/User.php on line 105.
 1 SYSTEMPATH/CodeIgniter.php(902): App\Controllers\User->deleteIndex()
 2 SYSTEMPATH/CodeIgniter.php(457): CodeIgniter\CodeIgniter->runController()
 3 SYSTEMPATH/CodeIgniter.php(340): CodeIgniter\CodeIgniter->handleRequest()
 4 FCPATH/index.php(67): CodeIgniter\CodeIgniter->run()
 5 SYSTEMPATH/Commands/Server/rewrite.php(46): require_once('FCPATH/index.php')
CRITICAL - 2022-10-16 14:11:36 --> Too few arguments to function App\Controllers\User::deleteIndex(), 0 passed in /mnt/work/Project/STIKI/fania/spk/system/CodeIgniter.php on line 902 and exactly 1 expected
in APPPATH/Controllers/User.php on line 105.
 1 SYSTEMPATH/CodeIgniter.php(902): App\Controllers\User->deleteIndex()
 2 SYSTEMPATH/CodeIgniter.php(457): CodeIgniter\CodeIgniter->runController()
 3 SYSTEMPATH/CodeIgniter.php(340): CodeIgniter\CodeIgniter->handleRequest()
 4 FCPATH/index.php(67): CodeIgniter\CodeIgniter->run()
 5 SYSTEMPATH/Commands/Server/rewrite.php(46): require_once('FCPATH/index.php')
CRITICAL - 2022-10-16 14:12:01 --> Too few arguments to function App\Controllers\User::deleteIndex(), 0 passed in /mnt/work/Project/STIKI/fania/spk/system/CodeIgniter.php on line 902 and exactly 1 expected
in APPPATH/Controllers/User.php on line 105.
 1 SYSTEMPATH/CodeIgniter.php(902): App\Controllers\User->deleteIndex()
 2 SYSTEMPATH/CodeIgniter.php(457): CodeIgniter\CodeIgniter->runController()
 3 SYSTEMPATH/CodeIgniter.php(340): CodeIgniter\CodeIgniter->handleRequest()
 4 FCPATH/index.php(67): CodeIgniter\CodeIgniter->run()
 5 SYSTEMPATH/Commands/Server/rewrite.php(46): require_once('FCPATH/index.php')
CRITICAL - 2022-10-16 14:12:24 --> Too few arguments to function App\Controllers\User::deleteIndex(), 0 passed in /mnt/work/Project/STIKI/fania/spk/system/CodeIgniter.php on line 902 and exactly 1 expected
in APPPATH/Controllers/User.php on line 105.
 1 SYSTEMPATH/CodeIgniter.php(902): App\Controllers\User->deleteIndex()
 2 SYSTEMPATH/CodeIgniter.php(457): CodeIgniter\CodeIgniter->runController()
 3 SYSTEMPATH/CodeIgniter.php(340): CodeIgniter\CodeIgniter->handleRequest()
 4 FCPATH/index.php(67): CodeIgniter\CodeIgniter->run()
 5 SYSTEMPATH/Commands/Server/rewrite.php(46): require_once('FCPATH/index.php')
CRITICAL - 2022-10-16 14:12:32 --> Too few arguments to function App\Controllers\User::deleteIndex(), 0 passed in /mnt/work/Project/STIKI/fania/spk/system/CodeIgniter.php on line 902 and exactly 1 expected
in APPPATH/Controllers/User.php on line 105.
 1 SYSTEMPATH/CodeIgniter.php(902): App\Controllers\User->deleteIndex()
 2 SYSTEMPATH/CodeIgniter.php(457): CodeIgniter\CodeIgniter->runController()
 3 SYSTEMPATH/CodeIgniter.php(340): CodeIgniter\CodeIgniter->handleRequest()
 4 FCPATH/index.php(67): CodeIgniter\CodeIgniter->run()
 5 SYSTEMPATH/Commands/Server/rewrite.php(46): require_once('FCPATH/index.php')
CRITICAL - 2022-10-16 14:12:33 --> Too few arguments to function App\Controllers\User::deleteIndex(), 0 passed in /mnt/work/Project/STIKI/fania/spk/system/CodeIgniter.php on line 902 and exactly 1 expected
in APPPATH/Controllers/User.php on line 105.
 1 SYSTEMPATH/CodeIgniter.php(902): App\Controllers\User->deleteIndex()
 2 SYSTEMPATH/CodeIgniter.php(457): CodeIgniter\CodeIgniter->runController()
 3 SYSTEMPATH/CodeIgniter.php(340): CodeIgniter\CodeIgniter->handleRequest()
 4 FCPATH/index.php(67): CodeIgniter\CodeIgniter->run()
 5 SYSTEMPATH/Commands/Server/rewrite.php(46): require_once('FCPATH/index.php')
CRITICAL - 2022-10-16 14:12:34 --> Too few arguments to function App\Controllers\User::deleteIndex(), 0 passed in /mnt/work/Project/STIKI/fania/spk/system/CodeIgniter.php on line 902 and exactly 1 expected
in APPPATH/Controllers/User.php on line 105.
 1 SYSTEMPATH/CodeIgniter.php(902): App\Controllers\User->deleteIndex()
 2 SYSTEMPATH/CodeIgniter.php(457): CodeIgniter\CodeIgniter->runController()
 3 SYSTEMPATH/CodeIgniter.php(340): CodeIgniter\CodeIgniter->handleRequest()
 4 FCPATH/index.php(67): CodeIgniter\CodeIgniter->run()
 5 SYSTEMPATH/Commands/Server/rewrite.php(46): require_once('FCPATH/index.php')
CRITICAL - 2022-10-16 14:12:39 --> Too few arguments to function App\Controllers\User::deleteIndex(), 0 passed in /mnt/work/Project/STIKI/fania/spk/system/CodeIgniter.php on line 902 and exactly 1 expected
in APPPATH/Controllers/User.php on line 105.
 1 SYSTEMPATH/CodeIgniter.php(902): App\Controllers\User->deleteIndex()
 2 SYSTEMPATH/CodeIgniter.php(457): CodeIgniter\CodeIgniter->runController()
 3 SYSTEMPATH/CodeIgniter.php(340): CodeIgniter\CodeIgniter->handleRequest()
 4 FCPATH/index.php(67): CodeIgniter\CodeIgniter->run()
 5 SYSTEMPATH/Commands/Server/rewrite.php(46): require_once('FCPATH/index.php')
CRITICAL - 2022-10-16 14:12:43 --> Too few arguments to function App\Controllers\User::deleteIndex(), 0 passed in /mnt/work/Project/STIKI/fania/spk/system/CodeIgniter.php on line 902 and exactly 1 expected
in APPPATH/Controllers/User.php on line 105.
 1 SYSTEMPATH/CodeIgniter.php(902): App\Controllers\User->deleteIndex()
 2 SYSTEMPATH/CodeIgniter.php(457): CodeIgniter\CodeIgniter->runController()
 3 SYSTEMPATH/CodeIgniter.php(340): CodeIgniter\CodeIgniter->handleRequest()
 4 FCPATH/index.php(67): CodeIgniter\CodeIgniter->run()
 5 SYSTEMPATH/Commands/Server/rewrite.php(46): require_once('FCPATH/index.php')
CRITICAL - 2022-10-16 14:13:01 --> Too few arguments to function App\Controllers\User::deleteIndex(), 0 passed in /mnt/work/Project/STIKI/fania/spk/system/CodeIgniter.php on line 902 and exactly 1 expected
in APPPATH/Controllers/User.php on line 105.
 1 SYSTEMPATH/CodeIgniter.php(902): App\Controllers\User->deleteIndex()
 2 SYSTEMPATH/CodeIgniter.php(457): CodeIgniter\CodeIgniter->runController()
 3 SYSTEMPATH/CodeIgniter.php(340): CodeIgniter\CodeIgniter->handleRequest()
 4 FCPATH/index.php(67): CodeIgniter\CodeIgniter->run()
 5 SYSTEMPATH/Commands/Server/rewrite.php(46): require_once('FCPATH/index.php')
CRITICAL - 2022-10-16 14:13:02 --> Too few arguments to function App\Controllers\User::deleteIndex(), 0 passed in /mnt/work/Project/STIKI/fania/spk/system/CodeIgniter.php on line 902 and exactly 1 expected
in APPPATH/Controllers/User.php on line 105.
 1 SYSTEMPATH/CodeIgniter.php(902): App\Controllers\User->deleteIndex()
 2 SYSTEMPATH/CodeIgniter.php(457): CodeIgniter\CodeIgniter->runController()
 3 SYSTEMPATH/CodeIgniter.php(340): CodeIgniter\CodeIgniter->handleRequest()
 4 FCPATH/index.php(67): CodeIgniter\CodeIgniter->run()
 5 SYSTEMPATH/Commands/Server/rewrite.php(46): require_once('FCPATH/index.php')
CRITICAL - 2022-10-16 14:13:25 --> Too few arguments to function App\Controllers\User::deleteIndex(), 0 passed in /mnt/work/Project/STIKI/fania/spk/system/CodeIgniter.php on line 902 and exactly 1 expected
in APPPATH/Controllers/User.php on line 105.
 1 SYSTEMPATH/CodeIgniter.php(902): App\Controllers\User->deleteIndex()
 2 SYSTEMPATH/CodeIgniter.php(457): CodeIgniter\CodeIgniter->runController()
 3 SYSTEMPATH/CodeIgniter.php(340): CodeIgniter\CodeIgniter->handleRequest()
 4 FCPATH/index.php(67): CodeIgniter\CodeIgniter->run()
 5 SYSTEMPATH/Commands/Server/rewrite.php(46): require_once('FCPATH/index.php')
CRITICAL - 2022-10-16 14:13:39 --> Too few arguments to function App\Controllers\User::deleteIndex(), 0 passed in /mnt/work/Project/STIKI/fania/spk/system/CodeIgniter.php on line 902 and exactly 1 expected
in APPPATH/Controllers/User.php on line 105.
 1 SYSTEMPATH/CodeIgniter.php(902): App\Controllers\User->deleteIndex()
 2 SYSTEMPATH/CodeIgniter.php(457): CodeIgniter\CodeIgniter->runController()
 3 SYSTEMPATH/CodeIgniter.php(340): CodeIgniter\CodeIgniter->handleRequest()
 4 FCPATH/index.php(67): CodeIgniter\CodeIgniter->run()
 5 SYSTEMPATH/Commands/Server/rewrite.php(46): require_once('FCPATH/index.php')
CRITICAL - 2022-10-16 14:13:50 --> Too few arguments to function App\Controllers\User::deleteIndex(), 0 passed in /mnt/work/Project/STIKI/fania/spk/system/CodeIgniter.php on line 902 and exactly 1 expected
in APPPATH/Controllers/User.php on line 105.
 1 SYSTEMPATH/CodeIgniter.php(902): App\Controllers\User->deleteIndex()
 2 SYSTEMPATH/CodeIgniter.php(457): CodeIgniter\CodeIgniter->runController()
 3 SYSTEMPATH/CodeIgniter.php(340): CodeIgniter\CodeIgniter->handleRequest()
 4 FCPATH/index.php(67): CodeIgniter\CodeIgniter->run()
 5 SYSTEMPATH/Commands/Server/rewrite.php(46): require_once('FCPATH/index.php')
CRITICAL - 2022-10-16 14:13:59 --> Too few arguments to function App\Controllers\User::deleteIndex(), 0 passed in /mnt/work/Project/STIKI/fania/spk/system/CodeIgniter.php on line 902 and exactly 1 expected
in APPPATH/Controllers/User.php on line 105.
 1 SYSTEMPATH/CodeIgniter.php(902): App\Controllers\User->deleteIndex()
 2 SYSTEMPATH/CodeIgniter.php(457): CodeIgniter\CodeIgniter->runController()
 3 SYSTEMPATH/CodeIgniter.php(340): CodeIgniter\CodeIgniter->handleRequest()
 4 FCPATH/index.php(67): CodeIgniter\CodeIgniter->run()
 5 SYSTEMPATH/Commands/Server/rewrite.php(46): require_once('FCPATH/index.php')
CRITICAL - 2022-10-16 14:14:25 --> Too few arguments to function App\Controllers\User::deleteIndex(), 0 passed in /mnt/work/Project/STIKI/fania/spk/system/CodeIgniter.php on line 902 and exactly 1 expected
in APPPATH/Controllers/User.php on line 105.
 1 SYSTEMPATH/CodeIgniter.php(902): App\Controllers\User->deleteIndex()
 2 SYSTEMPATH/CodeIgniter.php(457): CodeIgniter\CodeIgniter->runController()
 3 SYSTEMPATH/CodeIgniter.php(340): CodeIgniter\CodeIgniter->handleRequest()
 4 FCPATH/index.php(67): CodeIgniter\CodeIgniter->run()
 5 SYSTEMPATH/Commands/Server/rewrite.php(46): require_once('FCPATH/index.php')
CRITICAL - 2022-10-16 14:14:32 --> Too few arguments to function App\Controllers\User::deleteIndex(), 0 passed in /mnt/work/Project/STIKI/fania/spk/system/CodeIgniter.php on line 902 and exactly 1 expected
in APPPATH/Controllers/User.php on line 105.
 1 SYSTEMPATH/CodeIgniter.php(902): App\Controllers\User->deleteIndex()
 2 SYSTEMPATH/CodeIgniter.php(457): CodeIgniter\CodeIgniter->runController()
 3 SYSTEMPATH/CodeIgniter.php(340): CodeIgniter\CodeIgniter->handleRequest()
 4 FCPATH/index.php(67): CodeIgniter\CodeIgniter->run()
 5 SYSTEMPATH/Commands/Server/rewrite.php(46): require_once('FCPATH/index.php')
CRITICAL - 2022-10-16 14:14:44 --> Too few arguments to function App\Controllers\User::deleteIndex(), 0 passed in /mnt/work/Project/STIKI/fania/spk/system/CodeIgniter.php on line 902 and exactly 1 expected
in APPPATH/Controllers/User.php on line 105.
 1 SYSTEMPATH/CodeIgniter.php(902): App\Controllers\User->deleteIndex()
 2 SYSTEMPATH/CodeIgniter.php(457): CodeIgniter\CodeIgniter->runController()
 3 SYSTEMPATH/CodeIgniter.php(340): CodeIgniter\CodeIgniter->handleRequest()
 4 FCPATH/index.php(67): CodeIgniter\CodeIgniter->run()
 5 SYSTEMPATH/Commands/Server/rewrite.php(46): require_once('FCPATH/index.php')
CRITICAL - 2022-10-16 14:14:53 --> Too few arguments to function App\Controllers\User::deleteIndex(), 0 passed in /mnt/work/Project/STIKI/fania/spk/system/CodeIgniter.php on line 902 and exactly 1 expected
in APPPATH/Controllers/User.php on line 105.
 1 SYSTEMPATH/CodeIgniter.php(902): App\Controllers\User->deleteIndex()
 2 SYSTEMPATH/CodeIgniter.php(457): CodeIgniter\CodeIgniter->runController()
 3 SYSTEMPATH/CodeIgniter.php(340): CodeIgniter\CodeIgniter->handleRequest()
 4 FCPATH/index.php(67): CodeIgniter\CodeIgniter->run()
 5 SYSTEMPATH/Commands/Server/rewrite.php(46): require_once('FCPATH/index.php')
CRITICAL - 2022-10-16 14:15:20 --> Too few arguments to function App\Controllers\User::deleteIndex(), 0 passed in /mnt/work/Project/STIKI/fania/spk/system/CodeIgniter.php on line 902 and exactly 1 expected
in APPPATH/Controllers/User.php on line 105.
 1 SYSTEMPATH/CodeIgniter.php(902): App\Controllers\User->deleteIndex()
 2 SYSTEMPATH/CodeIgniter.php(457): CodeIgniter\CodeIgniter->runController()
 3 SYSTEMPATH/CodeIgniter.php(340): CodeIgniter\CodeIgniter->handleRequest()
 4 FCPATH/index.php(67): CodeIgniter\CodeIgniter->run()
 5 SYSTEMPATH/Commands/Server/rewrite.php(46): require_once('FCPATH/index.php')
CRITICAL - 2022-10-16 14:15:29 --> Too few arguments to function App\Controllers\User::deleteIndex(), 0 passed in /mnt/work/Project/STIKI/fania/spk/system/CodeIgniter.php on line 902 and exactly 1 expected
in APPPATH/Controllers/User.php on line 105.
 1 SYSTEMPATH/CodeIgniter.php(902): App\Controllers\User->deleteIndex()
 2 SYSTEMPATH/CodeIgniter.php(457): CodeIgniter\CodeIgniter->runController()
 3 SYSTEMPATH/CodeIgniter.php(340): CodeIgniter\CodeIgniter->handleRequest()
 4 FCPATH/index.php(67): CodeIgniter\CodeIgniter->run()
 5 SYSTEMPATH/Commands/Server/rewrite.php(46): require_once('FCPATH/index.php')
CRITICAL - 2022-10-16 14:16:47 --> Too few arguments to function App\Controllers\User::deleteIndex(), 0 passed in /mnt/work/Project/STIKI/fania/spk/system/CodeIgniter.php on line 902 and exactly 1 expected
in APPPATH/Controllers/User.php on line 105.
 1 SYSTEMPATH/CodeIgniter.php(902): App\Controllers\User->deleteIndex()
 2 SYSTEMPATH/CodeIgniter.php(457): CodeIgniter\CodeIgniter->runController()
 3 SYSTEMPATH/CodeIgniter.php(340): CodeIgniter\CodeIgniter->handleRequest()
 4 FCPATH/index.php(67): CodeIgniter\CodeIgniter->run()
 5 SYSTEMPATH/Commands/Server/rewrite.php(46): require_once('FCPATH/index.php')
CRITICAL - 2022-10-16 14:16:54 --> Too few arguments to function App\Controllers\User::deleteIndex(), 0 passed in /mnt/work/Project/STIKI/fania/spk/system/CodeIgniter.php on line 902 and exactly 1 expected
in APPPATH/Controllers/User.php on line 105.
 1 SYSTEMPATH/CodeIgniter.php(902): App\Controllers\User->deleteIndex()
 2 SYSTEMPATH/CodeIgniter.php(457): CodeIgniter\CodeIgniter->runController()
 3 SYSTEMPATH/CodeIgniter.php(340): CodeIgniter\CodeIgniter->handleRequest()
 4 FCPATH/index.php(67): CodeIgniter\CodeIgniter->run()
 5 SYSTEMPATH/Commands/Server/rewrite.php(46): require_once('FCPATH/index.php')
CRITICAL - 2022-10-16 14:16:59 --> Too few arguments to function App\Controllers\User::deleteIndex(), 0 passed in /mnt/work/Project/STIKI/fania/spk/system/CodeIgniter.php on line 902 and exactly 1 expected
in APPPATH/Controllers/User.php on line 105.
 1 SYSTEMPATH/CodeIgniter.php(902): App\Controllers\User->deleteIndex()
 2 SYSTEMPATH/CodeIgniter.php(457): CodeIgniter\CodeIgniter->runController()
 3 SYSTEMPATH/CodeIgniter.php(340): CodeIgniter\CodeIgniter->handleRequest()
 4 FCPATH/index.php(67): CodeIgniter\CodeIgniter->run()
 5 SYSTEMPATH/Commands/Server/rewrite.php(46): require_once('FCPATH/index.php')
CRITICAL - 2022-10-16 14:17:09 --> Too few arguments to function App\Controllers\User::deleteIndex(), 0 passed in /mnt/work/Project/STIKI/fania/spk/system/CodeIgniter.php on line 902 and exactly 1 expected
in APPPATH/Controllers/User.php on line 105.
 1 SYSTEMPATH/CodeIgniter.php(902): App\Controllers\User->deleteIndex()
 2 SYSTEMPATH/CodeIgniter.php(457): CodeIgniter\CodeIgniter->runController()
 3 SYSTEMPATH/CodeIgniter.php(340): CodeIgniter\CodeIgniter->handleRequest()
 4 FCPATH/index.php(67): CodeIgniter\CodeIgniter->run()
 5 SYSTEMPATH/Commands/Server/rewrite.php(46): require_once('FCPATH/index.php')
CRITICAL - 2022-10-16 14:17:12 --> Too few arguments to function App\Controllers\User::deleteIndex(), 0 passed in /mnt/work/Project/STIKI/fania/spk/system/CodeIgniter.php on line 902 and exactly 1 expected
in APPPATH/Controllers/User.php on line 105.
 1 SYSTEMPATH/CodeIgniter.php(902): App\Controllers\User->deleteIndex()
 2 SYSTEMPATH/CodeIgniter.php(457): CodeIgniter\CodeIgniter->runController()
 3 SYSTEMPATH/CodeIgniter.php(340): CodeIgniter\CodeIgniter->handleRequest()
 4 FCPATH/index.php(67): CodeIgniter\CodeIgniter->run()
 5 SYSTEMPATH/Commands/Server/rewrite.php(46): require_once('FCPATH/index.php')
CRITICAL - 2022-10-16 14:17:26 --> Too few arguments to function App\Controllers\User::deleteIndex(), 0 passed in /mnt/work/Project/STIKI/fania/spk/system/CodeIgniter.php on line 902 and exactly 1 expected
in APPPATH/Controllers/User.php on line 105.
 1 SYSTEMPATH/CodeIgniter.php(902): App\Controllers\User->deleteIndex()
 2 SYSTEMPATH/CodeIgniter.php(457): CodeIgniter\CodeIgniter->runController()
 3 SYSTEMPATH/CodeIgniter.php(340): CodeIgniter\CodeIgniter->handleRequest()
 4 FCPATH/index.php(67): CodeIgniter\CodeIgniter->run()
 5 SYSTEMPATH/Commands/Server/rewrite.php(46): require_once('FCPATH/index.php')
CRITICAL - 2022-10-16 14:17:33 --> Too few arguments to function App\Controllers\User::deleteIndex(), 0 passed in /mnt/work/Project/STIKI/fania/spk/system/CodeIgniter.php on line 902 and exactly 1 expected
in APPPATH/Controllers/User.php on line 105.
 1 SYSTEMPATH/CodeIgniter.php(902): App\Controllers\User->deleteIndex()
 2 SYSTEMPATH/CodeIgniter.php(457): CodeIgniter\CodeIgniter->runController()
 3 SYSTEMPATH/CodeIgniter.php(340): CodeIgniter\CodeIgniter->handleRequest()
 4 FCPATH/index.php(67): CodeIgniter\CodeIgniter->run()
 5 SYSTEMPATH/Commands/Server/rewrite.php(46): require_once('FCPATH/index.php')
CRITICAL - 2022-10-16 14:17:43 --> Too few arguments to function App\Controllers\User::deleteIndex(), 0 passed in /mnt/work/Project/STIKI/fania/spk/system/CodeIgniter.php on line 902 and exactly 1 expected
in APPPATH/Controllers/User.php on line 105.
 1 SYSTEMPATH/CodeIgniter.php(902): App\Controllers\User->deleteIndex()
 2 SYSTEMPATH/CodeIgniter.php(457): CodeIgniter\CodeIgniter->runController()
 3 SYSTEMPATH/CodeIgniter.php(340): CodeIgniter\CodeIgniter->handleRequest()
 4 FCPATH/index.php(67): CodeIgniter\CodeIgniter->run()
 5 SYSTEMPATH/Commands/Server/rewrite.php(46): require_once('FCPATH/index.php')
CRITICAL - 2022-10-16 14:18:09 --> Too few arguments to function App\Controllers\User::deleteIndex(), 0 passed in /mnt/work/Project/STIKI/fania/spk/system/CodeIgniter.php on line 902 and exactly 1 expected
in APPPATH/Controllers/User.php on line 105.
 1 SYSTEMPATH/CodeIgniter.php(902): App\Controllers\User->deleteIndex()
 2 SYSTEMPATH/CodeIgniter.php(457): CodeIgniter\CodeIgniter->runController()
 3 SYSTEMPATH/CodeIgniter.php(340): CodeIgniter\CodeIgniter->handleRequest()
 4 FCPATH/index.php(67): CodeIgniter\CodeIgniter->run()
 5 SYSTEMPATH/Commands/Server/rewrite.php(46): require_once('FCPATH/index.php')
CRITICAL - 2022-10-16 14:18:28 --> Too few arguments to function App\Controllers\User::deleteIndex(), 0 passed in /mnt/work/Project/STIKI/fania/spk/system/CodeIgniter.php on line 902 and exactly 1 expected
in APPPATH/Controllers/User.php on line 105.
 1 SYSTEMPATH/CodeIgniter.php(902): App\Controllers\User->deleteIndex()
 2 SYSTEMPATH/CodeIgniter.php(457): CodeIgniter\CodeIgniter->runController()
 3 SYSTEMPATH/CodeIgniter.php(340): CodeIgniter\CodeIgniter->handleRequest()
 4 FCPATH/index.php(67): CodeIgniter\CodeIgniter->run()
 5 SYSTEMPATH/Commands/Server/rewrite.php(46): require_once('FCPATH/index.php')
CRITICAL - 2022-10-16 14:19:04 --> Too few arguments to function App\Controllers\User::deleteIndex(), 0 passed in /mnt/work/Project/STIKI/fania/spk/system/CodeIgniter.php on line 902 and exactly 1 expected
in APPPATH/Controllers/User.php on line 105.
 1 SYSTEMPATH/CodeIgniter.php(902): App\Controllers\User->deleteIndex()
 2 SYSTEMPATH/CodeIgniter.php(457): CodeIgniter\CodeIgniter->runController()
 3 SYSTEMPATH/CodeIgniter.php(340): CodeIgniter\CodeIgniter->handleRequest()
 4 FCPATH/index.php(67): CodeIgniter\CodeIgniter->run()
 5 SYSTEMPATH/Commands/Server/rewrite.php(46): require_once('FCPATH/index.php')
CRITICAL - 2022-10-16 14:29:49 --> Deletes are not allowed unless they contain a "where" or "like" clause.
in SYSTEMPATH/Database/BaseBuilder.php on line 2367.
 1 SYSTEMPATH/Model.php(401): CodeIgniter\Database\BaseBuilder->delete()
 2 SYSTEMPATH/BaseModel.php(983): CodeIgniter\Model->doDelete()
 3 APPPATH/Controllers/User.php(108): CodeIgniter\BaseModel->delete()
 4 SYSTEMPATH/CodeIgniter.php(902): App\Controllers\User->deleteIndex()
 5 SYSTEMPATH/CodeIgniter.php(457): CodeIgniter\CodeIgniter->runController()
 6 SYSTEMPATH/CodeIgniter.php(340): CodeIgniter\CodeIgniter->handleRequest()
 7 FCPATH/index.php(67): CodeIgniter\CodeIgniter->run()
 8 SYSTEMPATH/Commands/Server/rewrite.php(46): require_once('FCPATH/index.php')
CRITICAL - 2022-10-16 14:30:14 --> Deletes are not allowed unless they contain a "where" or "like" clause.
in SYSTEMPATH/Database/BaseBuilder.php on line 2367.
 1 SYSTEMPATH/Model.php(401): CodeIgniter\Database\BaseBuilder->delete()
 2 SYSTEMPATH/BaseModel.php(983): CodeIgniter\Model->doDelete()
 3 APPPATH/Controllers/User.php(108): CodeIgniter\BaseModel->delete()
 4 SYSTEMPATH/CodeIgniter.php(902): App\Controllers\User->deleteIndex()
 5 SYSTEMPATH/CodeIgniter.php(457): CodeIgniter\CodeIgniter->runController()
 6 SYSTEMPATH/CodeIgniter.php(340): CodeIgniter\CodeIgniter->handleRequest()
 7 FCPATH/index.php(67): CodeIgniter\CodeIgniter->run()
 8 SYSTEMPATH/Commands/Server/rewrite.php(46): require_once('FCPATH/index.php')
CRITICAL - 2022-10-16 14:31:03 --> Deletes are not allowed unless they contain a "where" or "like" clause.
in SYSTEMPATH/Database/BaseBuilder.php on line 2367.
 1 SYSTEMPATH/Model.php(401): CodeIgniter\Database\BaseBuilder->delete()
 2 SYSTEMPATH/BaseModel.php(983): CodeIgniter\Model->doDelete()
 3 APPPATH/Controllers/User.php(108): CodeIgniter\BaseModel->delete()
 4 SYSTEMPATH/CodeIgniter.php(902): App\Controllers\User->deleteIndex()
 5 SYSTEMPATH/CodeIgniter.php(457): CodeIgniter\CodeIgniter->runController()
 6 SYSTEMPATH/CodeIgniter.php(340): CodeIgniter\CodeIgniter->handleRequest()
 7 FCPATH/index.php(67): CodeIgniter\CodeIgniter->run()
 8 SYSTEMPATH/Commands/Server/rewrite.php(46): require_once('FCPATH/index.php')
CRITICAL - 2022-10-16 14:52:48 --> Too few arguments to function App\Controllers\User::deleteIndex(), 0 passed in /mnt/work/Project/STIKI/fania/spk/system/CodeIgniter.php on line 902 and exactly 1 expected
in APPPATH/Controllers/User.php on line 105.
 1 SYSTEMPATH/CodeIgniter.php(902): App\Controllers\User->deleteIndex()
 2 SYSTEMPATH/CodeIgniter.php(457): CodeIgniter\CodeIgniter->runController()
 3 SYSTEMPATH/CodeIgniter.php(340): CodeIgniter\CodeIgniter->handleRequest()
 4 FCPATH/index.php(67): CodeIgniter\CodeIgniter->run()
 5 SYSTEMPATH/Commands/Server/rewrite.php(46): require_once('FCPATH/index.php')
CRITICAL - 2022-10-16 14:53:17 --> Too few arguments to function App\Controllers\User::deleteIndex(), 0 passed in /mnt/work/Project/STIKI/fania/spk/system/CodeIgniter.php on line 902 and exactly 1 expected
in APPPATH/Controllers/User.php on line 105.
 1 SYSTEMPATH/CodeIgniter.php(902): App\Controllers\User->deleteIndex()
 2 SYSTEMPATH/CodeIgniter.php(457): CodeIgniter\CodeIgniter->runController()
 3 SYSTEMPATH/CodeIgniter.php(340): CodeIgniter\CodeIgniter->handleRequest()
 4 FCPATH/index.php(67): CodeIgniter\CodeIgniter->run()
 5 SYSTEMPATH/Commands/Server/rewrite.php(46): require_once('FCPATH/index.php')
CRITICAL - 2022-10-16 14:54:58 --> Too few arguments to function App\Controllers\User::deleteIndex(), 0 passed in /mnt/work/Project/STIKI/fania/spk/system/CodeIgniter.php on line 902 and exactly 1 expected
in APPPATH/Controllers/User.php on line 105.
 1 SYSTEMPATH/CodeIgniter.php(902): App\Controllers\User->deleteIndex()
 2 SYSTEMPATH/CodeIgniter.php(457): CodeIgniter\CodeIgniter->runController()
 3 SYSTEMPATH/CodeIgniter.php(340): CodeIgniter\CodeIgniter->handleRequest()
 4 FCPATH/index.php(67): CodeIgniter\CodeIgniter->run()
 5 SYSTEMPATH/Commands/Server/rewrite.php(46): require_once('FCPATH/index.php')
CRITICAL - 2022-10-16 14:55:34 --> Deletes are not allowed unless they contain a "where" or "like" clause.
in SYSTEMPATH/Database/BaseBuilder.php on line 2367.
 1 SYSTEMPATH/Model.php(401): CodeIgniter\Database\BaseBuilder->delete()
 2 SYSTEMPATH/BaseModel.php(983): CodeIgniter\Model->doDelete()
 3 APPPATH/Controllers/User.php(107): CodeIgniter\BaseModel->delete()
 4 SYSTEMPATH/CodeIgniter.php(902): App\Controllers\User->deleteIndex()
 5 SYSTEMPATH/CodeIgniter.php(457): CodeIgniter\CodeIgniter->runController()
 6 SYSTEMPATH/CodeIgniter.php(340): CodeIgniter\CodeIgniter->handleRequest()
 7 FCPATH/index.php(67): CodeIgniter\CodeIgniter->run()
 8 SYSTEMPATH/Commands/Server/rewrite.php(46): require_once('FCPATH/index.php')
CRITICAL - 2022-10-16 14:56:07 --> Deletes are not allowed unless they contain a "where" or "like" clause.
in SYSTEMPATH/Database/BaseBuilder.php on line 2367.
 1 SYSTEMPATH/Model.php(401): CodeIgniter\Database\BaseBuilder->delete()
 2 SYSTEMPATH/BaseModel.php(983): CodeIgniter\Model->doDelete()
 3 APPPATH/Controllers/User.php(107): CodeIgniter\BaseModel->delete()
 4 SYSTEMPATH/CodeIgniter.php(902): App\Controllers\User->deleteIndex()
 5 SYSTEMPATH/CodeIgniter.php(457): CodeIgniter\CodeIgniter->runController()
 6 SYSTEMPATH/CodeIgniter.php(340): CodeIgniter\CodeIgniter->handleRequest()
 7 FCPATH/index.php(67): CodeIgniter\CodeIgniter->run()
 8 SYSTEMPATH/Commands/Server/rewrite.php(46): require_once('FCPATH/index.php')
