CRITICAL - 2022-10-30 00:58:39 --> Undefined variable $title
in APPPATH/Views/temp/layout/navbar.php on line 46.
 1 APPPATH/Views/temp/layout/navbar.php(46): CodeIgniter\Debug\Exceptions->errorHandler()
 2 SYSTEMPATH/View/View.php(213): include('APPPATH/Views/temp/layout/navbar.php')
 3 SYSTEMPATH/View/View.php(216): CodeIgniter\View\View->CodeIgniter\View\{closure}()
 4 SYSTEMPATH/View/View.php(429): CodeIgniter\View\View->render()
 5 APPPATH/Views/temp/index.php(8): CodeIgniter\View\View->include()
 6 SYSTEMPATH/View/View.php(213): include('APPPATH/Views/temp/index.php')
 7 SYSTEMPATH/View/View.php(216): CodeIgniter\View\View->CodeIgniter\View\{closure}()
 8 SYSTEMPATH/View/View.php(229): CodeIgniter\View\View->render()
 9 SYSTEMPATH/Common.php(1142): CodeIgniter\View\View->render()
10 APPPATH/Controllers/Home.php(13): view()
11 SYSTEMPATH/CodeIgniter.php(902): App\Controllers\Home->Index()
12 SYSTEMPATH/CodeIgniter.php(457): CodeIgniter\CodeIgniter->runController()
13 SYSTEMPATH/CodeIgniter.php(340): CodeIgniter\CodeIgniter->handleRequest()
14 FCPATH/index.php(67): CodeIgniter\CodeIgniter->run()
15 SYSTEMPATH/Commands/Server/rewrite.php(46): require_once('FCPATH/index.php')
CRITICAL - 2022-10-30 00:58:46 --> Undefined variable $title
in APPPATH/Views/temp/layout/navbar.php on line 46.
 1 APPPATH/Views/temp/layout/navbar.php(46): CodeIgniter\Debug\Exceptions->errorHandler()
 2 SYSTEMPATH/View/View.php(213): include('APPPATH/Views/temp/layout/navbar.php')
 3 SYSTEMPATH/View/View.php(216): CodeIgniter\View\View->CodeIgniter\View\{closure}()
 4 SYSTEMPATH/View/View.php(429): CodeIgniter\View\View->render()
 5 APPPATH/Views/temp/index.php(8): CodeIgniter\View\View->include()
 6 SYSTEMPATH/View/View.php(213): include('APPPATH/Views/temp/index.php')
 7 SYSTEMPATH/View/View.php(216): CodeIgniter\View\View->CodeIgniter\View\{closure}()
 8 SYSTEMPATH/View/View.php(229): CodeIgniter\View\View->render()
 9 SYSTEMPATH/Common.php(1142): CodeIgniter\View\View->render()
10 APPPATH/Controllers/Home.php(13): view()
11 SYSTEMPATH/CodeIgniter.php(902): App\Controllers\Home->Index()
12 SYSTEMPATH/CodeIgniter.php(457): CodeIgniter\CodeIgniter->runController()
13 SYSTEMPATH/CodeIgniter.php(340): CodeIgniter\CodeIgniter->handleRequest()
14 FCPATH/index.php(67): CodeIgniter\CodeIgniter->run()
15 SYSTEMPATH/Commands/Server/rewrite.php(46): require_once('FCPATH/index.php')
CRITICAL - 2022-10-30 01:08:18 --> Undefined variable $title
in APPPATH/Views/temp/layout/navbar.php on line 46.
 1 APPPATH/Views/temp/layout/navbar.php(46): CodeIgniter\Debug\Exceptions->errorHandler()
 2 SYSTEMPATH/View/View.php(213): include('APPPATH/Views/temp/layout/navbar.php')
 3 SYSTEMPATH/View/View.php(216): CodeIgniter\View\View->CodeIgniter\View\{closure}()
 4 SYSTEMPATH/View/View.php(429): CodeIgniter\View\View->render()
 5 APPPATH/Views/temp/index.php(8): CodeIgniter\View\View->include()
 6 SYSTEMPATH/View/View.php(213): include('APPPATH/Views/temp/index.php')
 7 SYSTEMPATH/View/View.php(216): CodeIgniter\View\View->CodeIgniter\View\{closure}()
 8 SYSTEMPATH/View/View.php(229): CodeIgniter\View\View->render()
 9 SYSTEMPATH/Common.php(1142): CodeIgniter\View\View->render()
10 APPPATH/Controllers/Home.php(13): view()
11 SYSTEMPATH/CodeIgniter.php(902): App\Controllers\Home->Index()
12 SYSTEMPATH/CodeIgniter.php(457): CodeIgniter\CodeIgniter->runController()
13 SYSTEMPATH/CodeIgniter.php(340): CodeIgniter\CodeIgniter->handleRequest()
14 FCPATH/index.php(67): CodeIgniter\CodeIgniter->run()
15 SYSTEMPATH/Commands/Server/rewrite.php(46): require_once('FCPATH/index.php')
CRITICAL - 2022-10-30 01:17:47 --> Invalid file: mainContent.php
in SYSTEMPATH/Exceptions/FrameworkException.php on line 33.
 1 SYSTEMPATH/View/View.php(201): CodeIgniter\Exceptions\FrameworkException::forInvalidFile()
 2 APPPATH/Views/temp/index.php(16): CodeIgniter\View\View->render()
 3 SYSTEMPATH/View/View.php(213): include('APPPATH/Views/temp/index.php')
 4 SYSTEMPATH/View/View.php(216): CodeIgniter\View\View->CodeIgniter\View\{closure}()
 5 SYSTEMPATH/View/View.php(229): CodeIgniter\View\View->render()
 6 SYSTEMPATH/Common.php(1142): CodeIgniter\View\View->render()
 7 APPPATH/Controllers/Home.php(13): view()
 8 SYSTEMPATH/CodeIgniter.php(902): App\Controllers\Home->Index()
 9 SYSTEMPATH/CodeIgniter.php(457): CodeIgniter\CodeIgniter->runController()
10 SYSTEMPATH/CodeIgniter.php(340): CodeIgniter\CodeIgniter->handleRequest()
11 FCPATH/index.php(67): CodeIgniter\CodeIgniter->run()
12 SYSTEMPATH/Commands/Server/rewrite.php(46): require_once('FCPATH/index.php')
CRITICAL - 2022-10-30 01:17:55 --> Invalid file: content.php
in SYSTEMPATH/Exceptions/FrameworkException.php on line 33.
 1 SYSTEMPATH/View/View.php(201): CodeIgniter\Exceptions\FrameworkException::forInvalidFile()
 2 APPPATH/Views/temp/index.php(16): CodeIgniter\View\View->render()
 3 SYSTEMPATH/View/View.php(213): include('APPPATH/Views/temp/index.php')
 4 SYSTEMPATH/View/View.php(216): CodeIgniter\View\View->CodeIgniter\View\{closure}()
 5 SYSTEMPATH/View/View.php(229): CodeIgniter\View\View->render()
 6 SYSTEMPATH/Common.php(1142): CodeIgniter\View\View->render()
 7 APPPATH/Controllers/Home.php(13): view()
 8 SYSTEMPATH/CodeIgniter.php(902): App\Controllers\Home->Index()
 9 SYSTEMPATH/CodeIgniter.php(457): CodeIgniter\CodeIgniter->runController()
10 SYSTEMPATH/CodeIgniter.php(340): CodeIgniter\CodeIgniter->handleRequest()
11 FCPATH/index.php(67): CodeIgniter\CodeIgniter->run()
12 SYSTEMPATH/Commands/Server/rewrite.php(46): require_once('FCPATH/index.php')
CRITICAL - 2022-10-30 01:17:56 --> Invalid file: content.php
in SYSTEMPATH/Exceptions/FrameworkException.php on line 33.
 1 SYSTEMPATH/View/View.php(201): CodeIgniter\Exceptions\FrameworkException::forInvalidFile()
 2 APPPATH/Views/temp/index.php(16): CodeIgniter\View\View->render()
 3 SYSTEMPATH/View/View.php(213): include('APPPATH/Views/temp/index.php')
 4 SYSTEMPATH/View/View.php(216): CodeIgniter\View\View->CodeIgniter\View\{closure}()
 5 SYSTEMPATH/View/View.php(229): CodeIgniter\View\View->render()
 6 SYSTEMPATH/Common.php(1142): CodeIgniter\View\View->render()
 7 APPPATH/Controllers/Home.php(13): view()
 8 SYSTEMPATH/CodeIgniter.php(902): App\Controllers\Home->Index()
 9 SYSTEMPATH/CodeIgniter.php(457): CodeIgniter\CodeIgniter->runController()
10 SYSTEMPATH/CodeIgniter.php(340): CodeIgniter\CodeIgniter->handleRequest()
11 FCPATH/index.php(67): CodeIgniter\CodeIgniter->run()
12 SYSTEMPATH/Commands/Server/rewrite.php(46): require_once('FCPATH/index.php')
CRITICAL - 2022-10-30 01:20:55 --> Invalid file: content.php
in SYSTEMPATH/Exceptions/FrameworkException.php on line 33.
 1 SYSTEMPATH/View/View.php(201): CodeIgniter\Exceptions\FrameworkException::forInvalidFile()
 2 APPPATH/Views/temp/index.php(16): CodeIgniter\View\View->render()
 3 SYSTEMPATH/View/View.php(213): include('APPPATH/Views/temp/index.php')
 4 SYSTEMPATH/View/View.php(216): CodeIgniter\View\View->CodeIgniter\View\{closure}()
 5 SYSTEMPATH/View/View.php(229): CodeIgniter\View\View->render()
 6 SYSTEMPATH/Common.php(1142): CodeIgniter\View\View->render()
 7 APPPATH/Controllers/Home.php(13): view()
 8 SYSTEMPATH/CodeIgniter.php(902): App\Controllers\Home->Index()
 9 SYSTEMPATH/CodeIgniter.php(457): CodeIgniter\CodeIgniter->runController()
10 SYSTEMPATH/CodeIgniter.php(340): CodeIgniter\CodeIgniter->handleRequest()
11 FCPATH/index.php(67): CodeIgniter\CodeIgniter->run()
12 SYSTEMPATH/Commands/Server/rewrite.php(46): require_once('FCPATH/index.php')
ERROR - 2022-10-30 02:49:12 --> Error connecting to the database: mysqli_sql_exception: Access denied for user 'phpmyadmin'@'localhost' (using password: YES) in /media/homenet/Data/Mini Project/spk-pkh/system/Database/MySQLi/Connection.php:171
Stack trace:
#0 /media/homenet/Data/Mini Project/spk-pkh/system/Database/MySQLi/Connection.php(171): mysqli->real_connect()
#1 /media/homenet/Data/Mini Project/spk-pkh/system/Database/BaseConnection.php(382): CodeIgniter\Database\MySQLi\Connection->connect()
#2 /media/homenet/Data/Mini Project/spk-pkh/system/Database/BaseConnection.php(588): CodeIgniter\Database\BaseConnection->initialize()
#3 /media/homenet/Data/Mini Project/spk-pkh/system/Database/BaseBuilder.php(1585): CodeIgniter\Database\BaseConnection->query()
#4 /media/homenet/Data/Mini Project/spk-pkh/system/Model.php(223): CodeIgniter\Database\BaseBuilder->get()
#5 /media/homenet/Data/Mini Project/spk-pkh/system/BaseModel.php(584): CodeIgniter\Model->doFindAll()
#6 /media/homenet/Data/Mini Project/spk-pkh/app/Controllers/User.php(23): CodeIgniter\BaseModel->findAll()
#7 /media/homenet/Data/Mini Project/spk-pkh/system/CodeIgniter.php(902): App\Controllers\User->getIndex()
#8 /media/homenet/Data/Mini Project/spk-pkh/system/CodeIgniter.php(457): CodeIgniter\CodeIgniter->runController()
#9 /media/homenet/Data/Mini Project/spk-pkh/system/CodeIgniter.php(340): CodeIgniter\CodeIgniter->handleRequest()
#10 /media/homenet/Data/Mini Project/spk-pkh/public/index.php(67): CodeIgniter\CodeIgniter->run()
#11 /media/homenet/Data/Mini Project/spk-pkh/system/Commands/Server/rewrite.php(46): require_once('...')
#12 {main}

Next CodeIgniter\Database\Exceptions\DatabaseException: Access denied for user '****'@'localhost' (using password: YES) in /media/homenet/Data/Mini Project/spk-pkh/system/Database/MySQLi/Connection.php:215
Stack trace:
#0 /media/homenet/Data/Mini Project/spk-pkh/system/Database/BaseConnection.php(382): CodeIgniter\Database\MySQLi\Connection->connect()
#1 /media/homenet/Data/Mini Project/spk-pkh/system/Database/BaseConnection.php(588): CodeIgniter\Database\BaseConnection->initialize()
#2 /media/homenet/Data/Mini Project/spk-pkh/system/Database/BaseBuilder.php(1585): CodeIgniter\Database\BaseConnection->query()
#3 /media/homenet/Data/Mini Project/spk-pkh/system/Model.php(223): CodeIgniter\Database\BaseBuilder->get()
#4 /media/homenet/Data/Mini Project/spk-pkh/system/BaseModel.php(584): CodeIgniter\Model->doFindAll()
#5 /media/homenet/Data/Mini Project/spk-pkh/app/Controllers/User.php(23): CodeIgniter\BaseModel->findAll()
#6 /media/homenet/Data/Mini Project/spk-pkh/system/CodeIgniter.php(902): App\Controllers\User->getIndex()
#7 /media/homenet/Data/Mini Project/spk-pkh/system/CodeIgniter.php(457): CodeIgniter\CodeIgniter->runController()
#8 /media/homenet/Data/Mini Project/spk-pkh/system/CodeIgniter.php(340): CodeIgniter\CodeIgniter->handleRequest()
#9 /media/homenet/Data/Mini Project/spk-pkh/public/index.php(67): CodeIgniter\CodeIgniter->run()
#10 /media/homenet/Data/Mini Project/spk-pkh/system/Commands/Server/rewrite.php(46): require_once('...')
#11 {main}
CRITICAL - 2022-10-30 02:49:12 --> Unable to connect to the database.
Main connection [MySQLi]: Access denied for user '****'@'localhost' (using password: YES)
in SYSTEMPATH/Database/BaseConnection.php on line 418.
 1 SYSTEMPATH/Database/BaseConnection.php(588): CodeIgniter\Database\BaseConnection->initialize()
 2 SYSTEMPATH/Database/BaseBuilder.php(1585): CodeIgniter\Database\BaseConnection->query()
 3 SYSTEMPATH/Model.php(223): CodeIgniter\Database\BaseBuilder->get()
 4 SYSTEMPATH/BaseModel.php(584): CodeIgniter\Model->doFindAll()
 5 APPPATH/Controllers/User.php(23): CodeIgniter\BaseModel->findAll()
 6 SYSTEMPATH/CodeIgniter.php(902): App\Controllers\User->getIndex()
 7 SYSTEMPATH/CodeIgniter.php(457): CodeIgniter\CodeIgniter->runController()
 8 SYSTEMPATH/CodeIgniter.php(340): CodeIgniter\CodeIgniter->handleRequest()
 9 FCPATH/index.php(67): CodeIgniter\CodeIgniter->run()
10 SYSTEMPATH/Commands/Server/rewrite.php(46): require_once('FCPATH/index.php')
