CRITICAL - 2022-10-22 10:26:46 --> array_push(): Argument #1 ($array) must be of type array, null given
in APPPATH/Views/blt/perhitungan/index.php on line 32.
 1 APPPATH/Views/blt/perhitungan/index.php(32): array_push()
 2 SYSTEMPATH/View/View.php(213): include('APPPATH/Views/blt/perhitungan/index.php')
 3 SYSTEMPATH/View/View.php(216): CodeIgniter\View\View->CodeIgniter\View\{closure}()
 4 SYSTEMPATH/Common.php(1142): CodeIgniter\View\View->render()
 5 APPPATH/Controllers/Blt/Perhitungan.php(39): view()
 6 SYSTEMPATH/CodeIgniter.php(902): App\Controllers\Blt\Perhitungan->getIndex()
 7 SYSTEMPATH/CodeIgniter.php(457): CodeIgniter\CodeIgniter->runController()
 8 SYSTEMPATH/CodeIgniter.php(340): CodeIgniter\CodeIgniter->handleRequest()
 9 FCPATH/index.php(67): CodeIgniter\CodeIgniter->run()
10 SYSTEMPATH/Commands/Server/rewrite.php(46): require_once('FCPATH/index.php')
CRITICAL - 2022-10-22 10:27:12 --> Undefined array key "keterangan"
in APPPATH/Views/blt/perhitungan/index.php on line 32.
 1 APPPATH/Views/blt/perhitungan/index.php(32): CodeIgniter\Debug\Exceptions->errorHandler()
 2 SYSTEMPATH/View/View.php(213): include('APPPATH/Views/blt/perhitungan/index.php')
 3 SYSTEMPATH/View/View.php(216): CodeIgniter\View\View->CodeIgniter\View\{closure}()
 4 SYSTEMPATH/Common.php(1142): CodeIgniter\View\View->render()
 5 APPPATH/Controllers/Blt/Perhitungan.php(39): view()
 6 SYSTEMPATH/CodeIgniter.php(902): App\Controllers\Blt\Perhitungan->getIndex()
 7 SYSTEMPATH/CodeIgniter.php(457): CodeIgniter\CodeIgniter->runController()
 8 SYSTEMPATH/CodeIgniter.php(340): CodeIgniter\CodeIgniter->handleRequest()
 9 FCPATH/index.php(67): CodeIgniter\CodeIgniter->run()
10 SYSTEMPATH/Commands/Server/rewrite.php(46): require_once('FCPATH/index.php')
CRITICAL - 2022-10-22 10:27:18 --> Undefined array key "keterangan"
in APPPATH/Views/blt/perhitungan/index.php on line 32.
 1 APPPATH/Views/blt/perhitungan/index.php(32): CodeIgniter\Debug\Exceptions->errorHandler()
 2 SYSTEMPATH/View/View.php(213): include('APPPATH/Views/blt/perhitungan/index.php')
 3 SYSTEMPATH/View/View.php(216): CodeIgniter\View\View->CodeIgniter\View\{closure}()
 4 SYSTEMPATH/Common.php(1142): CodeIgniter\View\View->render()
 5 APPPATH/Controllers/Blt/Perhitungan.php(39): view()
 6 SYSTEMPATH/CodeIgniter.php(902): App\Controllers\Blt\Perhitungan->getIndex()
 7 SYSTEMPATH/CodeIgniter.php(457): CodeIgniter\CodeIgniter->runController()
 8 SYSTEMPATH/CodeIgniter.php(340): CodeIgniter\CodeIgniter->handleRequest()
 9 FCPATH/index.php(67): CodeIgniter\CodeIgniter->run()
10 SYSTEMPATH/Commands/Server/rewrite.php(46): require_once('FCPATH/index.php')
CRITICAL - 2022-10-22 10:27:19 --> Undefined array key "keterangan"
in APPPATH/Views/blt/perhitungan/index.php on line 32.
 1 APPPATH/Views/blt/perhitungan/index.php(32): CodeIgniter\Debug\Exceptions->errorHandler()
 2 SYSTEMPATH/View/View.php(213): include('APPPATH/Views/blt/perhitungan/index.php')
 3 SYSTEMPATH/View/View.php(216): CodeIgniter\View\View->CodeIgniter\View\{closure}()
 4 SYSTEMPATH/Common.php(1142): CodeIgniter\View\View->render()
 5 APPPATH/Controllers/Blt/Perhitungan.php(39): view()
 6 SYSTEMPATH/CodeIgniter.php(902): App\Controllers\Blt\Perhitungan->getIndex()
 7 SYSTEMPATH/CodeIgniter.php(457): CodeIgniter\CodeIgniter->runController()
 8 SYSTEMPATH/CodeIgniter.php(340): CodeIgniter\CodeIgniter->handleRequest()
 9 FCPATH/index.php(67): CodeIgniter\CodeIgniter->run()
10 SYSTEMPATH/Commands/Server/rewrite.php(46): require_once('FCPATH/index.php')
CRITICAL - 2022-10-22 10:27:49 --> Undefined array key "nilai_kriteria"
in APPPATH/Views/blt/perhitungan/index.php on line 32.
 1 APPPATH/Views/blt/perhitungan/index.php(32): CodeIgniter\Debug\Exceptions->errorHandler()
 2 SYSTEMPATH/View/View.php(213): include('APPPATH/Views/blt/perhitungan/index.php')
 3 SYSTEMPATH/View/View.php(216): CodeIgniter\View\View->CodeIgniter\View\{closure}()
 4 SYSTEMPATH/Common.php(1142): CodeIgniter\View\View->render()
 5 APPPATH/Controllers/Blt/Perhitungan.php(39): view()
 6 SYSTEMPATH/CodeIgniter.php(902): App\Controllers\Blt\Perhitungan->getIndex()
 7 SYSTEMPATH/CodeIgniter.php(457): CodeIgniter\CodeIgniter->runController()
 8 SYSTEMPATH/CodeIgniter.php(340): CodeIgniter\CodeIgniter->handleRequest()
 9 FCPATH/index.php(67): CodeIgniter\CodeIgniter->run()
10 SYSTEMPATH/Commands/Server/rewrite.php(46): require_once('FCPATH/index.php')
CRITICAL - 2022-10-22 10:27:50 --> Undefined array key "nilai_kriteria"
in APPPATH/Views/blt/perhitungan/index.php on line 32.
 1 APPPATH/Views/blt/perhitungan/index.php(32): CodeIgniter\Debug\Exceptions->errorHandler()
 2 SYSTEMPATH/View/View.php(213): include('APPPATH/Views/blt/perhitungan/index.php')
 3 SYSTEMPATH/View/View.php(216): CodeIgniter\View\View->CodeIgniter\View\{closure}()
 4 SYSTEMPATH/Common.php(1142): CodeIgniter\View\View->render()
 5 APPPATH/Controllers/Blt/Perhitungan.php(39): view()
 6 SYSTEMPATH/CodeIgniter.php(902): App\Controllers\Blt\Perhitungan->getIndex()
 7 SYSTEMPATH/CodeIgniter.php(457): CodeIgniter\CodeIgniter->runController()
 8 SYSTEMPATH/CodeIgniter.php(340): CodeIgniter\CodeIgniter->handleRequest()
 9 FCPATH/index.php(67): CodeIgniter\CodeIgniter->run()
10 SYSTEMPATH/Commands/Server/rewrite.php(46): require_once('FCPATH/index.php')
CRITICAL - 2022-10-22 10:28:22 --> Undefined array key "data_kriteria_nilai"
in APPPATH/Views/blt/perhitungan/index.php on line 32.
 1 APPPATH/Views/blt/perhitungan/index.php(32): CodeIgniter\Debug\Exceptions->errorHandler()
 2 SYSTEMPATH/View/View.php(213): include('APPPATH/Views/blt/perhitungan/index.php')
 3 SYSTEMPATH/View/View.php(216): CodeIgniter\View\View->CodeIgniter\View\{closure}()
 4 SYSTEMPATH/Common.php(1142): CodeIgniter\View\View->render()
 5 APPPATH/Controllers/Blt/Perhitungan.php(39): view()
 6 SYSTEMPATH/CodeIgniter.php(902): App\Controllers\Blt\Perhitungan->getIndex()
 7 SYSTEMPATH/CodeIgniter.php(457): CodeIgniter\CodeIgniter->runController()
 8 SYSTEMPATH/CodeIgniter.php(340): CodeIgniter\CodeIgniter->handleRequest()
 9 FCPATH/index.php(67): CodeIgniter\CodeIgniter->run()
10 SYSTEMPATH/Commands/Server/rewrite.php(46): require_once('FCPATH/index.php')
CRITICAL - 2022-10-22 10:28:48 --> Undefined array key "data_kriteria_nilai"
in APPPATH/Views/blt/perhitungan/index.php on line 32.
 1 APPPATH/Views/blt/perhitungan/index.php(32): CodeIgniter\Debug\Exceptions->errorHandler()
 2 SYSTEMPATH/View/View.php(213): include('APPPATH/Views/blt/perhitungan/index.php')
 3 SYSTEMPATH/View/View.php(216): CodeIgniter\View\View->CodeIgniter\View\{closure}()
 4 SYSTEMPATH/Common.php(1142): CodeIgniter\View\View->render()
 5 APPPATH/Controllers/Blt/Perhitungan.php(39): view()
 6 SYSTEMPATH/CodeIgniter.php(902): App\Controllers\Blt\Perhitungan->getIndex()
 7 SYSTEMPATH/CodeIgniter.php(457): CodeIgniter\CodeIgniter->runController()
 8 SYSTEMPATH/CodeIgniter.php(340): CodeIgniter\CodeIgniter->handleRequest()
 9 FCPATH/index.php(67): CodeIgniter\CodeIgniter->run()
10 SYSTEMPATH/Commands/Server/rewrite.php(46): require_once('FCPATH/index.php')
CRITICAL - 2022-10-22 10:29:53 --> Undefined array key "data_kriteria_nilai"
in APPPATH/Views/blt/perhitungan/index.php on line 28.
 1 APPPATH/Views/blt/perhitungan/index.php(28): CodeIgniter\Debug\Exceptions->errorHandler()
 2 SYSTEMPATH/View/View.php(213): include('APPPATH/Views/blt/perhitungan/index.php')
 3 SYSTEMPATH/View/View.php(216): CodeIgniter\View\View->CodeIgniter\View\{closure}()
 4 SYSTEMPATH/Common.php(1142): CodeIgniter\View\View->render()
 5 APPPATH/Controllers/Blt/Perhitungan.php(39): view()
 6 SYSTEMPATH/CodeIgniter.php(902): App\Controllers\Blt\Perhitungan->getIndex()
 7 SYSTEMPATH/CodeIgniter.php(457): CodeIgniter\CodeIgniter->runController()
 8 SYSTEMPATH/CodeIgniter.php(340): CodeIgniter\CodeIgniter->handleRequest()
 9 FCPATH/index.php(67): CodeIgniter\CodeIgniter->run()
10 SYSTEMPATH/Commands/Server/rewrite.php(46): require_once('FCPATH/index.php')
CRITICAL - 2022-10-22 10:30:40 --> Undefined array key "C3"
in APPPATH/Views/blt/perhitungan/index.php on line 32.
 1 APPPATH/Views/blt/perhitungan/index.php(32): CodeIgniter\Debug\Exceptions->errorHandler()
 2 SYSTEMPATH/View/View.php(213): include('APPPATH/Views/blt/perhitungan/index.php')
 3 SYSTEMPATH/View/View.php(216): CodeIgniter\View\View->CodeIgniter\View\{closure}()
 4 SYSTEMPATH/Common.php(1142): CodeIgniter\View\View->render()
 5 APPPATH/Controllers/Blt/Perhitungan.php(39): view()
 6 SYSTEMPATH/CodeIgniter.php(902): App\Controllers\Blt\Perhitungan->getIndex()
 7 SYSTEMPATH/CodeIgniter.php(457): CodeIgniter\CodeIgniter->runController()
 8 SYSTEMPATH/CodeIgniter.php(340): CodeIgniter\CodeIgniter->handleRequest()
 9 FCPATH/index.php(67): CodeIgniter\CodeIgniter->run()
10 SYSTEMPATH/Commands/Server/rewrite.php(46): require_once('FCPATH/index.php')
CRITICAL - 2022-10-22 10:31:08 --> Undefined array key "C3"
in APPPATH/Views/blt/perhitungan/index.php on line 32.
 1 APPPATH/Views/blt/perhitungan/index.php(32): CodeIgniter\Debug\Exceptions->errorHandler()
 2 SYSTEMPATH/View/View.php(213): include('APPPATH/Views/blt/perhitungan/index.php')
 3 SYSTEMPATH/View/View.php(216): CodeIgniter\View\View->CodeIgniter\View\{closure}()
 4 SYSTEMPATH/Common.php(1142): CodeIgniter\View\View->render()
 5 APPPATH/Controllers/Blt/Perhitungan.php(39): view()
 6 SYSTEMPATH/CodeIgniter.php(902): App\Controllers\Blt\Perhitungan->getIndex()
 7 SYSTEMPATH/CodeIgniter.php(457): CodeIgniter\CodeIgniter->runController()
 8 SYSTEMPATH/CodeIgniter.php(340): CodeIgniter\CodeIgniter->handleRequest()
 9 FCPATH/index.php(67): CodeIgniter\CodeIgniter->run()
10 SYSTEMPATH/Commands/Server/rewrite.php(46): require_once('FCPATH/index.php')
CRITICAL - 2022-10-22 10:31:16 --> Undefined array key "data_kriteria_nilai"
in APPPATH/Views/blt/perhitungan/index.php on line 36.
 1 APPPATH/Views/blt/perhitungan/index.php(36): CodeIgniter\Debug\Exceptions->errorHandler()
 2 SYSTEMPATH/View/View.php(213): include('APPPATH/Views/blt/perhitungan/index.php')
 3 SYSTEMPATH/View/View.php(216): CodeIgniter\View\View->CodeIgniter\View\{closure}()
 4 SYSTEMPATH/Common.php(1142): CodeIgniter\View\View->render()
 5 APPPATH/Controllers/Blt/Perhitungan.php(39): view()
 6 SYSTEMPATH/CodeIgniter.php(902): App\Controllers\Blt\Perhitungan->getIndex()
 7 SYSTEMPATH/CodeIgniter.php(457): CodeIgniter\CodeIgniter->runController()
 8 SYSTEMPATH/CodeIgniter.php(340): CodeIgniter\CodeIgniter->handleRequest()
 9 FCPATH/index.php(67): CodeIgniter\CodeIgniter->run()
10 SYSTEMPATH/Commands/Server/rewrite.php(46): require_once('FCPATH/index.php')
CRITICAL - 2022-10-22 10:32:03 --> Undefined array key "C3"
in APPPATH/Views/blt/perhitungan/index.php on line 32.
 1 APPPATH/Views/blt/perhitungan/index.php(32): CodeIgniter\Debug\Exceptions->errorHandler()
 2 SYSTEMPATH/View/View.php(213): include('APPPATH/Views/blt/perhitungan/index.php')
 3 SYSTEMPATH/View/View.php(216): CodeIgniter\View\View->CodeIgniter\View\{closure}()
 4 SYSTEMPATH/Common.php(1142): CodeIgniter\View\View->render()
 5 APPPATH/Controllers/Blt/Perhitungan.php(39): view()
 6 SYSTEMPATH/CodeIgniter.php(902): App\Controllers\Blt\Perhitungan->getIndex()
 7 SYSTEMPATH/CodeIgniter.php(457): CodeIgniter\CodeIgniter->runController()
 8 SYSTEMPATH/CodeIgniter.php(340): CodeIgniter\CodeIgniter->handleRequest()
 9 FCPATH/index.php(67): CodeIgniter\CodeIgniter->run()
10 SYSTEMPATH/Commands/Server/rewrite.php(46): require_once('FCPATH/index.php')
CRITICAL - 2022-10-22 10:34:13 --> Undefined array key "C3"
in APPPATH/Views/blt/perhitungan/index.php on line 35.
 1 APPPATH/Views/blt/perhitungan/index.php(35): CodeIgniter\Debug\Exceptions->errorHandler()
 2 SYSTEMPATH/View/View.php(213): include('APPPATH/Views/blt/perhitungan/index.php')
 3 SYSTEMPATH/View/View.php(216): CodeIgniter\View\View->CodeIgniter\View\{closure}()
 4 SYSTEMPATH/Common.php(1142): CodeIgniter\View\View->render()
 5 APPPATH/Controllers/Blt/Perhitungan.php(39): view()
 6 SYSTEMPATH/CodeIgniter.php(902): App\Controllers\Blt\Perhitungan->getIndex()
 7 SYSTEMPATH/CodeIgniter.php(457): CodeIgniter\CodeIgniter->runController()
 8 SYSTEMPATH/CodeIgniter.php(340): CodeIgniter\CodeIgniter->handleRequest()
 9 FCPATH/index.php(67): CodeIgniter\CodeIgniter->run()
10 SYSTEMPATH/Commands/Server/rewrite.php(46): require_once('FCPATH/index.php')
CRITICAL - 2022-10-22 10:34:39 --> Cannot access offset of type string on string
in APPPATH/Views/blt/perhitungan/index.php on line 33.
 1 SYSTEMPATH/View/View.php(213): include()
 2 SYSTEMPATH/View/View.php(216): CodeIgniter\View\View->CodeIgniter\View\{closure}()
 3 SYSTEMPATH/Common.php(1142): CodeIgniter\View\View->render()
 4 APPPATH/Controllers/Blt/Perhitungan.php(39): view()
 5 SYSTEMPATH/CodeIgniter.php(902): App\Controllers\Blt\Perhitungan->getIndex()
 6 SYSTEMPATH/CodeIgniter.php(457): CodeIgniter\CodeIgniter->runController()
 7 SYSTEMPATH/CodeIgniter.php(340): CodeIgniter\CodeIgniter->handleRequest()
 8 FCPATH/index.php(67): CodeIgniter\CodeIgniter->run()
 9 SYSTEMPATH/Commands/Server/rewrite.php(46): require_once('FCPATH/index.php')
CRITICAL - 2022-10-22 10:35:47 --> Undefined array key "C3"
in APPPATH/Views/blt/perhitungan/index.php on line 33.
 1 APPPATH/Views/blt/perhitungan/index.php(33): CodeIgniter\Debug\Exceptions->errorHandler()
 2 SYSTEMPATH/View/View.php(213): include('APPPATH/Views/blt/perhitungan/index.php')
 3 SYSTEMPATH/View/View.php(216): CodeIgniter\View\View->CodeIgniter\View\{closure}()
 4 SYSTEMPATH/Common.php(1142): CodeIgniter\View\View->render()
 5 APPPATH/Controllers/Blt/Perhitungan.php(39): view()
 6 SYSTEMPATH/CodeIgniter.php(902): App\Controllers\Blt\Perhitungan->getIndex()
 7 SYSTEMPATH/CodeIgniter.php(457): CodeIgniter\CodeIgniter->runController()
 8 SYSTEMPATH/CodeIgniter.php(340): CodeIgniter\CodeIgniter->handleRequest()
 9 FCPATH/index.php(67): CodeIgniter\CodeIgniter->run()
10 SYSTEMPATH/Commands/Server/rewrite.php(46): require_once('FCPATH/index.php')
CRITICAL - 2022-10-22 10:35:48 --> Undefined array key "C3"
in APPPATH/Views/blt/perhitungan/index.php on line 33.
 1 APPPATH/Views/blt/perhitungan/index.php(33): CodeIgniter\Debug\Exceptions->errorHandler()
 2 SYSTEMPATH/View/View.php(213): include('APPPATH/Views/blt/perhitungan/index.php')
 3 SYSTEMPATH/View/View.php(216): CodeIgniter\View\View->CodeIgniter\View\{closure}()
 4 SYSTEMPATH/Common.php(1142): CodeIgniter\View\View->render()
 5 APPPATH/Controllers/Blt/Perhitungan.php(39): view()
 6 SYSTEMPATH/CodeIgniter.php(902): App\Controllers\Blt\Perhitungan->getIndex()
 7 SYSTEMPATH/CodeIgniter.php(457): CodeIgniter\CodeIgniter->runController()
 8 SYSTEMPATH/CodeIgniter.php(340): CodeIgniter\CodeIgniter->handleRequest()
 9 FCPATH/index.php(67): CodeIgniter\CodeIgniter->run()
10 SYSTEMPATH/Commands/Server/rewrite.php(46): require_once('FCPATH/index.php')
CRITICAL - 2022-10-22 10:36:31 --> Cannot access offset of type string on string
in APPPATH/Views/blt/perhitungan/index.php on line 33.
 1 SYSTEMPATH/View/View.php(213): include()
 2 SYSTEMPATH/View/View.php(216): CodeIgniter\View\View->CodeIgniter\View\{closure}()
 3 SYSTEMPATH/Common.php(1142): CodeIgniter\View\View->render()
 4 APPPATH/Controllers/Blt/Perhitungan.php(39): view()
 5 SYSTEMPATH/CodeIgniter.php(902): App\Controllers\Blt\Perhitungan->getIndex()
 6 SYSTEMPATH/CodeIgniter.php(457): CodeIgniter\CodeIgniter->runController()
 7 SYSTEMPATH/CodeIgniter.php(340): CodeIgniter\CodeIgniter->handleRequest()
 8 FCPATH/index.php(67): CodeIgniter\CodeIgniter->run()
 9 SYSTEMPATH/Commands/Server/rewrite.php(46): require_once('FCPATH/index.php')
CRITICAL - 2022-10-22 10:36:32 --> Cannot access offset of type string on string
in APPPATH/Views/blt/perhitungan/index.php on line 33.
 1 SYSTEMPATH/View/View.php(213): include()
 2 SYSTEMPATH/View/View.php(216): CodeIgniter\View\View->CodeIgniter\View\{closure}()
 3 SYSTEMPATH/Common.php(1142): CodeIgniter\View\View->render()
 4 APPPATH/Controllers/Blt/Perhitungan.php(39): view()
 5 SYSTEMPATH/CodeIgniter.php(902): App\Controllers\Blt\Perhitungan->getIndex()
 6 SYSTEMPATH/CodeIgniter.php(457): CodeIgniter\CodeIgniter->runController()
 7 SYSTEMPATH/CodeIgniter.php(340): CodeIgniter\CodeIgniter->handleRequest()
 8 FCPATH/index.php(67): CodeIgniter\CodeIgniter->run()
 9 SYSTEMPATH/Commands/Server/rewrite.php(46): require_once('FCPATH/index.php')
CRITICAL - 2022-10-22 10:42:11 --> Undefined array key "C3"
in APPPATH/Views/blt/perhitungan/index.php on line 37.
 1 APPPATH/Views/blt/perhitungan/index.php(37): CodeIgniter\Debug\Exceptions->errorHandler()
 2 SYSTEMPATH/View/View.php(213): include('APPPATH/Views/blt/perhitungan/index.php')
 3 SYSTEMPATH/View/View.php(216): CodeIgniter\View\View->CodeIgniter\View\{closure}()
 4 SYSTEMPATH/Common.php(1142): CodeIgniter\View\View->render()
 5 APPPATH/Controllers/Blt/Perhitungan.php(39): view()
 6 SYSTEMPATH/CodeIgniter.php(902): App\Controllers\Blt\Perhitungan->getIndex()
 7 SYSTEMPATH/CodeIgniter.php(457): CodeIgniter\CodeIgniter->runController()
 8 SYSTEMPATH/CodeIgniter.php(340): CodeIgniter\CodeIgniter->handleRequest()
 9 FCPATH/index.php(67): CodeIgniter\CodeIgniter->run()
10 SYSTEMPATH/Commands/Server/rewrite.php(46): require_once('FCPATH/index.php')
CRITICAL - 2022-10-22 10:43:03 --> Undefined array key "C1"
in APPPATH/Views/blt/perhitungan/index.php on line 38.
 1 APPPATH/Views/blt/perhitungan/index.php(38): CodeIgniter\Debug\Exceptions->errorHandler()
 2 SYSTEMPATH/View/View.php(213): include('APPPATH/Views/blt/perhitungan/index.php')
 3 SYSTEMPATH/View/View.php(216): CodeIgniter\View\View->CodeIgniter\View\{closure}()
 4 SYSTEMPATH/Common.php(1142): CodeIgniter\View\View->render()
 5 APPPATH/Controllers/Blt/Perhitungan.php(39): view()
 6 SYSTEMPATH/CodeIgniter.php(902): App\Controllers\Blt\Perhitungan->getIndex()
 7 SYSTEMPATH/CodeIgniter.php(457): CodeIgniter\CodeIgniter->runController()
 8 SYSTEMPATH/CodeIgniter.php(340): CodeIgniter\CodeIgniter->handleRequest()
 9 FCPATH/index.php(67): CodeIgniter\CodeIgniter->run()
10 SYSTEMPATH/Commands/Server/rewrite.php(46): require_once('FCPATH/index.php')
CRITICAL - 2022-10-22 10:43:31 --> Cannot access offset of type string on string
in APPPATH/Views/blt/perhitungan/index.php on line 38.
 1 SYSTEMPATH/View/View.php(213): include()
 2 SYSTEMPATH/View/View.php(216): CodeIgniter\View\View->CodeIgniter\View\{closure}()
 3 SYSTEMPATH/Common.php(1142): CodeIgniter\View\View->render()
 4 APPPATH/Controllers/Blt/Perhitungan.php(39): view()
 5 SYSTEMPATH/CodeIgniter.php(902): App\Controllers\Blt\Perhitungan->getIndex()
 6 SYSTEMPATH/CodeIgniter.php(457): CodeIgniter\CodeIgniter->runController()
 7 SYSTEMPATH/CodeIgniter.php(340): CodeIgniter\CodeIgniter->handleRequest()
 8 FCPATH/index.php(67): CodeIgniter\CodeIgniter->run()
 9 SYSTEMPATH/Commands/Server/rewrite.php(46): require_once('FCPATH/index.php')
CRITICAL - 2022-10-22 10:43:32 --> Cannot access offset of type string on string
in APPPATH/Views/blt/perhitungan/index.php on line 38.
 1 SYSTEMPATH/View/View.php(213): include()
 2 SYSTEMPATH/View/View.php(216): CodeIgniter\View\View->CodeIgniter\View\{closure}()
 3 SYSTEMPATH/Common.php(1142): CodeIgniter\View\View->render()
 4 APPPATH/Controllers/Blt/Perhitungan.php(39): view()
 5 SYSTEMPATH/CodeIgniter.php(902): App\Controllers\Blt\Perhitungan->getIndex()
 6 SYSTEMPATH/CodeIgniter.php(457): CodeIgniter\CodeIgniter->runController()
 7 SYSTEMPATH/CodeIgniter.php(340): CodeIgniter\CodeIgniter->handleRequest()
 8 FCPATH/index.php(67): CodeIgniter\CodeIgniter->run()
 9 SYSTEMPATH/Commands/Server/rewrite.php(46): require_once('FCPATH/index.php')
CRITICAL - 2022-10-22 10:43:33 --> Cannot access offset of type string on string
in APPPATH/Views/blt/perhitungan/index.php on line 38.
 1 SYSTEMPATH/View/View.php(213): include()
 2 SYSTEMPATH/View/View.php(216): CodeIgniter\View\View->CodeIgniter\View\{closure}()
 3 SYSTEMPATH/Common.php(1142): CodeIgniter\View\View->render()
 4 APPPATH/Controllers/Blt/Perhitungan.php(39): view()
 5 SYSTEMPATH/CodeIgniter.php(902): App\Controllers\Blt\Perhitungan->getIndex()
 6 SYSTEMPATH/CodeIgniter.php(457): CodeIgniter\CodeIgniter->runController()
 7 SYSTEMPATH/CodeIgniter.php(340): CodeIgniter\CodeIgniter->handleRequest()
 8 FCPATH/index.php(67): CodeIgniter\CodeIgniter->run()
 9 SYSTEMPATH/Commands/Server/rewrite.php(46): require_once('FCPATH/index.php')
CRITICAL - 2022-10-22 10:43:33 --> Cannot access offset of type string on string
in APPPATH/Views/blt/perhitungan/index.php on line 38.
 1 SYSTEMPATH/View/View.php(213): include()
 2 SYSTEMPATH/View/View.php(216): CodeIgniter\View\View->CodeIgniter\View\{closure}()
 3 SYSTEMPATH/Common.php(1142): CodeIgniter\View\View->render()
 4 APPPATH/Controllers/Blt/Perhitungan.php(39): view()
 5 SYSTEMPATH/CodeIgniter.php(902): App\Controllers\Blt\Perhitungan->getIndex()
 6 SYSTEMPATH/CodeIgniter.php(457): CodeIgniter\CodeIgniter->runController()
 7 SYSTEMPATH/CodeIgniter.php(340): CodeIgniter\CodeIgniter->handleRequest()
 8 FCPATH/index.php(67): CodeIgniter\CodeIgniter->run()
 9 SYSTEMPATH/Commands/Server/rewrite.php(46): require_once('FCPATH/index.php')
CRITICAL - 2022-10-22 10:43:33 --> Cannot access offset of type string on string
in APPPATH/Views/blt/perhitungan/index.php on line 38.
 1 SYSTEMPATH/View/View.php(213): include()
 2 SYSTEMPATH/View/View.php(216): CodeIgniter\View\View->CodeIgniter\View\{closure}()
 3 SYSTEMPATH/Common.php(1142): CodeIgniter\View\View->render()
 4 APPPATH/Controllers/Blt/Perhitungan.php(39): view()
 5 SYSTEMPATH/CodeIgniter.php(902): App\Controllers\Blt\Perhitungan->getIndex()
 6 SYSTEMPATH/CodeIgniter.php(457): CodeIgniter\CodeIgniter->runController()
 7 SYSTEMPATH/CodeIgniter.php(340): CodeIgniter\CodeIgniter->handleRequest()
 8 FCPATH/index.php(67): CodeIgniter\CodeIgniter->run()
 9 SYSTEMPATH/Commands/Server/rewrite.php(46): require_once('FCPATH/index.php')
CRITICAL - 2022-10-22 10:43:33 --> Cannot access offset of type string on string
in APPPATH/Views/blt/perhitungan/index.php on line 38.
 1 SYSTEMPATH/View/View.php(213): include()
 2 SYSTEMPATH/View/View.php(216): CodeIgniter\View\View->CodeIgniter\View\{closure}()
 3 SYSTEMPATH/Common.php(1142): CodeIgniter\View\View->render()
 4 APPPATH/Controllers/Blt/Perhitungan.php(39): view()
 5 SYSTEMPATH/CodeIgniter.php(902): App\Controllers\Blt\Perhitungan->getIndex()
 6 SYSTEMPATH/CodeIgniter.php(457): CodeIgniter\CodeIgniter->runController()
 7 SYSTEMPATH/CodeIgniter.php(340): CodeIgniter\CodeIgniter->handleRequest()
 8 FCPATH/index.php(67): CodeIgniter\CodeIgniter->run()
 9 SYSTEMPATH/Commands/Server/rewrite.php(46): require_once('FCPATH/index.php')
CRITICAL - 2022-10-22 10:43:33 --> Cannot access offset of type string on string
in APPPATH/Views/blt/perhitungan/index.php on line 38.
 1 SYSTEMPATH/View/View.php(213): include()
 2 SYSTEMPATH/View/View.php(216): CodeIgniter\View\View->CodeIgniter\View\{closure}()
 3 SYSTEMPATH/Common.php(1142): CodeIgniter\View\View->render()
 4 APPPATH/Controllers/Blt/Perhitungan.php(39): view()
 5 SYSTEMPATH/CodeIgniter.php(902): App\Controllers\Blt\Perhitungan->getIndex()
 6 SYSTEMPATH/CodeIgniter.php(457): CodeIgniter\CodeIgniter->runController()
 7 SYSTEMPATH/CodeIgniter.php(340): CodeIgniter\CodeIgniter->handleRequest()
 8 FCPATH/index.php(67): CodeIgniter\CodeIgniter->run()
 9 SYSTEMPATH/Commands/Server/rewrite.php(46): require_once('FCPATH/index.php')
CRITICAL - 2022-10-22 10:43:33 --> Cannot access offset of type string on string
in APPPATH/Views/blt/perhitungan/index.php on line 38.
 1 SYSTEMPATH/View/View.php(213): include()
 2 SYSTEMPATH/View/View.php(216): CodeIgniter\View\View->CodeIgniter\View\{closure}()
 3 SYSTEMPATH/Common.php(1142): CodeIgniter\View\View->render()
 4 APPPATH/Controllers/Blt/Perhitungan.php(39): view()
 5 SYSTEMPATH/CodeIgniter.php(902): App\Controllers\Blt\Perhitungan->getIndex()
 6 SYSTEMPATH/CodeIgniter.php(457): CodeIgniter\CodeIgniter->runController()
 7 SYSTEMPATH/CodeIgniter.php(340): CodeIgniter\CodeIgniter->handleRequest()
 8 FCPATH/index.php(67): CodeIgniter\CodeIgniter->run()
 9 SYSTEMPATH/Commands/Server/rewrite.php(46): require_once('FCPATH/index.php')
CRITICAL - 2022-10-22 10:43:51 --> Cannot access offset of type string on string
in APPPATH/Views/blt/perhitungan/index.php on line 38.
 1 SYSTEMPATH/View/View.php(213): include()
 2 SYSTEMPATH/View/View.php(216): CodeIgniter\View\View->CodeIgniter\View\{closure}()
 3 SYSTEMPATH/Common.php(1142): CodeIgniter\View\View->render()
 4 APPPATH/Controllers/Blt/Perhitungan.php(39): view()
 5 SYSTEMPATH/CodeIgniter.php(902): App\Controllers\Blt\Perhitungan->getIndex()
 6 SYSTEMPATH/CodeIgniter.php(457): CodeIgniter\CodeIgniter->runController()
 7 SYSTEMPATH/CodeIgniter.php(340): CodeIgniter\CodeIgniter->handleRequest()
 8 FCPATH/index.php(67): CodeIgniter\CodeIgniter->run()
 9 SYSTEMPATH/Commands/Server/rewrite.php(46): require_once('FCPATH/index.php')
CRITICAL - 2022-10-22 10:43:51 --> Cannot access offset of type string on string
in APPPATH/Views/blt/perhitungan/index.php on line 38.
 1 SYSTEMPATH/View/View.php(213): include()
 2 SYSTEMPATH/View/View.php(216): CodeIgniter\View\View->CodeIgniter\View\{closure}()
 3 SYSTEMPATH/Common.php(1142): CodeIgniter\View\View->render()
 4 APPPATH/Controllers/Blt/Perhitungan.php(39): view()
 5 SYSTEMPATH/CodeIgniter.php(902): App\Controllers\Blt\Perhitungan->getIndex()
 6 SYSTEMPATH/CodeIgniter.php(457): CodeIgniter\CodeIgniter->runController()
 7 SYSTEMPATH/CodeIgniter.php(340): CodeIgniter\CodeIgniter->handleRequest()
 8 FCPATH/index.php(67): CodeIgniter\CodeIgniter->run()
 9 SYSTEMPATH/Commands/Server/rewrite.php(46): require_once('FCPATH/index.php')
CRITICAL - 2022-10-22 10:43:51 --> Cannot access offset of type string on string
in APPPATH/Views/blt/perhitungan/index.php on line 38.
 1 SYSTEMPATH/View/View.php(213): include()
 2 SYSTEMPATH/View/View.php(216): CodeIgniter\View\View->CodeIgniter\View\{closure}()
 3 SYSTEMPATH/Common.php(1142): CodeIgniter\View\View->render()
 4 APPPATH/Controllers/Blt/Perhitungan.php(39): view()
 5 SYSTEMPATH/CodeIgniter.php(902): App\Controllers\Blt\Perhitungan->getIndex()
 6 SYSTEMPATH/CodeIgniter.php(457): CodeIgniter\CodeIgniter->runController()
 7 SYSTEMPATH/CodeIgniter.php(340): CodeIgniter\CodeIgniter->handleRequest()
 8 FCPATH/index.php(67): CodeIgniter\CodeIgniter->run()
 9 SYSTEMPATH/Commands/Server/rewrite.php(46): require_once('FCPATH/index.php')
CRITICAL - 2022-10-22 10:43:51 --> Cannot access offset of type string on string
in APPPATH/Views/blt/perhitungan/index.php on line 38.
 1 SYSTEMPATH/View/View.php(213): include()
 2 SYSTEMPATH/View/View.php(216): CodeIgniter\View\View->CodeIgniter\View\{closure}()
 3 SYSTEMPATH/Common.php(1142): CodeIgniter\View\View->render()
 4 APPPATH/Controllers/Blt/Perhitungan.php(39): view()
 5 SYSTEMPATH/CodeIgniter.php(902): App\Controllers\Blt\Perhitungan->getIndex()
 6 SYSTEMPATH/CodeIgniter.php(457): CodeIgniter\CodeIgniter->runController()
 7 SYSTEMPATH/CodeIgniter.php(340): CodeIgniter\CodeIgniter->handleRequest()
 8 FCPATH/index.php(67): CodeIgniter\CodeIgniter->run()
 9 SYSTEMPATH/Commands/Server/rewrite.php(46): require_once('FCPATH/index.php')
CRITICAL - 2022-10-22 10:43:52 --> Cannot access offset of type string on string
in APPPATH/Views/blt/perhitungan/index.php on line 38.
 1 SYSTEMPATH/View/View.php(213): include()
 2 SYSTEMPATH/View/View.php(216): CodeIgniter\View\View->CodeIgniter\View\{closure}()
 3 SYSTEMPATH/Common.php(1142): CodeIgniter\View\View->render()
 4 APPPATH/Controllers/Blt/Perhitungan.php(39): view()
 5 SYSTEMPATH/CodeIgniter.php(902): App\Controllers\Blt\Perhitungan->getIndex()
 6 SYSTEMPATH/CodeIgniter.php(457): CodeIgniter\CodeIgniter->runController()
 7 SYSTEMPATH/CodeIgniter.php(340): CodeIgniter\CodeIgniter->handleRequest()
 8 FCPATH/index.php(67): CodeIgniter\CodeIgniter->run()
 9 SYSTEMPATH/Commands/Server/rewrite.php(46): require_once('FCPATH/index.php')
CRITICAL - 2022-10-22 10:43:52 --> Cannot access offset of type string on string
in APPPATH/Views/blt/perhitungan/index.php on line 38.
 1 SYSTEMPATH/View/View.php(213): include()
 2 SYSTEMPATH/View/View.php(216): CodeIgniter\View\View->CodeIgniter\View\{closure}()
 3 SYSTEMPATH/Common.php(1142): CodeIgniter\View\View->render()
 4 APPPATH/Controllers/Blt/Perhitungan.php(39): view()
 5 SYSTEMPATH/CodeIgniter.php(902): App\Controllers\Blt\Perhitungan->getIndex()
 6 SYSTEMPATH/CodeIgniter.php(457): CodeIgniter\CodeIgniter->runController()
 7 SYSTEMPATH/CodeIgniter.php(340): CodeIgniter\CodeIgniter->handleRequest()
 8 FCPATH/index.php(67): CodeIgniter\CodeIgniter->run()
 9 SYSTEMPATH/Commands/Server/rewrite.php(46): require_once('FCPATH/index.php')
CRITICAL - 2022-10-22 10:43:52 --> Cannot access offset of type string on string
in APPPATH/Views/blt/perhitungan/index.php on line 38.
 1 SYSTEMPATH/View/View.php(213): include()
 2 SYSTEMPATH/View/View.php(216): CodeIgniter\View\View->CodeIgniter\View\{closure}()
 3 SYSTEMPATH/Common.php(1142): CodeIgniter\View\View->render()
 4 APPPATH/Controllers/Blt/Perhitungan.php(39): view()
 5 SYSTEMPATH/CodeIgniter.php(902): App\Controllers\Blt\Perhitungan->getIndex()
 6 SYSTEMPATH/CodeIgniter.php(457): CodeIgniter\CodeIgniter->runController()
 7 SYSTEMPATH/CodeIgniter.php(340): CodeIgniter\CodeIgniter->handleRequest()
 8 FCPATH/index.php(67): CodeIgniter\CodeIgniter->run()
 9 SYSTEMPATH/Commands/Server/rewrite.php(46): require_once('FCPATH/index.php')
CRITICAL - 2022-10-22 10:43:52 --> Cannot access offset of type string on string
in APPPATH/Views/blt/perhitungan/index.php on line 38.
 1 SYSTEMPATH/View/View.php(213): include()
 2 SYSTEMPATH/View/View.php(216): CodeIgniter\View\View->CodeIgniter\View\{closure}()
 3 SYSTEMPATH/Common.php(1142): CodeIgniter\View\View->render()
 4 APPPATH/Controllers/Blt/Perhitungan.php(39): view()
 5 SYSTEMPATH/CodeIgniter.php(902): App\Controllers\Blt\Perhitungan->getIndex()
 6 SYSTEMPATH/CodeIgniter.php(457): CodeIgniter\CodeIgniter->runController()
 7 SYSTEMPATH/CodeIgniter.php(340): CodeIgniter\CodeIgniter->handleRequest()
 8 FCPATH/index.php(67): CodeIgniter\CodeIgniter->run()
 9 SYSTEMPATH/Commands/Server/rewrite.php(46): require_once('FCPATH/index.php')
CRITICAL - 2022-10-22 10:46:16 --> Cannot access offset of type string on string
in APPPATH/Views/blt/perhitungan/index.php on line 39.
 1 SYSTEMPATH/View/View.php(213): include()
 2 SYSTEMPATH/View/View.php(216): CodeIgniter\View\View->CodeIgniter\View\{closure}()
 3 SYSTEMPATH/Common.php(1142): CodeIgniter\View\View->render()
 4 APPPATH/Controllers/Blt/Perhitungan.php(39): view()
 5 SYSTEMPATH/CodeIgniter.php(902): App\Controllers\Blt\Perhitungan->getIndex()
 6 SYSTEMPATH/CodeIgniter.php(457): CodeIgniter\CodeIgniter->runController()
 7 SYSTEMPATH/CodeIgniter.php(340): CodeIgniter\CodeIgniter->handleRequest()
 8 FCPATH/index.php(67): CodeIgniter\CodeIgniter->run()
 9 SYSTEMPATH/Commands/Server/rewrite.php(46): require_once('FCPATH/index.php')
CRITICAL - 2022-10-22 10:46:17 --> Cannot access offset of type string on string
in APPPATH/Views/blt/perhitungan/index.php on line 39.
 1 SYSTEMPATH/View/View.php(213): include()
 2 SYSTEMPATH/View/View.php(216): CodeIgniter\View\View->CodeIgniter\View\{closure}()
 3 SYSTEMPATH/Common.php(1142): CodeIgniter\View\View->render()
 4 APPPATH/Controllers/Blt/Perhitungan.php(39): view()
 5 SYSTEMPATH/CodeIgniter.php(902): App\Controllers\Blt\Perhitungan->getIndex()
 6 SYSTEMPATH/CodeIgniter.php(457): CodeIgniter\CodeIgniter->runController()
 7 SYSTEMPATH/CodeIgniter.php(340): CodeIgniter\CodeIgniter->handleRequest()
 8 FCPATH/index.php(67): CodeIgniter\CodeIgniter->run()
 9 SYSTEMPATH/Commands/Server/rewrite.php(46): require_once('FCPATH/index.php')
CRITICAL - 2022-10-22 10:46:17 --> Cannot access offset of type string on string
in APPPATH/Views/blt/perhitungan/index.php on line 39.
 1 SYSTEMPATH/View/View.php(213): include()
 2 SYSTEMPATH/View/View.php(216): CodeIgniter\View\View->CodeIgniter\View\{closure}()
 3 SYSTEMPATH/Common.php(1142): CodeIgniter\View\View->render()
 4 APPPATH/Controllers/Blt/Perhitungan.php(39): view()
 5 SYSTEMPATH/CodeIgniter.php(902): App\Controllers\Blt\Perhitungan->getIndex()
 6 SYSTEMPATH/CodeIgniter.php(457): CodeIgniter\CodeIgniter->runController()
 7 SYSTEMPATH/CodeIgniter.php(340): CodeIgniter\CodeIgniter->handleRequest()
 8 FCPATH/index.php(67): CodeIgniter\CodeIgniter->run()
 9 SYSTEMPATH/Commands/Server/rewrite.php(46): require_once('FCPATH/index.php')
CRITICAL - 2022-10-22 10:46:17 --> Cannot access offset of type string on string
in APPPATH/Views/blt/perhitungan/index.php on line 39.
 1 SYSTEMPATH/View/View.php(213): include()
 2 SYSTEMPATH/View/View.php(216): CodeIgniter\View\View->CodeIgniter\View\{closure}()
 3 SYSTEMPATH/Common.php(1142): CodeIgniter\View\View->render()
 4 APPPATH/Controllers/Blt/Perhitungan.php(39): view()
 5 SYSTEMPATH/CodeIgniter.php(902): App\Controllers\Blt\Perhitungan->getIndex()
 6 SYSTEMPATH/CodeIgniter.php(457): CodeIgniter\CodeIgniter->runController()
 7 SYSTEMPATH/CodeIgniter.php(340): CodeIgniter\CodeIgniter->handleRequest()
 8 FCPATH/index.php(67): CodeIgniter\CodeIgniter->run()
 9 SYSTEMPATH/Commands/Server/rewrite.php(46): require_once('FCPATH/index.php')
CRITICAL - 2022-10-22 10:46:17 --> Cannot access offset of type string on string
in APPPATH/Views/blt/perhitungan/index.php on line 39.
 1 SYSTEMPATH/View/View.php(213): include()
 2 SYSTEMPATH/View/View.php(216): CodeIgniter\View\View->CodeIgniter\View\{closure}()
 3 SYSTEMPATH/Common.php(1142): CodeIgniter\View\View->render()
 4 APPPATH/Controllers/Blt/Perhitungan.php(39): view()
 5 SYSTEMPATH/CodeIgniter.php(902): App\Controllers\Blt\Perhitungan->getIndex()
 6 SYSTEMPATH/CodeIgniter.php(457): CodeIgniter\CodeIgniter->runController()
 7 SYSTEMPATH/CodeIgniter.php(340): CodeIgniter\CodeIgniter->handleRequest()
 8 FCPATH/index.php(67): CodeIgniter\CodeIgniter->run()
 9 SYSTEMPATH/Commands/Server/rewrite.php(46): require_once('FCPATH/index.php')
CRITICAL - 2022-10-22 10:46:17 --> Cannot access offset of type string on string
in APPPATH/Views/blt/perhitungan/index.php on line 39.
 1 SYSTEMPATH/View/View.php(213): include()
 2 SYSTEMPATH/View/View.php(216): CodeIgniter\View\View->CodeIgniter\View\{closure}()
 3 SYSTEMPATH/Common.php(1142): CodeIgniter\View\View->render()
 4 APPPATH/Controllers/Blt/Perhitungan.php(39): view()
 5 SYSTEMPATH/CodeIgniter.php(902): App\Controllers\Blt\Perhitungan->getIndex()
 6 SYSTEMPATH/CodeIgniter.php(457): CodeIgniter\CodeIgniter->runController()
 7 SYSTEMPATH/CodeIgniter.php(340): CodeIgniter\CodeIgniter->handleRequest()
 8 FCPATH/index.php(67): CodeIgniter\CodeIgniter->run()
 9 SYSTEMPATH/Commands/Server/rewrite.php(46): require_once('FCPATH/index.php')
CRITICAL - 2022-10-22 10:46:17 --> Cannot access offset of type string on string
in APPPATH/Views/blt/perhitungan/index.php on line 39.
 1 SYSTEMPATH/View/View.php(213): include()
 2 SYSTEMPATH/View/View.php(216): CodeIgniter\View\View->CodeIgniter\View\{closure}()
 3 SYSTEMPATH/Common.php(1142): CodeIgniter\View\View->render()
 4 APPPATH/Controllers/Blt/Perhitungan.php(39): view()
 5 SYSTEMPATH/CodeIgniter.php(902): App\Controllers\Blt\Perhitungan->getIndex()
 6 SYSTEMPATH/CodeIgniter.php(457): CodeIgniter\CodeIgniter->runController()
 7 SYSTEMPATH/CodeIgniter.php(340): CodeIgniter\CodeIgniter->handleRequest()
 8 FCPATH/index.php(67): CodeIgniter\CodeIgniter->run()
 9 SYSTEMPATH/Commands/Server/rewrite.php(46): require_once('FCPATH/index.php')
CRITICAL - 2022-10-22 10:47:03 --> Array to string conversion
in APPPATH/Views/blt/perhitungan/index.php on line 37.
 1 APPPATH/Views/blt/perhitungan/index.php(37): CodeIgniter\Debug\Exceptions->errorHandler()
 2 SYSTEMPATH/View/View.php(213): include('APPPATH/Views/blt/perhitungan/index.php')
 3 SYSTEMPATH/View/View.php(216): CodeIgniter\View\View->CodeIgniter\View\{closure}()
 4 SYSTEMPATH/Common.php(1142): CodeIgniter\View\View->render()
 5 APPPATH/Controllers/Blt/Perhitungan.php(39): view()
 6 SYSTEMPATH/CodeIgniter.php(902): App\Controllers\Blt\Perhitungan->getIndex()
 7 SYSTEMPATH/CodeIgniter.php(457): CodeIgniter\CodeIgniter->runController()
 8 SYSTEMPATH/CodeIgniter.php(340): CodeIgniter\CodeIgniter->handleRequest()
 9 FCPATH/index.php(67): CodeIgniter\CodeIgniter->run()
10 SYSTEMPATH/Commands/Server/rewrite.php(46): require_once('FCPATH/index.php')
CRITICAL - 2022-10-22 10:47:04 --> Array to string conversion
in APPPATH/Views/blt/perhitungan/index.php on line 37.
 1 APPPATH/Views/blt/perhitungan/index.php(37): CodeIgniter\Debug\Exceptions->errorHandler()
 2 SYSTEMPATH/View/View.php(213): include('APPPATH/Views/blt/perhitungan/index.php')
 3 SYSTEMPATH/View/View.php(216): CodeIgniter\View\View->CodeIgniter\View\{closure}()
 4 SYSTEMPATH/Common.php(1142): CodeIgniter\View\View->render()
 5 APPPATH/Controllers/Blt/Perhitungan.php(39): view()
 6 SYSTEMPATH/CodeIgniter.php(902): App\Controllers\Blt\Perhitungan->getIndex()
 7 SYSTEMPATH/CodeIgniter.php(457): CodeIgniter\CodeIgniter->runController()
 8 SYSTEMPATH/CodeIgniter.php(340): CodeIgniter\CodeIgniter->handleRequest()
 9 FCPATH/index.php(67): CodeIgniter\CodeIgniter->run()
10 SYSTEMPATH/Commands/Server/rewrite.php(46): require_once('FCPATH/index.php')
CRITICAL - 2022-10-22 10:47:04 --> Array to string conversion
in APPPATH/Views/blt/perhitungan/index.php on line 37.
 1 APPPATH/Views/blt/perhitungan/index.php(37): CodeIgniter\Debug\Exceptions->errorHandler()
 2 SYSTEMPATH/View/View.php(213): include('APPPATH/Views/blt/perhitungan/index.php')
 3 SYSTEMPATH/View/View.php(216): CodeIgniter\View\View->CodeIgniter\View\{closure}()
 4 SYSTEMPATH/Common.php(1142): CodeIgniter\View\View->render()
 5 APPPATH/Controllers/Blt/Perhitungan.php(39): view()
 6 SYSTEMPATH/CodeIgniter.php(902): App\Controllers\Blt\Perhitungan->getIndex()
 7 SYSTEMPATH/CodeIgniter.php(457): CodeIgniter\CodeIgniter->runController()
 8 SYSTEMPATH/CodeIgniter.php(340): CodeIgniter\CodeIgniter->handleRequest()
 9 FCPATH/index.php(67): CodeIgniter\CodeIgniter->run()
10 SYSTEMPATH/Commands/Server/rewrite.php(46): require_once('FCPATH/index.php')
CRITICAL - 2022-10-22 10:47:04 --> Array to string conversion
in APPPATH/Views/blt/perhitungan/index.php on line 37.
 1 APPPATH/Views/blt/perhitungan/index.php(37): CodeIgniter\Debug\Exceptions->errorHandler()
 2 SYSTEMPATH/View/View.php(213): include('APPPATH/Views/blt/perhitungan/index.php')
 3 SYSTEMPATH/View/View.php(216): CodeIgniter\View\View->CodeIgniter\View\{closure}()
 4 SYSTEMPATH/Common.php(1142): CodeIgniter\View\View->render()
 5 APPPATH/Controllers/Blt/Perhitungan.php(39): view()
 6 SYSTEMPATH/CodeIgniter.php(902): App\Controllers\Blt\Perhitungan->getIndex()
 7 SYSTEMPATH/CodeIgniter.php(457): CodeIgniter\CodeIgniter->runController()
 8 SYSTEMPATH/CodeIgniter.php(340): CodeIgniter\CodeIgniter->handleRequest()
 9 FCPATH/index.php(67): CodeIgniter\CodeIgniter->run()
10 SYSTEMPATH/Commands/Server/rewrite.php(46): require_once('FCPATH/index.php')
CRITICAL - 2022-10-22 10:47:09 --> Array to string conversion
in APPPATH/Views/blt/perhitungan/index.php on line 37.
 1 APPPATH/Views/blt/perhitungan/index.php(37): CodeIgniter\Debug\Exceptions->errorHandler()
 2 SYSTEMPATH/View/View.php(213): include('APPPATH/Views/blt/perhitungan/index.php')
 3 SYSTEMPATH/View/View.php(216): CodeIgniter\View\View->CodeIgniter\View\{closure}()
 4 SYSTEMPATH/Common.php(1142): CodeIgniter\View\View->render()
 5 APPPATH/Controllers/Blt/Perhitungan.php(39): view()
 6 SYSTEMPATH/CodeIgniter.php(902): App\Controllers\Blt\Perhitungan->getIndex()
 7 SYSTEMPATH/CodeIgniter.php(457): CodeIgniter\CodeIgniter->runController()
 8 SYSTEMPATH/CodeIgniter.php(340): CodeIgniter\CodeIgniter->handleRequest()
 9 FCPATH/index.php(67): CodeIgniter\CodeIgniter->run()
10 SYSTEMPATH/Commands/Server/rewrite.php(46): require_once('FCPATH/index.php')
CRITICAL - 2022-10-22 10:47:09 --> Array to string conversion
in APPPATH/Views/blt/perhitungan/index.php on line 37.
 1 APPPATH/Views/blt/perhitungan/index.php(37): CodeIgniter\Debug\Exceptions->errorHandler()
 2 SYSTEMPATH/View/View.php(213): include('APPPATH/Views/blt/perhitungan/index.php')
 3 SYSTEMPATH/View/View.php(216): CodeIgniter\View\View->CodeIgniter\View\{closure}()
 4 SYSTEMPATH/Common.php(1142): CodeIgniter\View\View->render()
 5 APPPATH/Controllers/Blt/Perhitungan.php(39): view()
 6 SYSTEMPATH/CodeIgniter.php(902): App\Controllers\Blt\Perhitungan->getIndex()
 7 SYSTEMPATH/CodeIgniter.php(457): CodeIgniter\CodeIgniter->runController()
 8 SYSTEMPATH/CodeIgniter.php(340): CodeIgniter\CodeIgniter->handleRequest()
 9 FCPATH/index.php(67): CodeIgniter\CodeIgniter->run()
10 SYSTEMPATH/Commands/Server/rewrite.php(46): require_once('FCPATH/index.php')
CRITICAL - 2022-10-22 10:47:09 --> Array to string conversion
in APPPATH/Views/blt/perhitungan/index.php on line 37.
 1 APPPATH/Views/blt/perhitungan/index.php(37): CodeIgniter\Debug\Exceptions->errorHandler()
 2 SYSTEMPATH/View/View.php(213): include('APPPATH/Views/blt/perhitungan/index.php')
 3 SYSTEMPATH/View/View.php(216): CodeIgniter\View\View->CodeIgniter\View\{closure}()
 4 SYSTEMPATH/Common.php(1142): CodeIgniter\View\View->render()
 5 APPPATH/Controllers/Blt/Perhitungan.php(39): view()
 6 SYSTEMPATH/CodeIgniter.php(902): App\Controllers\Blt\Perhitungan->getIndex()
 7 SYSTEMPATH/CodeIgniter.php(457): CodeIgniter\CodeIgniter->runController()
 8 SYSTEMPATH/CodeIgniter.php(340): CodeIgniter\CodeIgniter->handleRequest()
 9 FCPATH/index.php(67): CodeIgniter\CodeIgniter->run()
10 SYSTEMPATH/Commands/Server/rewrite.php(46): require_once('FCPATH/index.php')
CRITICAL - 2022-10-22 10:47:09 --> Array to string conversion
in APPPATH/Views/blt/perhitungan/index.php on line 37.
 1 APPPATH/Views/blt/perhitungan/index.php(37): CodeIgniter\Debug\Exceptions->errorHandler()
 2 SYSTEMPATH/View/View.php(213): include('APPPATH/Views/blt/perhitungan/index.php')
 3 SYSTEMPATH/View/View.php(216): CodeIgniter\View\View->CodeIgniter\View\{closure}()
 4 SYSTEMPATH/Common.php(1142): CodeIgniter\View\View->render()
 5 APPPATH/Controllers/Blt/Perhitungan.php(39): view()
 6 SYSTEMPATH/CodeIgniter.php(902): App\Controllers\Blt\Perhitungan->getIndex()
 7 SYSTEMPATH/CodeIgniter.php(457): CodeIgniter\CodeIgniter->runController()
 8 SYSTEMPATH/CodeIgniter.php(340): CodeIgniter\CodeIgniter->handleRequest()
 9 FCPATH/index.php(67): CodeIgniter\CodeIgniter->run()
10 SYSTEMPATH/Commands/Server/rewrite.php(46): require_once('FCPATH/index.php')
CRITICAL - 2022-10-22 10:47:09 --> Array to string conversion
in APPPATH/Views/blt/perhitungan/index.php on line 37.
 1 APPPATH/Views/blt/perhitungan/index.php(37): CodeIgniter\Debug\Exceptions->errorHandler()
 2 SYSTEMPATH/View/View.php(213): include('APPPATH/Views/blt/perhitungan/index.php')
 3 SYSTEMPATH/View/View.php(216): CodeIgniter\View\View->CodeIgniter\View\{closure}()
 4 SYSTEMPATH/Common.php(1142): CodeIgniter\View\View->render()
 5 APPPATH/Controllers/Blt/Perhitungan.php(39): view()
 6 SYSTEMPATH/CodeIgniter.php(902): App\Controllers\Blt\Perhitungan->getIndex()
 7 SYSTEMPATH/CodeIgniter.php(457): CodeIgniter\CodeIgniter->runController()
 8 SYSTEMPATH/CodeIgniter.php(340): CodeIgniter\CodeIgniter->handleRequest()
 9 FCPATH/index.php(67): CodeIgniter\CodeIgniter->run()
10 SYSTEMPATH/Commands/Server/rewrite.php(46): require_once('FCPATH/index.php')
CRITICAL - 2022-10-22 10:48:06 --> Array to string conversion
in APPPATH/Views/blt/perhitungan/index.php on line 37.
 1 APPPATH/Views/blt/perhitungan/index.php(37): CodeIgniter\Debug\Exceptions->errorHandler()
 2 SYSTEMPATH/View/View.php(213): include('APPPATH/Views/blt/perhitungan/index.php')
 3 SYSTEMPATH/View/View.php(216): CodeIgniter\View\View->CodeIgniter\View\{closure}()
 4 SYSTEMPATH/Common.php(1142): CodeIgniter\View\View->render()
 5 APPPATH/Controllers/Blt/Perhitungan.php(39): view()
 6 SYSTEMPATH/CodeIgniter.php(902): App\Controllers\Blt\Perhitungan->getIndex()
 7 SYSTEMPATH/CodeIgniter.php(457): CodeIgniter\CodeIgniter->runController()
 8 SYSTEMPATH/CodeIgniter.php(340): CodeIgniter\CodeIgniter->handleRequest()
 9 FCPATH/index.php(67): CodeIgniter\CodeIgniter->run()
10 SYSTEMPATH/Commands/Server/rewrite.php(46): require_once('FCPATH/index.php')
CRITICAL - 2022-10-22 10:48:26 --> Array to string conversion
in APPPATH/Views/blt/perhitungan/index.php on line 37.
 1 APPPATH/Views/blt/perhitungan/index.php(37): CodeIgniter\Debug\Exceptions->errorHandler()
 2 SYSTEMPATH/View/View.php(213): include('APPPATH/Views/blt/perhitungan/index.php')
 3 SYSTEMPATH/View/View.php(216): CodeIgniter\View\View->CodeIgniter\View\{closure}()
 4 SYSTEMPATH/Common.php(1142): CodeIgniter\View\View->render()
 5 APPPATH/Controllers/Blt/Perhitungan.php(39): view()
 6 SYSTEMPATH/CodeIgniter.php(902): App\Controllers\Blt\Perhitungan->getIndex()
 7 SYSTEMPATH/CodeIgniter.php(457): CodeIgniter\CodeIgniter->runController()
 8 SYSTEMPATH/CodeIgniter.php(340): CodeIgniter\CodeIgniter->handleRequest()
 9 FCPATH/index.php(67): CodeIgniter\CodeIgniter->run()
10 SYSTEMPATH/Commands/Server/rewrite.php(46): require_once('FCPATH/index.php')
CRITICAL - 2022-10-22 10:48:26 --> Array to string conversion
in APPPATH/Views/blt/perhitungan/index.php on line 37.
 1 APPPATH/Views/blt/perhitungan/index.php(37): CodeIgniter\Debug\Exceptions->errorHandler()
 2 SYSTEMPATH/View/View.php(213): include('APPPATH/Views/blt/perhitungan/index.php')
 3 SYSTEMPATH/View/View.php(216): CodeIgniter\View\View->CodeIgniter\View\{closure}()
 4 SYSTEMPATH/Common.php(1142): CodeIgniter\View\View->render()
 5 APPPATH/Controllers/Blt/Perhitungan.php(39): view()
 6 SYSTEMPATH/CodeIgniter.php(902): App\Controllers\Blt\Perhitungan->getIndex()
 7 SYSTEMPATH/CodeIgniter.php(457): CodeIgniter\CodeIgniter->runController()
 8 SYSTEMPATH/CodeIgniter.php(340): CodeIgniter\CodeIgniter->handleRequest()
 9 FCPATH/index.php(67): CodeIgniter\CodeIgniter->run()
10 SYSTEMPATH/Commands/Server/rewrite.php(46): require_once('FCPATH/index.php')
CRITICAL - 2022-10-22 10:48:26 --> Array to string conversion
in APPPATH/Views/blt/perhitungan/index.php on line 37.
 1 APPPATH/Views/blt/perhitungan/index.php(37): CodeIgniter\Debug\Exceptions->errorHandler()
 2 SYSTEMPATH/View/View.php(213): include('APPPATH/Views/blt/perhitungan/index.php')
 3 SYSTEMPATH/View/View.php(216): CodeIgniter\View\View->CodeIgniter\View\{closure}()
 4 SYSTEMPATH/Common.php(1142): CodeIgniter\View\View->render()
 5 APPPATH/Controllers/Blt/Perhitungan.php(39): view()
 6 SYSTEMPATH/CodeIgniter.php(902): App\Controllers\Blt\Perhitungan->getIndex()
 7 SYSTEMPATH/CodeIgniter.php(457): CodeIgniter\CodeIgniter->runController()
 8 SYSTEMPATH/CodeIgniter.php(340): CodeIgniter\CodeIgniter->handleRequest()
 9 FCPATH/index.php(67): CodeIgniter\CodeIgniter->run()
10 SYSTEMPATH/Commands/Server/rewrite.php(46): require_once('FCPATH/index.php')
CRITICAL - 2022-10-22 10:48:26 --> Array to string conversion
in APPPATH/Views/blt/perhitungan/index.php on line 37.
 1 APPPATH/Views/blt/perhitungan/index.php(37): CodeIgniter\Debug\Exceptions->errorHandler()
 2 SYSTEMPATH/View/View.php(213): include('APPPATH/Views/blt/perhitungan/index.php')
 3 SYSTEMPATH/View/View.php(216): CodeIgniter\View\View->CodeIgniter\View\{closure}()
 4 SYSTEMPATH/Common.php(1142): CodeIgniter\View\View->render()
 5 APPPATH/Controllers/Blt/Perhitungan.php(39): view()
 6 SYSTEMPATH/CodeIgniter.php(902): App\Controllers\Blt\Perhitungan->getIndex()
 7 SYSTEMPATH/CodeIgniter.php(457): CodeIgniter\CodeIgniter->runController()
 8 SYSTEMPATH/CodeIgniter.php(340): CodeIgniter\CodeIgniter->handleRequest()
 9 FCPATH/index.php(67): CodeIgniter\CodeIgniter->run()
10 SYSTEMPATH/Commands/Server/rewrite.php(46): require_once('FCPATH/index.php')
CRITICAL - 2022-10-22 10:48:27 --> Array to string conversion
in APPPATH/Views/blt/perhitungan/index.php on line 37.
 1 APPPATH/Views/blt/perhitungan/index.php(37): CodeIgniter\Debug\Exceptions->errorHandler()
 2 SYSTEMPATH/View/View.php(213): include('APPPATH/Views/blt/perhitungan/index.php')
 3 SYSTEMPATH/View/View.php(216): CodeIgniter\View\View->CodeIgniter\View\{closure}()
 4 SYSTEMPATH/Common.php(1142): CodeIgniter\View\View->render()
 5 APPPATH/Controllers/Blt/Perhitungan.php(39): view()
 6 SYSTEMPATH/CodeIgniter.php(902): App\Controllers\Blt\Perhitungan->getIndex()
 7 SYSTEMPATH/CodeIgniter.php(457): CodeIgniter\CodeIgniter->runController()
 8 SYSTEMPATH/CodeIgniter.php(340): CodeIgniter\CodeIgniter->handleRequest()
 9 FCPATH/index.php(67): CodeIgniter\CodeIgniter->run()
10 SYSTEMPATH/Commands/Server/rewrite.php(46): require_once('FCPATH/index.php')
CRITICAL - 2022-10-22 10:48:27 --> Array to string conversion
in APPPATH/Views/blt/perhitungan/index.php on line 37.
 1 APPPATH/Views/blt/perhitungan/index.php(37): CodeIgniter\Debug\Exceptions->errorHandler()
 2 SYSTEMPATH/View/View.php(213): include('APPPATH/Views/blt/perhitungan/index.php')
 3 SYSTEMPATH/View/View.php(216): CodeIgniter\View\View->CodeIgniter\View\{closure}()
 4 SYSTEMPATH/Common.php(1142): CodeIgniter\View\View->render()
 5 APPPATH/Controllers/Blt/Perhitungan.php(39): view()
 6 SYSTEMPATH/CodeIgniter.php(902): App\Controllers\Blt\Perhitungan->getIndex()
 7 SYSTEMPATH/CodeIgniter.php(457): CodeIgniter\CodeIgniter->runController()
 8 SYSTEMPATH/CodeIgniter.php(340): CodeIgniter\CodeIgniter->handleRequest()
 9 FCPATH/index.php(67): CodeIgniter\CodeIgniter->run()
10 SYSTEMPATH/Commands/Server/rewrite.php(46): require_once('FCPATH/index.php')
CRITICAL - 2022-10-22 10:48:27 --> Array to string conversion
in APPPATH/Views/blt/perhitungan/index.php on line 37.
 1 APPPATH/Views/blt/perhitungan/index.php(37): CodeIgniter\Debug\Exceptions->errorHandler()
 2 SYSTEMPATH/View/View.php(213): include('APPPATH/Views/blt/perhitungan/index.php')
 3 SYSTEMPATH/View/View.php(216): CodeIgniter\View\View->CodeIgniter\View\{closure}()
 4 SYSTEMPATH/Common.php(1142): CodeIgniter\View\View->render()
 5 APPPATH/Controllers/Blt/Perhitungan.php(39): view()
 6 SYSTEMPATH/CodeIgniter.php(902): App\Controllers\Blt\Perhitungan->getIndex()
 7 SYSTEMPATH/CodeIgniter.php(457): CodeIgniter\CodeIgniter->runController()
 8 SYSTEMPATH/CodeIgniter.php(340): CodeIgniter\CodeIgniter->handleRequest()
 9 FCPATH/index.php(67): CodeIgniter\CodeIgniter->run()
10 SYSTEMPATH/Commands/Server/rewrite.php(46): require_once('FCPATH/index.php')
CRITICAL - 2022-10-22 10:48:27 --> Array to string conversion
in APPPATH/Views/blt/perhitungan/index.php on line 37.
 1 APPPATH/Views/blt/perhitungan/index.php(37): CodeIgniter\Debug\Exceptions->errorHandler()
 2 SYSTEMPATH/View/View.php(213): include('APPPATH/Views/blt/perhitungan/index.php')
 3 SYSTEMPATH/View/View.php(216): CodeIgniter\View\View->CodeIgniter\View\{closure}()
 4 SYSTEMPATH/Common.php(1142): CodeIgniter\View\View->render()
 5 APPPATH/Controllers/Blt/Perhitungan.php(39): view()
 6 SYSTEMPATH/CodeIgniter.php(902): App\Controllers\Blt\Perhitungan->getIndex()
 7 SYSTEMPATH/CodeIgniter.php(457): CodeIgniter\CodeIgniter->runController()
 8 SYSTEMPATH/CodeIgniter.php(340): CodeIgniter\CodeIgniter->handleRequest()
 9 FCPATH/index.php(67): CodeIgniter\CodeIgniter->run()
10 SYSTEMPATH/Commands/Server/rewrite.php(46): require_once('FCPATH/index.php')
CRITICAL - 2022-10-22 10:48:27 --> Array to string conversion
in APPPATH/Views/blt/perhitungan/index.php on line 37.
 1 APPPATH/Views/blt/perhitungan/index.php(37): CodeIgniter\Debug\Exceptions->errorHandler()
 2 SYSTEMPATH/View/View.php(213): include('APPPATH/Views/blt/perhitungan/index.php')
 3 SYSTEMPATH/View/View.php(216): CodeIgniter\View\View->CodeIgniter\View\{closure}()
 4 SYSTEMPATH/Common.php(1142): CodeIgniter\View\View->render()
 5 APPPATH/Controllers/Blt/Perhitungan.php(39): view()
 6 SYSTEMPATH/CodeIgniter.php(902): App\Controllers\Blt\Perhitungan->getIndex()
 7 SYSTEMPATH/CodeIgniter.php(457): CodeIgniter\CodeIgniter->runController()
 8 SYSTEMPATH/CodeIgniter.php(340): CodeIgniter\CodeIgniter->handleRequest()
 9 FCPATH/index.php(67): CodeIgniter\CodeIgniter->run()
10 SYSTEMPATH/Commands/Server/rewrite.php(46): require_once('FCPATH/index.php')
CRITICAL - 2022-10-22 10:48:53 --> Array to string conversion
in APPPATH/Views/blt/perhitungan/index.php on line 37.
 1 APPPATH/Views/blt/perhitungan/index.php(37): CodeIgniter\Debug\Exceptions->errorHandler()
 2 SYSTEMPATH/View/View.php(213): include('APPPATH/Views/blt/perhitungan/index.php')
 3 SYSTEMPATH/View/View.php(216): CodeIgniter\View\View->CodeIgniter\View\{closure}()
 4 SYSTEMPATH/Common.php(1142): CodeIgniter\View\View->render()
 5 APPPATH/Controllers/Blt/Perhitungan.php(39): view()
 6 SYSTEMPATH/CodeIgniter.php(902): App\Controllers\Blt\Perhitungan->getIndex()
 7 SYSTEMPATH/CodeIgniter.php(457): CodeIgniter\CodeIgniter->runController()
 8 SYSTEMPATH/CodeIgniter.php(340): CodeIgniter\CodeIgniter->handleRequest()
 9 FCPATH/index.php(67): CodeIgniter\CodeIgniter->run()
10 SYSTEMPATH/Commands/Server/rewrite.php(46): require_once('FCPATH/index.php')
CRITICAL - 2022-10-22 10:49:09 --> Array to string conversion
in APPPATH/Views/blt/perhitungan/index.php on line 37.
 1 APPPATH/Views/blt/perhitungan/index.php(37): CodeIgniter\Debug\Exceptions->errorHandler()
 2 SYSTEMPATH/View/View.php(213): include('APPPATH/Views/blt/perhitungan/index.php')
 3 SYSTEMPATH/View/View.php(216): CodeIgniter\View\View->CodeIgniter\View\{closure}()
 4 SYSTEMPATH/Common.php(1142): CodeIgniter\View\View->render()
 5 APPPATH/Controllers/Blt/Perhitungan.php(39): view()
 6 SYSTEMPATH/CodeIgniter.php(902): App\Controllers\Blt\Perhitungan->getIndex()
 7 SYSTEMPATH/CodeIgniter.php(457): CodeIgniter\CodeIgniter->runController()
 8 SYSTEMPATH/CodeIgniter.php(340): CodeIgniter\CodeIgniter->handleRequest()
 9 FCPATH/index.php(67): CodeIgniter\CodeIgniter->run()
10 SYSTEMPATH/Commands/Server/rewrite.php(46): require_once('FCPATH/index.php')
CRITICAL - 2022-10-22 10:49:09 --> Array to string conversion
in APPPATH/Views/blt/perhitungan/index.php on line 37.
 1 APPPATH/Views/blt/perhitungan/index.php(37): CodeIgniter\Debug\Exceptions->errorHandler()
 2 SYSTEMPATH/View/View.php(213): include('APPPATH/Views/blt/perhitungan/index.php')
 3 SYSTEMPATH/View/View.php(216): CodeIgniter\View\View->CodeIgniter\View\{closure}()
 4 SYSTEMPATH/Common.php(1142): CodeIgniter\View\View->render()
 5 APPPATH/Controllers/Blt/Perhitungan.php(39): view()
 6 SYSTEMPATH/CodeIgniter.php(902): App\Controllers\Blt\Perhitungan->getIndex()
 7 SYSTEMPATH/CodeIgniter.php(457): CodeIgniter\CodeIgniter->runController()
 8 SYSTEMPATH/CodeIgniter.php(340): CodeIgniter\CodeIgniter->handleRequest()
 9 FCPATH/index.php(67): CodeIgniter\CodeIgniter->run()
10 SYSTEMPATH/Commands/Server/rewrite.php(46): require_once('FCPATH/index.php')
CRITICAL - 2022-10-22 10:49:09 --> Array to string conversion
in APPPATH/Views/blt/perhitungan/index.php on line 37.
 1 APPPATH/Views/blt/perhitungan/index.php(37): CodeIgniter\Debug\Exceptions->errorHandler()
 2 SYSTEMPATH/View/View.php(213): include('APPPATH/Views/blt/perhitungan/index.php')
 3 SYSTEMPATH/View/View.php(216): CodeIgniter\View\View->CodeIgniter\View\{closure}()
 4 SYSTEMPATH/Common.php(1142): CodeIgniter\View\View->render()
 5 APPPATH/Controllers/Blt/Perhitungan.php(39): view()
 6 SYSTEMPATH/CodeIgniter.php(902): App\Controllers\Blt\Perhitungan->getIndex()
 7 SYSTEMPATH/CodeIgniter.php(457): CodeIgniter\CodeIgniter->runController()
 8 SYSTEMPATH/CodeIgniter.php(340): CodeIgniter\CodeIgniter->handleRequest()
 9 FCPATH/index.php(67): CodeIgniter\CodeIgniter->run()
10 SYSTEMPATH/Commands/Server/rewrite.php(46): require_once('FCPATH/index.php')
CRITICAL - 2022-10-22 10:50:32 --> Array to string conversion
in APPPATH/Views/blt/perhitungan/index.php on line 38.
 1 APPPATH/Views/blt/perhitungan/index.php(38): CodeIgniter\Debug\Exceptions->errorHandler()
 2 SYSTEMPATH/View/View.php(213): include('APPPATH/Views/blt/perhitungan/index.php')
 3 SYSTEMPATH/View/View.php(216): CodeIgniter\View\View->CodeIgniter\View\{closure}()
 4 SYSTEMPATH/Common.php(1142): CodeIgniter\View\View->render()
 5 APPPATH/Controllers/Blt/Perhitungan.php(39): view()
 6 SYSTEMPATH/CodeIgniter.php(902): App\Controllers\Blt\Perhitungan->getIndex()
 7 SYSTEMPATH/CodeIgniter.php(457): CodeIgniter\CodeIgniter->runController()
 8 SYSTEMPATH/CodeIgniter.php(340): CodeIgniter\CodeIgniter->handleRequest()
 9 FCPATH/index.php(67): CodeIgniter\CodeIgniter->run()
10 SYSTEMPATH/Commands/Server/rewrite.php(46): require_once('FCPATH/index.php')
CRITICAL - 2022-10-22 10:51:02 --> Undefined array key 0
in APPPATH/Views/blt/perhitungan/index.php on line 38.
 1 APPPATH/Views/blt/perhitungan/index.php(38): CodeIgniter\Debug\Exceptions->errorHandler()
 2 SYSTEMPATH/View/View.php(213): include('APPPATH/Views/blt/perhitungan/index.php')
 3 SYSTEMPATH/View/View.php(216): CodeIgniter\View\View->CodeIgniter\View\{closure}()
 4 SYSTEMPATH/Common.php(1142): CodeIgniter\View\View->render()
 5 APPPATH/Controllers/Blt/Perhitungan.php(39): view()
 6 SYSTEMPATH/CodeIgniter.php(902): App\Controllers\Blt\Perhitungan->getIndex()
 7 SYSTEMPATH/CodeIgniter.php(457): CodeIgniter\CodeIgniter->runController()
 8 SYSTEMPATH/CodeIgniter.php(340): CodeIgniter\CodeIgniter->handleRequest()
 9 FCPATH/index.php(67): CodeIgniter\CodeIgniter->run()
10 SYSTEMPATH/Commands/Server/rewrite.php(46): require_once('FCPATH/index.php')
CRITICAL - 2022-10-22 10:51:26 --> Cannot access offset of type string on string
in APPPATH/Views/blt/perhitungan/index.php on line 42.
 1 SYSTEMPATH/View/View.php(213): include()
 2 SYSTEMPATH/View/View.php(216): CodeIgniter\View\View->CodeIgniter\View\{closure}()
 3 SYSTEMPATH/Common.php(1142): CodeIgniter\View\View->render()
 4 APPPATH/Controllers/Blt/Perhitungan.php(39): view()
 5 SYSTEMPATH/CodeIgniter.php(902): App\Controllers\Blt\Perhitungan->getIndex()
 6 SYSTEMPATH/CodeIgniter.php(457): CodeIgniter\CodeIgniter->runController()
 7 SYSTEMPATH/CodeIgniter.php(340): CodeIgniter\CodeIgniter->handleRequest()
 8 FCPATH/index.php(67): CodeIgniter\CodeIgniter->run()
 9 SYSTEMPATH/Commands/Server/rewrite.php(46): require_once('FCPATH/index.php')
CRITICAL - 2022-10-22 10:51:43 --> Cannot access offset of type string on string
in APPPATH/Views/blt/perhitungan/index.php on line 42.
 1 SYSTEMPATH/View/View.php(213): include()
 2 SYSTEMPATH/View/View.php(216): CodeIgniter\View\View->CodeIgniter\View\{closure}()
 3 SYSTEMPATH/Common.php(1142): CodeIgniter\View\View->render()
 4 APPPATH/Controllers/Blt/Perhitungan.php(39): view()
 5 SYSTEMPATH/CodeIgniter.php(902): App\Controllers\Blt\Perhitungan->getIndex()
 6 SYSTEMPATH/CodeIgniter.php(457): CodeIgniter\CodeIgniter->runController()
 7 SYSTEMPATH/CodeIgniter.php(340): CodeIgniter\CodeIgniter->handleRequest()
 8 FCPATH/index.php(67): CodeIgniter\CodeIgniter->run()
 9 SYSTEMPATH/Commands/Server/rewrite.php(46): require_once('FCPATH/index.php')
CRITICAL - 2022-10-22 10:51:43 --> Cannot access offset of type string on string
in APPPATH/Views/blt/perhitungan/index.php on line 42.
 1 SYSTEMPATH/View/View.php(213): include()
 2 SYSTEMPATH/View/View.php(216): CodeIgniter\View\View->CodeIgniter\View\{closure}()
 3 SYSTEMPATH/Common.php(1142): CodeIgniter\View\View->render()
 4 APPPATH/Controllers/Blt/Perhitungan.php(39): view()
 5 SYSTEMPATH/CodeIgniter.php(902): App\Controllers\Blt\Perhitungan->getIndex()
 6 SYSTEMPATH/CodeIgniter.php(457): CodeIgniter\CodeIgniter->runController()
 7 SYSTEMPATH/CodeIgniter.php(340): CodeIgniter\CodeIgniter->handleRequest()
 8 FCPATH/index.php(67): CodeIgniter\CodeIgniter->run()
 9 SYSTEMPATH/Commands/Server/rewrite.php(46): require_once('FCPATH/index.php')
CRITICAL - 2022-10-22 10:51:43 --> Cannot access offset of type string on string
in APPPATH/Views/blt/perhitungan/index.php on line 42.
 1 SYSTEMPATH/View/View.php(213): include()
 2 SYSTEMPATH/View/View.php(216): CodeIgniter\View\View->CodeIgniter\View\{closure}()
 3 SYSTEMPATH/Common.php(1142): CodeIgniter\View\View->render()
 4 APPPATH/Controllers/Blt/Perhitungan.php(39): view()
 5 SYSTEMPATH/CodeIgniter.php(902): App\Controllers\Blt\Perhitungan->getIndex()
 6 SYSTEMPATH/CodeIgniter.php(457): CodeIgniter\CodeIgniter->runController()
 7 SYSTEMPATH/CodeIgniter.php(340): CodeIgniter\CodeIgniter->handleRequest()
 8 FCPATH/index.php(67): CodeIgniter\CodeIgniter->run()
 9 SYSTEMPATH/Commands/Server/rewrite.php(46): require_once('FCPATH/index.php')
CRITICAL - 2022-10-22 10:51:44 --> Cannot access offset of type string on string
in APPPATH/Views/blt/perhitungan/index.php on line 42.
 1 SYSTEMPATH/View/View.php(213): include()
 2 SYSTEMPATH/View/View.php(216): CodeIgniter\View\View->CodeIgniter\View\{closure}()
 3 SYSTEMPATH/Common.php(1142): CodeIgniter\View\View->render()
 4 APPPATH/Controllers/Blt/Perhitungan.php(39): view()
 5 SYSTEMPATH/CodeIgniter.php(902): App\Controllers\Blt\Perhitungan->getIndex()
 6 SYSTEMPATH/CodeIgniter.php(457): CodeIgniter\CodeIgniter->runController()
 7 SYSTEMPATH/CodeIgniter.php(340): CodeIgniter\CodeIgniter->handleRequest()
 8 FCPATH/index.php(67): CodeIgniter\CodeIgniter->run()
 9 SYSTEMPATH/Commands/Server/rewrite.php(46): require_once('FCPATH/index.php')
CRITICAL - 2022-10-22 10:51:44 --> Cannot access offset of type string on string
in APPPATH/Views/blt/perhitungan/index.php on line 42.
 1 SYSTEMPATH/View/View.php(213): include()
 2 SYSTEMPATH/View/View.php(216): CodeIgniter\View\View->CodeIgniter\View\{closure}()
 3 SYSTEMPATH/Common.php(1142): CodeIgniter\View\View->render()
 4 APPPATH/Controllers/Blt/Perhitungan.php(39): view()
 5 SYSTEMPATH/CodeIgniter.php(902): App\Controllers\Blt\Perhitungan->getIndex()
 6 SYSTEMPATH/CodeIgniter.php(457): CodeIgniter\CodeIgniter->runController()
 7 SYSTEMPATH/CodeIgniter.php(340): CodeIgniter\CodeIgniter->handleRequest()
 8 FCPATH/index.php(67): CodeIgniter\CodeIgniter->run()
 9 SYSTEMPATH/Commands/Server/rewrite.php(46): require_once('FCPATH/index.php')
CRITICAL - 2022-10-22 11:05:53 --> Cannot access offset of type string on string
in APPPATH/Views/blt/perhitungan/index.php on line 38.
 1 SYSTEMPATH/View/View.php(213): include()
 2 SYSTEMPATH/View/View.php(216): CodeIgniter\View\View->CodeIgniter\View\{closure}()
 3 SYSTEMPATH/Common.php(1142): CodeIgniter\View\View->render()
 4 APPPATH/Controllers/Blt/Perhitungan.php(39): view()
 5 SYSTEMPATH/CodeIgniter.php(902): App\Controllers\Blt\Perhitungan->getIndex()
 6 SYSTEMPATH/CodeIgniter.php(457): CodeIgniter\CodeIgniter->runController()
 7 SYSTEMPATH/CodeIgniter.php(340): CodeIgniter\CodeIgniter->handleRequest()
 8 FCPATH/index.php(67): CodeIgniter\CodeIgniter->run()
 9 SYSTEMPATH/Commands/Server/rewrite.php(46): require_once('FCPATH/index.php')
CRITICAL - 2022-10-22 11:06:29 --> Cannot access offset of type string on string
in APPPATH/Views/blt/perhitungan/index.php on line 38.
 1 SYSTEMPATH/View/View.php(213): include()
 2 SYSTEMPATH/View/View.php(216): CodeIgniter\View\View->CodeIgniter\View\{closure}()
 3 SYSTEMPATH/Common.php(1142): CodeIgniter\View\View->render()
 4 APPPATH/Controllers/Blt/Perhitungan.php(39): view()
 5 SYSTEMPATH/CodeIgniter.php(902): App\Controllers\Blt\Perhitungan->getIndex()
 6 SYSTEMPATH/CodeIgniter.php(457): CodeIgniter\CodeIgniter->runController()
 7 SYSTEMPATH/CodeIgniter.php(340): CodeIgniter\CodeIgniter->handleRequest()
 8 FCPATH/index.php(67): CodeIgniter\CodeIgniter->run()
 9 SYSTEMPATH/Commands/Server/rewrite.php(46): require_once('FCPATH/index.php')
CRITICAL - 2022-10-22 11:06:30 --> Cannot access offset of type string on string
in APPPATH/Views/blt/perhitungan/index.php on line 38.
 1 SYSTEMPATH/View/View.php(213): include()
 2 SYSTEMPATH/View/View.php(216): CodeIgniter\View\View->CodeIgniter\View\{closure}()
 3 SYSTEMPATH/Common.php(1142): CodeIgniter\View\View->render()
 4 APPPATH/Controllers/Blt/Perhitungan.php(39): view()
 5 SYSTEMPATH/CodeIgniter.php(902): App\Controllers\Blt\Perhitungan->getIndex()
 6 SYSTEMPATH/CodeIgniter.php(457): CodeIgniter\CodeIgniter->runController()
 7 SYSTEMPATH/CodeIgniter.php(340): CodeIgniter\CodeIgniter->handleRequest()
 8 FCPATH/index.php(67): CodeIgniter\CodeIgniter->run()
 9 SYSTEMPATH/Commands/Server/rewrite.php(46): require_once('FCPATH/index.php')
CRITICAL - 2022-10-22 11:06:30 --> Cannot access offset of type string on string
in APPPATH/Views/blt/perhitungan/index.php on line 38.
 1 SYSTEMPATH/View/View.php(213): include()
 2 SYSTEMPATH/View/View.php(216): CodeIgniter\View\View->CodeIgniter\View\{closure}()
 3 SYSTEMPATH/Common.php(1142): CodeIgniter\View\View->render()
 4 APPPATH/Controllers/Blt/Perhitungan.php(39): view()
 5 SYSTEMPATH/CodeIgniter.php(902): App\Controllers\Blt\Perhitungan->getIndex()
 6 SYSTEMPATH/CodeIgniter.php(457): CodeIgniter\CodeIgniter->runController()
 7 SYSTEMPATH/CodeIgniter.php(340): CodeIgniter\CodeIgniter->handleRequest()
 8 FCPATH/index.php(67): CodeIgniter\CodeIgniter->run()
 9 SYSTEMPATH/Commands/Server/rewrite.php(46): require_once('FCPATH/index.php')
CRITICAL - 2022-10-22 11:06:30 --> Cannot access offset of type string on string
in APPPATH/Views/blt/perhitungan/index.php on line 38.
 1 SYSTEMPATH/View/View.php(213): include()
 2 SYSTEMPATH/View/View.php(216): CodeIgniter\View\View->CodeIgniter\View\{closure}()
 3 SYSTEMPATH/Common.php(1142): CodeIgniter\View\View->render()
 4 APPPATH/Controllers/Blt/Perhitungan.php(39): view()
 5 SYSTEMPATH/CodeIgniter.php(902): App\Controllers\Blt\Perhitungan->getIndex()
 6 SYSTEMPATH/CodeIgniter.php(457): CodeIgniter\CodeIgniter->runController()
 7 SYSTEMPATH/CodeIgniter.php(340): CodeIgniter\CodeIgniter->handleRequest()
 8 FCPATH/index.php(67): CodeIgniter\CodeIgniter->run()
 9 SYSTEMPATH/Commands/Server/rewrite.php(46): require_once('FCPATH/index.php')
CRITICAL - 2022-10-22 11:07:12 --> Cannot access offset of type string on string
in APPPATH/Views/blt/perhitungan/index.php on line 39.
 1 SYSTEMPATH/View/View.php(213): include()
 2 SYSTEMPATH/View/View.php(216): CodeIgniter\View\View->CodeIgniter\View\{closure}()
 3 SYSTEMPATH/Common.php(1142): CodeIgniter\View\View->render()
 4 APPPATH/Controllers/Blt/Perhitungan.php(39): view()
 5 SYSTEMPATH/CodeIgniter.php(902): App\Controllers\Blt\Perhitungan->getIndex()
 6 SYSTEMPATH/CodeIgniter.php(457): CodeIgniter\CodeIgniter->runController()
 7 SYSTEMPATH/CodeIgniter.php(340): CodeIgniter\CodeIgniter->handleRequest()
 8 FCPATH/index.php(67): CodeIgniter\CodeIgniter->run()
 9 SYSTEMPATH/Commands/Server/rewrite.php(46): require_once('FCPATH/index.php')
CRITICAL - 2022-10-22 11:07:32 --> Cannot access offset of type string on string
in APPPATH/Views/blt/perhitungan/index.php on line 39.
 1 SYSTEMPATH/View/View.php(213): include()
 2 SYSTEMPATH/View/View.php(216): CodeIgniter\View\View->CodeIgniter\View\{closure}()
 3 SYSTEMPATH/Common.php(1142): CodeIgniter\View\View->render()
 4 APPPATH/Controllers/Blt/Perhitungan.php(39): view()
 5 SYSTEMPATH/CodeIgniter.php(902): App\Controllers\Blt\Perhitungan->getIndex()
 6 SYSTEMPATH/CodeIgniter.php(457): CodeIgniter\CodeIgniter->runController()
 7 SYSTEMPATH/CodeIgniter.php(340): CodeIgniter\CodeIgniter->handleRequest()
 8 FCPATH/index.php(67): CodeIgniter\CodeIgniter->run()
 9 SYSTEMPATH/Commands/Server/rewrite.php(46): require_once('FCPATH/index.php')
CRITICAL - 2022-10-22 11:07:33 --> Cannot access offset of type string on string
in APPPATH/Views/blt/perhitungan/index.php on line 39.
 1 SYSTEMPATH/View/View.php(213): include()
 2 SYSTEMPATH/View/View.php(216): CodeIgniter\View\View->CodeIgniter\View\{closure}()
 3 SYSTEMPATH/Common.php(1142): CodeIgniter\View\View->render()
 4 APPPATH/Controllers/Blt/Perhitungan.php(39): view()
 5 SYSTEMPATH/CodeIgniter.php(902): App\Controllers\Blt\Perhitungan->getIndex()
 6 SYSTEMPATH/CodeIgniter.php(457): CodeIgniter\CodeIgniter->runController()
 7 SYSTEMPATH/CodeIgniter.php(340): CodeIgniter\CodeIgniter->handleRequest()
 8 FCPATH/index.php(67): CodeIgniter\CodeIgniter->run()
 9 SYSTEMPATH/Commands/Server/rewrite.php(46): require_once('FCPATH/index.php')
CRITICAL - 2022-10-22 11:10:18 --> Undefined array key 1
in APPPATH/Views/blt/perhitungan/index.php on line 47.
 1 APPPATH/Views/blt/perhitungan/index.php(47): CodeIgniter\Debug\Exceptions->errorHandler()
 2 SYSTEMPATH/View/View.php(213): include('APPPATH/Views/blt/perhitungan/index.php')
 3 SYSTEMPATH/View/View.php(216): CodeIgniter\View\View->CodeIgniter\View\{closure}()
 4 SYSTEMPATH/Common.php(1142): CodeIgniter\View\View->render()
 5 APPPATH/Controllers/Blt/Perhitungan.php(39): view()
 6 SYSTEMPATH/CodeIgniter.php(902): App\Controllers\Blt\Perhitungan->getIndex()
 7 SYSTEMPATH/CodeIgniter.php(457): CodeIgniter\CodeIgniter->runController()
 8 SYSTEMPATH/CodeIgniter.php(340): CodeIgniter\CodeIgniter->handleRequest()
 9 FCPATH/index.php(67): CodeIgniter\CodeIgniter->run()
10 SYSTEMPATH/Commands/Server/rewrite.php(46): require_once('FCPATH/index.php')
CRITICAL - 2022-10-22 11:18:25 --> array_push(): Argument #1 ($array) must be of type array, null given
in APPPATH/Views/blt/perhitungan/index.php on line 53.
 1 APPPATH/Views/blt/perhitungan/index.php(53): array_push()
 2 SYSTEMPATH/View/View.php(213): include('APPPATH/Views/blt/perhitungan/index.php')
 3 SYSTEMPATH/View/View.php(216): CodeIgniter\View\View->CodeIgniter\View\{closure}()
 4 SYSTEMPATH/Common.php(1142): CodeIgniter\View\View->render()
 5 APPPATH/Controllers/Blt/Perhitungan.php(39): view()
 6 SYSTEMPATH/CodeIgniter.php(902): App\Controllers\Blt\Perhitungan->getIndex()
 7 SYSTEMPATH/CodeIgniter.php(457): CodeIgniter\CodeIgniter->runController()
 8 SYSTEMPATH/CodeIgniter.php(340): CodeIgniter\CodeIgniter->handleRequest()
 9 FCPATH/index.php(67): CodeIgniter\CodeIgniter->run()
10 SYSTEMPATH/Commands/Server/rewrite.php(46): require_once('FCPATH/index.php')
CRITICAL - 2022-10-22 11:27:54 --> Undefined array key "C1"
in APPPATH/Views/blt/perhitungan/index.php on line 42.
 1 APPPATH/Views/blt/perhitungan/index.php(42): CodeIgniter\Debug\Exceptions->errorHandler()
 2 SYSTEMPATH/View/View.php(213): include('APPPATH/Views/blt/perhitungan/index.php')
 3 SYSTEMPATH/View/View.php(216): CodeIgniter\View\View->CodeIgniter\View\{closure}()
 4 SYSTEMPATH/Common.php(1142): CodeIgniter\View\View->render()
 5 APPPATH/Controllers/Blt/Perhitungan.php(39): view()
 6 SYSTEMPATH/CodeIgniter.php(902): App\Controllers\Blt\Perhitungan->getIndex()
 7 SYSTEMPATH/CodeIgniter.php(457): CodeIgniter\CodeIgniter->runController()
 8 SYSTEMPATH/CodeIgniter.php(340): CodeIgniter\CodeIgniter->handleRequest()
 9 FCPATH/index.php(67): CodeIgniter\CodeIgniter->run()
10 SYSTEMPATH/Commands/Server/rewrite.php(46): require_once('FCPATH/index.php')
CRITICAL - 2022-10-22 11:28:42 --> Undefined array key "keterangan"
in APPPATH/Views/blt/perhitungan/index.php on line 42.
 1 APPPATH/Views/blt/perhitungan/index.php(42): CodeIgniter\Debug\Exceptions->errorHandler()
 2 SYSTEMPATH/View/View.php(213): include('APPPATH/Views/blt/perhitungan/index.php')
 3 SYSTEMPATH/View/View.php(216): CodeIgniter\View\View->CodeIgniter\View\{closure}()
 4 SYSTEMPATH/Common.php(1142): CodeIgniter\View\View->render()
 5 APPPATH/Controllers/Blt/Perhitungan.php(39): view()
 6 SYSTEMPATH/CodeIgniter.php(902): App\Controllers\Blt\Perhitungan->getIndex()
 7 SYSTEMPATH/CodeIgniter.php(457): CodeIgniter\CodeIgniter->runController()
 8 SYSTEMPATH/CodeIgniter.php(340): CodeIgniter\CodeIgniter->handleRequest()
 9 FCPATH/index.php(67): CodeIgniter\CodeIgniter->run()
10 SYSTEMPATH/Commands/Server/rewrite.php(46): require_once('FCPATH/index.php')
CRITICAL - 2022-10-22 11:28:52 --> Undefined array key "C1"
in APPPATH/Views/blt/perhitungan/index.php on line 42.
 1 APPPATH/Views/blt/perhitungan/index.php(42): CodeIgniter\Debug\Exceptions->errorHandler()
 2 SYSTEMPATH/View/View.php(213): include('APPPATH/Views/blt/perhitungan/index.php')
 3 SYSTEMPATH/View/View.php(216): CodeIgniter\View\View->CodeIgniter\View\{closure}()
 4 SYSTEMPATH/Common.php(1142): CodeIgniter\View\View->render()
 5 APPPATH/Controllers/Blt/Perhitungan.php(39): view()
 6 SYSTEMPATH/CodeIgniter.php(902): App\Controllers\Blt\Perhitungan->getIndex()
 7 SYSTEMPATH/CodeIgniter.php(457): CodeIgniter\CodeIgniter->runController()
 8 SYSTEMPATH/CodeIgniter.php(340): CodeIgniter\CodeIgniter->handleRequest()
 9 FCPATH/index.php(67): CodeIgniter\CodeIgniter->run()
10 SYSTEMPATH/Commands/Server/rewrite.php(46): require_once('FCPATH/index.php')
CRITICAL - 2022-10-22 11:28:53 --> Undefined array key "C1"
in APPPATH/Views/blt/perhitungan/index.php on line 42.
 1 APPPATH/Views/blt/perhitungan/index.php(42): CodeIgniter\Debug\Exceptions->errorHandler()
 2 SYSTEMPATH/View/View.php(213): include('APPPATH/Views/blt/perhitungan/index.php')
 3 SYSTEMPATH/View/View.php(216): CodeIgniter\View\View->CodeIgniter\View\{closure}()
 4 SYSTEMPATH/Common.php(1142): CodeIgniter\View\View->render()
 5 APPPATH/Controllers/Blt/Perhitungan.php(39): view()
 6 SYSTEMPATH/CodeIgniter.php(902): App\Controllers\Blt\Perhitungan->getIndex()
 7 SYSTEMPATH/CodeIgniter.php(457): CodeIgniter\CodeIgniter->runController()
 8 SYSTEMPATH/CodeIgniter.php(340): CodeIgniter\CodeIgniter->handleRequest()
 9 FCPATH/index.php(67): CodeIgniter\CodeIgniter->run()
10 SYSTEMPATH/Commands/Server/rewrite.php(46): require_once('FCPATH/index.php')
CRITICAL - 2022-10-22 11:32:21 --> Undefined array key 1
in APPPATH/Views/blt/perhitungan/index.php on line 44.
 1 APPPATH/Views/blt/perhitungan/index.php(44): CodeIgniter\Debug\Exceptions->errorHandler()
 2 SYSTEMPATH/View/View.php(213): include('APPPATH/Views/blt/perhitungan/index.php')
 3 SYSTEMPATH/View/View.php(216): CodeIgniter\View\View->CodeIgniter\View\{closure}()
 4 SYSTEMPATH/Common.php(1142): CodeIgniter\View\View->render()
 5 APPPATH/Controllers/Blt/Perhitungan.php(39): view()
 6 SYSTEMPATH/CodeIgniter.php(902): App\Controllers\Blt\Perhitungan->getIndex()
 7 SYSTEMPATH/CodeIgniter.php(457): CodeIgniter\CodeIgniter->runController()
 8 SYSTEMPATH/CodeIgniter.php(340): CodeIgniter\CodeIgniter->handleRequest()
 9 FCPATH/index.php(67): CodeIgniter\CodeIgniter->run()
10 SYSTEMPATH/Commands/Server/rewrite.php(46): require_once('FCPATH/index.php')
CRITICAL - 2022-10-22 11:33:08 --> Undefined array key "C1"
in APPPATH/Views/blt/perhitungan/index.php on line 45.
 1 APPPATH/Views/blt/perhitungan/index.php(45): CodeIgniter\Debug\Exceptions->errorHandler()
 2 SYSTEMPATH/View/View.php(213): include('APPPATH/Views/blt/perhitungan/index.php')
 3 SYSTEMPATH/View/View.php(216): CodeIgniter\View\View->CodeIgniter\View\{closure}()
 4 SYSTEMPATH/Common.php(1142): CodeIgniter\View\View->render()
 5 APPPATH/Controllers/Blt/Perhitungan.php(39): view()
 6 SYSTEMPATH/CodeIgniter.php(902): App\Controllers\Blt\Perhitungan->getIndex()
 7 SYSTEMPATH/CodeIgniter.php(457): CodeIgniter\CodeIgniter->runController()
 8 SYSTEMPATH/CodeIgniter.php(340): CodeIgniter\CodeIgniter->handleRequest()
 9 FCPATH/index.php(67): CodeIgniter\CodeIgniter->run()
10 SYSTEMPATH/Commands/Server/rewrite.php(46): require_once('FCPATH/index.php')
CRITICAL - 2022-10-22 11:34:52 --> Undefined array key "C1"
in APPPATH/Views/blt/perhitungan/index.php on line 45.
 1 APPPATH/Views/blt/perhitungan/index.php(45): CodeIgniter\Debug\Exceptions->errorHandler()
 2 SYSTEMPATH/View/View.php(213): include('APPPATH/Views/blt/perhitungan/index.php')
 3 SYSTEMPATH/View/View.php(216): CodeIgniter\View\View->CodeIgniter\View\{closure}()
 4 SYSTEMPATH/Common.php(1142): CodeIgniter\View\View->render()
 5 APPPATH/Controllers/Blt/Perhitungan.php(39): view()
 6 SYSTEMPATH/CodeIgniter.php(902): App\Controllers\Blt\Perhitungan->getIndex()
 7 SYSTEMPATH/CodeIgniter.php(457): CodeIgniter\CodeIgniter->runController()
 8 SYSTEMPATH/CodeIgniter.php(340): CodeIgniter\CodeIgniter->handleRequest()
 9 FCPATH/index.php(67): CodeIgniter\CodeIgniter->run()
10 SYSTEMPATH/Commands/Server/rewrite.php(46): require_once('FCPATH/index.php')
CRITICAL - 2022-10-22 11:36:10 --> Undefined array key "C1"
in APPPATH/Views/blt/perhitungan/index.php on line 44.
 1 APPPATH/Views/blt/perhitungan/index.php(44): CodeIgniter\Debug\Exceptions->errorHandler()
 2 SYSTEMPATH/View/View.php(213): include('APPPATH/Views/blt/perhitungan/index.php')
 3 SYSTEMPATH/View/View.php(216): CodeIgniter\View\View->CodeIgniter\View\{closure}()
 4 SYSTEMPATH/Common.php(1142): CodeIgniter\View\View->render()
 5 APPPATH/Controllers/Blt/Perhitungan.php(39): view()
 6 SYSTEMPATH/CodeIgniter.php(902): App\Controllers\Blt\Perhitungan->getIndex()
 7 SYSTEMPATH/CodeIgniter.php(457): CodeIgniter\CodeIgniter->runController()
 8 SYSTEMPATH/CodeIgniter.php(340): CodeIgniter\CodeIgniter->handleRequest()
 9 FCPATH/index.php(67): CodeIgniter\CodeIgniter->run()
10 SYSTEMPATH/Commands/Server/rewrite.php(46): require_once('FCPATH/index.php')
CRITICAL - 2022-10-22 11:37:24 --> array_sum(): Argument #1 ($array) must be of type array, string given
in APPPATH/Views/blt/perhitungan/index.php on line 43.
 1 APPPATH/Views/blt/perhitungan/index.php(43): array_sum()
 2 SYSTEMPATH/View/View.php(213): include('APPPATH/Views/blt/perhitungan/index.php')
 3 SYSTEMPATH/View/View.php(216): CodeIgniter\View\View->CodeIgniter\View\{closure}()
 4 SYSTEMPATH/Common.php(1142): CodeIgniter\View\View->render()
 5 APPPATH/Controllers/Blt/Perhitungan.php(39): view()
 6 SYSTEMPATH/CodeIgniter.php(902): App\Controllers\Blt\Perhitungan->getIndex()
 7 SYSTEMPATH/CodeIgniter.php(457): CodeIgniter\CodeIgniter->runController()
 8 SYSTEMPATH/CodeIgniter.php(340): CodeIgniter\CodeIgniter->handleRequest()
 9 FCPATH/index.php(67): CodeIgniter\CodeIgniter->run()
10 SYSTEMPATH/Commands/Server/rewrite.php(46): require_once('FCPATH/index.php')
CRITICAL - 2022-10-22 11:43:24 --> normalisasi(): Argument #2 ($semuabobot) must be of type array, string given, called in /mnt/work/Project/STIKI/fania/spk/app/Views/blt/perhitungan/index.php on line 219
in APPPATH/Helpers/Perhitungan_helper.php on line 16.
 1 APPPATH/Views/blt/perhitungan/index.php(219): normalisasi()
 2 SYSTEMPATH/View/View.php(213): include('APPPATH/Views/blt/perhitungan/index.php')
 3 SYSTEMPATH/View/View.php(216): CodeIgniter\View\View->CodeIgniter\View\{closure}()
 4 SYSTEMPATH/Common.php(1142): CodeIgniter\View\View->render()
 5 APPPATH/Controllers/Blt/Perhitungan.php(39): view()
 6 SYSTEMPATH/CodeIgniter.php(902): App\Controllers\Blt\Perhitungan->getIndex()
 7 SYSTEMPATH/CodeIgniter.php(457): CodeIgniter\CodeIgniter->runController()
 8 SYSTEMPATH/CodeIgniter.php(340): CodeIgniter\CodeIgniter->handleRequest()
 9 FCPATH/index.php(67): CodeIgniter\CodeIgniter->run()
10 SYSTEMPATH/Commands/Server/rewrite.php(46): require_once('FCPATH/index.php')
CRITICAL - 2022-10-22 11:49:00 --> Undefined array key "data_kriteria_nilai"
in APPPATH/Views/blt/perhitungan/index.php on line 130.
 1 APPPATH/Views/blt/perhitungan/index.php(130): CodeIgniter\Debug\Exceptions->errorHandler()
 2 SYSTEMPATH/View/View.php(213): include('APPPATH/Views/blt/perhitungan/index.php')
 3 SYSTEMPATH/View/View.php(216): CodeIgniter\View\View->CodeIgniter\View\{closure}()
 4 SYSTEMPATH/Common.php(1142): CodeIgniter\View\View->render()
 5 APPPATH/Controllers/Blt/Perhitungan.php(39): view()
 6 SYSTEMPATH/CodeIgniter.php(902): App\Controllers\Blt\Perhitungan->getIndex()
 7 SYSTEMPATH/CodeIgniter.php(457): CodeIgniter\CodeIgniter->runController()
 8 SYSTEMPATH/CodeIgniter.php(340): CodeIgniter\CodeIgniter->handleRequest()
 9 FCPATH/index.php(67): CodeIgniter\CodeIgniter->run()
10 SYSTEMPATH/Commands/Server/rewrite.php(46): require_once('FCPATH/index.php')
CRITICAL - 2022-10-22 11:49:25 --> Undefined array key "data_kriteria_nilai"
in APPPATH/Views/blt/perhitungan/index.php on line 130.
 1 APPPATH/Views/blt/perhitungan/index.php(130): CodeIgniter\Debug\Exceptions->errorHandler()
 2 SYSTEMPATH/View/View.php(213): include('APPPATH/Views/blt/perhitungan/index.php')
 3 SYSTEMPATH/View/View.php(216): CodeIgniter\View\View->CodeIgniter\View\{closure}()
 4 SYSTEMPATH/Common.php(1142): CodeIgniter\View\View->render()
 5 APPPATH/Controllers/Blt/Perhitungan.php(39): view()
 6 SYSTEMPATH/CodeIgniter.php(902): App\Controllers\Blt\Perhitungan->getIndex()
 7 SYSTEMPATH/CodeIgniter.php(457): CodeIgniter\CodeIgniter->runController()
 8 SYSTEMPATH/CodeIgniter.php(340): CodeIgniter\CodeIgniter->handleRequest()
 9 FCPATH/index.php(67): CodeIgniter\CodeIgniter->run()
10 SYSTEMPATH/Commands/Server/rewrite.php(46): require_once('FCPATH/index.php')
CRITICAL - 2022-10-22 11:49:36 --> Undefined array key "data_kriteria_nilai"
in APPPATH/Views/blt/perhitungan/index.php on line 130.
 1 APPPATH/Views/blt/perhitungan/index.php(130): CodeIgniter\Debug\Exceptions->errorHandler()
 2 SYSTEMPATH/View/View.php(213): include('APPPATH/Views/blt/perhitungan/index.php')
 3 SYSTEMPATH/View/View.php(216): CodeIgniter\View\View->CodeIgniter\View\{closure}()
 4 SYSTEMPATH/Common.php(1142): CodeIgniter\View\View->render()
 5 APPPATH/Controllers/Blt/Perhitungan.php(39): view()
 6 SYSTEMPATH/CodeIgniter.php(902): App\Controllers\Blt\Perhitungan->getIndex()
 7 SYSTEMPATH/CodeIgniter.php(457): CodeIgniter\CodeIgniter->runController()
 8 SYSTEMPATH/CodeIgniter.php(340): CodeIgniter\CodeIgniter->handleRequest()
 9 FCPATH/index.php(67): CodeIgniter\CodeIgniter->run()
10 SYSTEMPATH/Commands/Server/rewrite.php(46): require_once('FCPATH/index.php')
CRITICAL - 2022-10-22 11:49:36 --> Undefined array key "data_kriteria_nilai"
in APPPATH/Views/blt/perhitungan/index.php on line 130.
 1 APPPATH/Views/blt/perhitungan/index.php(130): CodeIgniter\Debug\Exceptions->errorHandler()
 2 SYSTEMPATH/View/View.php(213): include('APPPATH/Views/blt/perhitungan/index.php')
 3 SYSTEMPATH/View/View.php(216): CodeIgniter\View\View->CodeIgniter\View\{closure}()
 4 SYSTEMPATH/Common.php(1142): CodeIgniter\View\View->render()
 5 APPPATH/Controllers/Blt/Perhitungan.php(39): view()
 6 SYSTEMPATH/CodeIgniter.php(902): App\Controllers\Blt\Perhitungan->getIndex()
 7 SYSTEMPATH/CodeIgniter.php(457): CodeIgniter\CodeIgniter->runController()
 8 SYSTEMPATH/CodeIgniter.php(340): CodeIgniter\CodeIgniter->handleRequest()
 9 FCPATH/index.php(67): CodeIgniter\CodeIgniter->run()
10 SYSTEMPATH/Commands/Server/rewrite.php(46): require_once('FCPATH/index.php')
CRITICAL - 2022-10-22 11:49:37 --> Undefined array key "data_kriteria_nilai"
in APPPATH/Views/blt/perhitungan/index.php on line 130.
 1 APPPATH/Views/blt/perhitungan/index.php(130): CodeIgniter\Debug\Exceptions->errorHandler()
 2 SYSTEMPATH/View/View.php(213): include('APPPATH/Views/blt/perhitungan/index.php')
 3 SYSTEMPATH/View/View.php(216): CodeIgniter\View\View->CodeIgniter\View\{closure}()
 4 SYSTEMPATH/Common.php(1142): CodeIgniter\View\View->render()
 5 APPPATH/Controllers/Blt/Perhitungan.php(39): view()
 6 SYSTEMPATH/CodeIgniter.php(902): App\Controllers\Blt\Perhitungan->getIndex()
 7 SYSTEMPATH/CodeIgniter.php(457): CodeIgniter\CodeIgniter->runController()
 8 SYSTEMPATH/CodeIgniter.php(340): CodeIgniter\CodeIgniter->handleRequest()
 9 FCPATH/index.php(67): CodeIgniter\CodeIgniter->run()
10 SYSTEMPATH/Commands/Server/rewrite.php(46): require_once('FCPATH/index.php')
CRITICAL - 2022-10-22 11:49:37 --> Undefined array key "data_kriteria_nilai"
in APPPATH/Views/blt/perhitungan/index.php on line 130.
 1 APPPATH/Views/blt/perhitungan/index.php(130): CodeIgniter\Debug\Exceptions->errorHandler()
 2 SYSTEMPATH/View/View.php(213): include('APPPATH/Views/blt/perhitungan/index.php')
 3 SYSTEMPATH/View/View.php(216): CodeIgniter\View\View->CodeIgniter\View\{closure}()
 4 SYSTEMPATH/Common.php(1142): CodeIgniter\View\View->render()
 5 APPPATH/Controllers/Blt/Perhitungan.php(39): view()
 6 SYSTEMPATH/CodeIgniter.php(902): App\Controllers\Blt\Perhitungan->getIndex()
 7 SYSTEMPATH/CodeIgniter.php(457): CodeIgniter\CodeIgniter->runController()
 8 SYSTEMPATH/CodeIgniter.php(340): CodeIgniter\CodeIgniter->handleRequest()
 9 FCPATH/index.php(67): CodeIgniter\CodeIgniter->run()
10 SYSTEMPATH/Commands/Server/rewrite.php(46): require_once('FCPATH/index.php')
CRITICAL - 2022-10-22 11:49:37 --> Undefined array key "data_kriteria_nilai"
in APPPATH/Views/blt/perhitungan/index.php on line 130.
 1 APPPATH/Views/blt/perhitungan/index.php(130): CodeIgniter\Debug\Exceptions->errorHandler()
 2 SYSTEMPATH/View/View.php(213): include('APPPATH/Views/blt/perhitungan/index.php')
 3 SYSTEMPATH/View/View.php(216): CodeIgniter\View\View->CodeIgniter\View\{closure}()
 4 SYSTEMPATH/Common.php(1142): CodeIgniter\View\View->render()
 5 APPPATH/Controllers/Blt/Perhitungan.php(39): view()
 6 SYSTEMPATH/CodeIgniter.php(902): App\Controllers\Blt\Perhitungan->getIndex()
 7 SYSTEMPATH/CodeIgniter.php(457): CodeIgniter\CodeIgniter->runController()
 8 SYSTEMPATH/CodeIgniter.php(340): CodeIgniter\CodeIgniter->handleRequest()
 9 FCPATH/index.php(67): CodeIgniter\CodeIgniter->run()
10 SYSTEMPATH/Commands/Server/rewrite.php(46): require_once('FCPATH/index.php')
CRITICAL - 2022-10-22 11:52:04 --> Undefined array key "data_kriteria_nilai"
in APPPATH/Views/blt/perhitungan/index.php on line 83.
 1 APPPATH/Views/blt/perhitungan/index.php(83): CodeIgniter\Debug\Exceptions->errorHandler()
 2 SYSTEMPATH/View/View.php(213): include('APPPATH/Views/blt/perhitungan/index.php')
 3 SYSTEMPATH/View/View.php(216): CodeIgniter\View\View->CodeIgniter\View\{closure}()
 4 SYSTEMPATH/Common.php(1142): CodeIgniter\View\View->render()
 5 APPPATH/Controllers/Blt/Perhitungan.php(39): view()
 6 SYSTEMPATH/CodeIgniter.php(902): App\Controllers\Blt\Perhitungan->getIndex()
 7 SYSTEMPATH/CodeIgniter.php(457): CodeIgniter\CodeIgniter->runController()
 8 SYSTEMPATH/CodeIgniter.php(340): CodeIgniter\CodeIgniter->handleRequest()
 9 FCPATH/index.php(67): CodeIgniter\CodeIgniter->run()
10 SYSTEMPATH/Commands/Server/rewrite.php(46): require_once('FCPATH/index.php')
CRITICAL - 2022-10-22 11:54:07 --> syntax error, unexpected end of file
in APPPATH/Views/blt/perhitungan/index.php on line 231.
 1 SYSTEMPATH/View/View.php(216): CodeIgniter\View\View->CodeIgniter\View\{closure}()
 2 SYSTEMPATH/Common.php(1142): CodeIgniter\View\View->render()
 3 APPPATH/Controllers/Blt/Perhitungan.php(39): view()
 4 SYSTEMPATH/CodeIgniter.php(902): App\Controllers\Blt\Perhitungan->getIndex()
 5 SYSTEMPATH/CodeIgniter.php(457): CodeIgniter\CodeIgniter->runController()
 6 SYSTEMPATH/CodeIgniter.php(340): CodeIgniter\CodeIgniter->handleRequest()
 7 FCPATH/index.php(67): CodeIgniter\CodeIgniter->run()
 8 SYSTEMPATH/Commands/Server/rewrite.php(46): require_once('FCPATH/index.php')
CRITICAL - 2022-10-22 11:54:14 --> syntax error, unexpected end of file
in APPPATH/Views/blt/perhitungan/index.php on line 231.
 1 SYSTEMPATH/View/View.php(216): CodeIgniter\View\View->CodeIgniter\View\{closure}()
 2 SYSTEMPATH/Common.php(1142): CodeIgniter\View\View->render()
 3 APPPATH/Controllers/Blt/Perhitungan.php(39): view()
 4 SYSTEMPATH/CodeIgniter.php(902): App\Controllers\Blt\Perhitungan->getIndex()
 5 SYSTEMPATH/CodeIgniter.php(457): CodeIgniter\CodeIgniter->runController()
 6 SYSTEMPATH/CodeIgniter.php(340): CodeIgniter\CodeIgniter->handleRequest()
 7 FCPATH/index.php(67): CodeIgniter\CodeIgniter->run()
 8 SYSTEMPATH/Commands/Server/rewrite.php(46): require_once('FCPATH/index.php')
CRITICAL - 2022-10-22 11:54:15 --> syntax error, unexpected end of file
in APPPATH/Views/blt/perhitungan/index.php on line 231.
 1 SYSTEMPATH/View/View.php(216): CodeIgniter\View\View->CodeIgniter\View\{closure}()
 2 SYSTEMPATH/Common.php(1142): CodeIgniter\View\View->render()
 3 APPPATH/Controllers/Blt/Perhitungan.php(39): view()
 4 SYSTEMPATH/CodeIgniter.php(902): App\Controllers\Blt\Perhitungan->getIndex()
 5 SYSTEMPATH/CodeIgniter.php(457): CodeIgniter\CodeIgniter->runController()
 6 SYSTEMPATH/CodeIgniter.php(340): CodeIgniter\CodeIgniter->handleRequest()
 7 FCPATH/index.php(67): CodeIgniter\CodeIgniter->run()
 8 SYSTEMPATH/Commands/Server/rewrite.php(46): require_once('FCPATH/index.php')
CRITICAL - 2022-10-22 11:54:15 --> syntax error, unexpected end of file
in APPPATH/Views/blt/perhitungan/index.php on line 231.
 1 SYSTEMPATH/View/View.php(216): CodeIgniter\View\View->CodeIgniter\View\{closure}()
 2 SYSTEMPATH/Common.php(1142): CodeIgniter\View\View->render()
 3 APPPATH/Controllers/Blt/Perhitungan.php(39): view()
 4 SYSTEMPATH/CodeIgniter.php(902): App\Controllers\Blt\Perhitungan->getIndex()
 5 SYSTEMPATH/CodeIgniter.php(457): CodeIgniter\CodeIgniter->runController()
 6 SYSTEMPATH/CodeIgniter.php(340): CodeIgniter\CodeIgniter->handleRequest()
 7 FCPATH/index.php(67): CodeIgniter\CodeIgniter->run()
 8 SYSTEMPATH/Commands/Server/rewrite.php(46): require_once('FCPATH/index.php')
CRITICAL - 2022-10-22 11:54:16 --> syntax error, unexpected end of file
in APPPATH/Views/blt/perhitungan/index.php on line 231.
 1 SYSTEMPATH/View/View.php(216): CodeIgniter\View\View->CodeIgniter\View\{closure}()
 2 SYSTEMPATH/Common.php(1142): CodeIgniter\View\View->render()
 3 APPPATH/Controllers/Blt/Perhitungan.php(39): view()
 4 SYSTEMPATH/CodeIgniter.php(902): App\Controllers\Blt\Perhitungan->getIndex()
 5 SYSTEMPATH/CodeIgniter.php(457): CodeIgniter\CodeIgniter->runController()
 6 SYSTEMPATH/CodeIgniter.php(340): CodeIgniter\CodeIgniter->handleRequest()
 7 FCPATH/index.php(67): CodeIgniter\CodeIgniter->run()
 8 SYSTEMPATH/Commands/Server/rewrite.php(46): require_once('FCPATH/index.php')
CRITICAL - 2022-10-22 11:56:02 --> normalisasi(): Argument #2 ($semuabobot) must be of type array, int given, called in /mnt/work/Project/STIKI/fania/spk/app/Views/blt/perhitungan/index.php on line 211
in APPPATH/Helpers/Perhitungan_helper.php on line 16.
 1 APPPATH/Views/blt/perhitungan/index.php(211): normalisasi()
 2 SYSTEMPATH/View/View.php(213): include('APPPATH/Views/blt/perhitungan/index.php')
 3 SYSTEMPATH/View/View.php(216): CodeIgniter\View\View->CodeIgniter\View\{closure}()
 4 SYSTEMPATH/Common.php(1142): CodeIgniter\View\View->render()
 5 APPPATH/Controllers/Blt/Perhitungan.php(39): view()
 6 SYSTEMPATH/CodeIgniter.php(902): App\Controllers\Blt\Perhitungan->getIndex()
 7 SYSTEMPATH/CodeIgniter.php(457): CodeIgniter\CodeIgniter->runController()
 8 SYSTEMPATH/CodeIgniter.php(340): CodeIgniter\CodeIgniter->handleRequest()
 9 FCPATH/index.php(67): CodeIgniter\CodeIgniter->run()
10 SYSTEMPATH/Commands/Server/rewrite.php(46): require_once('FCPATH/index.php')
CRITICAL - 2022-10-22 11:59:11 --> Unsupported operand types: array ** int
in APPPATH/Helpers/Perhitungan_helper.php on line 21.
 1 APPPATH/Helpers/Perhitungan_helper.php(21): pow()
 2 APPPATH/Views/blt/perhitungan/index.php(207): normalisasi()
 3 SYSTEMPATH/View/View.php(213): include('APPPATH/Views/blt/perhitungan/index.php')
 4 SYSTEMPATH/View/View.php(216): CodeIgniter\View\View->CodeIgniter\View\{closure}()
 5 SYSTEMPATH/Common.php(1142): CodeIgniter\View\View->render()
 6 APPPATH/Controllers/Blt/Perhitungan.php(39): view()
 7 SYSTEMPATH/CodeIgniter.php(902): App\Controllers\Blt\Perhitungan->getIndex()
 8 SYSTEMPATH/CodeIgniter.php(457): CodeIgniter\CodeIgniter->runController()
 9 SYSTEMPATH/CodeIgniter.php(340): CodeIgniter\CodeIgniter->handleRequest()
10 FCPATH/index.php(67): CodeIgniter\CodeIgniter->run()
11 SYSTEMPATH/Commands/Server/rewrite.php(46): require_once('FCPATH/index.php')
CRITICAL - 2022-10-22 12:19:04 --> Cannot access offset of type string on string
in APPPATH/Views/blt/perhitungan/index.php on line 164.
 1 SYSTEMPATH/View/View.php(213): include()
 2 SYSTEMPATH/View/View.php(216): CodeIgniter\View\View->CodeIgniter\View\{closure}()
 3 SYSTEMPATH/Common.php(1142): CodeIgniter\View\View->render()
 4 APPPATH/Controllers/Blt/Perhitungan.php(39): view()
 5 SYSTEMPATH/CodeIgniter.php(902): App\Controllers\Blt\Perhitungan->getIndex()
 6 SYSTEMPATH/CodeIgniter.php(457): CodeIgniter\CodeIgniter->runController()
 7 SYSTEMPATH/CodeIgniter.php(340): CodeIgniter\CodeIgniter->handleRequest()
 8 FCPATH/index.php(67): CodeIgniter\CodeIgniter->run()
 9 SYSTEMPATH/Commands/Server/rewrite.php(46): require_once('FCPATH/index.php')
CRITICAL - 2022-10-22 12:19:16 --> hitungBobot(): Argument #1 ($nk) must be of type int, array given, called in /mnt/work/Project/STIKI/fania/spk/app/Views/blt/perhitungan/index.php on line 164
in APPPATH/Helpers/Perhitungan_helper.php on line 7.
 1 APPPATH/Views/blt/perhitungan/index.php(164): hitungBobot()
 2 SYSTEMPATH/View/View.php(213): include('APPPATH/Views/blt/perhitungan/index.php')
 3 SYSTEMPATH/View/View.php(216): CodeIgniter\View\View->CodeIgniter\View\{closure}()
 4 SYSTEMPATH/Common.php(1142): CodeIgniter\View\View->render()
 5 APPPATH/Controllers/Blt/Perhitungan.php(39): view()
 6 SYSTEMPATH/CodeIgniter.php(902): App\Controllers\Blt\Perhitungan->getIndex()
 7 SYSTEMPATH/CodeIgniter.php(457): CodeIgniter\CodeIgniter->runController()
 8 SYSTEMPATH/CodeIgniter.php(340): CodeIgniter\CodeIgniter->handleRequest()
 9 FCPATH/index.php(67): CodeIgniter\CodeIgniter->run()
10 SYSTEMPATH/Commands/Server/rewrite.php(46): require_once('FCPATH/index.php')
CRITICAL - 2022-10-22 12:26:57 --> Undefined variable $keterangan
in APPPATH/Views/blt/perhitungan/index.php on line 57.
 1 APPPATH/Views/blt/perhitungan/index.php(57): CodeIgniter\Debug\Exceptions->errorHandler()
 2 SYSTEMPATH/View/View.php(213): include('APPPATH/Views/blt/perhitungan/index.php')
 3 SYSTEMPATH/View/View.php(216): CodeIgniter\View\View->CodeIgniter\View\{closure}()
 4 SYSTEMPATH/Common.php(1142): CodeIgniter\View\View->render()
 5 APPPATH/Controllers/Blt/Perhitungan.php(39): view()
 6 SYSTEMPATH/CodeIgniter.php(902): App\Controllers\Blt\Perhitungan->getIndex()
 7 SYSTEMPATH/CodeIgniter.php(457): CodeIgniter\CodeIgniter->runController()
 8 SYSTEMPATH/CodeIgniter.php(340): CodeIgniter\CodeIgniter->handleRequest()
 9 FCPATH/index.php(67): CodeIgniter\CodeIgniter->run()
10 SYSTEMPATH/Commands/Server/rewrite.php(46): require_once('FCPATH/index.php')
CRITICAL - 2022-10-22 12:30:10 --> Call to undefined function optimasi()
in APPPATH/Views/blt/perhitungan/index.php on line 249.
 1 SYSTEMPATH/View/View.php(213): include()
 2 SYSTEMPATH/View/View.php(216): CodeIgniter\View\View->CodeIgniter\View\{closure}()
 3 SYSTEMPATH/Common.php(1142): CodeIgniter\View\View->render()
 4 APPPATH/Controllers/Blt/Perhitungan.php(39): view()
 5 SYSTEMPATH/CodeIgniter.php(902): App\Controllers\Blt\Perhitungan->getIndex()
 6 SYSTEMPATH/CodeIgniter.php(457): CodeIgniter\CodeIgniter->runController()
 7 SYSTEMPATH/CodeIgniter.php(340): CodeIgniter\CodeIgniter->handleRequest()
 8 FCPATH/index.php(67): CodeIgniter\CodeIgniter->run()
 9 SYSTEMPATH/Commands/Server/rewrite.php(46): require_once('FCPATH/index.php')
