CRITICAL - 2022-10-19 09:51:20 --> Undefined array key "laki_laki"
in APPPATH/Views/penduduk/detail.php on line 63.
 1 APPPATH/Views/penduduk/detail.php(63): CodeIgniter\Debug\Exceptions->errorHandler()
 2 SYSTEMPATH/View/View.php(213): include('APPPATH/Views/penduduk/detail.php')
 3 SYSTEMPATH/View/View.php(216): CodeIgniter\View\View->CodeIgniter\View\{closure}()
 4 SYSTEMPATH/Common.php(1142): CodeIgniter\View\View->render()
 5 APPPATH/Controllers/Penduduk.php(62): view()
 6 SYSTEMPATH/CodeIgniter.php(902): App\Controllers\Penduduk->getDetail()
 7 SYSTEMPATH/CodeIgniter.php(457): CodeIgniter\CodeIgniter->runController()
 8 SYSTEMPATH/CodeIgniter.php(340): CodeIgniter\CodeIgniter->handleRequest()
 9 FCPATH/index.php(67): CodeIgniter\CodeIgniter->run()
10 SYSTEMPATH/Commands/Server/rewrite.php(46): require_once('FCPATH/index.php')
ERROR - 2022-10-19 10:07:07 --> mysqli_sql_exception: You have an error in your SQL syntax; check the manual that corresponds to your MariaDB server version for the right syntax to use near 'NOT NULL,
	`kriteria` VARCHAR(128) NOT NULL,
	`keterangan` VARCHAR(128) NOT N...' at line 2 in /mnt/work/Project/STIKI/fania/spk/system/Database/MySQLi/Connection.php:292
Stack trace:
#0 /mnt/work/Project/STIKI/fania/spk/system/Database/MySQLi/Connection.php(292): mysqli->query()
#1 /mnt/work/Project/STIKI/fania/spk/system/Database/BaseConnection.php(693): CodeIgniter\Database\MySQLi\Connection->execute()
#2 /mnt/work/Project/STIKI/fania/spk/system/Database/BaseConnection.php(620): CodeIgniter\Database\BaseConnection->simpleQuery()
#3 /mnt/work/Project/STIKI/fania/spk/system/Database/Forge.php(509): CodeIgniter\Database\BaseConnection->query()
#4 /mnt/work/Project/STIKI/fania/spk/app/Database/Migrations/2022-10-19-150332_KriteriaMigration.php(30): CodeIgniter\Database\Forge->createTable()
#5 /mnt/work/Project/STIKI/fania/spk/system/Database/MigrationRunner.php(868): App\Database\Migrations\KriteriaMigration->up()
#6 /mnt/work/Project/STIKI/fania/spk/system/Database/MigrationRunner.php(187): CodeIgniter\Database\MigrationRunner->migrate()
#7 /mnt/work/Project/STIKI/fania/spk/system/Commands/Database/Migrate.php(84): CodeIgniter\Database\MigrationRunner->latest()
#8 /mnt/work/Project/STIKI/fania/spk/system/CLI/Commands.php(63): CodeIgniter\Commands\Database\Migrate->run()
#9 /mnt/work/Project/STIKI/fania/spk/system/CLI/CommandRunner.php(65): CodeIgniter\CLI\Commands->run()
#10 /mnt/work/Project/STIKI/fania/spk/system/CLI/CommandRunner.php(51): CodeIgniter\CLI\CommandRunner->index()
#11 /mnt/work/Project/STIKI/fania/spk/system/CodeIgniter.php(895): CodeIgniter\CLI\CommandRunner->_remap()
#12 /mnt/work/Project/STIKI/fania/spk/system/CodeIgniter.php(457): CodeIgniter\CodeIgniter->runController()
#13 /mnt/work/Project/STIKI/fania/spk/system/CodeIgniter.php(336): CodeIgniter\CodeIgniter->handleRequest()
#14 /mnt/work/Project/STIKI/fania/spk/system/CLI/Console.php(48): CodeIgniter\CodeIgniter->run()
#15 /mnt/work/Project/STIKI/fania/spk/spark(98): CodeIgniter\CLI\Console->run()
#16 {main}
ERROR - 2022-10-19 10:08:46 --> mysqli_sql_exception: You have an error in your SQL syntax; check the manual that corresponds to your MariaDB server version for the right syntax to use near 'NOT NULL,
	`kriteria` VARCHAR(128) NOT NULL,
	`keterangan` VARCHAR(128) NOT N...' at line 2 in /mnt/work/Project/STIKI/fania/spk/system/Database/MySQLi/Connection.php:292
Stack trace:
#0 /mnt/work/Project/STIKI/fania/spk/system/Database/MySQLi/Connection.php(292): mysqli->query()
#1 /mnt/work/Project/STIKI/fania/spk/system/Database/BaseConnection.php(693): CodeIgniter\Database\MySQLi\Connection->execute()
#2 /mnt/work/Project/STIKI/fania/spk/system/Database/BaseConnection.php(620): CodeIgniter\Database\BaseConnection->simpleQuery()
#3 /mnt/work/Project/STIKI/fania/spk/system/Database/Forge.php(509): CodeIgniter\Database\BaseConnection->query()
#4 /mnt/work/Project/STIKI/fania/spk/app/Database/Migrations/2022-10-19-150332_KriteriaMigration.php(30): CodeIgniter\Database\Forge->createTable()
#5 /mnt/work/Project/STIKI/fania/spk/system/Database/MigrationRunner.php(868): App\Database\Migrations\KriteriaMigration->up()
#6 /mnt/work/Project/STIKI/fania/spk/system/Database/MigrationRunner.php(187): CodeIgniter\Database\MigrationRunner->migrate()
#7 /mnt/work/Project/STIKI/fania/spk/system/Commands/Database/Migrate.php(84): CodeIgniter\Database\MigrationRunner->latest()
#8 /mnt/work/Project/STIKI/fania/spk/system/CLI/Commands.php(63): CodeIgniter\Commands\Database\Migrate->run()
#9 /mnt/work/Project/STIKI/fania/spk/system/CLI/CommandRunner.php(65): CodeIgniter\CLI\Commands->run()
#10 /mnt/work/Project/STIKI/fania/spk/system/CLI/CommandRunner.php(51): CodeIgniter\CLI\CommandRunner->index()
#11 /mnt/work/Project/STIKI/fania/spk/system/CodeIgniter.php(895): CodeIgniter\CLI\CommandRunner->_remap()
#12 /mnt/work/Project/STIKI/fania/spk/system/CodeIgniter.php(457): CodeIgniter\CodeIgniter->runController()
#13 /mnt/work/Project/STIKI/fania/spk/system/CodeIgniter.php(336): CodeIgniter\CodeIgniter->handleRequest()
#14 /mnt/work/Project/STIKI/fania/spk/system/CLI/Console.php(48): CodeIgniter\CodeIgniter->run()
#15 /mnt/work/Project/STIKI/fania/spk/spark(98): CodeIgniter\CLI\Console->run()
#16 {main}
ERROR - 2022-10-19 10:08:59 --> mysqli_sql_exception: You have an error in your SQL syntax; check the manual that corresponds to your MariaDB server version for the right syntax to use near 'NOT NULL,
	`kriteria` VARCHAR(128) NOT NULL,
	`keterangan` VARCHAR(128) NOT N...' at line 2 in /mnt/work/Project/STIKI/fania/spk/system/Database/MySQLi/Connection.php:292
Stack trace:
#0 /mnt/work/Project/STIKI/fania/spk/system/Database/MySQLi/Connection.php(292): mysqli->query()
#1 /mnt/work/Project/STIKI/fania/spk/system/Database/BaseConnection.php(693): CodeIgniter\Database\MySQLi\Connection->execute()
#2 /mnt/work/Project/STIKI/fania/spk/system/Database/BaseConnection.php(620): CodeIgniter\Database\BaseConnection->simpleQuery()
#3 /mnt/work/Project/STIKI/fania/spk/system/Database/Forge.php(509): CodeIgniter\Database\BaseConnection->query()
#4 /mnt/work/Project/STIKI/fania/spk/app/Database/Migrations/2022-10-19-150332_KriteriaMigration.php(30): CodeIgniter\Database\Forge->createTable()
#5 /mnt/work/Project/STIKI/fania/spk/system/Database/MigrationRunner.php(868): App\Database\Migrations\KriteriaMigration->up()
#6 /mnt/work/Project/STIKI/fania/spk/system/Database/MigrationRunner.php(187): CodeIgniter\Database\MigrationRunner->migrate()
#7 /mnt/work/Project/STIKI/fania/spk/system/Commands/Database/Migrate.php(84): CodeIgniter\Database\MigrationRunner->latest()
#8 /mnt/work/Project/STIKI/fania/spk/system/CLI/Commands.php(63): CodeIgniter\Commands\Database\Migrate->run()
#9 /mnt/work/Project/STIKI/fania/spk/system/CLI/CommandRunner.php(65): CodeIgniter\CLI\Commands->run()
#10 /mnt/work/Project/STIKI/fania/spk/system/CLI/CommandRunner.php(51): CodeIgniter\CLI\CommandRunner->index()
#11 /mnt/work/Project/STIKI/fania/spk/system/CodeIgniter.php(895): CodeIgniter\CLI\CommandRunner->_remap()
#12 /mnt/work/Project/STIKI/fania/spk/system/CodeIgniter.php(457): CodeIgniter\CodeIgniter->runController()
#13 /mnt/work/Project/STIKI/fania/spk/system/CodeIgniter.php(336): CodeIgniter\CodeIgniter->handleRequest()
#14 /mnt/work/Project/STIKI/fania/spk/system/CLI/Console.php(48): CodeIgniter\CodeIgniter->run()
#15 /mnt/work/Project/STIKI/fania/spk/spark(98): CodeIgniter\CLI\Console->run()
#16 {main}
ERROR - 2022-10-19 10:11:04 --> mysqli_sql_exception: You have an error in your SQL syntax; check the manual that corresponds to your MariaDB server version for the right syntax to use near 'NOT NULL,
	`kriteria` VARCHAR(128) NOT NULL,
	`keterangan` VARCHAR(128) NOT N...' at line 2 in /mnt/work/Project/STIKI/fania/spk/system/Database/MySQLi/Connection.php:292
Stack trace:
#0 /mnt/work/Project/STIKI/fania/spk/system/Database/MySQLi/Connection.php(292): mysqli->query()
#1 /mnt/work/Project/STIKI/fania/spk/system/Database/BaseConnection.php(693): CodeIgniter\Database\MySQLi\Connection->execute()
#2 /mnt/work/Project/STIKI/fania/spk/system/Database/BaseConnection.php(620): CodeIgniter\Database\BaseConnection->simpleQuery()
#3 /mnt/work/Project/STIKI/fania/spk/system/Database/Forge.php(509): CodeIgniter\Database\BaseConnection->query()
#4 /mnt/work/Project/STIKI/fania/spk/app/Database/Migrations/2022-10-19-150332_KriteriaMigration.php(30): CodeIgniter\Database\Forge->createTable()
#5 /mnt/work/Project/STIKI/fania/spk/system/Database/MigrationRunner.php(868): App\Database\Migrations\KriteriaMigration->up()
#6 /mnt/work/Project/STIKI/fania/spk/system/Database/MigrationRunner.php(187): CodeIgniter\Database\MigrationRunner->migrate()
#7 /mnt/work/Project/STIKI/fania/spk/system/Commands/Database/Migrate.php(84): CodeIgniter\Database\MigrationRunner->latest()
#8 /mnt/work/Project/STIKI/fania/spk/system/CLI/Commands.php(63): CodeIgniter\Commands\Database\Migrate->run()
#9 /mnt/work/Project/STIKI/fania/spk/system/CLI/CommandRunner.php(65): CodeIgniter\CLI\Commands->run()
#10 /mnt/work/Project/STIKI/fania/spk/system/CLI/CommandRunner.php(51): CodeIgniter\CLI\CommandRunner->index()
#11 /mnt/work/Project/STIKI/fania/spk/system/CodeIgniter.php(895): CodeIgniter\CLI\CommandRunner->_remap()
#12 /mnt/work/Project/STIKI/fania/spk/system/CodeIgniter.php(457): CodeIgniter\CodeIgniter->runController()
#13 /mnt/work/Project/STIKI/fania/spk/system/CodeIgniter.php(336): CodeIgniter\CodeIgniter->handleRequest()
#14 /mnt/work/Project/STIKI/fania/spk/system/CLI/Console.php(48): CodeIgniter\CodeIgniter->run()
#15 /mnt/work/Project/STIKI/fania/spk/spark(98): CodeIgniter\CLI\Console->run()
#16 {main}
ERROR - 2022-10-19 10:11:24 --> mysqli_sql_exception: You have an error in your SQL syntax; check the manual that corresponds to your MariaDB server version for the right syntax to use near 'NOT NULL,
	`kriteria` VARCHAR(128) NOT NULL,
	`keterangan` VARCHAR(128) NOT N...' at line 2 in /mnt/work/Project/STIKI/fania/spk/system/Database/MySQLi/Connection.php:292
Stack trace:
#0 /mnt/work/Project/STIKI/fania/spk/system/Database/MySQLi/Connection.php(292): mysqli->query()
#1 /mnt/work/Project/STIKI/fania/spk/system/Database/BaseConnection.php(693): CodeIgniter\Database\MySQLi\Connection->execute()
#2 /mnt/work/Project/STIKI/fania/spk/system/Database/BaseConnection.php(620): CodeIgniter\Database\BaseConnection->simpleQuery()
#3 /mnt/work/Project/STIKI/fania/spk/system/Database/Forge.php(509): CodeIgniter\Database\BaseConnection->query()
#4 /mnt/work/Project/STIKI/fania/spk/app/Database/Migrations/2022-10-19-150332_KriteriaMigration.php(30): CodeIgniter\Database\Forge->createTable()
#5 /mnt/work/Project/STIKI/fania/spk/system/Database/MigrationRunner.php(868): App\Database\Migrations\KriteriaMigration->up()
#6 /mnt/work/Project/STIKI/fania/spk/system/Database/MigrationRunner.php(187): CodeIgniter\Database\MigrationRunner->migrate()
#7 /mnt/work/Project/STIKI/fania/spk/system/Commands/Database/Migrate.php(84): CodeIgniter\Database\MigrationRunner->latest()
#8 /mnt/work/Project/STIKI/fania/spk/system/CLI/Commands.php(63): CodeIgniter\Commands\Database\Migrate->run()
#9 /mnt/work/Project/STIKI/fania/spk/system/CLI/CommandRunner.php(65): CodeIgniter\CLI\Commands->run()
#10 /mnt/work/Project/STIKI/fania/spk/system/CLI/CommandRunner.php(51): CodeIgniter\CLI\CommandRunner->index()
#11 /mnt/work/Project/STIKI/fania/spk/system/CodeIgniter.php(895): CodeIgniter\CLI\CommandRunner->_remap()
#12 /mnt/work/Project/STIKI/fania/spk/system/CodeIgniter.php(457): CodeIgniter\CodeIgniter->runController()
#13 /mnt/work/Project/STIKI/fania/spk/system/CodeIgniter.php(336): CodeIgniter\CodeIgniter->handleRequest()
#14 /mnt/work/Project/STIKI/fania/spk/system/CLI/Console.php(48): CodeIgniter\CodeIgniter->run()
#15 /mnt/work/Project/STIKI/fania/spk/spark(98): CodeIgniter\CLI\Console->run()
#16 {main}
CRITICAL - 2022-10-19 10:21:48 --> Undefined variable $userData
in APPPATH/Views/kriteria/table.php on line 16.
 1 APPPATH/Views/kriteria/table.php(16): CodeIgniter\Debug\Exceptions->errorHandler()
 2 SYSTEMPATH/View/View.php(213): include('APPPATH/Views/kriteria/table.php')
 3 SYSTEMPATH/View/View.php(216): CodeIgniter\View\View->CodeIgniter\View\{closure}()
 4 SYSTEMPATH/Common.php(1142): CodeIgniter\View\View->render()
 5 APPPATH/Controllers/Kriteria.php(32): view()
 6 SYSTEMPATH/CodeIgniter.php(902): App\Controllers\Kriteria->getTable()
 7 SYSTEMPATH/CodeIgniter.php(457): CodeIgniter\CodeIgniter->runController()
 8 SYSTEMPATH/CodeIgniter.php(340): CodeIgniter\CodeIgniter->handleRequest()
 9 FCPATH/index.php(67): CodeIgniter\CodeIgniter->run()
10 SYSTEMPATH/Commands/Server/rewrite.php(46): require_once('FCPATH/index.php')
CRITICAL - 2022-10-19 10:22:01 --> Undefined variable $userData
in APPPATH/Views/kriteria/table.php on line 16.
 1 APPPATH/Views/kriteria/table.php(16): CodeIgniter\Debug\Exceptions->errorHandler()
 2 SYSTEMPATH/View/View.php(213): include('APPPATH/Views/kriteria/table.php')
 3 SYSTEMPATH/View/View.php(216): CodeIgniter\View\View->CodeIgniter\View\{closure}()
 4 SYSTEMPATH/Common.php(1142): CodeIgniter\View\View->render()
 5 APPPATH/Controllers/Kriteria.php(32): view()
 6 SYSTEMPATH/CodeIgniter.php(902): App\Controllers\Kriteria->getTable()
 7 SYSTEMPATH/CodeIgniter.php(457): CodeIgniter\CodeIgniter->runController()
 8 SYSTEMPATH/CodeIgniter.php(340): CodeIgniter\CodeIgniter->handleRequest()
 9 FCPATH/index.php(67): CodeIgniter\CodeIgniter->run()
10 SYSTEMPATH/Commands/Server/rewrite.php(46): require_once('FCPATH/index.php')
CRITICAL - 2022-10-19 10:24:12 --> Undefined variable $dataKriteria
in APPPATH/Views/kriteria/table.php on line 14.
 1 APPPATH/Views/kriteria/table.php(14): CodeIgniter\Debug\Exceptions->errorHandler()
 2 SYSTEMPATH/View/View.php(213): include('APPPATH/Views/kriteria/table.php')
 3 SYSTEMPATH/View/View.php(216): CodeIgniter\View\View->CodeIgniter\View\{closure}()
 4 SYSTEMPATH/Common.php(1142): CodeIgniter\View\View->render()
 5 APPPATH/Controllers/Kriteria.php(32): view()
 6 SYSTEMPATH/CodeIgniter.php(902): App\Controllers\Kriteria->getTable()
 7 SYSTEMPATH/CodeIgniter.php(457): CodeIgniter\CodeIgniter->runController()
 8 SYSTEMPATH/CodeIgniter.php(340): CodeIgniter\CodeIgniter->handleRequest()
 9 FCPATH/index.php(67): CodeIgniter\CodeIgniter->run()
10 SYSTEMPATH/Commands/Server/rewrite.php(46): require_once('FCPATH/index.php')
CRITICAL - 2022-10-19 10:31:45 --> Undefined variable $user
in APPPATH/Views/kriteria/edit.php on line 12.
 1 APPPATH/Views/kriteria/edit.php(12): CodeIgniter\Debug\Exceptions->errorHandler()
 2 SYSTEMPATH/View/View.php(213): include('APPPATH/Views/kriteria/edit.php')
 3 SYSTEMPATH/View/View.php(216): CodeIgniter\View\View->CodeIgniter\View\{closure}()
 4 SYSTEMPATH/Common.php(1142): CodeIgniter\View\View->render()
 5 APPPATH/Controllers/Kriteria.php(52): view()
 6 SYSTEMPATH/CodeIgniter.php(902): App\Controllers\Kriteria->getEdit()
 7 SYSTEMPATH/CodeIgniter.php(457): CodeIgniter\CodeIgniter->runController()
 8 SYSTEMPATH/CodeIgniter.php(340): CodeIgniter\CodeIgniter->handleRequest()
 9 FCPATH/index.php(67): CodeIgniter\CodeIgniter->run()
10 SYSTEMPATH/Commands/Server/rewrite.php(46): require_once('FCPATH/index.php')
CRITICAL - 2022-10-19 10:32:02 --> Undefined variable $user
in APPPATH/Views/kriteria/edit.php on line 12.
 1 APPPATH/Views/kriteria/edit.php(12): CodeIgniter\Debug\Exceptions->errorHandler()
 2 SYSTEMPATH/View/View.php(213): include('APPPATH/Views/kriteria/edit.php')
 3 SYSTEMPATH/View/View.php(216): CodeIgniter\View\View->CodeIgniter\View\{closure}()
 4 SYSTEMPATH/Common.php(1142): CodeIgniter\View\View->render()
 5 APPPATH/Controllers/Kriteria.php(52): view()
 6 SYSTEMPATH/CodeIgniter.php(902): App\Controllers\Kriteria->getEdit()
 7 SYSTEMPATH/CodeIgniter.php(457): CodeIgniter\CodeIgniter->runController()
 8 SYSTEMPATH/CodeIgniter.php(340): CodeIgniter\CodeIgniter->handleRequest()
 9 FCPATH/index.php(67): CodeIgniter\CodeIgniter->run()
10 SYSTEMPATH/Commands/Server/rewrite.php(46): require_once('FCPATH/index.php')
CRITICAL - 2022-10-19 10:32:09 --> Undefined variable $user
in APPPATH/Views/kriteria/edit.php on line 12.
 1 APPPATH/Views/kriteria/edit.php(12): CodeIgniter\Debug\Exceptions->errorHandler()
 2 SYSTEMPATH/View/View.php(213): include('APPPATH/Views/kriteria/edit.php')
 3 SYSTEMPATH/View/View.php(216): CodeIgniter\View\View->CodeIgniter\View\{closure}()
 4 SYSTEMPATH/Common.php(1142): CodeIgniter\View\View->render()
 5 APPPATH/Controllers/Kriteria.php(52): view()
 6 SYSTEMPATH/CodeIgniter.php(902): App\Controllers\Kriteria->getEdit()
 7 SYSTEMPATH/CodeIgniter.php(457): CodeIgniter\CodeIgniter->runController()
 8 SYSTEMPATH/CodeIgniter.php(340): CodeIgniter\CodeIgniter->handleRequest()
 9 FCPATH/index.php(67): CodeIgniter\CodeIgniter->run()
10 SYSTEMPATH/Commands/Server/rewrite.php(46): require_once('FCPATH/index.php')
CRITICAL - 2022-10-19 10:48:02 --> There is no data to update.
in SYSTEMPATH/BaseModel.php on line 1597.
 1 SYSTEMPATH/BaseModel.php(1597): CodeIgniter\Database\Exceptions\DataException::forEmptyDataset()
 2 SYSTEMPATH/BaseModel.php(852): CodeIgniter\BaseModel->transformDataToArray()
 3 SYSTEMPATH/Model.php(693): CodeIgniter\BaseModel->update()
 4 APPPATH/Controllers/Penduduk.php(88): CodeIgniter\Model->update()
 5 SYSTEMPATH/CodeIgniter.php(902): App\Controllers\Penduduk->putSaveedit()
 6 SYSTEMPATH/CodeIgniter.php(457): CodeIgniter\CodeIgniter->runController()
 7 SYSTEMPATH/CodeIgniter.php(340): CodeIgniter\CodeIgniter->handleRequest()
 8 FCPATH/index.php(67): CodeIgniter\CodeIgniter->run()
 9 SYSTEMPATH/Commands/Server/rewrite.php(46): require_once('FCPATH/index.php')
CRITICAL - 2022-10-19 10:48:09 --> There is no data to update.
in SYSTEMPATH/BaseModel.php on line 1597.
 1 SYSTEMPATH/BaseModel.php(1597): CodeIgniter\Database\Exceptions\DataException::forEmptyDataset()
 2 SYSTEMPATH/BaseModel.php(852): CodeIgniter\BaseModel->transformDataToArray()
 3 SYSTEMPATH/Model.php(693): CodeIgniter\BaseModel->update()
 4 APPPATH/Controllers/Penduduk.php(88): CodeIgniter\Model->update()
 5 SYSTEMPATH/CodeIgniter.php(902): App\Controllers\Penduduk->putSaveedit()
 6 SYSTEMPATH/CodeIgniter.php(457): CodeIgniter\CodeIgniter->runController()
 7 SYSTEMPATH/CodeIgniter.php(340): CodeIgniter\CodeIgniter->handleRequest()
 8 FCPATH/index.php(67): CodeIgniter\CodeIgniter->run()
 9 SYSTEMPATH/Commands/Server/rewrite.php(46): require_once('FCPATH/index.php')
CRITICAL - 2022-10-19 10:48:59 --> There is no data to update.
in SYSTEMPATH/BaseModel.php on line 1597.
 1 SYSTEMPATH/BaseModel.php(1597): CodeIgniter\Database\Exceptions\DataException::forEmptyDataset()
 2 SYSTEMPATH/BaseModel.php(852): CodeIgniter\BaseModel->transformDataToArray()
 3 SYSTEMPATH/Model.php(693): CodeIgniter\BaseModel->update()
 4 APPPATH/Controllers/Penduduk.php(88): CodeIgniter\Model->update()
 5 SYSTEMPATH/CodeIgniter.php(902): App\Controllers\Penduduk->putSaveedit()
 6 SYSTEMPATH/CodeIgniter.php(457): CodeIgniter\CodeIgniter->runController()
 7 SYSTEMPATH/CodeIgniter.php(340): CodeIgniter\CodeIgniter->handleRequest()
 8 FCPATH/index.php(67): CodeIgniter\CodeIgniter->run()
 9 SYSTEMPATH/Commands/Server/rewrite.php(46): require_once('FCPATH/index.php')
CRITICAL - 2022-10-19 10:49:04 --> There is no data to update.
in SYSTEMPATH/BaseModel.php on line 1597.
 1 SYSTEMPATH/BaseModel.php(1597): CodeIgniter\Database\Exceptions\DataException::forEmptyDataset()
 2 SYSTEMPATH/BaseModel.php(852): CodeIgniter\BaseModel->transformDataToArray()
 3 SYSTEMPATH/Model.php(693): CodeIgniter\BaseModel->update()
 4 APPPATH/Controllers/Penduduk.php(88): CodeIgniter\Model->update()
 5 SYSTEMPATH/CodeIgniter.php(902): App\Controllers\Penduduk->putSaveedit()
 6 SYSTEMPATH/CodeIgniter.php(457): CodeIgniter\CodeIgniter->runController()
 7 SYSTEMPATH/CodeIgniter.php(340): CodeIgniter\CodeIgniter->handleRequest()
 8 FCPATH/index.php(67): CodeIgniter\CodeIgniter->run()
 9 SYSTEMPATH/Commands/Server/rewrite.php(46): require_once('FCPATH/index.php')
CRITICAL - 2022-10-19 10:49:06 --> There is no data to update.
in SYSTEMPATH/BaseModel.php on line 1597.
 1 SYSTEMPATH/BaseModel.php(1597): CodeIgniter\Database\Exceptions\DataException::forEmptyDataset()
 2 SYSTEMPATH/BaseModel.php(852): CodeIgniter\BaseModel->transformDataToArray()
 3 SYSTEMPATH/Model.php(693): CodeIgniter\BaseModel->update()
 4 APPPATH/Controllers/Penduduk.php(88): CodeIgniter\Model->update()
 5 SYSTEMPATH/CodeIgniter.php(902): App\Controllers\Penduduk->putSaveedit()
 6 SYSTEMPATH/CodeIgniter.php(457): CodeIgniter\CodeIgniter->runController()
 7 SYSTEMPATH/CodeIgniter.php(340): CodeIgniter\CodeIgniter->handleRequest()
 8 FCPATH/index.php(67): CodeIgniter\CodeIgniter->run()
 9 SYSTEMPATH/Commands/Server/rewrite.php(46): require_once('FCPATH/index.php')
CRITICAL - 2022-10-19 10:49:08 --> There is no data to update.
in SYSTEMPATH/BaseModel.php on line 1597.
 1 SYSTEMPATH/BaseModel.php(1597): CodeIgniter\Database\Exceptions\DataException::forEmptyDataset()
 2 SYSTEMPATH/BaseModel.php(852): CodeIgniter\BaseModel->transformDataToArray()
 3 SYSTEMPATH/Model.php(693): CodeIgniter\BaseModel->update()
 4 APPPATH/Controllers/Penduduk.php(88): CodeIgniter\Model->update()
 5 SYSTEMPATH/CodeIgniter.php(902): App\Controllers\Penduduk->putSaveedit()
 6 SYSTEMPATH/CodeIgniter.php(457): CodeIgniter\CodeIgniter->runController()
 7 SYSTEMPATH/CodeIgniter.php(340): CodeIgniter\CodeIgniter->handleRequest()
 8 FCPATH/index.php(67): CodeIgniter\CodeIgniter->run()
 9 SYSTEMPATH/Commands/Server/rewrite.php(46): require_once('FCPATH/index.php')
CRITICAL - 2022-10-19 10:49:10 --> There is no data to update.
in SYSTEMPATH/BaseModel.php on line 1597.
 1 SYSTEMPATH/BaseModel.php(1597): CodeIgniter\Database\Exceptions\DataException::forEmptyDataset()
 2 SYSTEMPATH/BaseModel.php(852): CodeIgniter\BaseModel->transformDataToArray()
 3 SYSTEMPATH/Model.php(693): CodeIgniter\BaseModel->update()
 4 APPPATH/Controllers/Penduduk.php(88): CodeIgniter\Model->update()
 5 SYSTEMPATH/CodeIgniter.php(902): App\Controllers\Penduduk->putSaveedit()
 6 SYSTEMPATH/CodeIgniter.php(457): CodeIgniter\CodeIgniter->runController()
 7 SYSTEMPATH/CodeIgniter.php(340): CodeIgniter\CodeIgniter->handleRequest()
 8 FCPATH/index.php(67): CodeIgniter\CodeIgniter->run()
 9 SYSTEMPATH/Commands/Server/rewrite.php(46): require_once('FCPATH/index.php')
CRITICAL - 2022-10-19 10:51:52 --> There is no data to update.
in SYSTEMPATH/BaseModel.php on line 1597.
 1 SYSTEMPATH/BaseModel.php(1597): CodeIgniter\Database\Exceptions\DataException::forEmptyDataset()
 2 SYSTEMPATH/BaseModel.php(852): CodeIgniter\BaseModel->transformDataToArray()
 3 SYSTEMPATH/Model.php(693): CodeIgniter\BaseModel->update()
 4 APPPATH/Controllers/Penduduk.php(88): CodeIgniter\Model->update()
 5 SYSTEMPATH/CodeIgniter.php(902): App\Controllers\Penduduk->putSaveedit()
 6 SYSTEMPATH/CodeIgniter.php(457): CodeIgniter\CodeIgniter->runController()
 7 SYSTEMPATH/CodeIgniter.php(340): CodeIgniter\CodeIgniter->handleRequest()
 8 FCPATH/index.php(67): CodeIgniter\CodeIgniter->run()
 9 SYSTEMPATH/Commands/Server/rewrite.php(46): require_once('FCPATH/index.php')
CRITICAL - 2022-10-19 11:21:55 --> Undefined property: App\Controllers\Kriteria::$pendudukModel
in APPPATH/Controllers/Kriteria.php on line 71.
 1 APPPATH/Controllers/Kriteria.php(71): CodeIgniter\Debug\Exceptions->errorHandler()
 2 SYSTEMPATH/CodeIgniter.php(902): App\Controllers\Kriteria->postSaveedit()
 3 SYSTEMPATH/CodeIgniter.php(457): CodeIgniter\CodeIgniter->runController()
 4 SYSTEMPATH/CodeIgniter.php(340): CodeIgniter\CodeIgniter->handleRequest()
 5 FCPATH/index.php(67): CodeIgniter\CodeIgniter->run()
 6 SYSTEMPATH/Commands/Server/rewrite.php(46): require_once('FCPATH/index.php')
CRITICAL - 2022-10-19 11:22:09 --> Undefined property: App\Controllers\Kriteria::$pendudukModel
in APPPATH/Controllers/Kriteria.php on line 71.
 1 APPPATH/Controllers/Kriteria.php(71): CodeIgniter\Debug\Exceptions->errorHandler()
 2 SYSTEMPATH/CodeIgniter.php(902): App\Controllers\Kriteria->postSaveedit()
 3 SYSTEMPATH/CodeIgniter.php(457): CodeIgniter\CodeIgniter->runController()
 4 SYSTEMPATH/CodeIgniter.php(340): CodeIgniter\CodeIgniter->handleRequest()
 5 FCPATH/index.php(67): CodeIgniter\CodeIgniter->run()
 6 SYSTEMPATH/Commands/Server/rewrite.php(46): require_once('FCPATH/index.php')
CRITICAL - 2022-10-19 11:22:25 --> Undefined property: App\Controllers\Kriteria::$pendudukModel
in APPPATH/Controllers/Kriteria.php on line 71.
 1 APPPATH/Controllers/Kriteria.php(71): CodeIgniter\Debug\Exceptions->errorHandler()
 2 SYSTEMPATH/CodeIgniter.php(902): App\Controllers\Kriteria->postSaveedit()
 3 SYSTEMPATH/CodeIgniter.php(457): CodeIgniter\CodeIgniter->runController()
 4 SYSTEMPATH/CodeIgniter.php(340): CodeIgniter\CodeIgniter->handleRequest()
 5 FCPATH/index.php(67): CodeIgniter\CodeIgniter->run()
 6 SYSTEMPATH/Commands/Server/rewrite.php(46): require_once('FCPATH/index.php')
CRITICAL - 2022-10-19 11:27:32 --> Class "App\Models\SubkriteriModel" not found
in APPPATH/Controllers/Subkriteria.php on line 14.
 1 SYSTEMPATH/CodeIgniter.php(864): App\Controllers\Subkriteria->__construct()
 2 SYSTEMPATH/CodeIgniter.php(448): CodeIgniter\CodeIgniter->createController()
 3 SYSTEMPATH/CodeIgniter.php(340): CodeIgniter\CodeIgniter->handleRequest()
 4 FCPATH/index.php(67): CodeIgniter\CodeIgniter->run()
 5 SYSTEMPATH/Commands/Server/rewrite.php(46): require_once('FCPATH/index.php')
CRITICAL - 2022-10-19 11:27:52 --> Class "App\Controllers\SubkriteriaModel" not found
in APPPATH/Controllers/Subkriteria.php on line 14.
 1 SYSTEMPATH/CodeIgniter.php(864): App\Controllers\Subkriteria->__construct()
 2 SYSTEMPATH/CodeIgniter.php(448): CodeIgniter\CodeIgniter->createController()
 3 SYSTEMPATH/CodeIgniter.php(340): CodeIgniter\CodeIgniter->handleRequest()
 4 FCPATH/index.php(67): CodeIgniter\CodeIgniter->run()
 5 SYSTEMPATH/Commands/Server/rewrite.php(46): require_once('FCPATH/index.php')
ERROR - 2022-10-19 11:28:02 --> mysqli_sql_exception: Table 'db_spkblt.subkriteria' doesn't exist in /mnt/work/Project/STIKI/fania/spk/system/Database/MySQLi/Connection.php:292
Stack trace:
#0 /mnt/work/Project/STIKI/fania/spk/system/Database/MySQLi/Connection.php(292): mysqli->query()
#1 /mnt/work/Project/STIKI/fania/spk/system/Database/BaseConnection.php(693): CodeIgniter\Database\MySQLi\Connection->execute()
#2 /mnt/work/Project/STIKI/fania/spk/system/Database/BaseConnection.php(620): CodeIgniter\Database\BaseConnection->simpleQuery()
#3 /mnt/work/Project/STIKI/fania/spk/system/Database/BaseBuilder.php(1585): CodeIgniter\Database\BaseConnection->query()
#4 /mnt/work/Project/STIKI/fania/spk/system/Model.php(223): CodeIgniter\Database\BaseBuilder->get()
#5 /mnt/work/Project/STIKI/fania/spk/system/BaseModel.php(584): CodeIgniter\Model->doFindAll()
#6 /mnt/work/Project/STIKI/fania/spk/app/Controllers/Subkriteria.php(39): CodeIgniter\BaseModel->findAll()
#7 /mnt/work/Project/STIKI/fania/spk/system/CodeIgniter.php(902): App\Controllers\Subkriteria->getTable()
#8 /mnt/work/Project/STIKI/fania/spk/system/CodeIgniter.php(457): CodeIgniter\CodeIgniter->runController()
#9 /mnt/work/Project/STIKI/fania/spk/system/CodeIgniter.php(340): CodeIgniter\CodeIgniter->handleRequest()
#10 /mnt/work/Project/STIKI/fania/spk/public/index.php(67): CodeIgniter\CodeIgniter->run()
#11 /mnt/work/Project/STIKI/fania/spk/system/Commands/Server/rewrite.php(46): require_once('...')
#12 {main}
CRITICAL - 2022-10-19 11:28:02 --> Table 'db_spkblt.subkriteria' doesn't exist
in SYSTEMPATH/Database/MySQLi/Connection.php on line 292.
 1 SYSTEMPATH/Database/MySQLi/Connection.php(292): mysqli->query()
 2 SYSTEMPATH/Database/BaseConnection.php(693): CodeIgniter\Database\MySQLi\Connection->execute()
 3 SYSTEMPATH/Database/BaseConnection.php(620): CodeIgniter\Database\BaseConnection->simpleQuery()
 4 SYSTEMPATH/Database/BaseBuilder.php(1585): CodeIgniter\Database\BaseConnection->query()
 5 SYSTEMPATH/Model.php(223): CodeIgniter\Database\BaseBuilder->get()
 6 SYSTEMPATH/BaseModel.php(584): CodeIgniter\Model->doFindAll()
 7 APPPATH/Controllers/Subkriteria.php(39): CodeIgniter\BaseModel->findAll()
 8 SYSTEMPATH/CodeIgniter.php(902): App\Controllers\Subkriteria->getTable()
 9 SYSTEMPATH/CodeIgniter.php(457): CodeIgniter\CodeIgniter->runController()
10 SYSTEMPATH/CodeIgniter.php(340): CodeIgniter\CodeIgniter->handleRequest()
11 FCPATH/index.php(67): CodeIgniter\CodeIgniter->run()
12 SYSTEMPATH/Commands/Server/rewrite.php(46): require_once('FCPATH/index.php')
ERROR - 2022-10-19 11:33:07 --> mysqli_sql_exception: Table 'db_spkblt.subkriteria' doesn't exist in /mnt/work/Project/STIKI/fania/spk/system/Database/MySQLi/Connection.php:292
Stack trace:
#0 /mnt/work/Project/STIKI/fania/spk/system/Database/MySQLi/Connection.php(292): mysqli->query()
#1 /mnt/work/Project/STIKI/fania/spk/system/Database/BaseConnection.php(693): CodeIgniter\Database\MySQLi\Connection->execute()
#2 /mnt/work/Project/STIKI/fania/spk/system/Database/BaseConnection.php(620): CodeIgniter\Database\BaseConnection->simpleQuery()
#3 /mnt/work/Project/STIKI/fania/spk/system/Database/BaseBuilder.php(1585): CodeIgniter\Database\BaseConnection->query()
#4 /mnt/work/Project/STIKI/fania/spk/system/Model.php(223): CodeIgniter\Database\BaseBuilder->get()
#5 /mnt/work/Project/STIKI/fania/spk/system/BaseModel.php(584): CodeIgniter\Model->doFindAll()
#6 /mnt/work/Project/STIKI/fania/spk/app/Controllers/Subkriteria.php(42): CodeIgniter\BaseModel->findAll()
#7 /mnt/work/Project/STIKI/fania/spk/system/CodeIgniter.php(902): App\Controllers\Subkriteria->getTable()
#8 /mnt/work/Project/STIKI/fania/spk/system/CodeIgniter.php(457): CodeIgniter\CodeIgniter->runController()
#9 /mnt/work/Project/STIKI/fania/spk/system/CodeIgniter.php(340): CodeIgniter\CodeIgniter->handleRequest()
#10 /mnt/work/Project/STIKI/fania/spk/public/index.php(67): CodeIgniter\CodeIgniter->run()
#11 /mnt/work/Project/STIKI/fania/spk/system/Commands/Server/rewrite.php(46): require_once('...')
#12 {main}
CRITICAL - 2022-10-19 11:33:07 --> Table 'db_spkblt.subkriteria' doesn't exist
in SYSTEMPATH/Database/MySQLi/Connection.php on line 292.
 1 SYSTEMPATH/Database/MySQLi/Connection.php(292): mysqli->query()
 2 SYSTEMPATH/Database/BaseConnection.php(693): CodeIgniter\Database\MySQLi\Connection->execute()
 3 SYSTEMPATH/Database/BaseConnection.php(620): CodeIgniter\Database\BaseConnection->simpleQuery()
 4 SYSTEMPATH/Database/BaseBuilder.php(1585): CodeIgniter\Database\BaseConnection->query()
 5 SYSTEMPATH/Model.php(223): CodeIgniter\Database\BaseBuilder->get()
 6 SYSTEMPATH/BaseModel.php(584): CodeIgniter\Model->doFindAll()
 7 APPPATH/Controllers/Subkriteria.php(42): CodeIgniter\BaseModel->findAll()
 8 SYSTEMPATH/CodeIgniter.php(902): App\Controllers\Subkriteria->getTable()
 9 SYSTEMPATH/CodeIgniter.php(457): CodeIgniter\CodeIgniter->runController()
10 SYSTEMPATH/CodeIgniter.php(340): CodeIgniter\CodeIgniter->handleRequest()
11 FCPATH/index.php(67): CodeIgniter\CodeIgniter->run()
12 SYSTEMPATH/Commands/Server/rewrite.php(46): require_once('FCPATH/index.php')
ERROR - 2022-10-19 11:35:29 --> mysqli_sql_exception: Table 'db_spkblt.subkriteria' doesn't exist in /mnt/work/Project/STIKI/fania/spk/system/Database/MySQLi/Connection.php:292
Stack trace:
#0 /mnt/work/Project/STIKI/fania/spk/system/Database/MySQLi/Connection.php(292): mysqli->query()
#1 /mnt/work/Project/STIKI/fania/spk/system/Database/BaseConnection.php(693): CodeIgniter\Database\MySQLi\Connection->execute()
#2 /mnt/work/Project/STIKI/fania/spk/system/Database/BaseConnection.php(620): CodeIgniter\Database\BaseConnection->simpleQuery()
#3 /mnt/work/Project/STIKI/fania/spk/system/Database/BaseBuilder.php(1585): CodeIgniter\Database\BaseConnection->query()
#4 /mnt/work/Project/STIKI/fania/spk/system/Model.php(223): CodeIgniter\Database\BaseBuilder->get()
#5 /mnt/work/Project/STIKI/fania/spk/system/BaseModel.php(584): CodeIgniter\Model->doFindAll()
#6 /mnt/work/Project/STIKI/fania/spk/app/Controllers/Subkriteria.php(42): CodeIgniter\BaseModel->findAll()
#7 /mnt/work/Project/STIKI/fania/spk/system/CodeIgniter.php(902): App\Controllers\Subkriteria->getTable()
#8 /mnt/work/Project/STIKI/fania/spk/system/CodeIgniter.php(457): CodeIgniter\CodeIgniter->runController()
#9 /mnt/work/Project/STIKI/fania/spk/system/CodeIgniter.php(340): CodeIgniter\CodeIgniter->handleRequest()
#10 /mnt/work/Project/STIKI/fania/spk/public/index.php(67): CodeIgniter\CodeIgniter->run()
#11 /mnt/work/Project/STIKI/fania/spk/system/Commands/Server/rewrite.php(46): require_once('...')
#12 {main}
CRITICAL - 2022-10-19 11:35:29 --> Table 'db_spkblt.subkriteria' doesn't exist
in SYSTEMPATH/Database/MySQLi/Connection.php on line 292.
 1 SYSTEMPATH/Database/MySQLi/Connection.php(292): mysqli->query()
 2 SYSTEMPATH/Database/BaseConnection.php(693): CodeIgniter\Database\MySQLi\Connection->execute()
 3 SYSTEMPATH/Database/BaseConnection.php(620): CodeIgniter\Database\BaseConnection->simpleQuery()
 4 SYSTEMPATH/Database/BaseBuilder.php(1585): CodeIgniter\Database\BaseConnection->query()
 5 SYSTEMPATH/Model.php(223): CodeIgniter\Database\BaseBuilder->get()
 6 SYSTEMPATH/BaseModel.php(584): CodeIgniter\Model->doFindAll()
 7 APPPATH/Controllers/Subkriteria.php(42): CodeIgniter\BaseModel->findAll()
 8 SYSTEMPATH/CodeIgniter.php(902): App\Controllers\Subkriteria->getTable()
 9 SYSTEMPATH/CodeIgniter.php(457): CodeIgniter\CodeIgniter->runController()
10 SYSTEMPATH/CodeIgniter.php(340): CodeIgniter\CodeIgniter->handleRequest()
11 FCPATH/index.php(67): CodeIgniter\CodeIgniter->run()
12 SYSTEMPATH/Commands/Server/rewrite.php(46): require_once('FCPATH/index.php')
CRITICAL - 2022-10-19 11:36:49 --> There is no data to insert.
in SYSTEMPATH/BaseModel.php on line 728.
 1 SYSTEMPATH/BaseModel.php(728): CodeIgniter\Database\Exceptions\DataException::forEmptyDataset()
 2 SYSTEMPATH/Model.php(667): CodeIgniter\BaseModel->insert()
 3 SYSTEMPATH/BaseModel.php(658): CodeIgniter\Model->insert()
 4 APPPATH/Controllers/Subkriteria.php(60): CodeIgniter\BaseModel->save()
 5 SYSTEMPATH/CodeIgniter.php(902): App\Controllers\Subkriteria->postIndex()
 6 SYSTEMPATH/CodeIgniter.php(457): CodeIgniter\CodeIgniter->runController()
 7 SYSTEMPATH/CodeIgniter.php(340): CodeIgniter\CodeIgniter->handleRequest()
 8 FCPATH/index.php(67): CodeIgniter\CodeIgniter->run()
 9 SYSTEMPATH/Commands/Server/rewrite.php(46): require_once('FCPATH/index.php')
ERROR - 2022-10-19 11:39:53 --> mysqli_sql_exception: Table 'kriteria' already exists in /mnt/work/Project/STIKI/fania/spk/system/Database/MySQLi/Connection.php:292
Stack trace:
#0 /mnt/work/Project/STIKI/fania/spk/system/Database/MySQLi/Connection.php(292): mysqli->query()
#1 /mnt/work/Project/STIKI/fania/spk/system/Database/BaseConnection.php(693): CodeIgniter\Database\MySQLi\Connection->execute()
#2 /mnt/work/Project/STIKI/fania/spk/system/Database/BaseConnection.php(620): CodeIgniter\Database\BaseConnection->simpleQuery()
#3 /mnt/work/Project/STIKI/fania/spk/system/Database/Forge.php(509): CodeIgniter\Database\BaseConnection->query()
#4 /mnt/work/Project/STIKI/fania/spk/app/Database/Migrations/2022-10-19-162427_SubkriteriaMigration.php(32): CodeIgniter\Database\Forge->createTable()
#5 /mnt/work/Project/STIKI/fania/spk/system/Database/MigrationRunner.php(868): App\Database\Migrations\SubkriteriaMigration->up()
#6 /mnt/work/Project/STIKI/fania/spk/system/Database/MigrationRunner.php(187): CodeIgniter\Database\MigrationRunner->migrate()
#7 /mnt/work/Project/STIKI/fania/spk/system/Commands/Database/Migrate.php(84): CodeIgniter\Database\MigrationRunner->latest()
#8 /mnt/work/Project/STIKI/fania/spk/system/CLI/Commands.php(63): CodeIgniter\Commands\Database\Migrate->run()
#9 /mnt/work/Project/STIKI/fania/spk/system/CLI/CommandRunner.php(65): CodeIgniter\CLI\Commands->run()
#10 /mnt/work/Project/STIKI/fania/spk/system/CLI/CommandRunner.php(51): CodeIgniter\CLI\CommandRunner->index()
#11 /mnt/work/Project/STIKI/fania/spk/system/CodeIgniter.php(895): CodeIgniter\CLI\CommandRunner->_remap()
#12 /mnt/work/Project/STIKI/fania/spk/system/CodeIgniter.php(457): CodeIgniter\CodeIgniter->runController()
#13 /mnt/work/Project/STIKI/fania/spk/system/CodeIgniter.php(336): CodeIgniter\CodeIgniter->handleRequest()
#14 /mnt/work/Project/STIKI/fania/spk/system/CLI/Console.php(48): CodeIgniter\CodeIgniter->run()
#15 /mnt/work/Project/STIKI/fania/spk/spark(98): CodeIgniter\CLI\Console->run()
#16 {main}
ERROR - 2022-10-19 11:40:47 --> mysqli_sql_exception: Unknown column 'kode_subkriteria' in 'field list' in /mnt/work/Project/STIKI/fania/spk/system/Database/MySQLi/Connection.php:292
Stack trace:
#0 /mnt/work/Project/STIKI/fania/spk/system/Database/MySQLi/Connection.php(292): mysqli->query()
#1 /mnt/work/Project/STIKI/fania/spk/system/Database/BaseConnection.php(693): CodeIgniter\Database\MySQLi\Connection->execute()
#2 /mnt/work/Project/STIKI/fania/spk/system/Database/BaseConnection.php(620): CodeIgniter\Database\BaseConnection->simpleQuery()
#3 /mnt/work/Project/STIKI/fania/spk/system/Database/BaseBuilder.php(1916): CodeIgniter\Database\BaseConnection->query()
#4 /mnt/work/Project/STIKI/fania/spk/system/Model.php(279): CodeIgniter\Database\BaseBuilder->insert()
#5 /mnt/work/Project/STIKI/fania/spk/system/BaseModel.php(748): CodeIgniter\Model->doInsert()
#6 /mnt/work/Project/STIKI/fania/spk/system/Model.php(667): CodeIgniter\BaseModel->insert()
#7 /mnt/work/Project/STIKI/fania/spk/system/BaseModel.php(658): CodeIgniter\Model->insert()
#8 /mnt/work/Project/STIKI/fania/spk/app/Controllers/Subkriteria.php(60): CodeIgniter\BaseModel->save()
#9 /mnt/work/Project/STIKI/fania/spk/system/CodeIgniter.php(902): App\Controllers\Subkriteria->postIndex()
#10 /mnt/work/Project/STIKI/fania/spk/system/CodeIgniter.php(457): CodeIgniter\CodeIgniter->runController()
#11 /mnt/work/Project/STIKI/fania/spk/system/CodeIgniter.php(340): CodeIgniter\CodeIgniter->handleRequest()
#12 /mnt/work/Project/STIKI/fania/spk/public/index.php(67): CodeIgniter\CodeIgniter->run()
#13 /mnt/work/Project/STIKI/fania/spk/system/Commands/Server/rewrite.php(46): require_once('...')
#14 {main}
CRITICAL - 2022-10-19 11:40:47 --> Unknown column 'kode_subkriteria' in 'field list'
in SYSTEMPATH/Database/MySQLi/Connection.php on line 292.
 1 SYSTEMPATH/Database/MySQLi/Connection.php(292): mysqli->query()
 2 SYSTEMPATH/Database/BaseConnection.php(693): CodeIgniter\Database\MySQLi\Connection->execute()
 3 SYSTEMPATH/Database/BaseConnection.php(620): CodeIgniter\Database\BaseConnection->simpleQuery()
 4 SYSTEMPATH/Database/BaseBuilder.php(1916): CodeIgniter\Database\BaseConnection->query()
 5 SYSTEMPATH/Model.php(279): CodeIgniter\Database\BaseBuilder->insert()
 6 SYSTEMPATH/BaseModel.php(748): CodeIgniter\Model->doInsert()
 7 SYSTEMPATH/Model.php(667): CodeIgniter\BaseModel->insert()
 8 SYSTEMPATH/BaseModel.php(658): CodeIgniter\Model->insert()
 9 APPPATH/Controllers/Subkriteria.php(60): CodeIgniter\BaseModel->save()
10 SYSTEMPATH/CodeIgniter.php(902): App\Controllers\Subkriteria->postIndex()
11 SYSTEMPATH/CodeIgniter.php(457): CodeIgniter\CodeIgniter->runController()
12 SYSTEMPATH/CodeIgniter.php(340): CodeIgniter\CodeIgniter->handleRequest()
13 FCPATH/index.php(67): CodeIgniter\CodeIgniter->run()
14 SYSTEMPATH/Commands/Server/rewrite.php(46): require_once('FCPATH/index.php')
CRITICAL - 2022-10-19 11:42:40 --> Undefined array key "kriteria"
in APPPATH/Views/subkriteria/table.php on line 17.
 1 APPPATH/Views/subkriteria/table.php(17): CodeIgniter\Debug\Exceptions->errorHandler()
 2 SYSTEMPATH/View/View.php(213): include('APPPATH/Views/subkriteria/table.php')
 3 SYSTEMPATH/View/View.php(216): CodeIgniter\View\View->CodeIgniter\View\{closure}()
 4 SYSTEMPATH/Common.php(1142): CodeIgniter\View\View->render()
 5 APPPATH/Controllers/Subkriteria.php(45): view()
 6 SYSTEMPATH/CodeIgniter.php(902): App\Controllers\Subkriteria->getTable()
 7 SYSTEMPATH/CodeIgniter.php(457): CodeIgniter\CodeIgniter->runController()
 8 SYSTEMPATH/CodeIgniter.php(340): CodeIgniter\CodeIgniter->handleRequest()
 9 FCPATH/index.php(67): CodeIgniter\CodeIgniter->run()
10 SYSTEMPATH/Commands/Server/rewrite.php(46): require_once('FCPATH/index.php')
ERROR - 2022-10-19 11:44:00 --> mysqli_sql_exception: Table 'subkriteria' already exists in /mnt/work/Project/STIKI/fania/spk/system/Database/MySQLi/Connection.php:292
Stack trace:
#0 /mnt/work/Project/STIKI/fania/spk/system/Database/MySQLi/Connection.php(292): mysqli->query()
#1 /mnt/work/Project/STIKI/fania/spk/system/Database/BaseConnection.php(693): CodeIgniter\Database\MySQLi\Connection->execute()
#2 /mnt/work/Project/STIKI/fania/spk/system/Database/BaseConnection.php(620): CodeIgniter\Database\BaseConnection->simpleQuery()
#3 /mnt/work/Project/STIKI/fania/spk/system/Database/Forge.php(509): CodeIgniter\Database\BaseConnection->query()
#4 /mnt/work/Project/STIKI/fania/spk/app/Database/Migrations/2022-10-19-162427_SubkriteriaMigration.php(32): CodeIgniter\Database\Forge->createTable()
#5 /mnt/work/Project/STIKI/fania/spk/system/Database/MigrationRunner.php(868): App\Database\Migrations\SubkriteriaMigration->up()
#6 /mnt/work/Project/STIKI/fania/spk/system/Database/MigrationRunner.php(187): CodeIgniter\Database\MigrationRunner->migrate()
#7 /mnt/work/Project/STIKI/fania/spk/system/Commands/Database/Migrate.php(84): CodeIgniter\Database\MigrationRunner->latest()
#8 /mnt/work/Project/STIKI/fania/spk/system/CLI/Commands.php(63): CodeIgniter\Commands\Database\Migrate->run()
#9 /mnt/work/Project/STIKI/fania/spk/system/CLI/CommandRunner.php(65): CodeIgniter\CLI\Commands->run()
#10 /mnt/work/Project/STIKI/fania/spk/system/CLI/CommandRunner.php(51): CodeIgniter\CLI\CommandRunner->index()
#11 /mnt/work/Project/STIKI/fania/spk/system/CodeIgniter.php(895): CodeIgniter\CLI\CommandRunner->_remap()
#12 /mnt/work/Project/STIKI/fania/spk/system/CodeIgniter.php(457): CodeIgniter\CodeIgniter->runController()
#13 /mnt/work/Project/STIKI/fania/spk/system/CodeIgniter.php(336): CodeIgniter\CodeIgniter->handleRequest()
#14 /mnt/work/Project/STIKI/fania/spk/system/CLI/Console.php(48): CodeIgniter\CodeIgniter->run()
#15 /mnt/work/Project/STIKI/fania/spk/spark(98): CodeIgniter\CLI\Console->run()
#16 {main}
ERROR - 2022-10-19 11:44:18 --> mysqli_sql_exception: Table 'subkriteria' already exists in /mnt/work/Project/STIKI/fania/spk/system/Database/MySQLi/Connection.php:292
Stack trace:
#0 /mnt/work/Project/STIKI/fania/spk/system/Database/MySQLi/Connection.php(292): mysqli->query()
#1 /mnt/work/Project/STIKI/fania/spk/system/Database/BaseConnection.php(693): CodeIgniter\Database\MySQLi\Connection->execute()
#2 /mnt/work/Project/STIKI/fania/spk/system/Database/BaseConnection.php(620): CodeIgniter\Database\BaseConnection->simpleQuery()
#3 /mnt/work/Project/STIKI/fania/spk/system/Database/Forge.php(509): CodeIgniter\Database\BaseConnection->query()
#4 /mnt/work/Project/STIKI/fania/spk/app/Database/Migrations/2022-10-19-162427_SubkriteriaMigration.php(32): CodeIgniter\Database\Forge->createTable()
#5 /mnt/work/Project/STIKI/fania/spk/system/Database/MigrationRunner.php(868): App\Database\Migrations\SubkriteriaMigration->up()
#6 /mnt/work/Project/STIKI/fania/spk/system/Database/MigrationRunner.php(187): CodeIgniter\Database\MigrationRunner->migrate()
#7 /mnt/work/Project/STIKI/fania/spk/system/Commands/Database/Migrate.php(84): CodeIgniter\Database\MigrationRunner->latest()
#8 /mnt/work/Project/STIKI/fania/spk/system/CLI/Commands.php(63): CodeIgniter\Commands\Database\Migrate->run()
#9 /mnt/work/Project/STIKI/fania/spk/system/CLI/CommandRunner.php(65): CodeIgniter\CLI\Commands->run()
#10 /mnt/work/Project/STIKI/fania/spk/system/CLI/CommandRunner.php(51): CodeIgniter\CLI\CommandRunner->index()
#11 /mnt/work/Project/STIKI/fania/spk/system/CodeIgniter.php(895): CodeIgniter\CLI\CommandRunner->_remap()
#12 /mnt/work/Project/STIKI/fania/spk/system/CodeIgniter.php(457): CodeIgniter\CodeIgniter->runController()
#13 /mnt/work/Project/STIKI/fania/spk/system/CodeIgniter.php(336): CodeIgniter\CodeIgniter->handleRequest()
#14 /mnt/work/Project/STIKI/fania/spk/system/CLI/Console.php(48): CodeIgniter\CodeIgniter->run()
#15 /mnt/work/Project/STIKI/fania/spk/spark(98): CodeIgniter\CLI\Console->run()
#16 {main}
ERROR - 2022-10-19 11:44:24 --> mysqli_sql_exception: Table 'subkriteria' already exists in /mnt/work/Project/STIKI/fania/spk/system/Database/MySQLi/Connection.php:292
Stack trace:
#0 /mnt/work/Project/STIKI/fania/spk/system/Database/MySQLi/Connection.php(292): mysqli->query()
#1 /mnt/work/Project/STIKI/fania/spk/system/Database/BaseConnection.php(693): CodeIgniter\Database\MySQLi\Connection->execute()
#2 /mnt/work/Project/STIKI/fania/spk/system/Database/BaseConnection.php(620): CodeIgniter\Database\BaseConnection->simpleQuery()
#3 /mnt/work/Project/STIKI/fania/spk/system/Database/Forge.php(509): CodeIgniter\Database\BaseConnection->query()
#4 /mnt/work/Project/STIKI/fania/spk/app/Database/Migrations/2022-10-19-162427_SubkriteriaMigration.php(32): CodeIgniter\Database\Forge->createTable()
#5 /mnt/work/Project/STIKI/fania/spk/system/Database/MigrationRunner.php(868): App\Database\Migrations\SubkriteriaMigration->up()
#6 /mnt/work/Project/STIKI/fania/spk/system/Database/MigrationRunner.php(187): CodeIgniter\Database\MigrationRunner->migrate()
#7 /mnt/work/Project/STIKI/fania/spk/system/Commands/Database/Migrate.php(84): CodeIgniter\Database\MigrationRunner->latest()
#8 /mnt/work/Project/STIKI/fania/spk/system/CLI/Commands.php(63): CodeIgniter\Commands\Database\Migrate->run()
#9 /mnt/work/Project/STIKI/fania/spk/system/CLI/CommandRunner.php(65): CodeIgniter\CLI\Commands->run()
#10 /mnt/work/Project/STIKI/fania/spk/system/CLI/CommandRunner.php(51): CodeIgniter\CLI\CommandRunner->index()
#11 /mnt/work/Project/STIKI/fania/spk/system/CodeIgniter.php(895): CodeIgniter\CLI\CommandRunner->_remap()
#12 /mnt/work/Project/STIKI/fania/spk/system/CodeIgniter.php(457): CodeIgniter\CodeIgniter->runController()
#13 /mnt/work/Project/STIKI/fania/spk/system/CodeIgniter.php(336): CodeIgniter\CodeIgniter->handleRequest()
#14 /mnt/work/Project/STIKI/fania/spk/system/CLI/Console.php(48): CodeIgniter\CodeIgniter->run()
#15 /mnt/work/Project/STIKI/fania/spk/spark(98): CodeIgniter\CLI\Console->run()
#16 {main}
ERROR - 2022-10-19 11:44:27 --> mysqli_sql_exception: Table 'subkriteria' already exists in /mnt/work/Project/STIKI/fania/spk/system/Database/MySQLi/Connection.php:292
Stack trace:
#0 /mnt/work/Project/STIKI/fania/spk/system/Database/MySQLi/Connection.php(292): mysqli->query()
#1 /mnt/work/Project/STIKI/fania/spk/system/Database/BaseConnection.php(693): CodeIgniter\Database\MySQLi\Connection->execute()
#2 /mnt/work/Project/STIKI/fania/spk/system/Database/BaseConnection.php(620): CodeIgniter\Database\BaseConnection->simpleQuery()
#3 /mnt/work/Project/STIKI/fania/spk/system/Database/Forge.php(509): CodeIgniter\Database\BaseConnection->query()
#4 /mnt/work/Project/STIKI/fania/spk/app/Database/Migrations/2022-10-19-162427_SubkriteriaMigration.php(32): CodeIgniter\Database\Forge->createTable()
#5 /mnt/work/Project/STIKI/fania/spk/system/Database/MigrationRunner.php(868): App\Database\Migrations\SubkriteriaMigration->up()
#6 /mnt/work/Project/STIKI/fania/spk/system/Database/MigrationRunner.php(187): CodeIgniter\Database\MigrationRunner->migrate()
#7 /mnt/work/Project/STIKI/fania/spk/system/Commands/Database/Migrate.php(84): CodeIgniter\Database\MigrationRunner->latest()
#8 /mnt/work/Project/STIKI/fania/spk/system/CLI/Commands.php(63): CodeIgniter\Commands\Database\Migrate->run()
#9 /mnt/work/Project/STIKI/fania/spk/system/CLI/CommandRunner.php(65): CodeIgniter\CLI\Commands->run()
#10 /mnt/work/Project/STIKI/fania/spk/system/CLI/CommandRunner.php(51): CodeIgniter\CLI\CommandRunner->index()
#11 /mnt/work/Project/STIKI/fania/spk/system/CodeIgniter.php(895): CodeIgniter\CLI\CommandRunner->_remap()
#12 /mnt/work/Project/STIKI/fania/spk/system/CodeIgniter.php(457): CodeIgniter\CodeIgniter->runController()
#13 /mnt/work/Project/STIKI/fania/spk/system/CodeIgniter.php(336): CodeIgniter\CodeIgniter->handleRequest()
#14 /mnt/work/Project/STIKI/fania/spk/system/CLI/Console.php(48): CodeIgniter\CodeIgniter->run()
#15 /mnt/work/Project/STIKI/fania/spk/spark(98): CodeIgniter\CLI\Console->run()
#16 {main}
CRITICAL - 2022-10-19 11:44:53 --> Undefined array key "kriteria"
in APPPATH/Views/subkriteria/table.php on line 17.
 1 APPPATH/Views/subkriteria/table.php(17): CodeIgniter\Debug\Exceptions->errorHandler()
 2 SYSTEMPATH/View/View.php(213): include('APPPATH/Views/subkriteria/table.php')
 3 SYSTEMPATH/View/View.php(216): CodeIgniter\View\View->CodeIgniter\View\{closure}()
 4 SYSTEMPATH/Common.php(1142): CodeIgniter\View\View->render()
 5 APPPATH/Controllers/Subkriteria.php(45): view()
 6 SYSTEMPATH/CodeIgniter.php(902): App\Controllers\Subkriteria->getTable()
 7 SYSTEMPATH/CodeIgniter.php(457): CodeIgniter\CodeIgniter->runController()
 8 SYSTEMPATH/CodeIgniter.php(340): CodeIgniter\CodeIgniter->handleRequest()
 9 FCPATH/index.php(67): CodeIgniter\CodeIgniter->run()
10 SYSTEMPATH/Commands/Server/rewrite.php(46): require_once('FCPATH/index.php')
CRITICAL - 2022-10-19 11:45:54 --> Undefined array key "kriteria"
in APPPATH/Views/subkriteria/table.php on line 17.
 1 APPPATH/Views/subkriteria/table.php(17): CodeIgniter\Debug\Exceptions->errorHandler()
 2 SYSTEMPATH/View/View.php(213): include('APPPATH/Views/subkriteria/table.php')
 3 SYSTEMPATH/View/View.php(216): CodeIgniter\View\View->CodeIgniter\View\{closure}()
 4 SYSTEMPATH/Common.php(1142): CodeIgniter\View\View->render()
 5 APPPATH/Controllers/Subkriteria.php(45): view()
 6 SYSTEMPATH/CodeIgniter.php(902): App\Controllers\Subkriteria->getTable()
 7 SYSTEMPATH/CodeIgniter.php(457): CodeIgniter\CodeIgniter->runController()
 8 SYSTEMPATH/CodeIgniter.php(340): CodeIgniter\CodeIgniter->handleRequest()
 9 FCPATH/index.php(67): CodeIgniter\CodeIgniter->run()
10 SYSTEMPATH/Commands/Server/rewrite.php(46): require_once('FCPATH/index.php')
CRITICAL - 2022-10-19 11:46:25 --> Undefined array key "kriteria"
in APPPATH/Views/subkriteria/table.php on line 17.
 1 APPPATH/Views/subkriteria/table.php(17): CodeIgniter\Debug\Exceptions->errorHandler()
 2 SYSTEMPATH/View/View.php(213): include('APPPATH/Views/subkriteria/table.php')
 3 SYSTEMPATH/View/View.php(216): CodeIgniter\View\View->CodeIgniter\View\{closure}()
 4 SYSTEMPATH/Common.php(1142): CodeIgniter\View\View->render()
 5 APPPATH/Controllers/Subkriteria.php(45): view()
 6 SYSTEMPATH/CodeIgniter.php(902): App\Controllers\Subkriteria->getTable()
 7 SYSTEMPATH/CodeIgniter.php(457): CodeIgniter\CodeIgniter->runController()
 8 SYSTEMPATH/CodeIgniter.php(340): CodeIgniter\CodeIgniter->handleRequest()
 9 FCPATH/index.php(67): CodeIgniter\CodeIgniter->run()
10 SYSTEMPATH/Commands/Server/rewrite.php(46): require_once('FCPATH/index.php')
CRITICAL - 2022-10-19 11:46:34 --> Undefined array key "kriteria"
in APPPATH/Views/subkriteria/table.php on line 17.
 1 APPPATH/Views/subkriteria/table.php(17): CodeIgniter\Debug\Exceptions->errorHandler()
 2 SYSTEMPATH/View/View.php(213): include('APPPATH/Views/subkriteria/table.php')
 3 SYSTEMPATH/View/View.php(216): CodeIgniter\View\View->CodeIgniter\View\{closure}()
 4 SYSTEMPATH/Common.php(1142): CodeIgniter\View\View->render()
 5 APPPATH/Controllers/Subkriteria.php(45): view()
 6 SYSTEMPATH/CodeIgniter.php(902): App\Controllers\Subkriteria->getTable()
 7 SYSTEMPATH/CodeIgniter.php(457): CodeIgniter\CodeIgniter->runController()
 8 SYSTEMPATH/CodeIgniter.php(340): CodeIgniter\CodeIgniter->handleRequest()
 9 FCPATH/index.php(67): CodeIgniter\CodeIgniter->run()
10 SYSTEMPATH/Commands/Server/rewrite.php(46): require_once('FCPATH/index.php')
CRITICAL - 2022-10-19 11:47:31 --> Undefined array key "kriteria"
in APPPATH/Views/subkriteria/table.php on line 18.
 1 APPPATH/Views/subkriteria/table.php(18): CodeIgniter\Debug\Exceptions->errorHandler()
 2 SYSTEMPATH/View/View.php(213): include('APPPATH/Views/subkriteria/table.php')
 3 SYSTEMPATH/View/View.php(216): CodeIgniter\View\View->CodeIgniter\View\{closure}()
 4 SYSTEMPATH/Common.php(1142): CodeIgniter\View\View->render()
 5 APPPATH/Controllers/Subkriteria.php(45): view()
 6 SYSTEMPATH/CodeIgniter.php(902): App\Controllers\Subkriteria->getTable()
 7 SYSTEMPATH/CodeIgniter.php(457): CodeIgniter\CodeIgniter->runController()
 8 SYSTEMPATH/CodeIgniter.php(340): CodeIgniter\CodeIgniter->handleRequest()
 9 FCPATH/index.php(67): CodeIgniter\CodeIgniter->run()
10 SYSTEMPATH/Commands/Server/rewrite.php(46): require_once('FCPATH/index.php')
CRITICAL - 2022-10-19 11:48:10 --> Undefined array key "kriteria"
in APPPATH/Views/subkriteria/edit.php on line 15.
 1 APPPATH/Views/subkriteria/edit.php(15): CodeIgniter\Debug\Exceptions->errorHandler()
 2 SYSTEMPATH/View/View.php(213): include('APPPATH/Views/subkriteria/edit.php')
 3 SYSTEMPATH/View/View.php(216): CodeIgniter\View\View->CodeIgniter\View\{closure}()
 4 SYSTEMPATH/Common.php(1142): CodeIgniter\View\View->render()
 5 APPPATH/Controllers/Subkriteria.php(55): view()
 6 SYSTEMPATH/CodeIgniter.php(902): App\Controllers\Subkriteria->getEdit()
 7 SYSTEMPATH/CodeIgniter.php(457): CodeIgniter\CodeIgniter->runController()
 8 SYSTEMPATH/CodeIgniter.php(340): CodeIgniter\CodeIgniter->handleRequest()
 9 FCPATH/index.php(67): CodeIgniter\CodeIgniter->run()
10 SYSTEMPATH/Commands/Server/rewrite.php(46): require_once('FCPATH/index.php')
CRITICAL - 2022-10-19 11:49:32 --> Undefined variable $dataKriteria
in APPPATH/Views/subkriteria/edit.php on line 21.
 1 APPPATH/Views/subkriteria/edit.php(21): CodeIgniter\Debug\Exceptions->errorHandler()
 2 SYSTEMPATH/View/View.php(213): include('APPPATH/Views/subkriteria/edit.php')
 3 SYSTEMPATH/View/View.php(216): CodeIgniter\View\View->CodeIgniter\View\{closure}()
 4 SYSTEMPATH/Common.php(1142): CodeIgniter\View\View->render()
 5 APPPATH/Controllers/Subkriteria.php(55): view()
 6 SYSTEMPATH/CodeIgniter.php(902): App\Controllers\Subkriteria->getEdit()
 7 SYSTEMPATH/CodeIgniter.php(457): CodeIgniter\CodeIgniter->runController()
 8 SYSTEMPATH/CodeIgniter.php(340): CodeIgniter\CodeIgniter->handleRequest()
 9 FCPATH/index.php(67): CodeIgniter\CodeIgniter->run()
10 SYSTEMPATH/Commands/Server/rewrite.php(46): require_once('FCPATH/index.php')
ERROR - 2022-10-19 21:22:40 --> mysqli_sql_exception: Table 'kriteria' already exists in /mnt/work/Project/STIKI/fania/spk/system/Database/MySQLi/Connection.php:292
Stack trace:
#0 /mnt/work/Project/STIKI/fania/spk/system/Database/MySQLi/Connection.php(292): mysqli->query()
#1 /mnt/work/Project/STIKI/fania/spk/system/Database/BaseConnection.php(693): CodeIgniter\Database\MySQLi\Connection->execute()
#2 /mnt/work/Project/STIKI/fania/spk/system/Database/BaseConnection.php(620): CodeIgniter\Database\BaseConnection->simpleQuery()
#3 /mnt/work/Project/STIKI/fania/spk/system/Database/Forge.php(509): CodeIgniter\Database\BaseConnection->query()
#4 /mnt/work/Project/STIKI/fania/spk/app/Database/Migrations/2022-10-20-150332_KriteriaMigration.php(33): CodeIgniter\Database\Forge->createTable()
#5 /mnt/work/Project/STIKI/fania/spk/system/Database/MigrationRunner.php(868): App\Database\Migrations\KriteriaMigration->up()
#6 /mnt/work/Project/STIKI/fania/spk/system/Database/MigrationRunner.php(187): CodeIgniter\Database\MigrationRunner->migrate()
#7 /mnt/work/Project/STIKI/fania/spk/system/Commands/Database/Migrate.php(84): CodeIgniter\Database\MigrationRunner->latest()
#8 /mnt/work/Project/STIKI/fania/spk/system/CLI/Commands.php(63): CodeIgniter\Commands\Database\Migrate->run()
#9 /mnt/work/Project/STIKI/fania/spk/system/CLI/CommandRunner.php(65): CodeIgniter\CLI\Commands->run()
#10 /mnt/work/Project/STIKI/fania/spk/system/CLI/CommandRunner.php(51): CodeIgniter\CLI\CommandRunner->index()
#11 /mnt/work/Project/STIKI/fania/spk/system/CodeIgniter.php(895): CodeIgniter\CLI\CommandRunner->_remap()
#12 /mnt/work/Project/STIKI/fania/spk/system/CodeIgniter.php(457): CodeIgniter\CodeIgniter->runController()
#13 /mnt/work/Project/STIKI/fania/spk/system/CodeIgniter.php(336): CodeIgniter\CodeIgniter->handleRequest()
#14 /mnt/work/Project/STIKI/fania/spk/system/CLI/Console.php(48): CodeIgniter\CodeIgniter->run()
#15 /mnt/work/Project/STIKI/fania/spk/spark(98): CodeIgniter\CLI\Console->run()
#16 {main}
CRITICAL - 2022-10-19 21:34:10 --> Class name must be a valid object or a string
in APPPATH/Models/SubkriteriaModel.php on line 21.
 1 APPPATH/Controllers/Subkriteria.php(42): App\Models\SubkriteriaModel->findAll()
 2 SYSTEMPATH/CodeIgniter.php(902): App\Controllers\Subkriteria->getTable()
 3 SYSTEMPATH/CodeIgniter.php(457): CodeIgniter\CodeIgniter->runController()
 4 SYSTEMPATH/CodeIgniter.php(340): CodeIgniter\CodeIgniter->handleRequest()
 5 FCPATH/index.php(67): CodeIgniter\CodeIgniter->run()
 6 SYSTEMPATH/Commands/Server/rewrite.php(46): require_once('FCPATH/index.php')
CRITICAL - 2022-10-19 21:34:13 --> Class name must be a valid object or a string
in APPPATH/Models/SubkriteriaModel.php on line 21.
 1 APPPATH/Controllers/Subkriteria.php(42): App\Models\SubkriteriaModel->findAll()
 2 SYSTEMPATH/CodeIgniter.php(902): App\Controllers\Subkriteria->getTable()
 3 SYSTEMPATH/CodeIgniter.php(457): CodeIgniter\CodeIgniter->runController()
 4 SYSTEMPATH/CodeIgniter.php(340): CodeIgniter\CodeIgniter->handleRequest()
 5 FCPATH/index.php(67): CodeIgniter\CodeIgniter->run()
 6 SYSTEMPATH/Commands/Server/rewrite.php(46): require_once('FCPATH/index.php')
CRITICAL - 2022-10-19 21:34:14 --> Class name must be a valid object or a string
in APPPATH/Models/SubkriteriaModel.php on line 21.
 1 APPPATH/Controllers/Subkriteria.php(42): App\Models\SubkriteriaModel->findAll()
 2 SYSTEMPATH/CodeIgniter.php(902): App\Controllers\Subkriteria->getTable()
 3 SYSTEMPATH/CodeIgniter.php(457): CodeIgniter\CodeIgniter->runController()
 4 SYSTEMPATH/CodeIgniter.php(340): CodeIgniter\CodeIgniter->handleRequest()
 5 FCPATH/index.php(67): CodeIgniter\CodeIgniter->run()
 6 SYSTEMPATH/Commands/Server/rewrite.php(46): require_once('FCPATH/index.php')
CRITICAL - 2022-10-19 21:36:27 --> Call to a member function findAll() on null
in APPPATH/Models/SubkriteriaModel.php on line 21.
 1 APPPATH/Controllers/Subkriteria.php(42): App\Models\SubkriteriaModel->findAll()
 2 SYSTEMPATH/CodeIgniter.php(902): App\Controllers\Subkriteria->getTable()
 3 SYSTEMPATH/CodeIgniter.php(457): CodeIgniter\CodeIgniter->runController()
 4 SYSTEMPATH/CodeIgniter.php(340): CodeIgniter\CodeIgniter->handleRequest()
 5 FCPATH/index.php(67): CodeIgniter\CodeIgniter->run()
 6 SYSTEMPATH/Commands/Server/rewrite.php(46): require_once('FCPATH/index.php')
CRITICAL - 2022-10-19 21:36:28 --> Call to a member function findAll() on null
in APPPATH/Models/SubkriteriaModel.php on line 21.
 1 APPPATH/Controllers/Subkriteria.php(42): App\Models\SubkriteriaModel->findAll()
 2 SYSTEMPATH/CodeIgniter.php(902): App\Controllers\Subkriteria->getTable()
 3 SYSTEMPATH/CodeIgniter.php(457): CodeIgniter\CodeIgniter->runController()
 4 SYSTEMPATH/CodeIgniter.php(340): CodeIgniter\CodeIgniter->handleRequest()
 5 FCPATH/index.php(67): CodeIgniter\CodeIgniter->run()
 6 SYSTEMPATH/Commands/Server/rewrite.php(46): require_once('FCPATH/index.php')
CRITICAL - 2022-10-19 21:36:28 --> Call to a member function findAll() on null
in APPPATH/Models/SubkriteriaModel.php on line 21.
 1 APPPATH/Controllers/Subkriteria.php(42): App\Models\SubkriteriaModel->findAll()
 2 SYSTEMPATH/CodeIgniter.php(902): App\Controllers\Subkriteria->getTable()
 3 SYSTEMPATH/CodeIgniter.php(457): CodeIgniter\CodeIgniter->runController()
 4 SYSTEMPATH/CodeIgniter.php(340): CodeIgniter\CodeIgniter->handleRequest()
 5 FCPATH/index.php(67): CodeIgniter\CodeIgniter->run()
 6 SYSTEMPATH/Commands/Server/rewrite.php(46): require_once('FCPATH/index.php')
ERROR - 2022-10-19 21:37:46 --> mysqli_sql_exception: You have an error in your SQL syntax; check the manual that corresponds to your MariaDB server version for the right syntax to use near '`subkriteria`.`id_kriteria`' at line 3 in /mnt/work/Project/STIKI/fania/spk/system/Database/MySQLi/Connection.php:292
Stack trace:
#0 /mnt/work/Project/STIKI/fania/spk/system/Database/MySQLi/Connection.php(292): mysqli->query()
#1 /mnt/work/Project/STIKI/fania/spk/system/Database/BaseConnection.php(693): CodeIgniter\Database\MySQLi\Connection->execute()
#2 /mnt/work/Project/STIKI/fania/spk/system/Database/BaseConnection.php(620): CodeIgniter\Database\BaseConnection->simpleQuery()
#3 /mnt/work/Project/STIKI/fania/spk/system/Database/BaseBuilder.php(1585): CodeIgniter\Database\BaseConnection->query()
#4 /mnt/work/Project/STIKI/fania/spk/system/Model.php(223): CodeIgniter\Database\BaseBuilder->get()
#5 /mnt/work/Project/STIKI/fania/spk/system/BaseModel.php(584): CodeIgniter\Model->doFindAll()
#6 /mnt/work/Project/STIKI/fania/spk/app/Models/SubkriteriaModel.php(21): CodeIgniter\BaseModel->findAll()
#7 /mnt/work/Project/STIKI/fania/spk/app/Controllers/Subkriteria.php(42): App\Models\SubkriteriaModel->findAll()
#8 /mnt/work/Project/STIKI/fania/spk/system/CodeIgniter.php(902): App\Controllers\Subkriteria->getTable()
#9 /mnt/work/Project/STIKI/fania/spk/system/CodeIgniter.php(457): CodeIgniter\CodeIgniter->runController()
#10 /mnt/work/Project/STIKI/fania/spk/system/CodeIgniter.php(340): CodeIgniter\CodeIgniter->handleRequest()
#11 /mnt/work/Project/STIKI/fania/spk/public/index.php(67): CodeIgniter\CodeIgniter->run()
#12 /mnt/work/Project/STIKI/fania/spk/system/Commands/Server/rewrite.php(46): require_once('...')
#13 {main}
CRITICAL - 2022-10-19 21:37:46 --> You have an error in your SQL syntax; check the manual that corresponds to your MariaDB server version for the right syntax to use near '`subkriteria`.`id_kriteria`' at line 3
in SYSTEMPATH/Database/MySQLi/Connection.php on line 292.
 1 SYSTEMPATH/Database/MySQLi/Connection.php(292): mysqli->query()
 2 SYSTEMPATH/Database/BaseConnection.php(693): CodeIgniter\Database\MySQLi\Connection->execute()
 3 SYSTEMPATH/Database/BaseConnection.php(620): CodeIgniter\Database\BaseConnection->simpleQuery()
 4 SYSTEMPATH/Database/BaseBuilder.php(1585): CodeIgniter\Database\BaseConnection->query()
 5 SYSTEMPATH/Model.php(223): CodeIgniter\Database\BaseBuilder->get()
 6 SYSTEMPATH/BaseModel.php(584): CodeIgniter\Model->doFindAll()
 7 APPPATH/Models/SubkriteriaModel.php(21): CodeIgniter\BaseModel->findAll()
 8 APPPATH/Controllers/Subkriteria.php(42): App\Models\SubkriteriaModel->findAll()
 9 SYSTEMPATH/CodeIgniter.php(902): App\Controllers\Subkriteria->getTable()
10 SYSTEMPATH/CodeIgniter.php(457): CodeIgniter\CodeIgniter->runController()
11 SYSTEMPATH/CodeIgniter.php(340): CodeIgniter\CodeIgniter->handleRequest()
12 FCPATH/index.php(67): CodeIgniter\CodeIgniter->run()
13 SYSTEMPATH/Commands/Server/rewrite.php(46): require_once('FCPATH/index.php')
CRITICAL - 2022-10-19 21:43:07 --> Call to undefined method App\Models\SubkriteriaModel::sort
in SYSTEMPATH/Model.php on line 774.
 1 APPPATH/Models/SubkriteriaModel.php(21): CodeIgniter\Model->__call()
 2 APPPATH/Controllers/Subkriteria.php(42): App\Models\SubkriteriaModel->findAll()
 3 SYSTEMPATH/CodeIgniter.php(902): App\Controllers\Subkriteria->getTable()
 4 SYSTEMPATH/CodeIgniter.php(457): CodeIgniter\CodeIgniter->runController()
 5 SYSTEMPATH/CodeIgniter.php(340): CodeIgniter\CodeIgniter->handleRequest()
 6 FCPATH/index.php(67): CodeIgniter\CodeIgniter->run()
 7 SYSTEMPATH/Commands/Server/rewrite.php(46): require_once('FCPATH/index.php')
CRITICAL - 2022-10-19 21:43:11 --> Call to undefined method App\Models\SubkriteriaModel::sort
in SYSTEMPATH/Model.php on line 774.
 1 APPPATH/Models/SubkriteriaModel.php(21): CodeIgniter\Model->__call()
 2 APPPATH/Controllers/Subkriteria.php(42): App\Models\SubkriteriaModel->findAll()
 3 SYSTEMPATH/CodeIgniter.php(902): App\Controllers\Subkriteria->getTable()
 4 SYSTEMPATH/CodeIgniter.php(457): CodeIgniter\CodeIgniter->runController()
 5 SYSTEMPATH/CodeIgniter.php(340): CodeIgniter\CodeIgniter->handleRequest()
 6 FCPATH/index.php(67): CodeIgniter\CodeIgniter->run()
 7 SYSTEMPATH/Commands/Server/rewrite.php(46): require_once('FCPATH/index.php')
ERROR - 2022-10-19 22:00:14 --> mysqli_sql_exception: Unknown column 'kode' in 'field list' in /mnt/work/Project/STIKI/fania/spk/system/Database/MySQLi/Connection.php:292
Stack trace:
#0 /mnt/work/Project/STIKI/fania/spk/system/Database/MySQLi/Connection.php(292): mysqli->query()
#1 /mnt/work/Project/STIKI/fania/spk/system/Database/BaseConnection.php(693): CodeIgniter\Database\MySQLi\Connection->execute()
#2 /mnt/work/Project/STIKI/fania/spk/system/Database/BaseConnection.php(620): CodeIgniter\Database\BaseConnection->simpleQuery()
#3 /mnt/work/Project/STIKI/fania/spk/system/Database/BaseBuilder.php(1916): CodeIgniter\Database\BaseConnection->query()
#4 /mnt/work/Project/STIKI/fania/spk/system/Model.php(279): CodeIgniter\Database\BaseBuilder->insert()
#5 /mnt/work/Project/STIKI/fania/spk/system/BaseModel.php(748): CodeIgniter\Model->doInsert()
#6 /mnt/work/Project/STIKI/fania/spk/system/Model.php(667): CodeIgniter\BaseModel->insert()
#7 /mnt/work/Project/STIKI/fania/spk/system/BaseModel.php(658): CodeIgniter\Model->insert()
#8 /mnt/work/Project/STIKI/fania/spk/app/Controllers/Subkriteria.php(60): CodeIgniter\BaseModel->save()
#9 /mnt/work/Project/STIKI/fania/spk/system/CodeIgniter.php(902): App\Controllers\Subkriteria->postIndex()
#10 /mnt/work/Project/STIKI/fania/spk/system/CodeIgniter.php(457): CodeIgniter\CodeIgniter->runController()
#11 /mnt/work/Project/STIKI/fania/spk/system/CodeIgniter.php(340): CodeIgniter\CodeIgniter->handleRequest()
#12 /mnt/work/Project/STIKI/fania/spk/public/index.php(67): CodeIgniter\CodeIgniter->run()
#13 /mnt/work/Project/STIKI/fania/spk/system/Commands/Server/rewrite.php(46): require_once('...')
#14 {main}
CRITICAL - 2022-10-19 22:00:14 --> Unknown column 'kode' in 'field list'
in SYSTEMPATH/Database/MySQLi/Connection.php on line 292.
 1 SYSTEMPATH/Database/MySQLi/Connection.php(292): mysqli->query()
 2 SYSTEMPATH/Database/BaseConnection.php(693): CodeIgniter\Database\MySQLi\Connection->execute()
 3 SYSTEMPATH/Database/BaseConnection.php(620): CodeIgniter\Database\BaseConnection->simpleQuery()
 4 SYSTEMPATH/Database/BaseBuilder.php(1916): CodeIgniter\Database\BaseConnection->query()
 5 SYSTEMPATH/Model.php(279): CodeIgniter\Database\BaseBuilder->insert()
 6 SYSTEMPATH/BaseModel.php(748): CodeIgniter\Model->doInsert()
 7 SYSTEMPATH/Model.php(667): CodeIgniter\BaseModel->insert()
 8 SYSTEMPATH/BaseModel.php(658): CodeIgniter\Model->insert()
 9 APPPATH/Controllers/Subkriteria.php(60): CodeIgniter\BaseModel->save()
10 SYSTEMPATH/CodeIgniter.php(902): App\Controllers\Subkriteria->postIndex()
11 SYSTEMPATH/CodeIgniter.php(457): CodeIgniter\CodeIgniter->runController()
12 SYSTEMPATH/CodeIgniter.php(340): CodeIgniter\CodeIgniter->handleRequest()
13 FCPATH/index.php(67): CodeIgniter\CodeIgniter->run()
14 SYSTEMPATH/Commands/Server/rewrite.php(46): require_once('FCPATH/index.php')
ERROR - 2022-10-19 22:00:21 --> mysqli_sql_exception: Unknown column 'kode' in 'field list' in /mnt/work/Project/STIKI/fania/spk/system/Database/MySQLi/Connection.php:292
Stack trace:
#0 /mnt/work/Project/STIKI/fania/spk/system/Database/MySQLi/Connection.php(292): mysqli->query()
#1 /mnt/work/Project/STIKI/fania/spk/system/Database/BaseConnection.php(693): CodeIgniter\Database\MySQLi\Connection->execute()
#2 /mnt/work/Project/STIKI/fania/spk/system/Database/BaseConnection.php(620): CodeIgniter\Database\BaseConnection->simpleQuery()
#3 /mnt/work/Project/STIKI/fania/spk/system/Database/BaseBuilder.php(1916): CodeIgniter\Database\BaseConnection->query()
#4 /mnt/work/Project/STIKI/fania/spk/system/Model.php(279): CodeIgniter\Database\BaseBuilder->insert()
#5 /mnt/work/Project/STIKI/fania/spk/system/BaseModel.php(748): CodeIgniter\Model->doInsert()
#6 /mnt/work/Project/STIKI/fania/spk/system/Model.php(667): CodeIgniter\BaseModel->insert()
#7 /mnt/work/Project/STIKI/fania/spk/system/BaseModel.php(658): CodeIgniter\Model->insert()
#8 /mnt/work/Project/STIKI/fania/spk/app/Controllers/Subkriteria.php(60): CodeIgniter\BaseModel->save()
#9 /mnt/work/Project/STIKI/fania/spk/system/CodeIgniter.php(902): App\Controllers\Subkriteria->postIndex()
#10 /mnt/work/Project/STIKI/fania/spk/system/CodeIgniter.php(457): CodeIgniter\CodeIgniter->runController()
#11 /mnt/work/Project/STIKI/fania/spk/system/CodeIgniter.php(340): CodeIgniter\CodeIgniter->handleRequest()
#12 /mnt/work/Project/STIKI/fania/spk/public/index.php(67): CodeIgniter\CodeIgniter->run()
#13 /mnt/work/Project/STIKI/fania/spk/system/Commands/Server/rewrite.php(46): require_once('...')
#14 {main}
CRITICAL - 2022-10-19 22:00:21 --> Unknown column 'kode' in 'field list'
in SYSTEMPATH/Database/MySQLi/Connection.php on line 292.
 1 SYSTEMPATH/Database/MySQLi/Connection.php(292): mysqli->query()
 2 SYSTEMPATH/Database/BaseConnection.php(693): CodeIgniter\Database\MySQLi\Connection->execute()
 3 SYSTEMPATH/Database/BaseConnection.php(620): CodeIgniter\Database\BaseConnection->simpleQuery()
 4 SYSTEMPATH/Database/BaseBuilder.php(1916): CodeIgniter\Database\BaseConnection->query()
 5 SYSTEMPATH/Model.php(279): CodeIgniter\Database\BaseBuilder->insert()
 6 SYSTEMPATH/BaseModel.php(748): CodeIgniter\Model->doInsert()
 7 SYSTEMPATH/Model.php(667): CodeIgniter\BaseModel->insert()
 8 SYSTEMPATH/BaseModel.php(658): CodeIgniter\Model->insert()
 9 APPPATH/Controllers/Subkriteria.php(60): CodeIgniter\BaseModel->save()
10 SYSTEMPATH/CodeIgniter.php(902): App\Controllers\Subkriteria->postIndex()
11 SYSTEMPATH/CodeIgniter.php(457): CodeIgniter\CodeIgniter->runController()
12 SYSTEMPATH/CodeIgniter.php(340): CodeIgniter\CodeIgniter->handleRequest()
13 FCPATH/index.php(67): CodeIgniter\CodeIgniter->run()
14 SYSTEMPATH/Commands/Server/rewrite.php(46): require_once('FCPATH/index.php')
ERROR - 2022-10-19 22:00:57 --> mysqli_sql_exception: Unknown column 'kode' in 'field list' in /mnt/work/Project/STIKI/fania/spk/system/Database/MySQLi/Connection.php:292
Stack trace:
#0 /mnt/work/Project/STIKI/fania/spk/system/Database/MySQLi/Connection.php(292): mysqli->query()
#1 /mnt/work/Project/STIKI/fania/spk/system/Database/BaseConnection.php(693): CodeIgniter\Database\MySQLi\Connection->execute()
#2 /mnt/work/Project/STIKI/fania/spk/system/Database/BaseConnection.php(620): CodeIgniter\Database\BaseConnection->simpleQuery()
#3 /mnt/work/Project/STIKI/fania/spk/system/Database/BaseBuilder.php(1916): CodeIgniter\Database\BaseConnection->query()
#4 /mnt/work/Project/STIKI/fania/spk/system/Model.php(279): CodeIgniter\Database\BaseBuilder->insert()
#5 /mnt/work/Project/STIKI/fania/spk/system/BaseModel.php(748): CodeIgniter\Model->doInsert()
#6 /mnt/work/Project/STIKI/fania/spk/system/Model.php(667): CodeIgniter\BaseModel->insert()
#7 /mnt/work/Project/STIKI/fania/spk/system/BaseModel.php(658): CodeIgniter\Model->insert()
#8 /mnt/work/Project/STIKI/fania/spk/app/Controllers/Subkriteria.php(60): CodeIgniter\BaseModel->save()
#9 /mnt/work/Project/STIKI/fania/spk/system/CodeIgniter.php(902): App\Controllers\Subkriteria->postIndex()
#10 /mnt/work/Project/STIKI/fania/spk/system/CodeIgniter.php(457): CodeIgniter\CodeIgniter->runController()
#11 /mnt/work/Project/STIKI/fania/spk/system/CodeIgniter.php(340): CodeIgniter\CodeIgniter->handleRequest()
#12 /mnt/work/Project/STIKI/fania/spk/public/index.php(67): CodeIgniter\CodeIgniter->run()
#13 /mnt/work/Project/STIKI/fania/spk/system/Commands/Server/rewrite.php(46): require_once('...')
#14 {main}
CRITICAL - 2022-10-19 22:00:57 --> Unknown column 'kode' in 'field list'
in SYSTEMPATH/Database/MySQLi/Connection.php on line 292.
 1 SYSTEMPATH/Database/MySQLi/Connection.php(292): mysqli->query()
 2 SYSTEMPATH/Database/BaseConnection.php(693): CodeIgniter\Database\MySQLi\Connection->execute()
 3 SYSTEMPATH/Database/BaseConnection.php(620): CodeIgniter\Database\BaseConnection->simpleQuery()
 4 SYSTEMPATH/Database/BaseBuilder.php(1916): CodeIgniter\Database\BaseConnection->query()
 5 SYSTEMPATH/Model.php(279): CodeIgniter\Database\BaseBuilder->insert()
 6 SYSTEMPATH/BaseModel.php(748): CodeIgniter\Model->doInsert()
 7 SYSTEMPATH/Model.php(667): CodeIgniter\BaseModel->insert()
 8 SYSTEMPATH/BaseModel.php(658): CodeIgniter\Model->insert()
 9 APPPATH/Controllers/Subkriteria.php(60): CodeIgniter\BaseModel->save()
10 SYSTEMPATH/CodeIgniter.php(902): App\Controllers\Subkriteria->postIndex()
11 SYSTEMPATH/CodeIgniter.php(457): CodeIgniter\CodeIgniter->runController()
12 SYSTEMPATH/CodeIgniter.php(340): CodeIgniter\CodeIgniter->handleRequest()
13 FCPATH/index.php(67): CodeIgniter\CodeIgniter->run()
14 SYSTEMPATH/Commands/Server/rewrite.php(46): require_once('FCPATH/index.php')
CRITICAL - 2022-10-19 22:01:29 --> Undefined array key "kode"
in APPPATH/Views/subkriteria/table.php on line 19.
 1 APPPATH/Views/subkriteria/table.php(19): CodeIgniter\Debug\Exceptions->errorHandler()
 2 SYSTEMPATH/View/View.php(213): include('APPPATH/Views/subkriteria/table.php')
 3 SYSTEMPATH/View/View.php(216): CodeIgniter\View\View->CodeIgniter\View\{closure}()
 4 SYSTEMPATH/Common.php(1142): CodeIgniter\View\View->render()
 5 APPPATH/Controllers/Subkriteria.php(45): view()
 6 SYSTEMPATH/CodeIgniter.php(902): App\Controllers\Subkriteria->getTable()
 7 SYSTEMPATH/CodeIgniter.php(457): CodeIgniter\CodeIgniter->runController()
 8 SYSTEMPATH/CodeIgniter.php(340): CodeIgniter\CodeIgniter->handleRequest()
 9 FCPATH/index.php(67): CodeIgniter\CodeIgniter->run()
10 SYSTEMPATH/Commands/Server/rewrite.php(46): require_once('FCPATH/index.php')
CRITICAL - 2022-10-19 22:02:16 --> Undefined variable $dataKriteria
in APPPATH/Views/subkriteria/edit.php on line 21.
 1 APPPATH/Views/subkriteria/edit.php(21): CodeIgniter\Debug\Exceptions->errorHandler()
 2 SYSTEMPATH/View/View.php(213): include('APPPATH/Views/subkriteria/edit.php')
 3 SYSTEMPATH/View/View.php(216): CodeIgniter\View\View->CodeIgniter\View\{closure}()
 4 SYSTEMPATH/Common.php(1142): CodeIgniter\View\View->render()
 5 APPPATH/Controllers/Subkriteria.php(55): view()
 6 SYSTEMPATH/CodeIgniter.php(902): App\Controllers\Subkriteria->getEdit()
 7 SYSTEMPATH/CodeIgniter.php(457): CodeIgniter\CodeIgniter->runController()
 8 SYSTEMPATH/CodeIgniter.php(340): CodeIgniter\CodeIgniter->handleRequest()
 9 FCPATH/index.php(67): CodeIgniter\CodeIgniter->run()
10 SYSTEMPATH/Commands/Server/rewrite.php(46): require_once('FCPATH/index.php')
CRITICAL - 2022-10-19 22:03:25 --> Trying to access array offset on value of type null
in APPPATH/Views/subkriteria/edit.php on line 8.
 1 APPPATH/Views/subkriteria/edit.php(8): CodeIgniter\Debug\Exceptions->errorHandler()
 2 SYSTEMPATH/View/View.php(213): include('APPPATH/Views/subkriteria/edit.php')
 3 SYSTEMPATH/View/View.php(216): CodeIgniter\View\View->CodeIgniter\View\{closure}()
 4 SYSTEMPATH/Common.php(1142): CodeIgniter\View\View->render()
 5 APPPATH/Controllers/Subkriteria.php(55): view()
 6 SYSTEMPATH/CodeIgniter.php(902): App\Controllers\Subkriteria->getEdit()
 7 SYSTEMPATH/CodeIgniter.php(457): CodeIgniter\CodeIgniter->runController()
 8 SYSTEMPATH/CodeIgniter.php(340): CodeIgniter\CodeIgniter->handleRequest()
 9 FCPATH/index.php(67): CodeIgniter\CodeIgniter->run()
10 SYSTEMPATH/Commands/Server/rewrite.php(46): require_once('FCPATH/index.php')
CRITICAL - 2022-10-19 22:03:31 --> Trying to access array offset on value of type null
in APPPATH/Views/subkriteria/edit.php on line 8.
 1 APPPATH/Views/subkriteria/edit.php(8): CodeIgniter\Debug\Exceptions->errorHandler()
 2 SYSTEMPATH/View/View.php(213): include('APPPATH/Views/subkriteria/edit.php')
 3 SYSTEMPATH/View/View.php(216): CodeIgniter\View\View->CodeIgniter\View\{closure}()
 4 SYSTEMPATH/Common.php(1142): CodeIgniter\View\View->render()
 5 APPPATH/Controllers/Subkriteria.php(55): view()
 6 SYSTEMPATH/CodeIgniter.php(902): App\Controllers\Subkriteria->getEdit()
 7 SYSTEMPATH/CodeIgniter.php(457): CodeIgniter\CodeIgniter->runController()
 8 SYSTEMPATH/CodeIgniter.php(340): CodeIgniter\CodeIgniter->handleRequest()
 9 FCPATH/index.php(67): CodeIgniter\CodeIgniter->run()
10 SYSTEMPATH/Commands/Server/rewrite.php(46): require_once('FCPATH/index.php')
CRITICAL - 2022-10-19 22:10:43 --> Undefined variable $datasubKriteria
in APPPATH/Views/subkriteria/edit.php on line 21.
 1 APPPATH/Views/subkriteria/edit.php(21): CodeIgniter\Debug\Exceptions->errorHandler()
 2 SYSTEMPATH/View/View.php(213): include('APPPATH/Views/subkriteria/edit.php')
 3 SYSTEMPATH/View/View.php(216): CodeIgniter\View\View->CodeIgniter\View\{closure}()
 4 SYSTEMPATH/Common.php(1142): CodeIgniter\View\View->render()
 5 APPPATH/Controllers/Subkriteria.php(55): view()
 6 SYSTEMPATH/CodeIgniter.php(902): App\Controllers\Subkriteria->getEdit()
 7 SYSTEMPATH/CodeIgniter.php(457): CodeIgniter\CodeIgniter->runController()
 8 SYSTEMPATH/CodeIgniter.php(340): CodeIgniter\CodeIgniter->handleRequest()
 9 FCPATH/index.php(67): CodeIgniter\CodeIgniter->run()
10 SYSTEMPATH/Commands/Server/rewrite.php(46): require_once('FCPATH/index.php')
CRITICAL - 2022-10-19 22:19:57 --> Undefined property: App\Controllers\Blt::$subkriteriaModel
in APPPATH/Controllers/Blt.php on line 25.
 1 APPPATH/Controllers/Blt.php(25): CodeIgniter\Debug\Exceptions->errorHandler()
 2 SYSTEMPATH/CodeIgniter.php(902): App\Controllers\Blt->getTable()
 3 SYSTEMPATH/CodeIgniter.php(457): CodeIgniter\CodeIgniter->runController()
 4 SYSTEMPATH/CodeIgniter.php(340): CodeIgniter\CodeIgniter->handleRequest()
 5 FCPATH/index.php(67): CodeIgniter\CodeIgniter->run()
 6 SYSTEMPATH/Commands/Server/rewrite.php(46): require_once('FCPATH/index.php')
CRITICAL - 2022-10-19 22:20:00 --> Undefined property: App\Controllers\Blt::$subkriteriaModel
in APPPATH/Controllers/Blt.php on line 25.
 1 APPPATH/Controllers/Blt.php(25): CodeIgniter\Debug\Exceptions->errorHandler()
 2 SYSTEMPATH/CodeIgniter.php(902): App\Controllers\Blt->getTable()
 3 SYSTEMPATH/CodeIgniter.php(457): CodeIgniter\CodeIgniter->runController()
 4 SYSTEMPATH/CodeIgniter.php(340): CodeIgniter\CodeIgniter->handleRequest()
 5 FCPATH/index.php(67): CodeIgniter\CodeIgniter->run()
 6 SYSTEMPATH/Commands/Server/rewrite.php(46): require_once('FCPATH/index.php')
CRITICAL - 2022-10-19 22:20:11 --> Undefined property: App\Controllers\Blt::$subkriteriaModel
in APPPATH/Controllers/Blt.php on line 25.
 1 APPPATH/Controllers/Blt.php(25): CodeIgniter\Debug\Exceptions->errorHandler()
 2 SYSTEMPATH/CodeIgniter.php(902): App\Controllers\Blt->getTable()
 3 SYSTEMPATH/CodeIgniter.php(457): CodeIgniter\CodeIgniter->runController()
 4 SYSTEMPATH/CodeIgniter.php(340): CodeIgniter\CodeIgniter->handleRequest()
 5 FCPATH/index.php(67): CodeIgniter\CodeIgniter->run()
 6 SYSTEMPATH/Commands/Server/rewrite.php(46): require_once('FCPATH/index.php')
CRITICAL - 2022-10-19 22:20:17 --> Undefined property: App\Controllers\Blt::$subkriteriaModel
in APPPATH/Controllers/Blt.php on line 25.
 1 APPPATH/Controllers/Blt.php(25): CodeIgniter\Debug\Exceptions->errorHandler()
 2 SYSTEMPATH/CodeIgniter.php(902): App\Controllers\Blt->getTable()
 3 SYSTEMPATH/CodeIgniter.php(457): CodeIgniter\CodeIgniter->runController()
 4 SYSTEMPATH/CodeIgniter.php(340): CodeIgniter\CodeIgniter->handleRequest()
 5 FCPATH/index.php(67): CodeIgniter\CodeIgniter->run()
 6 SYSTEMPATH/Commands/Server/rewrite.php(46): require_once('FCPATH/index.php')
CRITICAL - 2022-10-19 22:20:38 --> Undefined property: App\Controllers\Blt::$subkriteriaModel
in APPPATH/Controllers/Blt.php on line 25.
 1 APPPATH/Controllers/Blt.php(25): CodeIgniter\Debug\Exceptions->errorHandler()
 2 SYSTEMPATH/CodeIgniter.php(902): App\Controllers\Blt->getTable()
 3 SYSTEMPATH/CodeIgniter.php(457): CodeIgniter\CodeIgniter->runController()
 4 SYSTEMPATH/CodeIgniter.php(340): CodeIgniter\CodeIgniter->handleRequest()
 5 FCPATH/index.php(67): CodeIgniter\CodeIgniter->run()
 6 SYSTEMPATH/Commands/Server/rewrite.php(46): require_once('FCPATH/index.php')
CRITICAL - 2022-10-19 22:20:40 --> Undefined property: App\Controllers\Blt::$subkriteriaModel
in APPPATH/Controllers/Blt.php on line 25.
 1 APPPATH/Controllers/Blt.php(25): CodeIgniter\Debug\Exceptions->errorHandler()
 2 SYSTEMPATH/CodeIgniter.php(902): App\Controllers\Blt->getTable()
 3 SYSTEMPATH/CodeIgniter.php(457): CodeIgniter\CodeIgniter->runController()
 4 SYSTEMPATH/CodeIgniter.php(340): CodeIgniter\CodeIgniter->handleRequest()
 5 FCPATH/index.php(67): CodeIgniter\CodeIgniter->run()
 6 SYSTEMPATH/Commands/Server/rewrite.php(46): require_once('FCPATH/index.php')
CRITICAL - 2022-10-19 22:20:48 --> Undefined property: App\Controllers\Blt::$subkriteriaModel
in APPPATH/Controllers/Blt.php on line 25.
 1 APPPATH/Controllers/Blt.php(25): CodeIgniter\Debug\Exceptions->errorHandler()
 2 SYSTEMPATH/CodeIgniter.php(902): App\Controllers\Blt->getTable()
 3 SYSTEMPATH/CodeIgniter.php(457): CodeIgniter\CodeIgniter->runController()
 4 SYSTEMPATH/CodeIgniter.php(340): CodeIgniter\CodeIgniter->handleRequest()
 5 FCPATH/index.php(67): CodeIgniter\CodeIgniter->run()
 6 SYSTEMPATH/Commands/Server/rewrite.php(46): require_once('FCPATH/index.php')
CRITICAL - 2022-10-19 22:21:09 --> Undefined property: App\Controllers\Blt::$subkriteriaModel
in APPPATH/Controllers/Blt.php on line 25.
 1 APPPATH/Controllers/Blt.php(25): CodeIgniter\Debug\Exceptions->errorHandler()
 2 SYSTEMPATH/CodeIgniter.php(902): App\Controllers\Blt->getTable()
 3 SYSTEMPATH/CodeIgniter.php(457): CodeIgniter\CodeIgniter->runController()
 4 SYSTEMPATH/CodeIgniter.php(340): CodeIgniter\CodeIgniter->handleRequest()
 5 FCPATH/index.php(67): CodeIgniter\CodeIgniter->run()
 6 SYSTEMPATH/Commands/Server/rewrite.php(46): require_once('FCPATH/index.php')
CRITICAL - 2022-10-19 22:21:12 --> Undefined property: App\Controllers\Blt::$subkriteriaModel
in APPPATH/Controllers/Blt.php on line 25.
 1 APPPATH/Controllers/Blt.php(25): CodeIgniter\Debug\Exceptions->errorHandler()
 2 SYSTEMPATH/CodeIgniter.php(902): App\Controllers\Blt->getTable()
 3 SYSTEMPATH/CodeIgniter.php(457): CodeIgniter\CodeIgniter->runController()
 4 SYSTEMPATH/CodeIgniter.php(340): CodeIgniter\CodeIgniter->handleRequest()
 5 FCPATH/index.php(67): CodeIgniter\CodeIgniter->run()
 6 SYSTEMPATH/Commands/Server/rewrite.php(46): require_once('FCPATH/index.php')
CRITICAL - 2022-10-19 22:21:42 --> Undefined property: App\Controllers\Blt::$subkriteriaModel
in APPPATH/Controllers/Blt.php on line 25.
 1 APPPATH/Controllers/Blt.php(25): CodeIgniter\Debug\Exceptions->errorHandler()
 2 SYSTEMPATH/CodeIgniter.php(902): App\Controllers\Blt->getTable()
 3 SYSTEMPATH/CodeIgniter.php(457): CodeIgniter\CodeIgniter->runController()
 4 SYSTEMPATH/CodeIgniter.php(340): CodeIgniter\CodeIgniter->handleRequest()
 5 FCPATH/index.php(67): CodeIgniter\CodeIgniter->run()
 6 SYSTEMPATH/Commands/Server/rewrite.php(46): require_once('FCPATH/index.php')
CRITICAL - 2022-10-19 22:22:02 --> Undefined variable $subkriteriaData
in APPPATH/Views/subkriteria/table.php on line 14.
 1 APPPATH/Views/subkriteria/table.php(14): CodeIgniter\Debug\Exceptions->errorHandler()
 2 SYSTEMPATH/View/View.php(213): include('APPPATH/Views/subkriteria/table.php')
 3 SYSTEMPATH/View/View.php(216): CodeIgniter\View\View->CodeIgniter\View\{closure}()
 4 SYSTEMPATH/Common.php(1142): CodeIgniter\View\View->render()
 5 APPPATH/Controllers/Blt.php(28): view()
 6 SYSTEMPATH/CodeIgniter.php(902): App\Controllers\Blt->getTable()
 7 SYSTEMPATH/CodeIgniter.php(457): CodeIgniter\CodeIgniter->runController()
 8 SYSTEMPATH/CodeIgniter.php(340): CodeIgniter\CodeIgniter->handleRequest()
 9 FCPATH/index.php(67): CodeIgniter\CodeIgniter->run()
10 SYSTEMPATH/Commands/Server/rewrite.php(46): require_once('FCPATH/index.php')
CRITICAL - 2022-10-19 22:22:08 --> Undefined variable $subkriteriaData
in APPPATH/Views/subkriteria/table.php on line 14.
 1 APPPATH/Views/subkriteria/table.php(14): CodeIgniter\Debug\Exceptions->errorHandler()
 2 SYSTEMPATH/View/View.php(213): include('APPPATH/Views/subkriteria/table.php')
 3 SYSTEMPATH/View/View.php(216): CodeIgniter\View\View->CodeIgniter\View\{closure}()
 4 SYSTEMPATH/Common.php(1142): CodeIgniter\View\View->render()
 5 APPPATH/Controllers/Blt.php(28): view()
 6 SYSTEMPATH/CodeIgniter.php(902): App\Controllers\Blt->getTable()
 7 SYSTEMPATH/CodeIgniter.php(457): CodeIgniter\CodeIgniter->runController()
 8 SYSTEMPATH/CodeIgniter.php(340): CodeIgniter\CodeIgniter->handleRequest()
 9 FCPATH/index.php(67): CodeIgniter\CodeIgniter->run()
10 SYSTEMPATH/Commands/Server/rewrite.php(46): require_once('FCPATH/index.php')
